-- Install configuration: ""
-- Up-to-date: /home/rics/tt_ws/src/tese_ws/install/novamob_description/share/novamob_description/src
-- Up-to-date: /home/rics/tt_ws/src/tese_ws/install/novamob_description/share/novamob_description/src/description
-- Up-to-date: /home/rics/tt_ws/src/tese_ws/install/novamob_description/share/novamob_description/src/description/novamob_description.urdf
-- Up-to-date: /home/rics/tt_ws/src/tese_ws/install/novamob_description/share/novamob_description/src/description/novamob_trailer_description.urdf
-- Up-to-date: /home/rics/tt_ws/src/tese_ws/install/novamob_description/share/novamob_description/launch
-- Up-to-date: /home/rics/tt_ws/src/tese_ws/install/novamob_description/share/novamob_description/launch/display.launch.py
-- Up-to-date: /home/rics/tt_ws/src/tese_ws/install/novamob_description/share/novamob_description/rviz
-- Up-to-date: /home/rics/tt_ws/src/tese_ws/install/novamob_description/share/novamob_description/rviz/urdf_config.rviz
-- Up-to-date: /home/rics/tt_ws/src/tese_ws/install/novamob_description/share/novamob_description/meshes
-- Up-to-date: /home/rics/tt_ws/src/tese_ws/install/novamob_description/share/novamob_description/meshes/novamob_no_wheels.obj
-- Up-to-date: /home/rics/tt_ws/src/tese_ws/install/novamob_description/share/novamob_description/meshes/novamob_no_wheels_centered.obj
-- Up-to-date: /home/rics/tt_ws/src/tese_ws/install/novamob_description/share/novamob_description/meshes/novamob_no_wheels_centered.mtl
-- Up-to-date: /home/rics/tt_ws/src/tese_ws/install/novamob_description/share/novamob_description/meshes/novamob_no_wheels.mtl
-- Up-to-date: /home/rics/tt_ws/src/tese_ws/install/novamob_description/share/novamob_description/meshes/novamob_mecanum_wheel_centered_left.mtl
-- Up-to-date: /home/rics/tt_ws/src/tese_ws/install/novamob_description/share/novamob_description/meshes/novamob_mecanum_wheel.stl
-- Up-to-date: /home/rics/tt_ws/src/tese_ws/install/novamob_description/share/novamob_description/meshes/novamob_mecanum_wheel.obj.mtl
-- Up-to-date: /home/rics/tt_ws/src/tese_ws/install/novamob_description/share/novamob_description/meshes/novamob_mecanum_wheel_centered_right.obj
-- Up-to-date: /home/rics/tt_ws/src/tese_ws/install/novamob_description/share/novamob_description/meshes/novamob_mecanum_wheel.dae
-- Up-to-date: /home/rics/tt_ws/src/tese_ws/install/novamob_description/share/novamob_description/meshes/novamob_mecanum_wheel_centered_right.mtl
-- Up-to-date: /home/rics/tt_ws/src/tese_ws/install/novamob_description/share/novamob_description/meshes/novamob_mecanum_wheel_centered_left.obj
-- Up-to-date: /home/rics/tt_ws/src/tese_ws/install/novamob_description/share/novamob_description/meshes/novamob_no_wheels.stl
-- Up-to-date: /home/rics/tt_ws/src/tese_ws/install/novamob_description/share/novamob_description/meshes/novamob_mecanum_wheel.obj
-- Up-to-date: /home/rics/tt_ws/src/tese_ws/install/novamob_description/share/novamob_description/config
-- Up-to-date: /home/rics/tt_ws/src/tese_ws/install/novamob_description/share/novamob_description/config/ekf.yaml
-- Up-to-date: /home/rics/tt_ws/src/tese_ws/install/novamob_description/share/novamob_description/world
-- Up-to-date: /home/rics/tt_ws/src/tese_ws/install/novamob_description/share/novamob_description/world/indoor_2.world
-- Up-to-date: /home/rics/tt_ws/src/tese_ws/install/novamob_description/share/novamob_description/world/outdoor.world
-- Up-to-date: /home/rics/tt_ws/src/tese_ws/install/novamob_description/share/novamob_description/world/blank.world
-- Up-to-date: /home/rics/tt_ws/src/tese_ws/install/novamob_description/share/novamob_description/world/myworld.sdf
-- Up-to-date: /home/rics/tt_ws/src/tese_ws/install/novamob_description/share/novamob_description/models
-- Up-to-date: /home/rics/tt_ws/src/tese_ws/install/novamob_description/share/novamob_description/models/puddle
-- Up-to-date: /home/rics/tt_ws/src/tese_ws/install/novamob_description/share/novamob_description/models/puddle/media
-- Up-to-date: /home/rics/tt_ws/src/tese_ws/install/novamob_description/share/novamob_description/models/puddle/media/scripts
-- Up-to-date: /home/rics/tt_ws/src/tese_ws/install/novamob_description/share/novamob_description/models/puddle/media/scripts/puddle.material
-- Up-to-date: /home/rics/tt_ws/src/tese_ws/install/novamob_description/share/novamob_description/models/puddle/media/textures
-- Up-to-date: /home/rics/tt_ws/src/tese_ws/install/novamob_description/share/novamob_description/models/puddle/media/textures/blue_texture.jpg
-- Up-to-date: /home/rics/tt_ws/src/tese_ws/install/novamob_description/share/novamob_description/models/puddle/model.config
-- Up-to-date: /home/rics/tt_ws/src/tese_ws/install/novamob_description/share/novamob_description/models/puddle/model.sdf
-- Up-to-date: /home/rics/tt_ws/src/tese_ws/install/novamob_description/share/novamob_description/models/ramp_1
-- Up-to-date: /home/rics/tt_ws/src/tese_ws/install/novamob_description/share/novamob_description/models/ramp_1/ramp_015.dae
-- Up-to-date: /home/rics/tt_ws/src/tese_ws/install/novamob_description/share/novamob_description/models/ramp_1/ramp_025.dae
-- Up-to-date: /home/rics/tt_ws/src/tese_ws/install/novamob_description/share/novamob_description/models/ramp_1/model.config
-- Up-to-date: /home/rics/tt_ws/src/tese_ws/install/novamob_description/share/novamob_description/models/ramp_1/model.sdf
-- Up-to-date: /home/rics/tt_ws/src/tese_ws/install/novamob_description/share/novamob_description/models/speed_bump_2
-- Up-to-date: /home/rics/tt_ws/src/tese_ws/install/novamob_description/share/novamob_description/models/speed_bump_2/Bump_2_short.dae
-- Up-to-date: /home/rics/tt_ws/src/tese_ws/install/novamob_description/share/novamob_description/models/speed_bump_2/bump_2.dae
-- Up-to-date: /home/rics/tt_ws/src/tese_ws/install/novamob_description/share/novamob_description/models/speed_bump_2/model.config
-- Up-to-date: /home/rics/tt_ws/src/tese_ws/install/novamob_description/share/novamob_description/models/speed_bump_2/bump_2
-- Up-to-date: /home/rics/tt_ws/src/tese_ws/install/novamob_description/share/novamob_description/models/speed_bump_2/bump_2/rubbishy_xdigg8.jpg
-- Up-to-date: /home/rics/tt_ws/src/tese_ws/install/novamob_description/share/novamob_description/models/speed_bump_2/model.sdf
-- Up-to-date: /home/rics/tt_ws/src/tese_ws/install/novamob_description/share/novamob_description/models/speed_bump_3
-- Up-to-date: /home/rics/tt_ws/src/tese_ws/install/novamob_description/share/novamob_description/models/speed_bump_3/bump_3
-- Up-to-date: /home/rics/tt_ws/src/tese_ws/install/novamob_description/share/novamob_description/models/speed_bump_3/bump_3/rubbishy_xdigg9.jpg
-- Up-to-date: /home/rics/tt_ws/src/tese_ws/install/novamob_description/share/novamob_description/models/speed_bump_3/bump_3.dae
-- Up-to-date: /home/rics/tt_ws/src/tese_ws/install/novamob_description/share/novamob_description/models/speed_bump_3/model.config
-- Up-to-date: /home/rics/tt_ws/src/tese_ws/install/novamob_description/share/novamob_description/models/speed_bump_3/model.sdf
-- Up-to-date: /home/rics/tt_ws/src/tese_ws/install/novamob_description/share/novamob_description/models/speed_bump_3/Bump_3_short.dae
-- Up-to-date: /home/rics/tt_ws/src/tese_ws/install/novamob_description/share/novamob_description/models/ramp_2
-- Up-to-date: /home/rics/tt_ws/src/tese_ws/install/novamob_description/share/novamob_description/models/ramp_2/ramp_037.dae
-- Up-to-date: /home/rics/tt_ws/src/tese_ws/install/novamob_description/share/novamob_description/models/ramp_2/ramp_020.dae
-- Up-to-date: /home/rics/tt_ws/src/tese_ws/install/novamob_description/share/novamob_description/models/ramp_2/model.config
-- Up-to-date: /home/rics/tt_ws/src/tese_ws/install/novamob_description/share/novamob_description/models/ramp_2/model.sdf
-- Up-to-date: /home/rics/tt_ws/src/tese_ws/install/novamob_description/share/novamob_description/models/outdoor_1
-- Up-to-date: /home/rics/tt_ws/src/tese_ws/install/novamob_description/share/novamob_description/models/outdoor_1/media
-- Up-to-date: /home/rics/tt_ws/src/tese_ws/install/novamob_description/share/novamob_description/models/outdoor_1/media/forrest_ground_01_nor_gl_4k.exr
-- Up-to-date: /home/rics/tt_ws/src/tese_ws/install/novamob_description/share/novamob_description/models/outdoor_1/media/scripts
-- Up-to-date: /home/rics/tt_ws/src/tese_ws/install/novamob_description/share/novamob_description/models/outdoor_1/media/scripts/repeated.material
-- Up-to-date: /home/rics/tt_ws/src/tese_ws/install/novamob_description/share/novamob_description/models/outdoor_1/media/forrest_ground_01_disp_4k.png
-- Up-to-date: /home/rics/tt_ws/src/tese_ws/install/novamob_description/share/novamob_description/models/outdoor_1/media/outdoor1_texture4.dae
-- Up-to-date: /home/rics/tt_ws/src/tese_ws/install/novamob_description/share/novamob_description/models/outdoor_1/media/forrest_ground_01_rough_4k.jpg
-- Up-to-date: /home/rics/tt_ws/src/tese_ws/install/novamob_description/share/novamob_description/models/outdoor_1/media/outdoor1_texture3.dae
-- Up-to-date: /home/rics/tt_ws/src/tese_ws/install/novamob_description/share/novamob_description/models/outdoor_1/media/outdoor1_texture2.obj
-- Up-to-date: /home/rics/tt_ws/src/tese_ws/install/novamob_description/share/novamob_description/models/outdoor_1/media/forrest_ground_01_diff_4k.jpg
-- Up-to-date: /home/rics/tt_ws/src/tese_ws/install/novamob_description/share/novamob_description/models/outdoor_1/media/outdoor1.dae
-- Up-to-date: /home/rics/tt_ws/src/tese_ws/install/novamob_description/share/novamob_description/models/outdoor_1/media/outdoor1_texture2.mtl
-- Up-to-date: /home/rics/tt_ws/src/tese_ws/install/novamob_description/share/novamob_description/models/outdoor_1/media/outdoor1_texture.dae
-- Up-to-date: /home/rics/tt_ws/src/tese_ws/install/novamob_description/share/novamob_description/models/outdoor_1/media/Textures
-- Up-to-date: /home/rics/tt_ws/src/tese_ws/install/novamob_description/share/novamob_description/models/outdoor_1/media/Textures/Grass.png
-- Up-to-date: /home/rics/tt_ws/src/tese_ws/install/novamob_description/share/novamob_description/models/outdoor_1/model.config
-- Up-to-date: /home/rics/tt_ws/src/tese_ws/install/novamob_description/share/novamob_description/models/outdoor_1/model.sdf
-- Up-to-date: /home/rics/tt_ws/src/tese_ws/install/novamob_description/share/novamob_description/models/speed_bump_1_short
-- Up-to-date: /home/rics/tt_ws/src/tese_ws/install/novamob_description/share/novamob_description/models/speed_bump_1_short/bump_2_060
-- Up-to-date: /home/rics/tt_ws/src/tese_ws/install/novamob_description/share/novamob_description/models/speed_bump_1_short/bump_2_060/rubbishy_xdigg10.jpg
-- Up-to-date: /home/rics/tt_ws/src/tese_ws/install/novamob_description/share/novamob_description/models/speed_bump_1_short/model.config
-- Up-to-date: /home/rics/tt_ws/src/tese_ws/install/novamob_description/share/novamob_description/models/speed_bump_1_short/model.sdf
-- Up-to-date: /home/rics/tt_ws/src/tese_ws/install/novamob_description/share/novamob_description/models/speed_bump_1_short/bump_2_060.dae
-- Up-to-date: /home/rics/tt_ws/src/tese_ws/install/novamob_description/share/novamob_description/models/indoor_with_doors_2
-- Up-to-date: /home/rics/tt_ws/src/tese_ws/install/novamob_description/share/novamob_description/models/indoor_with_doors_2/model.config
-- Up-to-date: /home/rics/tt_ws/src/tese_ws/install/novamob_description/share/novamob_description/models/indoor_with_doors_2/model.sdf
-- Up-to-date: /home/rics/tt_ws/src/tese_ws/install/novamob_description/share/novamob_description/models/speed_bump_3_short
-- Up-to-date: /home/rics/tt_ws/src/tese_ws/install/novamob_description/share/novamob_description/models/speed_bump_3_short/bump_3_060.dae
-- Up-to-date: /home/rics/tt_ws/src/tese_ws/install/novamob_description/share/novamob_description/models/speed_bump_3_short/model.config
-- Up-to-date: /home/rics/tt_ws/src/tese_ws/install/novamob_description/share/novamob_description/models/speed_bump_3_short/bump_3_060
-- Up-to-date: /home/rics/tt_ws/src/tese_ws/install/novamob_description/share/novamob_description/models/speed_bump_3_short/bump_3_060/rubbishy_xdigg9.jpg
-- Up-to-date: /home/rics/tt_ws/src/tese_ws/install/novamob_description/share/novamob_description/models/speed_bump_3_short/model.sdf
-- Up-to-date: /home/rics/tt_ws/src/tese_ws/install/novamob_description/share/novamob_description/models/speed_bump_1
-- Up-to-date: /home/rics/tt_ws/src/tese_ws/install/novamob_description/share/novamob_description/models/speed_bump_1/Bump_1_short.dae
-- Up-to-date: /home/rics/tt_ws/src/tese_ws/install/novamob_description/share/novamob_description/models/speed_bump_1/bump_1
-- Up-to-date: /home/rics/tt_ws/src/tese_ws/install/novamob_description/share/novamob_description/models/speed_bump_1/bump_1/rubbishy_xdigg10.jpg
-- Up-to-date: /home/rics/tt_ws/src/tese_ws/install/novamob_description/share/novamob_description/models/speed_bump_1/bump_1.dae
-- Up-to-date: /home/rics/tt_ws/src/tese_ws/install/novamob_description/share/novamob_description/models/speed_bump_1/model.config
-- Up-to-date: /home/rics/tt_ws/src/tese_ws/install/novamob_description/share/novamob_description/models/speed_bump_1/model.sdf
-- Up-to-date: /home/rics/tt_ws/src/tese_ws/install/novamob_description/share/novamob_description/models/terrain_1
-- Up-to-date: /home/rics/tt_ws/src/tese_ws/install/novamob_description/share/novamob_description/models/terrain_1/media
-- Up-to-date: /home/rics/tt_ws/src/tese_ws/install/novamob_description/share/novamob_description/models/terrain_1/media/scripts
-- Up-to-date: /home/rics/tt_ws/src/tese_ws/install/novamob_description/share/novamob_description/models/terrain_1/media/scripts/repeated.material
-- Up-to-date: /home/rics/tt_ws/src/tese_ws/install/novamob_description/share/novamob_description/models/terrain_1/media/terrain_1.dae
-- Up-to-date: /home/rics/tt_ws/src/tese_ws/install/novamob_description/share/novamob_description/models/terrain_1/media/Textures
-- Up-to-date: /home/rics/tt_ws/src/tese_ws/install/novamob_description/share/novamob_description/models/terrain_1/media/Textures/Grass.png
-- Up-to-date: /home/rics/tt_ws/src/tese_ws/install/novamob_description/share/novamob_description/models/terrain_1/model.config
-- Up-to-date: /home/rics/tt_ws/src/tese_ws/install/novamob_description/share/novamob_description/models/terrain_1/model.sdf
-- Up-to-date: /home/rics/tt_ws/src/tese_ws/install/novamob_description/share/novamob_description/models/indoor_no_doors_2
-- Up-to-date: /home/rics/tt_ws/src/tese_ws/install/novamob_description/share/novamob_description/models/indoor_no_doors_2/model.config
-- Up-to-date: /home/rics/tt_ws/src/tese_ws/install/novamob_description/share/novamob_description/models/indoor_no_doors_2/indoor_2.world
-- Up-to-date: /home/rics/tt_ws/src/tese_ws/install/novamob_description/share/novamob_description/models/indoor_no_doors_2/model.sdf
-- Up-to-date: /home/rics/tt_ws/src/tese_ws/install/novamob_description/share/novamob_description/models/speed_bump_2_short
-- Up-to-date: /home/rics/tt_ws/src/tese_ws/install/novamob_description/share/novamob_description/models/speed_bump_2_short/bump_1_060.dae
-- Up-to-date: /home/rics/tt_ws/src/tese_ws/install/novamob_description/share/novamob_description/models/speed_bump_2_short/model.config
-- Up-to-date: /home/rics/tt_ws/src/tese_ws/install/novamob_description/share/novamob_description/models/speed_bump_2_short/bump_1_060
-- Up-to-date: /home/rics/tt_ws/src/tese_ws/install/novamob_description/share/novamob_description/models/speed_bump_2_short/bump_1_060/rubbishy_xdigg8.jpg
-- Up-to-date: /home/rics/tt_ws/src/tese_ws/install/novamob_description/share/novamob_description/models/speed_bump_2_short/model.sdf
-- Up-to-date: /home/rics/tt_ws/src/tese_ws/install/novamob_description/share/novamob_description/models/outdoor
-- Up-to-date: /home/rics/tt_ws/src/tese_ws/install/novamob_description/share/novamob_description/models/outdoor/outdoor.world
-- Up-to-date: /home/rics/tt_ws/src/tese_ws/install/novamob_description/share/novamob_description/models/black_hole
-- Up-to-date: /home/rics/tt_ws/src/tese_ws/install/novamob_description/share/novamob_description/models/black_hole/media
-- Up-to-date: /home/rics/tt_ws/src/tese_ws/install/novamob_description/share/novamob_description/models/black_hole/media/scripts
-- Up-to-date: /home/rics/tt_ws/src/tese_ws/install/novamob_description/share/novamob_description/models/black_hole/media/scripts/hole.material
-- Up-to-date: /home/rics/tt_ws/src/tese_ws/install/novamob_description/share/novamob_description/models/black_hole/media/textures
-- Up-to-date: /home/rics/tt_ws/src/tese_ws/install/novamob_description/share/novamob_description/models/black_hole/media/textures/black_texture.jpg
-- Up-to-date: /home/rics/tt_ws/src/tese_ws/install/novamob_description/share/novamob_description/models/black_hole/model.config
-- Up-to-date: /home/rics/tt_ws/src/tese_ws/install/novamob_description/share/novamob_description/models/black_hole/model.sdf
-- Up-to-date: /home/rics/tt_ws/src/tese_ws/install/novamob_description/share/ament_index/resource_index/package_run_dependencies/novamob_description
-- Up-to-date: /home/rics/tt_ws/src/tese_ws/install/novamob_description/share/ament_index/resource_index/parent_prefix_path/novamob_description
-- Up-to-date: /home/rics/tt_ws/src/tese_ws/install/novamob_description/share/novamob_description/environment/ament_prefix_path.sh
-- Up-to-date: /home/rics/tt_ws/src/tese_ws/install/novamob_description/share/novamob_description/environment/ament_prefix_path.dsv
-- Up-to-date: /home/rics/tt_ws/src/tese_ws/install/novamob_description/share/novamob_description/environment/path.sh
-- Up-to-date: /home/rics/tt_ws/src/tese_ws/install/novamob_description/share/novamob_description/environment/path.dsv
-- Up-to-date: /home/rics/tt_ws/src/tese_ws/install/novamob_description/share/novamob_description/local_setup.bash
-- Up-to-date: /home/rics/tt_ws/src/tese_ws/install/novamob_description/share/novamob_description/local_setup.sh
-- Up-to-date: /home/rics/tt_ws/src/tese_ws/install/novamob_description/share/novamob_description/local_setup.zsh
-- Up-to-date: /home/rics/tt_ws/src/tese_ws/install/novamob_description/share/novamob_description/local_setup.dsv
-- Up-to-date: /home/rics/tt_ws/src/tese_ws/install/novamob_description/share/novamob_description/package.dsv
-- Up-to-date: /home/rics/tt_ws/src/tese_ws/install/novamob_description/share/ament_index/resource_index/packages/novamob_description
-- Up-to-date: /home/rics/tt_ws/src/tese_ws/install/novamob_description/share/novamob_description/cmake/novamob_descriptionConfig.cmake
-- Up-to-date: /home/rics/tt_ws/src/tese_ws/install/novamob_description/share/novamob_description/cmake/novamob_descriptionConfig-version.cmake
-- Up-to-date: /home/rics/tt_ws/src/tese_ws/install/novamob_description/share/novamob_description/package.xml
