[0.092s] DEBUG:colcon:Command line arguments: ['/usr/bin/colcon', 'build']
[0.092s] DEBUG:colcon:Parsed command line arguments: Namespace(log_base=None, log_level=None, verb_name='build', build_base='build', install_base='install', merge_install=False, symlink_install=False, test_result_base=None, continue_on_error=False, executor='parallel', parallel_workers=8, event_handlers=None, ignore_user_meta=False, metas=['./colcon.meta'], base_paths=['.'], packages_ignore=None, packages_ignore_regex=None, paths=None, packages_up_to=None, packages_up_to_regex=None, packages_above=None, packages_above_and_dependencies=None, packages_above_depth=None, packages_select_by_dep=None, packages_skip_by_dep=None, packages_skip_up_to=None, packages_select_build_failed=False, packages_skip_build_finished=False, packages_select_test_failures=False, packages_skip_test_passed=False, packages_select=None, packages_skip=None, packages_select_regex=None, packages_skip_regex=None, packages_start=None, packages_end=None, allow_overriding=[], cmake_args=None, cmake_target=None, cmake_target_skip_unavailable=False, cmake_clean_cache=False, cmake_clean_first=False, cmake_force_configure=False, ament_cmake_args=None, catkin_cmake_args=None, catkin_skip_building_tests=False, verb_parser=<colcon_defaults.argument_parser.defaults.DefaultArgumentsDecorator object at 0x742269d41210>, verb_extension=<colcon_core.verb.build.BuildVerb object at 0x742269d40d00>, main=<bound method BuildVerb.main of <colcon_core.verb.build.BuildVerb object at 0x742269d40d00>>)
[0.252s] Level 1:colcon.colcon_core.package_discovery:discover_packages(colcon_meta) check parameters
[0.252s] Level 1:colcon.colcon_core.package_discovery:discover_packages(recursive) check parameters
[0.252s] Level 1:colcon.colcon_core.package_discovery:discover_packages(ignore) check parameters
[0.252s] Level 1:colcon.colcon_core.package_discovery:discover_packages(path) check parameters
[0.252s] Level 1:colcon.colcon_core.package_discovery:discover_packages(colcon_meta) discover
[0.252s] Level 1:colcon.colcon_core.package_discovery:discover_packages(recursive) discover
[0.252s] INFO:colcon.colcon_core.package_discovery:Crawling recursively for packages in '/home/rics/tt_ws/src/tese_ws'
[0.252s] Level 1:colcon.colcon_core.package_identification:_identify(.) by extensions ['ignore', 'ignore_ament_install']
[0.252s] Level 1:colcon.colcon_core.package_identification:_identify(.) by extension 'ignore'
[0.252s] Level 1:colcon.colcon_core.package_identification:_identify(.) by extension 'ignore_ament_install'
[0.252s] Level 1:colcon.colcon_core.package_identification:_identify(.) by extensions ['colcon_pkg']
[0.252s] Level 1:colcon.colcon_core.package_identification:_identify(.) by extension 'colcon_pkg'
[0.252s] Level 1:colcon.colcon_core.package_identification:_identify(.) by extensions ['colcon_meta']
[0.252s] Level 1:colcon.colcon_core.package_identification:_identify(.) by extension 'colcon_meta'
[0.252s] Level 1:colcon.colcon_core.package_identification:_identify(.) by extensions ['ros']
[0.252s] Level 1:colcon.colcon_core.package_identification:_identify(.) by extension 'ros'
[0.262s] Level 1:colcon.colcon_core.package_identification:_identify(.) by extensions ['cmake', 'python']
[0.262s] Level 1:colcon.colcon_core.package_identification:_identify(.) by extension 'cmake'
[0.262s] Level 1:colcon.colcon_core.package_identification:_identify(.) by extension 'python'
[0.262s] Level 1:colcon.colcon_core.package_identification:_identify(.) by extensions ['python_setup_py']
[0.262s] Level 1:colcon.colcon_core.package_identification:_identify(.) by extension 'python_setup_py'
[0.262s] Level 1:colcon.colcon_core.package_identification:_identify(build) by extensions ['ignore', 'ignore_ament_install']
[0.262s] Level 1:colcon.colcon_core.package_identification:_identify(build) by extension 'ignore'
[0.262s] Level 1:colcon.colcon_core.package_identification:_identify(build) ignored
[0.262s] Level 1:colcon.colcon_core.package_identification:_identify(install) by extensions ['ignore', 'ignore_ament_install']
[0.262s] Level 1:colcon.colcon_core.package_identification:_identify(install) by extension 'ignore'
[0.262s] Level 1:colcon.colcon_core.package_identification:_identify(install) ignored
[0.262s] Level 1:colcon.colcon_core.package_identification:_identify(log) by extensions ['ignore', 'ignore_ament_install']
[0.263s] Level 1:colcon.colcon_core.package_identification:_identify(log) by extension 'ignore'
[0.263s] Level 1:colcon.colcon_core.package_identification:_identify(log) ignored
[0.263s] Level 1:colcon.colcon_core.package_identification:_identify(novamob_description) by extensions ['ignore', 'ignore_ament_install']
[0.263s] Level 1:colcon.colcon_core.package_identification:_identify(novamob_description) by extension 'ignore'
[0.263s] Level 1:colcon.colcon_core.package_identification:_identify(novamob_description) by extension 'ignore_ament_install'
[0.263s] Level 1:colcon.colcon_core.package_identification:_identify(novamob_description) by extensions ['colcon_pkg']
[0.263s] Level 1:colcon.colcon_core.package_identification:_identify(novamob_description) by extension 'colcon_pkg'
[0.263s] Level 1:colcon.colcon_core.package_identification:_identify(novamob_description) by extensions ['colcon_meta']
[0.263s] Level 1:colcon.colcon_core.package_identification:_identify(novamob_description) by extension 'colcon_meta'
[0.263s] Level 1:colcon.colcon_core.package_identification:_identify(novamob_description) by extensions ['ros']
[0.263s] Level 1:colcon.colcon_core.package_identification:_identify(novamob_description) by extension 'ros'
[0.265s] DEBUG:colcon.colcon_core.package_identification:Package 'novamob_description' with type 'ros.ament_cmake' and name 'novamob_description'
[0.265s] Level 1:colcon.colcon_core.package_identification:_identify(novamob_nav2_gz) by extensions ['ignore', 'ignore_ament_install']
[0.265s] Level 1:colcon.colcon_core.package_identification:_identify(novamob_nav2_gz) by extension 'ignore'
[0.265s] Level 1:colcon.colcon_core.package_identification:_identify(novamob_nav2_gz) by extension 'ignore_ament_install'
[0.265s] Level 1:colcon.colcon_core.package_identification:_identify(novamob_nav2_gz) by extensions ['colcon_pkg']
[0.265s] Level 1:colcon.colcon_core.package_identification:_identify(novamob_nav2_gz) by extension 'colcon_pkg'
[0.265s] Level 1:colcon.colcon_core.package_identification:_identify(novamob_nav2_gz) by extensions ['colcon_meta']
[0.265s] Level 1:colcon.colcon_core.package_identification:_identify(novamob_nav2_gz) by extension 'colcon_meta'
[0.265s] Level 1:colcon.colcon_core.package_identification:_identify(novamob_nav2_gz) by extensions ['ros']
[0.265s] Level 1:colcon.colcon_core.package_identification:_identify(novamob_nav2_gz) by extension 'ros'
[0.266s] DEBUG:colcon.colcon_core.package_identification:Package 'novamob_nav2_gz' with type 'ros.ament_cmake' and name 'novamob_nav2_gz'
[0.266s] Level 1:colcon.colcon_core.package_identification:_identify(sam_bot_description) by extensions ['ignore', 'ignore_ament_install']
[0.266s] Level 1:colcon.colcon_core.package_identification:_identify(sam_bot_description) by extension 'ignore'
[0.266s] Level 1:colcon.colcon_core.package_identification:_identify(sam_bot_description) by extension 'ignore_ament_install'
[0.266s] Level 1:colcon.colcon_core.package_identification:_identify(sam_bot_description) by extensions ['colcon_pkg']
[0.266s] Level 1:colcon.colcon_core.package_identification:_identify(sam_bot_description) by extension 'colcon_pkg'
[0.266s] Level 1:colcon.colcon_core.package_identification:_identify(sam_bot_description) by extensions ['colcon_meta']
[0.266s] Level 1:colcon.colcon_core.package_identification:_identify(sam_bot_description) by extension 'colcon_meta'
[0.266s] Level 1:colcon.colcon_core.package_identification:_identify(sam_bot_description) by extensions ['ros']
[0.266s] Level 1:colcon.colcon_core.package_identification:_identify(sam_bot_description) by extension 'ros'
[0.267s] DEBUG:colcon.colcon_core.package_identification:Package 'sam_bot_description' with type 'ros.ament_cmake' and name 'sam_bot_description'
[0.267s] Level 1:colcon.colcon_core.package_identification:_identify(sam_bot_nav2_gz) by extensions ['ignore', 'ignore_ament_install']
[0.267s] Level 1:colcon.colcon_core.package_identification:_identify(sam_bot_nav2_gz) by extension 'ignore'
[0.267s] Level 1:colcon.colcon_core.package_identification:_identify(sam_bot_nav2_gz) by extension 'ignore_ament_install'
[0.267s] Level 1:colcon.colcon_core.package_identification:_identify(sam_bot_nav2_gz) by extensions ['colcon_pkg']
[0.267s] Level 1:colcon.colcon_core.package_identification:_identify(sam_bot_nav2_gz) by extension 'colcon_pkg'
[0.267s] Level 1:colcon.colcon_core.package_identification:_identify(sam_bot_nav2_gz) by extensions ['colcon_meta']
[0.267s] Level 1:colcon.colcon_core.package_identification:_identify(sam_bot_nav2_gz) by extension 'colcon_meta'
[0.267s] Level 1:colcon.colcon_core.package_identification:_identify(sam_bot_nav2_gz) by extensions ['ros']
[0.267s] Level 1:colcon.colcon_core.package_identification:_identify(sam_bot_nav2_gz) by extension 'ros'
[0.268s] DEBUG:colcon.colcon_core.package_identification:Package 'sam_bot_nav2_gz' with type 'ros.ament_cmake' and name 'sam_bot_nav2_gz'
[0.268s] Level 1:colcon.colcon_core.package_identification:_identify(scout_description) by extensions ['ignore', 'ignore_ament_install']
[0.268s] Level 1:colcon.colcon_core.package_identification:_identify(scout_description) by extension 'ignore'
[0.268s] Level 1:colcon.colcon_core.package_identification:_identify(scout_description) by extension 'ignore_ament_install'
[0.268s] Level 1:colcon.colcon_core.package_identification:_identify(scout_description) by extensions ['colcon_pkg']
[0.268s] Level 1:colcon.colcon_core.package_identification:_identify(scout_description) by extension 'colcon_pkg'
[0.268s] Level 1:colcon.colcon_core.package_identification:_identify(scout_description) by extensions ['colcon_meta']
[0.268s] Level 1:colcon.colcon_core.package_identification:_identify(scout_description) by extension 'colcon_meta'
[0.268s] Level 1:colcon.colcon_core.package_identification:_identify(scout_description) by extensions ['ros']
[0.268s] Level 1:colcon.colcon_core.package_identification:_identify(scout_description) by extension 'ros'
[0.269s] DEBUG:colcon.colcon_core.package_identification:Package 'scout_description' with type 'ros.ament_cmake' and name 'scout_description'
[0.269s] Level 1:colcon.colcon_core.package_identification:_identify(scout_nav2_gz) by extensions ['ignore', 'ignore_ament_install']
[0.269s] Level 1:colcon.colcon_core.package_identification:_identify(scout_nav2_gz) by extension 'ignore'
[0.269s] Level 1:colcon.colcon_core.package_identification:_identify(scout_nav2_gz) by extension 'ignore_ament_install'
[0.269s] Level 1:colcon.colcon_core.package_identification:_identify(scout_nav2_gz) by extensions ['colcon_pkg']
[0.269s] Level 1:colcon.colcon_core.package_identification:_identify(scout_nav2_gz) by extension 'colcon_pkg'
[0.269s] Level 1:colcon.colcon_core.package_identification:_identify(scout_nav2_gz) by extensions ['colcon_meta']
[0.269s] Level 1:colcon.colcon_core.package_identification:_identify(scout_nav2_gz) by extension 'colcon_meta'
[0.269s] Level 1:colcon.colcon_core.package_identification:_identify(scout_nav2_gz) by extensions ['ros']
[0.269s] Level 1:colcon.colcon_core.package_identification:_identify(scout_nav2_gz) by extension 'ros'
[0.270s] DEBUG:colcon.colcon_core.package_identification:Package 'scout_nav2_gz' with type 'ros.ament_cmake' and name 'scout_nav2_gz'
[0.270s] Level 1:colcon.colcon_core.package_identification:_identify(virtual_maize_field) by extensions ['ignore', 'ignore_ament_install']
[0.270s] Level 1:colcon.colcon_core.package_identification:_identify(virtual_maize_field) by extension 'ignore'
[0.270s] Level 1:colcon.colcon_core.package_identification:_identify(virtual_maize_field) by extension 'ignore_ament_install'
[0.270s] Level 1:colcon.colcon_core.package_identification:_identify(virtual_maize_field) by extensions ['colcon_pkg']
[0.270s] Level 1:colcon.colcon_core.package_identification:_identify(virtual_maize_field) by extension 'colcon_pkg'
[0.270s] Level 1:colcon.colcon_core.package_identification:_identify(virtual_maize_field) by extensions ['colcon_meta']
[0.270s] Level 1:colcon.colcon_core.package_identification:_identify(virtual_maize_field) by extension 'colcon_meta'
[0.270s] Level 1:colcon.colcon_core.package_identification:_identify(virtual_maize_field) by extensions ['ros']
[0.270s] Level 1:colcon.colcon_core.package_identification:_identify(virtual_maize_field) by extension 'ros'
[0.270s] Level 1:colcon.colcon_core.package_identification:_identify(virtual_maize_field) by extensions ['cmake', 'python']
[0.270s] Level 1:colcon.colcon_core.package_identification:_identify(virtual_maize_field) by extension 'cmake'
[0.270s] Level 1:colcon.colcon_core.package_identification:_identify(virtual_maize_field) by extension 'python'
[0.270s] Level 1:colcon.colcon_core.package_identification:_identify(virtual_maize_field) by extensions ['python_setup_py']
[0.270s] Level 1:colcon.colcon_core.package_identification:_identify(virtual_maize_field) by extension 'python_setup_py'
[0.271s] Level 1:colcon.colcon_core.package_discovery:discover_packages(recursive) using defaults
[0.271s] Level 1:colcon.colcon_core.package_discovery:discover_packages(ignore) discover
[0.271s] Level 1:colcon.colcon_core.package_discovery:discover_packages(ignore) using defaults
[0.271s] Level 1:colcon.colcon_core.package_discovery:discover_packages(path) discover
[0.271s] Level 1:colcon.colcon_core.package_discovery:discover_packages(path) using defaults
[0.304s] Level 1:colcon.colcon_core.package_discovery:discover_packages(prefix_path) check parameters
[0.304s] Level 1:colcon.colcon_core.package_discovery:discover_packages(prefix_path) discover
[0.306s] DEBUG:colcon.colcon_installed_package_information.package_discovery:Found 6 installed packages in /home/rics/tt_ws/src/tese_ws/install
[0.307s] DEBUG:colcon.colcon_installed_package_information.package_discovery:Found 6 installed packages in /home/rics/tt_ws/install
[0.308s] DEBUG:colcon.colcon_installed_package_information.package_discovery:Found 391 installed packages in /opt/ros/humble
[0.310s] Level 1:colcon.colcon_core.package_discovery:discover_packages(prefix_path) using defaults
[0.350s] Level 5:colcon.colcon_core.verb:set package 'novamob_description' build argument 'cmake_args' from command line to 'None'
[0.350s] Level 5:colcon.colcon_core.verb:set package 'novamob_description' build argument 'cmake_target' from command line to 'None'
[0.350s] Level 5:colcon.colcon_core.verb:set package 'novamob_description' build argument 'cmake_target_skip_unavailable' from command line to 'False'
[0.350s] Level 5:colcon.colcon_core.verb:set package 'novamob_description' build argument 'cmake_clean_cache' from command line to 'False'
[0.350s] Level 5:colcon.colcon_core.verb:set package 'novamob_description' build argument 'cmake_clean_first' from command line to 'False'
[0.351s] Level 5:colcon.colcon_core.verb:set package 'novamob_description' build argument 'cmake_force_configure' from command line to 'False'
[0.351s] Level 5:colcon.colcon_core.verb:set package 'novamob_description' build argument 'ament_cmake_args' from command line to 'None'
[0.351s] Level 5:colcon.colcon_core.verb:set package 'novamob_description' build argument 'catkin_cmake_args' from command line to 'None'
[0.351s] Level 5:colcon.colcon_core.verb:set package 'novamob_description' build argument 'catkin_skip_building_tests' from command line to 'False'
[0.351s] DEBUG:colcon.colcon_core.verb:Building package 'novamob_description' with the following arguments: {'ament_cmake_args': None, 'build_base': '/home/rics/tt_ws/src/tese_ws/build/novamob_description', 'catkin_cmake_args': None, 'catkin_skip_building_tests': False, 'cmake_args': None, 'cmake_clean_cache': False, 'cmake_clean_first': False, 'cmake_force_configure': False, 'cmake_target': None, 'cmake_target_skip_unavailable': False, 'install_base': '/home/rics/tt_ws/src/tese_ws/install/novamob_description', 'merge_install': False, 'path': '/home/rics/tt_ws/src/tese_ws/novamob_description', 'symlink_install': False, 'test_result_base': None}
[0.351s] Level 5:colcon.colcon_core.verb:set package 'novamob_nav2_gz' build argument 'cmake_args' from command line to 'None'
[0.351s] Level 5:colcon.colcon_core.verb:set package 'novamob_nav2_gz' build argument 'cmake_target' from command line to 'None'
[0.351s] Level 5:colcon.colcon_core.verb:set package 'novamob_nav2_gz' build argument 'cmake_target_skip_unavailable' from command line to 'False'
[0.351s] Level 5:colcon.colcon_core.verb:set package 'novamob_nav2_gz' build argument 'cmake_clean_cache' from command line to 'False'
[0.351s] Level 5:colcon.colcon_core.verb:set package 'novamob_nav2_gz' build argument 'cmake_clean_first' from command line to 'False'
[0.351s] Level 5:colcon.colcon_core.verb:set package 'novamob_nav2_gz' build argument 'cmake_force_configure' from command line to 'False'
[0.351s] Level 5:colcon.colcon_core.verb:set package 'novamob_nav2_gz' build argument 'ament_cmake_args' from command line to 'None'
[0.351s] Level 5:colcon.colcon_core.verb:set package 'novamob_nav2_gz' build argument 'catkin_cmake_args' from command line to 'None'
[0.351s] Level 5:colcon.colcon_core.verb:set package 'novamob_nav2_gz' build argument 'catkin_skip_building_tests' from command line to 'False'
[0.351s] DEBUG:colcon.colcon_core.verb:Building package 'novamob_nav2_gz' with the following arguments: {'ament_cmake_args': None, 'build_base': '/home/rics/tt_ws/src/tese_ws/build/novamob_nav2_gz', 'catkin_cmake_args': None, 'catkin_skip_building_tests': False, 'cmake_args': None, 'cmake_clean_cache': False, 'cmake_clean_first': False, 'cmake_force_configure': False, 'cmake_target': None, 'cmake_target_skip_unavailable': False, 'install_base': '/home/rics/tt_ws/src/tese_ws/install/novamob_nav2_gz', 'merge_install': False, 'path': '/home/rics/tt_ws/src/tese_ws/novamob_nav2_gz', 'symlink_install': False, 'test_result_base': None}
[0.351s] Level 5:colcon.colcon_core.verb:set package 'sam_bot_description' build argument 'cmake_args' from command line to 'None'
[0.351s] Level 5:colcon.colcon_core.verb:set package 'sam_bot_description' build argument 'cmake_target' from command line to 'None'
[0.351s] Level 5:colcon.colcon_core.verb:set package 'sam_bot_description' build argument 'cmake_target_skip_unavailable' from command line to 'False'
[0.351s] Level 5:colcon.colcon_core.verb:set package 'sam_bot_description' build argument 'cmake_clean_cache' from command line to 'False'
[0.351s] Level 5:colcon.colcon_core.verb:set package 'sam_bot_description' build argument 'cmake_clean_first' from command line to 'False'
[0.351s] Level 5:colcon.colcon_core.verb:set package 'sam_bot_description' build argument 'cmake_force_configure' from command line to 'False'
[0.351s] Level 5:colcon.colcon_core.verb:set package 'sam_bot_description' build argument 'ament_cmake_args' from command line to 'None'
[0.352s] Level 5:colcon.colcon_core.verb:set package 'sam_bot_description' build argument 'catkin_cmake_args' from command line to 'None'
[0.352s] Level 5:colcon.colcon_core.verb:set package 'sam_bot_description' build argument 'catkin_skip_building_tests' from command line to 'False'
[0.352s] DEBUG:colcon.colcon_core.verb:Building package 'sam_bot_description' with the following arguments: {'ament_cmake_args': None, 'build_base': '/home/rics/tt_ws/src/tese_ws/build/sam_bot_description', 'catkin_cmake_args': None, 'catkin_skip_building_tests': False, 'cmake_args': None, 'cmake_clean_cache': False, 'cmake_clean_first': False, 'cmake_force_configure': False, 'cmake_target': None, 'cmake_target_skip_unavailable': False, 'install_base': '/home/rics/tt_ws/src/tese_ws/install/sam_bot_description', 'merge_install': False, 'path': '/home/rics/tt_ws/src/tese_ws/sam_bot_description', 'symlink_install': False, 'test_result_base': None}
[0.352s] Level 5:colcon.colcon_core.verb:set package 'sam_bot_nav2_gz' build argument 'cmake_args' from command line to 'None'
[0.352s] Level 5:colcon.colcon_core.verb:set package 'sam_bot_nav2_gz' build argument 'cmake_target' from command line to 'None'
[0.352s] Level 5:colcon.colcon_core.verb:set package 'sam_bot_nav2_gz' build argument 'cmake_target_skip_unavailable' from command line to 'False'
[0.352s] Level 5:colcon.colcon_core.verb:set package 'sam_bot_nav2_gz' build argument 'cmake_clean_cache' from command line to 'False'
[0.352s] Level 5:colcon.colcon_core.verb:set package 'sam_bot_nav2_gz' build argument 'cmake_clean_first' from command line to 'False'
[0.352s] Level 5:colcon.colcon_core.verb:set package 'sam_bot_nav2_gz' build argument 'cmake_force_configure' from command line to 'False'
[0.352s] Level 5:colcon.colcon_core.verb:set package 'sam_bot_nav2_gz' build argument 'ament_cmake_args' from command line to 'None'
[0.352s] Level 5:colcon.colcon_core.verb:set package 'sam_bot_nav2_gz' build argument 'catkin_cmake_args' from command line to 'None'
[0.352s] Level 5:colcon.colcon_core.verb:set package 'sam_bot_nav2_gz' build argument 'catkin_skip_building_tests' from command line to 'False'
[0.352s] DEBUG:colcon.colcon_core.verb:Building package 'sam_bot_nav2_gz' with the following arguments: {'ament_cmake_args': None, 'build_base': '/home/rics/tt_ws/src/tese_ws/build/sam_bot_nav2_gz', 'catkin_cmake_args': None, 'catkin_skip_building_tests': False, 'cmake_args': None, 'cmake_clean_cache': False, 'cmake_clean_first': False, 'cmake_force_configure': False, 'cmake_target': None, 'cmake_target_skip_unavailable': False, 'install_base': '/home/rics/tt_ws/src/tese_ws/install/sam_bot_nav2_gz', 'merge_install': False, 'path': '/home/rics/tt_ws/src/tese_ws/sam_bot_nav2_gz', 'symlink_install': False, 'test_result_base': None}
[0.352s] Level 5:colcon.colcon_core.verb:set package 'scout_description' build argument 'cmake_args' from command line to 'None'
[0.352s] Level 5:colcon.colcon_core.verb:set package 'scout_description' build argument 'cmake_target' from command line to 'None'
[0.352s] Level 5:colcon.colcon_core.verb:set package 'scout_description' build argument 'cmake_target_skip_unavailable' from command line to 'False'
[0.352s] Level 5:colcon.colcon_core.verb:set package 'scout_description' build argument 'cmake_clean_cache' from command line to 'False'
[0.352s] Level 5:colcon.colcon_core.verb:set package 'scout_description' build argument 'cmake_clean_first' from command line to 'False'
[0.352s] Level 5:colcon.colcon_core.verb:set package 'scout_description' build argument 'cmake_force_configure' from command line to 'False'
[0.352s] Level 5:colcon.colcon_core.verb:set package 'scout_description' build argument 'ament_cmake_args' from command line to 'None'
[0.352s] Level 5:colcon.colcon_core.verb:set package 'scout_description' build argument 'catkin_cmake_args' from command line to 'None'
[0.352s] Level 5:colcon.colcon_core.verb:set package 'scout_description' build argument 'catkin_skip_building_tests' from command line to 'False'
[0.352s] DEBUG:colcon.colcon_core.verb:Building package 'scout_description' with the following arguments: {'ament_cmake_args': None, 'build_base': '/home/rics/tt_ws/src/tese_ws/build/scout_description', 'catkin_cmake_args': None, 'catkin_skip_building_tests': False, 'cmake_args': None, 'cmake_clean_cache': False, 'cmake_clean_first': False, 'cmake_force_configure': False, 'cmake_target': None, 'cmake_target_skip_unavailable': False, 'install_base': '/home/rics/tt_ws/src/tese_ws/install/scout_description', 'merge_install': False, 'path': '/home/rics/tt_ws/src/tese_ws/scout_description', 'symlink_install': False, 'test_result_base': None}
[0.353s] Level 5:colcon.colcon_core.verb:set package 'scout_nav2_gz' build argument 'cmake_args' from command line to 'None'
[0.353s] Level 5:colcon.colcon_core.verb:set package 'scout_nav2_gz' build argument 'cmake_target' from command line to 'None'
[0.353s] Level 5:colcon.colcon_core.verb:set package 'scout_nav2_gz' build argument 'cmake_target_skip_unavailable' from command line to 'False'
[0.353s] Level 5:colcon.colcon_core.verb:set package 'scout_nav2_gz' build argument 'cmake_clean_cache' from command line to 'False'
[0.353s] Level 5:colcon.colcon_core.verb:set package 'scout_nav2_gz' build argument 'cmake_clean_first' from command line to 'False'
[0.353s] Level 5:colcon.colcon_core.verb:set package 'scout_nav2_gz' build argument 'cmake_force_configure' from command line to 'False'
[0.353s] Level 5:colcon.colcon_core.verb:set package 'scout_nav2_gz' build argument 'ament_cmake_args' from command line to 'None'
[0.353s] Level 5:colcon.colcon_core.verb:set package 'scout_nav2_gz' build argument 'catkin_cmake_args' from command line to 'None'
[0.353s] Level 5:colcon.colcon_core.verb:set package 'scout_nav2_gz' build argument 'catkin_skip_building_tests' from command line to 'False'
[0.353s] DEBUG:colcon.colcon_core.verb:Building package 'scout_nav2_gz' with the following arguments: {'ament_cmake_args': None, 'build_base': '/home/rics/tt_ws/src/tese_ws/build/scout_nav2_gz', 'catkin_cmake_args': None, 'catkin_skip_building_tests': False, 'cmake_args': None, 'cmake_clean_cache': False, 'cmake_clean_first': False, 'cmake_force_configure': False, 'cmake_target': None, 'cmake_target_skip_unavailable': False, 'install_base': '/home/rics/tt_ws/src/tese_ws/install/scout_nav2_gz', 'merge_install': False, 'path': '/home/rics/tt_ws/src/tese_ws/scout_nav2_gz', 'symlink_install': False, 'test_result_base': None}
[0.353s] INFO:colcon.colcon_core.executor:Executing jobs using 'parallel' executor
[0.354s] DEBUG:colcon.colcon_parallel_executor.executor.parallel:run_until_complete
[0.354s] INFO:colcon.colcon_ros.task.ament_cmake.build:Building ROS package in '/home/rics/tt_ws/src/tese_ws/novamob_description' with build type 'ament_cmake'
[0.354s] INFO:colcon.colcon_cmake.task.cmake.build:Building CMake package in '/home/rics/tt_ws/src/tese_ws/novamob_description'
[0.356s] INFO:colcon.colcon_core.plugin_system:Skipping extension 'colcon_core.shell.bat': Not used on non-Windows systems
[0.356s] INFO:colcon.colcon_core.shell:Skip shell extension 'powershell' for command environment: Not usable outside of PowerShell
[0.356s] DEBUG:colcon.colcon_core.shell:Skip shell extension 'dsv' for command environment
[0.359s] INFO:colcon.colcon_ros.task.ament_cmake.build:Building ROS package in '/home/rics/tt_ws/src/tese_ws/novamob_nav2_gz' with build type 'ament_cmake'
[0.360s] INFO:colcon.colcon_cmake.task.cmake.build:Building CMake package in '/home/rics/tt_ws/src/tese_ws/novamob_nav2_gz'
[0.360s] INFO:colcon.colcon_core.shell:Skip shell extension 'powershell' for command environment: Not usable outside of PowerShell
[0.360s] DEBUG:colcon.colcon_core.shell:Skip shell extension 'dsv' for command environment
[0.363s] INFO:colcon.colcon_ros.task.ament_cmake.build:Building ROS package in '/home/rics/tt_ws/src/tese_ws/sam_bot_description' with build type 'ament_cmake'
[0.363s] INFO:colcon.colcon_cmake.task.cmake.build:Building CMake package in '/home/rics/tt_ws/src/tese_ws/sam_bot_description'
[0.363s] INFO:colcon.colcon_core.shell:Skip shell extension 'powershell' for command environment: Not usable outside of PowerShell
[0.363s] DEBUG:colcon.colcon_core.shell:Skip shell extension 'dsv' for command environment
[0.367s] INFO:colcon.colcon_ros.task.ament_cmake.build:Building ROS package in '/home/rics/tt_ws/src/tese_ws/sam_bot_nav2_gz' with build type 'ament_cmake'
[0.367s] INFO:colcon.colcon_cmake.task.cmake.build:Building CMake package in '/home/rics/tt_ws/src/tese_ws/sam_bot_nav2_gz'
[0.367s] INFO:colcon.colcon_core.shell:Skip shell extension 'powershell' for command environment: Not usable outside of PowerShell
[0.368s] DEBUG:colcon.colcon_core.shell:Skip shell extension 'dsv' for command environment
[0.371s] INFO:colcon.colcon_ros.task.ament_cmake.build:Building ROS package in '/home/rics/tt_ws/src/tese_ws/scout_description' with build type 'ament_cmake'
[0.372s] INFO:colcon.colcon_cmake.task.cmake.build:Building CMake package in '/home/rics/tt_ws/src/tese_ws/scout_description'
[0.372s] INFO:colcon.colcon_core.shell:Skip shell extension 'powershell' for command environment: Not usable outside of PowerShell
[0.372s] DEBUG:colcon.colcon_core.shell:Skip shell extension 'dsv' for command environment
[0.375s] INFO:colcon.colcon_ros.task.ament_cmake.build:Building ROS package in '/home/rics/tt_ws/src/tese_ws/scout_nav2_gz' with build type 'ament_cmake'
[0.375s] INFO:colcon.colcon_cmake.task.cmake.build:Building CMake package in '/home/rics/tt_ws/src/tese_ws/scout_nav2_gz'
[0.376s] INFO:colcon.colcon_core.shell:Skip shell extension 'powershell' for command environment: Not usable outside of PowerShell
[0.376s] DEBUG:colcon.colcon_core.shell:Skip shell extension 'dsv' for command environment
[0.385s] DEBUG:colcon.colcon_core.event_handler.log_command:Invoking command in '/home/rics/tt_ws/src/tese_ws/build/novamob_description': CMAKE_PREFIX_PATH=${CMAKE_PREFIX_PATH}:/opt/ros/humble /usr/bin/cmake --build /home/rics/tt_ws/src/tese_ws/build/novamob_description -- -j8 -l8
[0.387s] DEBUG:colcon.colcon_core.event_handler.log_command:Invoking command in '/home/rics/tt_ws/src/tese_ws/build/novamob_nav2_gz': CMAKE_PREFIX_PATH=${CMAKE_PREFIX_PATH}:/opt/ros/humble /usr/bin/cmake --build /home/rics/tt_ws/src/tese_ws/build/novamob_nav2_gz -- -j8 -l8
[0.388s] DEBUG:colcon.colcon_core.event_handler.log_command:Invoking command in '/home/rics/tt_ws/src/tese_ws/build/sam_bot_description': CMAKE_PREFIX_PATH=${CMAKE_PREFIX_PATH}:/opt/ros/humble /usr/bin/cmake --build /home/rics/tt_ws/src/tese_ws/build/sam_bot_description -- -j8 -l8
[0.391s] DEBUG:colcon.colcon_core.event_handler.log_command:Invoking command in '/home/rics/tt_ws/src/tese_ws/build/sam_bot_nav2_gz': CMAKE_PREFIX_PATH=${CMAKE_PREFIX_PATH}:/opt/ros/humble /usr/bin/cmake --build /home/rics/tt_ws/src/tese_ws/build/sam_bot_nav2_gz -- -j8 -l8
[0.395s] DEBUG:colcon.colcon_core.event_handler.log_command:Invoking command in '/home/rics/tt_ws/src/tese_ws/build/scout_description': CMAKE_PREFIX_PATH=${CMAKE_PREFIX_PATH}:/opt/ros/humble /usr/bin/cmake --build /home/rics/tt_ws/src/tese_ws/build/scout_description -- -j8 -l8
[0.397s] DEBUG:colcon.colcon_core.event_handler.log_command:Invoking command in '/home/rics/tt_ws/src/tese_ws/build/scout_nav2_gz': CMAKE_PREFIX_PATH=${CMAKE_PREFIX_PATH}:/opt/ros/humble /usr/bin/cmake --build /home/rics/tt_ws/src/tese_ws/build/scout_nav2_gz -- -j8 -l8
[0.432s] DEBUG:colcon.colcon_core.event_handler.log_command:Invoked command in '/home/rics/tt_ws/src/tese_ws/build/novamob_description' returned '0': CMAKE_PREFIX_PATH=${CMAKE_PREFIX_PATH}:/opt/ros/humble /usr/bin/cmake --build /home/rics/tt_ws/src/tese_ws/build/novamob_description -- -j8 -l8
[0.447s] DEBUG:colcon.colcon_core.event_handler.log_command:Invoking command in '/home/rics/tt_ws/src/tese_ws/build/novamob_description': CMAKE_PREFIX_PATH=${CMAKE_PREFIX_PATH}:/opt/ros/humble /usr/bin/cmake --install /home/rics/tt_ws/src/tese_ws/build/novamob_description
[0.449s] DEBUG:colcon.colcon_core.event_handler.log_command:Invoked command in '/home/rics/tt_ws/src/tese_ws/build/sam_bot_nav2_gz' returned '0': CMAKE_PREFIX_PATH=${CMAKE_PREFIX_PATH}:/opt/ros/humble /usr/bin/cmake --build /home/rics/tt_ws/src/tese_ws/build/sam_bot_nav2_gz -- -j8 -l8
[0.450s] DEBUG:colcon.colcon_core.event_handler.log_command:Invoking command in '/home/rics/tt_ws/src/tese_ws/build/sam_bot_nav2_gz': CMAKE_PREFIX_PATH=${CMAKE_PREFIX_PATH}:/opt/ros/humble /usr/bin/cmake --install /home/rics/tt_ws/src/tese_ws/build/sam_bot_nav2_gz
[0.452s] DEBUG:colcon.colcon_core.event_handler.log_command:Invoked command in '/home/rics/tt_ws/src/tese_ws/build/sam_bot_description' returned '0': CMAKE_PREFIX_PATH=${CMAKE_PREFIX_PATH}:/opt/ros/humble /usr/bin/cmake --build /home/rics/tt_ws/src/tese_ws/build/sam_bot_description -- -j8 -l8
[0.453s] DEBUG:colcon.colcon_core.event_handler.log_command:Invoking command in '/home/rics/tt_ws/src/tese_ws/build/sam_bot_description': CMAKE_PREFIX_PATH=${CMAKE_PREFIX_PATH}:/opt/ros/humble /usr/bin/cmake --install /home/rics/tt_ws/src/tese_ws/build/sam_bot_description
[0.455s] DEBUG:colcon.colcon_core.event_handler.log_command:Invoked command in '/home/rics/tt_ws/src/tese_ws/build/scout_nav2_gz' returned '0': CMAKE_PREFIX_PATH=${CMAKE_PREFIX_PATH}:/opt/ros/humble /usr/bin/cmake --build /home/rics/tt_ws/src/tese_ws/build/scout_nav2_gz -- -j8 -l8
[0.455s] DEBUG:colcon.colcon_core.event_handler.log_command:Invoking command in '/home/rics/tt_ws/src/tese_ws/build/scout_nav2_gz': CMAKE_PREFIX_PATH=${CMAKE_PREFIX_PATH}:/opt/ros/humble /usr/bin/cmake --install /home/rics/tt_ws/src/tese_ws/build/scout_nav2_gz
[0.457s] DEBUG:colcon.colcon_core.event_handler.log_command:Invoked command in '/home/rics/tt_ws/src/tese_ws/build/novamob_nav2_gz' returned '0': CMAKE_PREFIX_PATH=${CMAKE_PREFIX_PATH}:/opt/ros/humble /usr/bin/cmake --build /home/rics/tt_ws/src/tese_ws/build/novamob_nav2_gz -- -j8 -l8
[0.465s] DEBUG:colcon.colcon_core.event_handler.log_command:Invoking command in '/home/rics/tt_ws/src/tese_ws/build/novamob_nav2_gz': CMAKE_PREFIX_PATH=${CMAKE_PREFIX_PATH}:/opt/ros/humble /usr/bin/cmake --install /home/rics/tt_ws/src/tese_ws/build/novamob_nav2_gz
[0.469s] Level 1:colcon.colcon_core.environment:create_environment_scripts_only(novamob_description)
[0.481s] Level 1:colcon.colcon_core.environment:checking '/home/rics/tt_ws/src/tese_ws/install/novamob_description' for CMake module files
[0.484s] Level 1:colcon.colcon_core.environment:checking '/home/rics/tt_ws/src/tese_ws/install/novamob_description' for CMake config files
[0.486s] DEBUG:colcon.colcon_core.event_handler.log_command:Invoked command in '/home/rics/tt_ws/src/tese_ws/build/scout_description' returned '0': CMAKE_PREFIX_PATH=${CMAKE_PREFIX_PATH}:/opt/ros/humble /usr/bin/cmake --build /home/rics/tt_ws/src/tese_ws/build/scout_description -- -j8 -l8
[0.491s] Level 1:colcon.colcon_core.shell:create_environment_hook('novamob_description', 'cmake_prefix_path')
[0.491s] INFO:colcon.colcon_core.shell:Creating environment hook '/home/rics/tt_ws/src/tese_ws/install/novamob_description/share/novamob_description/hook/cmake_prefix_path.ps1'
[0.492s] INFO:colcon.colcon_core.shell:Creating environment descriptor '/home/rics/tt_ws/src/tese_ws/install/novamob_description/share/novamob_description/hook/cmake_prefix_path.dsv'
[0.493s] INFO:colcon.colcon_core.shell:Creating environment hook '/home/rics/tt_ws/src/tese_ws/install/novamob_description/share/novamob_description/hook/cmake_prefix_path.sh'
[0.495s] Level 1:colcon.colcon_core.environment:checking '/home/rics/tt_ws/src/tese_ws/install/novamob_description/bin'
[0.495s] Level 1:colcon.colcon_core.environment:checking '/home/rics/tt_ws/src/tese_ws/install/novamob_description/lib/pkgconfig/novamob_description.pc'
[0.495s] Level 1:colcon.colcon_core.environment:checking '/home/rics/tt_ws/src/tese_ws/install/novamob_description/lib/python3.10/site-packages'
[0.496s] Level 1:colcon.colcon_core.environment:checking '/home/rics/tt_ws/src/tese_ws/install/novamob_description/bin'
[0.496s] INFO:colcon.colcon_core.shell:Creating package script '/home/rics/tt_ws/src/tese_ws/install/novamob_description/share/novamob_description/package.ps1'
[0.497s] INFO:colcon.colcon_core.shell:Creating package descriptor '/home/rics/tt_ws/src/tese_ws/install/novamob_description/share/novamob_description/package.dsv'
[0.498s] INFO:colcon.colcon_core.shell:Creating package script '/home/rics/tt_ws/src/tese_ws/install/novamob_description/share/novamob_description/package.sh'
[0.499s] INFO:colcon.colcon_core.shell:Creating package script '/home/rics/tt_ws/src/tese_ws/install/novamob_description/share/novamob_description/package.bash'
[0.500s] INFO:colcon.colcon_core.shell:Creating package script '/home/rics/tt_ws/src/tese_ws/install/novamob_description/share/novamob_description/package.zsh'
[0.502s] Level 1:colcon.colcon_core.environment:create_file_with_runtime_dependencies(/home/rics/tt_ws/src/tese_ws/install/novamob_description/share/colcon-core/packages/novamob_description)
[0.502s] DEBUG:colcon.colcon_core.event_handler.log_command:Invoking command in '/home/rics/tt_ws/src/tese_ws/build/scout_description': CMAKE_PREFIX_PATH=${CMAKE_PREFIX_PATH}:/opt/ros/humble /usr/bin/cmake --install /home/rics/tt_ws/src/tese_ws/build/scout_description
[0.504s] Level 1:colcon.colcon_core.environment:create_environment_scripts_only(novamob_description)
[0.504s] Level 1:colcon.colcon_core.environment:checking '/home/rics/tt_ws/src/tese_ws/install/novamob_description' for CMake module files
[0.506s] Level 1:colcon.colcon_core.environment:checking '/home/rics/tt_ws/src/tese_ws/install/novamob_description' for CMake config files
[0.512s] Level 1:colcon.colcon_core.shell:create_environment_hook('novamob_description', 'cmake_prefix_path')
[0.512s] INFO:colcon.colcon_core.shell:Creating environment hook '/home/rics/tt_ws/src/tese_ws/install/novamob_description/share/novamob_description/hook/cmake_prefix_path.ps1'
[0.514s] INFO:colcon.colcon_core.shell:Creating environment descriptor '/home/rics/tt_ws/src/tese_ws/install/novamob_description/share/novamob_description/hook/cmake_prefix_path.dsv'
[0.515s] INFO:colcon.colcon_core.shell:Creating environment hook '/home/rics/tt_ws/src/tese_ws/install/novamob_description/share/novamob_description/hook/cmake_prefix_path.sh'
[0.517s] Level 1:colcon.colcon_core.environment:checking '/home/rics/tt_ws/src/tese_ws/install/novamob_description/bin'
[0.517s] Level 1:colcon.colcon_core.environment:checking '/home/rics/tt_ws/src/tese_ws/install/novamob_description/lib/pkgconfig/novamob_description.pc'
[0.517s] Level 1:colcon.colcon_core.environment:checking '/home/rics/tt_ws/src/tese_ws/install/novamob_description/lib/python3.10/site-packages'
[0.517s] Level 1:colcon.colcon_core.environment:checking '/home/rics/tt_ws/src/tese_ws/install/novamob_description/bin'
[0.518s] INFO:colcon.colcon_core.shell:Creating package script '/home/rics/tt_ws/src/tese_ws/install/novamob_description/share/novamob_description/package.ps1'
[0.518s] INFO:colcon.colcon_core.shell:Creating package descriptor '/home/rics/tt_ws/src/tese_ws/install/novamob_description/share/novamob_description/package.dsv'
[0.520s] INFO:colcon.colcon_core.shell:Creating package script '/home/rics/tt_ws/src/tese_ws/install/novamob_description/share/novamob_description/package.sh'
[0.521s] INFO:colcon.colcon_core.shell:Creating package script '/home/rics/tt_ws/src/tese_ws/install/novamob_description/share/novamob_description/package.bash'
[0.523s] INFO:colcon.colcon_core.shell:Creating package script '/home/rics/tt_ws/src/tese_ws/install/novamob_description/share/novamob_description/package.zsh'
[0.524s] Level 1:colcon.colcon_core.environment:create_file_with_runtime_dependencies(/home/rics/tt_ws/src/tese_ws/install/novamob_description/share/colcon-core/packages/novamob_description)
[0.525s] Level 1:colcon.colcon_core.environment:create_environment_scripts_only(sam_bot_nav2_gz)
[0.525s] Level 1:colcon.colcon_core.environment:checking '/home/rics/tt_ws/src/tese_ws/install/sam_bot_nav2_gz' for CMake module files
[0.527s] Level 1:colcon.colcon_core.environment:checking '/home/rics/tt_ws/src/tese_ws/install/sam_bot_nav2_gz' for CMake config files
[0.532s] Level 1:colcon.colcon_core.shell:create_environment_hook('sam_bot_nav2_gz', 'cmake_prefix_path')
[0.532s] INFO:colcon.colcon_core.shell:Creating environment hook '/home/rics/tt_ws/src/tese_ws/install/sam_bot_nav2_gz/share/sam_bot_nav2_gz/hook/cmake_prefix_path.ps1'
[0.533s] INFO:colcon.colcon_core.shell:Creating environment descriptor '/home/rics/tt_ws/src/tese_ws/install/sam_bot_nav2_gz/share/sam_bot_nav2_gz/hook/cmake_prefix_path.dsv'
[0.534s] INFO:colcon.colcon_core.shell:Creating environment hook '/home/rics/tt_ws/src/tese_ws/install/sam_bot_nav2_gz/share/sam_bot_nav2_gz/hook/cmake_prefix_path.sh'
[0.536s] Level 1:colcon.colcon_core.environment:checking '/home/rics/tt_ws/src/tese_ws/install/sam_bot_nav2_gz/lib'
[0.537s] Level 1:colcon.colcon_core.environment:checking '/home/rics/tt_ws/src/tese_ws/install/sam_bot_nav2_gz/bin'
[0.537s] Level 1:colcon.colcon_core.environment:checking '/home/rics/tt_ws/src/tese_ws/install/sam_bot_nav2_gz/lib/pkgconfig/sam_bot_nav2_gz.pc'
[0.537s] DEBUG:colcon.colcon_core.event_handler.log_command:Invoked command in '/home/rics/tt_ws/src/tese_ws/build/novamob_description' returned '0': CMAKE_PREFIX_PATH=${CMAKE_PREFIX_PATH}:/opt/ros/humble /usr/bin/cmake --install /home/rics/tt_ws/src/tese_ws/build/novamob_description
[0.537s] Level 1:colcon.colcon_core.environment:checking '/home/rics/tt_ws/src/tese_ws/install/sam_bot_nav2_gz/lib/python3.10/site-packages'
[0.537s] Level 1:colcon.colcon_core.environment:checking '/home/rics/tt_ws/src/tese_ws/install/sam_bot_nav2_gz/bin'
[0.538s] INFO:colcon.colcon_core.shell:Creating package script '/home/rics/tt_ws/src/tese_ws/install/sam_bot_nav2_gz/share/sam_bot_nav2_gz/package.ps1'
[0.539s] INFO:colcon.colcon_core.shell:Creating package descriptor '/home/rics/tt_ws/src/tese_ws/install/sam_bot_nav2_gz/share/sam_bot_nav2_gz/package.dsv'
[0.540s] INFO:colcon.colcon_core.shell:Creating package script '/home/rics/tt_ws/src/tese_ws/install/sam_bot_nav2_gz/share/sam_bot_nav2_gz/package.sh'
[0.543s] INFO:colcon.colcon_core.shell:Creating package script '/home/rics/tt_ws/src/tese_ws/install/sam_bot_nav2_gz/share/sam_bot_nav2_gz/package.bash'
[0.544s] INFO:colcon.colcon_core.shell:Creating package script '/home/rics/tt_ws/src/tese_ws/install/sam_bot_nav2_gz/share/sam_bot_nav2_gz/package.zsh'
[0.545s] Level 1:colcon.colcon_core.environment:create_file_with_runtime_dependencies(/home/rics/tt_ws/src/tese_ws/install/sam_bot_nav2_gz/share/colcon-core/packages/sam_bot_nav2_gz)
[0.547s] Level 1:colcon.colcon_core.environment:create_environment_scripts_only(sam_bot_nav2_gz)
[0.547s] Level 1:colcon.colcon_core.environment:checking '/home/rics/tt_ws/src/tese_ws/install/sam_bot_nav2_gz' for CMake module files
[0.549s] Level 1:colcon.colcon_core.environment:checking '/home/rics/tt_ws/src/tese_ws/install/sam_bot_nav2_gz' for CMake config files
[0.563s] Level 1:colcon.colcon_core.shell:create_environment_hook('sam_bot_nav2_gz', 'cmake_prefix_path')
[0.563s] INFO:colcon.colcon_core.shell:Creating environment hook '/home/rics/tt_ws/src/tese_ws/install/sam_bot_nav2_gz/share/sam_bot_nav2_gz/hook/cmake_prefix_path.ps1'
[0.564s] INFO:colcon.colcon_core.shell:Creating environment descriptor '/home/rics/tt_ws/src/tese_ws/install/sam_bot_nav2_gz/share/sam_bot_nav2_gz/hook/cmake_prefix_path.dsv'
[0.564s] INFO:colcon.colcon_core.shell:Creating environment hook '/home/rics/tt_ws/src/tese_ws/install/sam_bot_nav2_gz/share/sam_bot_nav2_gz/hook/cmake_prefix_path.sh'
[0.566s] Level 1:colcon.colcon_core.environment:checking '/home/rics/tt_ws/src/tese_ws/install/sam_bot_nav2_gz/lib'
[0.566s] Level 1:colcon.colcon_core.environment:checking '/home/rics/tt_ws/src/tese_ws/install/sam_bot_nav2_gz/bin'
[0.566s] Level 1:colcon.colcon_core.environment:checking '/home/rics/tt_ws/src/tese_ws/install/sam_bot_nav2_gz/lib/pkgconfig/sam_bot_nav2_gz.pc'
[0.567s] Level 1:colcon.colcon_core.environment:checking '/home/rics/tt_ws/src/tese_ws/install/sam_bot_nav2_gz/lib/python3.10/site-packages'
[0.567s] Level 1:colcon.colcon_core.environment:checking '/home/rics/tt_ws/src/tese_ws/install/sam_bot_nav2_gz/bin'
[0.567s] INFO:colcon.colcon_core.shell:Creating package script '/home/rics/tt_ws/src/tese_ws/install/sam_bot_nav2_gz/share/sam_bot_nav2_gz/package.ps1'
[0.568s] INFO:colcon.colcon_core.shell:Creating package descriptor '/home/rics/tt_ws/src/tese_ws/install/sam_bot_nav2_gz/share/sam_bot_nav2_gz/package.dsv'
[0.569s] INFO:colcon.colcon_core.shell:Creating package script '/home/rics/tt_ws/src/tese_ws/install/sam_bot_nav2_gz/share/sam_bot_nav2_gz/package.sh'
[0.570s] INFO:colcon.colcon_core.shell:Creating package script '/home/rics/tt_ws/src/tese_ws/install/sam_bot_nav2_gz/share/sam_bot_nav2_gz/package.bash'
[0.571s] INFO:colcon.colcon_core.shell:Creating package script '/home/rics/tt_ws/src/tese_ws/install/sam_bot_nav2_gz/share/sam_bot_nav2_gz/package.zsh'
[0.574s] Level 1:colcon.colcon_core.environment:create_file_with_runtime_dependencies(/home/rics/tt_ws/src/tese_ws/install/sam_bot_nav2_gz/share/colcon-core/packages/sam_bot_nav2_gz)
[0.574s] Level 1:colcon.colcon_core.environment:create_environment_scripts_only(sam_bot_description)
[0.574s] Level 1:colcon.colcon_core.environment:checking '/home/rics/tt_ws/src/tese_ws/install/sam_bot_description' for CMake module files
[0.576s] Level 1:colcon.colcon_core.environment:checking '/home/rics/tt_ws/src/tese_ws/install/sam_bot_description' for CMake config files
[0.577s] DEBUG:colcon.colcon_core.event_handler.log_command:Invoked command in '/home/rics/tt_ws/src/tese_ws/build/sam_bot_nav2_gz' returned '0': CMAKE_PREFIX_PATH=${CMAKE_PREFIX_PATH}:/opt/ros/humble /usr/bin/cmake --install /home/rics/tt_ws/src/tese_ws/build/sam_bot_nav2_gz
[0.577s] DEBUG:colcon.colcon_core.event_handler.log_command:Invoked command in '/home/rics/tt_ws/src/tese_ws/build/sam_bot_description' returned '0': CMAKE_PREFIX_PATH=${CMAKE_PREFIX_PATH}:/opt/ros/humble /usr/bin/cmake --install /home/rics/tt_ws/src/tese_ws/build/sam_bot_description
[0.578s] Level 1:colcon.colcon_core.shell:create_environment_hook('sam_bot_description', 'cmake_prefix_path')
[0.578s] INFO:colcon.colcon_core.shell:Creating environment hook '/home/rics/tt_ws/src/tese_ws/install/sam_bot_description/share/sam_bot_description/hook/cmake_prefix_path.ps1'
[0.578s] INFO:colcon.colcon_core.shell:Creating environment descriptor '/home/rics/tt_ws/src/tese_ws/install/sam_bot_description/share/sam_bot_description/hook/cmake_prefix_path.dsv'
[0.579s] INFO:colcon.colcon_core.shell:Creating environment hook '/home/rics/tt_ws/src/tese_ws/install/sam_bot_description/share/sam_bot_description/hook/cmake_prefix_path.sh'
[0.579s] Level 1:colcon.colcon_core.environment:checking '/home/rics/tt_ws/src/tese_ws/install/sam_bot_description/bin'
[0.579s] Level 1:colcon.colcon_core.environment:checking '/home/rics/tt_ws/src/tese_ws/install/sam_bot_description/lib/pkgconfig/sam_bot_description.pc'
[0.579s] Level 1:colcon.colcon_core.environment:checking '/home/rics/tt_ws/src/tese_ws/install/sam_bot_description/lib/python3.10/site-packages'
[0.579s] Level 1:colcon.colcon_core.environment:checking '/home/rics/tt_ws/src/tese_ws/install/sam_bot_description/bin'
[0.580s] INFO:colcon.colcon_core.shell:Creating package script '/home/rics/tt_ws/src/tese_ws/install/sam_bot_description/share/sam_bot_description/package.ps1'
[0.580s] INFO:colcon.colcon_core.shell:Creating package descriptor '/home/rics/tt_ws/src/tese_ws/install/sam_bot_description/share/sam_bot_description/package.dsv'
[0.580s] INFO:colcon.colcon_core.shell:Creating package script '/home/rics/tt_ws/src/tese_ws/install/sam_bot_description/share/sam_bot_description/package.sh'
[0.581s] INFO:colcon.colcon_core.shell:Creating package script '/home/rics/tt_ws/src/tese_ws/install/sam_bot_description/share/sam_bot_description/package.bash'
[0.581s] INFO:colcon.colcon_core.shell:Creating package script '/home/rics/tt_ws/src/tese_ws/install/sam_bot_description/share/sam_bot_description/package.zsh'
[0.581s] Level 1:colcon.colcon_core.environment:create_file_with_runtime_dependencies(/home/rics/tt_ws/src/tese_ws/install/sam_bot_description/share/colcon-core/packages/sam_bot_description)
[0.582s] Level 1:colcon.colcon_core.environment:create_environment_scripts_only(sam_bot_description)
[0.582s] Level 1:colcon.colcon_core.environment:checking '/home/rics/tt_ws/src/tese_ws/install/sam_bot_description' for CMake module files
[0.582s] Level 1:colcon.colcon_core.environment:checking '/home/rics/tt_ws/src/tese_ws/install/sam_bot_description' for CMake config files
[0.583s] Level 1:colcon.colcon_core.shell:create_environment_hook('sam_bot_description', 'cmake_prefix_path')
[0.583s] INFO:colcon.colcon_core.shell:Creating environment hook '/home/rics/tt_ws/src/tese_ws/install/sam_bot_description/share/sam_bot_description/hook/cmake_prefix_path.ps1'
[0.583s] INFO:colcon.colcon_core.shell:Creating environment descriptor '/home/rics/tt_ws/src/tese_ws/install/sam_bot_description/share/sam_bot_description/hook/cmake_prefix_path.dsv'
[0.583s] INFO:colcon.colcon_core.shell:Creating environment hook '/home/rics/tt_ws/src/tese_ws/install/sam_bot_description/share/sam_bot_description/hook/cmake_prefix_path.sh'
[0.584s] Level 1:colcon.colcon_core.environment:checking '/home/rics/tt_ws/src/tese_ws/install/sam_bot_description/bin'
[0.584s] Level 1:colcon.colcon_core.environment:checking '/home/rics/tt_ws/src/tese_ws/install/sam_bot_description/lib/pkgconfig/sam_bot_description.pc'
[0.584s] Level 1:colcon.colcon_core.environment:checking '/home/rics/tt_ws/src/tese_ws/install/sam_bot_description/lib/python3.10/site-packages'
[0.585s] Level 1:colcon.colcon_core.environment:checking '/home/rics/tt_ws/src/tese_ws/install/sam_bot_description/bin'
[0.585s] INFO:colcon.colcon_core.shell:Creating package script '/home/rics/tt_ws/src/tese_ws/install/sam_bot_description/share/sam_bot_description/package.ps1'
[0.585s] INFO:colcon.colcon_core.shell:Creating package descriptor '/home/rics/tt_ws/src/tese_ws/install/sam_bot_description/share/sam_bot_description/package.dsv'
[0.586s] INFO:colcon.colcon_core.shell:Creating package script '/home/rics/tt_ws/src/tese_ws/install/sam_bot_description/share/sam_bot_description/package.sh'
[0.586s] INFO:colcon.colcon_core.shell:Creating package script '/home/rics/tt_ws/src/tese_ws/install/sam_bot_description/share/sam_bot_description/package.bash'
[0.586s] INFO:colcon.colcon_core.shell:Creating package script '/home/rics/tt_ws/src/tese_ws/install/sam_bot_description/share/sam_bot_description/package.zsh'
[0.587s] Level 1:colcon.colcon_core.environment:create_file_with_runtime_dependencies(/home/rics/tt_ws/src/tese_ws/install/sam_bot_description/share/colcon-core/packages/sam_bot_description)
[0.588s] Level 1:colcon.colcon_core.environment:create_environment_scripts_only(scout_description)
[0.588s] Level 1:colcon.colcon_core.environment:checking '/home/rics/tt_ws/src/tese_ws/install/scout_description' for CMake module files
[0.589s] DEBUG:colcon.colcon_core.event_handler.log_command:Invoked command in '/home/rics/tt_ws/src/tese_ws/build/scout_description' returned '0': CMAKE_PREFIX_PATH=${CMAKE_PREFIX_PATH}:/opt/ros/humble /usr/bin/cmake --install /home/rics/tt_ws/src/tese_ws/build/scout_description
[0.589s] Level 1:colcon.colcon_core.environment:checking '/home/rics/tt_ws/src/tese_ws/install/scout_description' for CMake config files
[0.590s] Level 1:colcon.colcon_core.shell:create_environment_hook('scout_description', 'cmake_prefix_path')
[0.590s] INFO:colcon.colcon_core.shell:Creating environment hook '/home/rics/tt_ws/src/tese_ws/install/scout_description/share/scout_description/hook/cmake_prefix_path.ps1'
[0.590s] INFO:colcon.colcon_core.shell:Creating environment descriptor '/home/rics/tt_ws/src/tese_ws/install/scout_description/share/scout_description/hook/cmake_prefix_path.dsv'
[0.591s] INFO:colcon.colcon_core.shell:Creating environment hook '/home/rics/tt_ws/src/tese_ws/install/scout_description/share/scout_description/hook/cmake_prefix_path.sh'
[0.591s] Level 1:colcon.colcon_core.environment:checking '/home/rics/tt_ws/src/tese_ws/install/scout_description/bin'
[0.591s] Level 1:colcon.colcon_core.environment:checking '/home/rics/tt_ws/src/tese_ws/install/scout_description/lib/pkgconfig/scout_description.pc'
[0.591s] Level 1:colcon.colcon_core.environment:checking '/home/rics/tt_ws/src/tese_ws/install/scout_description/lib/python3.10/site-packages'
[0.591s] Level 1:colcon.colcon_core.environment:checking '/home/rics/tt_ws/src/tese_ws/install/scout_description/bin'
[0.592s] INFO:colcon.colcon_core.shell:Creating package script '/home/rics/tt_ws/src/tese_ws/install/scout_description/share/scout_description/package.ps1'
[0.592s] INFO:colcon.colcon_core.shell:Creating package descriptor '/home/rics/tt_ws/src/tese_ws/install/scout_description/share/scout_description/package.dsv'
[0.592s] INFO:colcon.colcon_core.shell:Creating package script '/home/rics/tt_ws/src/tese_ws/install/scout_description/share/scout_description/package.sh'
[0.593s] INFO:colcon.colcon_core.shell:Creating package script '/home/rics/tt_ws/src/tese_ws/install/scout_description/share/scout_description/package.bash'
[0.593s] INFO:colcon.colcon_core.shell:Creating package script '/home/rics/tt_ws/src/tese_ws/install/scout_description/share/scout_description/package.zsh'
[0.593s] Level 1:colcon.colcon_core.environment:create_file_with_runtime_dependencies(/home/rics/tt_ws/src/tese_ws/install/scout_description/share/colcon-core/packages/scout_description)
[0.594s] Level 1:colcon.colcon_core.environment:create_environment_scripts_only(scout_description)
[0.594s] Level 1:colcon.colcon_core.environment:checking '/home/rics/tt_ws/src/tese_ws/install/scout_description' for CMake module files
[0.594s] Level 1:colcon.colcon_core.environment:checking '/home/rics/tt_ws/src/tese_ws/install/scout_description' for CMake config files
[0.595s] Level 1:colcon.colcon_core.shell:create_environment_hook('scout_description', 'cmake_prefix_path')
[0.595s] INFO:colcon.colcon_core.shell:Creating environment hook '/home/rics/tt_ws/src/tese_ws/install/scout_description/share/scout_description/hook/cmake_prefix_path.ps1'
[0.595s] INFO:colcon.colcon_core.shell:Creating environment descriptor '/home/rics/tt_ws/src/tese_ws/install/scout_description/share/scout_description/hook/cmake_prefix_path.dsv'
[0.595s] INFO:colcon.colcon_core.shell:Creating environment hook '/home/rics/tt_ws/src/tese_ws/install/scout_description/share/scout_description/hook/cmake_prefix_path.sh'
[0.596s] Level 1:colcon.colcon_core.environment:checking '/home/rics/tt_ws/src/tese_ws/install/scout_description/bin'
[0.596s] Level 1:colcon.colcon_core.environment:checking '/home/rics/tt_ws/src/tese_ws/install/scout_description/lib/pkgconfig/scout_description.pc'
[0.596s] Level 1:colcon.colcon_core.environment:checking '/home/rics/tt_ws/src/tese_ws/install/scout_description/lib/python3.10/site-packages'
[0.596s] Level 1:colcon.colcon_core.environment:checking '/home/rics/tt_ws/src/tese_ws/install/scout_description/bin'
[0.596s] INFO:colcon.colcon_core.shell:Creating package script '/home/rics/tt_ws/src/tese_ws/install/scout_description/share/scout_description/package.ps1'
[0.597s] INFO:colcon.colcon_core.shell:Creating package descriptor '/home/rics/tt_ws/src/tese_ws/install/scout_description/share/scout_description/package.dsv'
[0.597s] INFO:colcon.colcon_core.shell:Creating package script '/home/rics/tt_ws/src/tese_ws/install/scout_description/share/scout_description/package.sh'
[0.597s] INFO:colcon.colcon_core.shell:Creating package script '/home/rics/tt_ws/src/tese_ws/install/scout_description/share/scout_description/package.bash'
[0.597s] INFO:colcon.colcon_core.shell:Creating package script '/home/rics/tt_ws/src/tese_ws/install/scout_description/share/scout_description/package.zsh'
[0.598s] Level 1:colcon.colcon_core.environment:create_file_with_runtime_dependencies(/home/rics/tt_ws/src/tese_ws/install/scout_description/share/colcon-core/packages/scout_description)
[0.598s] Level 1:colcon.colcon_core.environment:create_environment_scripts_only(novamob_nav2_gz)
[0.598s] Level 1:colcon.colcon_core.environment:checking '/home/rics/tt_ws/src/tese_ws/install/novamob_nav2_gz' for CMake module files
[0.599s] DEBUG:colcon.colcon_core.event_handler.log_command:Invoked command in '/home/rics/tt_ws/src/tese_ws/build/novamob_nav2_gz' returned '0': CMAKE_PREFIX_PATH=${CMAKE_PREFIX_PATH}:/opt/ros/humble /usr/bin/cmake --install /home/rics/tt_ws/src/tese_ws/build/novamob_nav2_gz
[0.599s] Level 1:colcon.colcon_core.environment:checking '/home/rics/tt_ws/src/tese_ws/install/novamob_nav2_gz' for CMake config files
[0.600s] Level 1:colcon.colcon_core.shell:create_environment_hook('novamob_nav2_gz', 'cmake_prefix_path')
[0.601s] INFO:colcon.colcon_core.shell:Creating environment hook '/home/rics/tt_ws/src/tese_ws/install/novamob_nav2_gz/share/novamob_nav2_gz/hook/cmake_prefix_path.ps1'
[0.601s] INFO:colcon.colcon_core.shell:Creating environment descriptor '/home/rics/tt_ws/src/tese_ws/install/novamob_nav2_gz/share/novamob_nav2_gz/hook/cmake_prefix_path.dsv'
[0.601s] INFO:colcon.colcon_core.shell:Creating environment hook '/home/rics/tt_ws/src/tese_ws/install/novamob_nav2_gz/share/novamob_nav2_gz/hook/cmake_prefix_path.sh'
[0.602s] Level 1:colcon.colcon_core.environment:checking '/home/rics/tt_ws/src/tese_ws/install/novamob_nav2_gz/lib'
[0.602s] Level 1:colcon.colcon_core.environment:checking '/home/rics/tt_ws/src/tese_ws/install/novamob_nav2_gz/bin'
[0.602s] Level 1:colcon.colcon_core.environment:checking '/home/rics/tt_ws/src/tese_ws/install/novamob_nav2_gz/lib/pkgconfig/novamob_nav2_gz.pc'
[0.602s] Level 1:colcon.colcon_core.environment:checking '/home/rics/tt_ws/src/tese_ws/install/novamob_nav2_gz/lib/python3.10/site-packages'
[0.602s] Level 1:colcon.colcon_core.environment:checking '/home/rics/tt_ws/src/tese_ws/install/novamob_nav2_gz/bin'
[0.603s] INFO:colcon.colcon_core.shell:Creating package script '/home/rics/tt_ws/src/tese_ws/install/novamob_nav2_gz/share/novamob_nav2_gz/package.ps1'
[0.603s] INFO:colcon.colcon_core.shell:Creating package descriptor '/home/rics/tt_ws/src/tese_ws/install/novamob_nav2_gz/share/novamob_nav2_gz/package.dsv'
[0.603s] INFO:colcon.colcon_core.shell:Creating package script '/home/rics/tt_ws/src/tese_ws/install/novamob_nav2_gz/share/novamob_nav2_gz/package.sh'
[0.604s] INFO:colcon.colcon_core.shell:Creating package script '/home/rics/tt_ws/src/tese_ws/install/novamob_nav2_gz/share/novamob_nav2_gz/package.bash'
[0.604s] INFO:colcon.colcon_core.shell:Creating package script '/home/rics/tt_ws/src/tese_ws/install/novamob_nav2_gz/share/novamob_nav2_gz/package.zsh'
[0.604s] Level 1:colcon.colcon_core.environment:create_file_with_runtime_dependencies(/home/rics/tt_ws/src/tese_ws/install/novamob_nav2_gz/share/colcon-core/packages/novamob_nav2_gz)
[0.605s] Level 1:colcon.colcon_core.environment:create_environment_scripts_only(novamob_nav2_gz)
[0.605s] Level 1:colcon.colcon_core.environment:checking '/home/rics/tt_ws/src/tese_ws/install/novamob_nav2_gz' for CMake module files
[0.605s] Level 1:colcon.colcon_core.environment:checking '/home/rics/tt_ws/src/tese_ws/install/novamob_nav2_gz' for CMake config files
[0.607s] Level 1:colcon.colcon_core.shell:create_environment_hook('novamob_nav2_gz', 'cmake_prefix_path')
[0.607s] INFO:colcon.colcon_core.shell:Creating environment hook '/home/rics/tt_ws/src/tese_ws/install/novamob_nav2_gz/share/novamob_nav2_gz/hook/cmake_prefix_path.ps1'
[0.607s] INFO:colcon.colcon_core.shell:Creating environment descriptor '/home/rics/tt_ws/src/tese_ws/install/novamob_nav2_gz/share/novamob_nav2_gz/hook/cmake_prefix_path.dsv'
[0.607s] INFO:colcon.colcon_core.shell:Creating environment hook '/home/rics/tt_ws/src/tese_ws/install/novamob_nav2_gz/share/novamob_nav2_gz/hook/cmake_prefix_path.sh'
[0.608s] Level 1:colcon.colcon_core.environment:checking '/home/rics/tt_ws/src/tese_ws/install/novamob_nav2_gz/lib'
[0.608s] Level 1:colcon.colcon_core.environment:checking '/home/rics/tt_ws/src/tese_ws/install/novamob_nav2_gz/bin'
[0.608s] Level 1:colcon.colcon_core.environment:checking '/home/rics/tt_ws/src/tese_ws/install/novamob_nav2_gz/lib/pkgconfig/novamob_nav2_gz.pc'
[0.608s] Level 1:colcon.colcon_core.environment:checking '/home/rics/tt_ws/src/tese_ws/install/novamob_nav2_gz/lib/python3.10/site-packages'
[0.608s] Level 1:colcon.colcon_core.environment:checking '/home/rics/tt_ws/src/tese_ws/install/novamob_nav2_gz/bin'
[0.609s] INFO:colcon.colcon_core.shell:Creating package script '/home/rics/tt_ws/src/tese_ws/install/novamob_nav2_gz/share/novamob_nav2_gz/package.ps1'
[0.609s] INFO:colcon.colcon_core.shell:Creating package descriptor '/home/rics/tt_ws/src/tese_ws/install/novamob_nav2_gz/share/novamob_nav2_gz/package.dsv'
[0.609s] INFO:colcon.colcon_core.shell:Creating package script '/home/rics/tt_ws/src/tese_ws/install/novamob_nav2_gz/share/novamob_nav2_gz/package.sh'
[0.610s] INFO:colcon.colcon_core.shell:Creating package script '/home/rics/tt_ws/src/tese_ws/install/novamob_nav2_gz/share/novamob_nav2_gz/package.bash'
[0.610s] INFO:colcon.colcon_core.shell:Creating package script '/home/rics/tt_ws/src/tese_ws/install/novamob_nav2_gz/share/novamob_nav2_gz/package.zsh'
[0.610s] Level 1:colcon.colcon_core.environment:create_file_with_runtime_dependencies(/home/rics/tt_ws/src/tese_ws/install/novamob_nav2_gz/share/colcon-core/packages/novamob_nav2_gz)
[0.611s] Level 1:colcon.colcon_core.environment:create_environment_scripts_only(scout_nav2_gz)
[0.611s] Level 1:colcon.colcon_core.environment:checking '/home/rics/tt_ws/src/tese_ws/install/scout_nav2_gz' for CMake module files
[0.612s] DEBUG:colcon.colcon_core.event_handler.log_command:Invoked command in '/home/rics/tt_ws/src/tese_ws/build/scout_nav2_gz' returned '0': CMAKE_PREFIX_PATH=${CMAKE_PREFIX_PATH}:/opt/ros/humble /usr/bin/cmake --install /home/rics/tt_ws/src/tese_ws/build/scout_nav2_gz
[0.612s] Level 1:colcon.colcon_core.environment:checking '/home/rics/tt_ws/src/tese_ws/install/scout_nav2_gz' for CMake config files
[0.614s] Level 1:colcon.colcon_core.shell:create_environment_hook('scout_nav2_gz', 'cmake_prefix_path')
[0.615s] INFO:colcon.colcon_core.shell:Creating environment hook '/home/rics/tt_ws/src/tese_ws/install/scout_nav2_gz/share/scout_nav2_gz/hook/cmake_prefix_path.ps1'
[0.615s] INFO:colcon.colcon_core.shell:Creating environment descriptor '/home/rics/tt_ws/src/tese_ws/install/scout_nav2_gz/share/scout_nav2_gz/hook/cmake_prefix_path.dsv'
[0.615s] INFO:colcon.colcon_core.shell:Creating environment hook '/home/rics/tt_ws/src/tese_ws/install/scout_nav2_gz/share/scout_nav2_gz/hook/cmake_prefix_path.sh'
[0.616s] Level 1:colcon.colcon_core.environment:checking '/home/rics/tt_ws/src/tese_ws/install/scout_nav2_gz/lib'
[0.616s] Level 1:colcon.colcon_core.environment:checking '/home/rics/tt_ws/src/tese_ws/install/scout_nav2_gz/bin'
[0.616s] Level 1:colcon.colcon_core.environment:checking '/home/rics/tt_ws/src/tese_ws/install/scout_nav2_gz/lib/pkgconfig/scout_nav2_gz.pc'
[0.616s] Level 1:colcon.colcon_core.environment:checking '/home/rics/tt_ws/src/tese_ws/install/scout_nav2_gz/lib/python3.10/site-packages'
[0.616s] Level 1:colcon.colcon_core.environment:checking '/home/rics/tt_ws/src/tese_ws/install/scout_nav2_gz/bin'
[0.617s] INFO:colcon.colcon_core.shell:Creating package script '/home/rics/tt_ws/src/tese_ws/install/scout_nav2_gz/share/scout_nav2_gz/package.ps1'
[0.617s] INFO:colcon.colcon_core.shell:Creating package descriptor '/home/rics/tt_ws/src/tese_ws/install/scout_nav2_gz/share/scout_nav2_gz/package.dsv'
[0.617s] INFO:colcon.colcon_core.shell:Creating package script '/home/rics/tt_ws/src/tese_ws/install/scout_nav2_gz/share/scout_nav2_gz/package.sh'
[0.618s] INFO:colcon.colcon_core.shell:Creating package script '/home/rics/tt_ws/src/tese_ws/install/scout_nav2_gz/share/scout_nav2_gz/package.bash'
[0.618s] INFO:colcon.colcon_core.shell:Creating package script '/home/rics/tt_ws/src/tese_ws/install/scout_nav2_gz/share/scout_nav2_gz/package.zsh'
[0.618s] Level 1:colcon.colcon_core.environment:create_file_with_runtime_dependencies(/home/rics/tt_ws/src/tese_ws/install/scout_nav2_gz/share/colcon-core/packages/scout_nav2_gz)
[0.619s] Level 1:colcon.colcon_core.environment:create_environment_scripts_only(scout_nav2_gz)
[0.619s] Level 1:colcon.colcon_core.environment:checking '/home/rics/tt_ws/src/tese_ws/install/scout_nav2_gz' for CMake module files
[0.619s] Level 1:colcon.colcon_core.environment:checking '/home/rics/tt_ws/src/tese_ws/install/scout_nav2_gz' for CMake config files
[0.622s] Level 1:colcon.colcon_core.shell:create_environment_hook('scout_nav2_gz', 'cmake_prefix_path')
[0.622s] INFO:colcon.colcon_core.shell:Creating environment hook '/home/rics/tt_ws/src/tese_ws/install/scout_nav2_gz/share/scout_nav2_gz/hook/cmake_prefix_path.ps1'
[0.622s] INFO:colcon.colcon_core.shell:Creating environment descriptor '/home/rics/tt_ws/src/tese_ws/install/scout_nav2_gz/share/scout_nav2_gz/hook/cmake_prefix_path.dsv'
[0.623s] INFO:colcon.colcon_core.shell:Creating environment hook '/home/rics/tt_ws/src/tese_ws/install/scout_nav2_gz/share/scout_nav2_gz/hook/cmake_prefix_path.sh'
[0.623s] Level 1:colcon.colcon_core.environment:checking '/home/rics/tt_ws/src/tese_ws/install/scout_nav2_gz/lib'
[0.623s] Level 1:colcon.colcon_core.environment:checking '/home/rics/tt_ws/src/tese_ws/install/scout_nav2_gz/bin'
[0.623s] Level 1:colcon.colcon_core.environment:checking '/home/rics/tt_ws/src/tese_ws/install/scout_nav2_gz/lib/pkgconfig/scout_nav2_gz.pc'
[0.623s] Level 1:colcon.colcon_core.environment:checking '/home/rics/tt_ws/src/tese_ws/install/scout_nav2_gz/lib/python3.10/site-packages'
[0.624s] Level 1:colcon.colcon_core.environment:checking '/home/rics/tt_ws/src/tese_ws/install/scout_nav2_gz/bin'
[0.624s] INFO:colcon.colcon_core.shell:Creating package script '/home/rics/tt_ws/src/tese_ws/install/scout_nav2_gz/share/scout_nav2_gz/package.ps1'
[0.624s] INFO:colcon.colcon_core.shell:Creating package descriptor '/home/rics/tt_ws/src/tese_ws/install/scout_nav2_gz/share/scout_nav2_gz/package.dsv'
[0.625s] INFO:colcon.colcon_core.shell:Creating package script '/home/rics/tt_ws/src/tese_ws/install/scout_nav2_gz/share/scout_nav2_gz/package.sh'
[0.625s] INFO:colcon.colcon_core.shell:Creating package script '/home/rics/tt_ws/src/tese_ws/install/scout_nav2_gz/share/scout_nav2_gz/package.bash'
[0.625s] INFO:colcon.colcon_core.shell:Creating package script '/home/rics/tt_ws/src/tese_ws/install/scout_nav2_gz/share/scout_nav2_gz/package.zsh'
[0.626s] Level 1:colcon.colcon_core.environment:create_file_with_runtime_dependencies(/home/rics/tt_ws/src/tese_ws/install/scout_nav2_gz/share/colcon-core/packages/scout_nav2_gz)
[0.626s] DEBUG:colcon.colcon_parallel_executor.executor.parallel:closing loop
[0.626s] DEBUG:colcon.colcon_parallel_executor.executor.parallel:loop closed
[0.626s] DEBUG:colcon.colcon_parallel_executor.executor.parallel:run_until_complete finished with '0'
[0.626s] DEBUG:colcon.colcon_core.event_reactor:joining thread
[0.632s] INFO:colcon.colcon_core.plugin_system:Skipping extension 'colcon_notification.desktop_notification.terminal_notifier': Not used on non-Darwin systems
[0.633s] INFO:colcon.colcon_core.plugin_system:Skipping extension 'colcon_notification.desktop_notification.win32': Not used on non-Windows systems
[0.633s] INFO:colcon.colcon_notification.desktop_notification:Sending desktop notification using 'notify2'
[0.646s] DEBUG:colcon.colcon_core.event_reactor:joined thread
[0.647s] INFO:colcon.colcon_core.shell:Creating prefix script '/home/rics/tt_ws/src/tese_ws/install/local_setup.ps1'
[0.648s] INFO:colcon.colcon_core.shell:Creating prefix util module '/home/rics/tt_ws/src/tese_ws/install/_local_setup_util_ps1.py'
[0.649s] INFO:colcon.colcon_core.shell:Creating prefix chain script '/home/rics/tt_ws/src/tese_ws/install/setup.ps1'
[0.650s] INFO:colcon.colcon_core.shell:Creating prefix script '/home/rics/tt_ws/src/tese_ws/install/local_setup.sh'
[0.651s] INFO:colcon.colcon_core.shell:Creating prefix util module '/home/rics/tt_ws/src/tese_ws/install/_local_setup_util_sh.py'
[0.652s] INFO:colcon.colcon_core.shell:Creating prefix chain script '/home/rics/tt_ws/src/tese_ws/install/setup.sh'
[0.653s] INFO:colcon.colcon_core.shell:Creating prefix script '/home/rics/tt_ws/src/tese_ws/install/local_setup.bash'
[0.653s] INFO:colcon.colcon_core.shell:Creating prefix chain script '/home/rics/tt_ws/src/tese_ws/install/setup.bash'
[0.655s] INFO:colcon.colcon_core.shell:Creating prefix script '/home/rics/tt_ws/src/tese_ws/install/local_setup.zsh'
[0.655s] INFO:colcon.colcon_core.shell:Creating prefix chain script '/home/rics/tt_ws/src/tese_ws/install/setup.zsh'
