-- The C compiler identification is GNU 11.4.0
-- The CXX compiler identification is GNU 11.4.0
-- Detecting C compiler ABI info
-- Detecting C compiler ABI info - done
-- Check for working C compiler: /usr/bin/cc - skipped
-- Detecting C compile features
-- Detecting C compile features - done
-- Detecting CXX compiler ABI info
-- Detecting CXX compiler ABI info - done
-- Check for working CXX compiler: /usr/bin/c++ - skipped
-- Detecting CXX compile features
-- Detecting CXX compile features - done
-- Found ament_cmake: 1.3.11 (/opt/ros/humble/share/ament_cmake/cmake)
-- Found Python3: /usr/bin/python3 (found version "3.10.12") found components: Interpreter 
-- Found xacro: 2.0.8 (/opt/ros/humble/share/xacro/cmake)
-- Found rclpy: 3.3.15 (/opt/ros/humble/share/rclpy/cmake)
-- Found ament_lint_auto: 0.12.11 (/opt/ros/humble/share/ament_lint_auto/cmake)
-- Added test 'copyright' to check source files copyright and LICENSE
-- Added test 'flake8' to check Python code syntax and style conventions
-- Added test 'lint_cmake' to check CMake code style
-- Added test 'pep257' to check Python code against some of the docstring style conventions in PEP 257
-- Added test 'xmllint' to check XML markup files
-- Configuring done
-- Generating done
-- Build files have been written to: /home/rics/tt_ws/src/tese_ws/build/scout_nav2_gz
-- Install configuration: ""
-- Installing: /home/rics/tt_ws/src/tese_ws/install/scout_nav2_gz/share/scout_nav2_gz/scripts
-- Installing: /home/rics/tt_ws/src/tese_ws/install/scout_nav2_gz/share/scout_nav2_gz/scripts/test_pub_hitch.py
-- Installing: /home/rics/tt_ws/src/tese_ws/install/scout_nav2_gz/share/scout_nav2_gz/scripts/reach_goal.py
-- Installing: /home/rics/tt_ws/src/tese_ws/install/scout_nav2_gz/share/scout_nav2_gz/scripts/follow_waypoints.py
-- Installing: /home/rics/tt_ws/src/tese_ws/install/scout_nav2_gz/share/scout_nav2_gz/scripts/__init__.py
-- Installing: /home/rics/tt_ws/src/tese_ws/install/scout_nav2_gz/share/scout_nav2_gz/launch
-- Installing: /home/rics/tt_ws/src/tese_ws/install/scout_nav2_gz/share/scout_nav2_gz/launch/gps_waypoint_follower.launch.py
-- Installing: /home/rics/tt_ws/src/tese_ws/install/scout_nav2_gz/share/scout_nav2_gz/launch/gazebo_gps_world.launch.py
-- Installing: /home/rics/tt_ws/src/tese_ws/install/scout_nav2_gz/share/scout_nav2_gz/launch/display.launch.py
-- Installing: /home/rics/tt_ws/src/tese_ws/install/scout_nav2_gz/share/scout_nav2_gz/launch/mapviz.launch.py
-- Installing: /home/rics/tt_ws/src/tese_ws/install/scout_nav2_gz/share/scout_nav2_gz/launch/dual_ekf_navsat.launch.py
-- Installing: /home/rics/tt_ws/src/tese_ws/install/scout_nav2_gz/share/scout_nav2_gz/launch/complete_navigation.launch.py
-- Installing: /home/rics/tt_ws/src/tese_ws/install/scout_nav2_gz/share/scout_nav2_gz/rviz
-- Installing: /home/rics/tt_ws/src/tese_ws/install/scout_nav2_gz/share/scout_nav2_gz/rviz/urdf_config.rviz
-- Installing: /home/rics/tt_ws/src/tese_ws/install/scout_nav2_gz/share/scout_nav2_gz/rviz/navigation_config.rviz
-- Installing: /home/rics/tt_ws/src/tese_ws/install/scout_nav2_gz/share/scout_nav2_gz/config
-- Installing: /home/rics/tt_ws/src/tese_ws/install/scout_nav2_gz/share/scout_nav2_gz/config/ekf.yaml
-- Installing: /home/rics/tt_ws/src/tese_ws/install/scout_nav2_gz/share/scout_nav2_gz/config/nav2_params.yaml
-- Installing: /home/rics/tt_ws/src/tese_ws/install/scout_nav2_gz/share/scout_nav2_gz/config/nav2_params_backported.yaml
-- Installing: /home/rics/tt_ws/src/tese_ws/install/scout_nav2_gz/share/scout_nav2_gz/config/diff_drive_controller_velocity.yaml
-- Installing: /home/rics/tt_ws/src/tese_ws/install/scout_nav2_gz/share/scout_nav2_gz/config/demo_waypoints.yaml
-- Installing: /home/rics/tt_ws/src/tese_ws/install/scout_nav2_gz/share/scout_nav2_gz/config/nav2_no_map_params_backported.yaml
-- Installing: /home/rics/tt_ws/src/tese_ws/install/scout_nav2_gz/share/scout_nav2_gz/config/ekf_new.yaml
-- Installing: /home/rics/tt_ws/src/tese_ws/install/scout_nav2_gz/share/scout_nav2_gz/config/dual_ekf_navsat_params.yaml
-- Installing: /home/rics/tt_ws/src/tese_ws/install/scout_nav2_gz/share/scout_nav2_gz/config/gps_wpf_demo.mvc
-- Installing: /home/rics/tt_ws/src/tese_ws/install/scout_nav2_gz/share/scout_nav2_gz/config/nav2_no_map_params.yaml
-- Installing: /home/rics/tt_ws/src/tese_ws/install/scout_nav2_gz/share/scout_nav2_gz/config/nav2_params_default.yaml
-- Installing: /home/rics/tt_ws/src/tese_ws/install/scout_nav2_gz/share/scout_nav2_gz/world
-- Installing: /home/rics/tt_ws/src/tese_ws/install/scout_nav2_gz/share/scout_nav2_gz/world/edifice.sdf
-- Installing: /home/rics/tt_ws/src/tese_ws/install/scout_nav2_gz/share/scout_nav2_gz/world/ign_indoor
-- Installing: /home/rics/tt_ws/src/tese_ws/install/scout_nav2_gz/share/scout_nav2_gz/world/ign_indoor/ign_indoor_test.sdf
-- Installing: /home/rics/tt_ws/src/tese_ws/install/scout_nav2_gz/share/scout_nav2_gz/world/ign_indoor/ign_indoor.sdf
-- Installing: /home/rics/tt_ws/src/tese_ws/install/scout_nav2_gz/share/scout_nav2_gz/world/ign_indoor/ign_indoor_contacts.sdf
-- Installing: /home/rics/tt_ws/src/tese_ws/install/scout_nav2_gz/share/scout_nav2_gz/world/ign_indoor/models
-- Installing: /home/rics/tt_ws/src/tese_ws/install/scout_nav2_gz/share/scout_nav2_gz/world/ign_indoor/models/ramp_1
-- Installing: /home/rics/tt_ws/src/tese_ws/install/scout_nav2_gz/share/scout_nav2_gz/world/ign_indoor/models/ramp_1/ramp_015.dae
-- Installing: /home/rics/tt_ws/src/tese_ws/install/scout_nav2_gz/share/scout_nav2_gz/world/ign_indoor/models/ramp_1/ramp_025.dae
-- Installing: /home/rics/tt_ws/src/tese_ws/install/scout_nav2_gz/share/scout_nav2_gz/world/ign_indoor/models/ramp_1/model.config
-- Installing: /home/rics/tt_ws/src/tese_ws/install/scout_nav2_gz/share/scout_nav2_gz/world/ign_indoor/models/ramp_1/model.sdf
-- Installing: /home/rics/tt_ws/src/tese_ws/install/scout_nav2_gz/share/scout_nav2_gz/world/ign_indoor/models/2
-- Installing: /home/rics/tt_ws/src/tese_ws/install/scout_nav2_gz/share/scout_nav2_gz/world/ign_indoor/models/2/thumbnails
-- Installing: /home/rics/tt_ws/src/tese_ws/install/scout_nav2_gz/share/scout_nav2_gz/world/ign_indoor/models/2/thumbnails/3.png
-- Installing: /home/rics/tt_ws/src/tese_ws/install/scout_nav2_gz/share/scout_nav2_gz/world/ign_indoor/models/2/thumbnails/1.png
-- Installing: /home/rics/tt_ws/src/tese_ws/install/scout_nav2_gz/share/scout_nav2_gz/world/ign_indoor/models/2/thumbnails/4.png
-- Installing: /home/rics/tt_ws/src/tese_ws/install/scout_nav2_gz/share/scout_nav2_gz/world/ign_indoor/models/2/thumbnails/2.png
-- Installing: /home/rics/tt_ws/src/tese_ws/install/scout_nav2_gz/share/scout_nav2_gz/world/ign_indoor/models/2/thumbnails/5.png
-- Installing: /home/rics/tt_ws/src/tese_ws/install/scout_nav2_gz/share/scout_nav2_gz/world/ign_indoor/models/2/model.config
-- Installing: /home/rics/tt_ws/src/tese_ws/install/scout_nav2_gz/share/scout_nav2_gz/world/ign_indoor/models/2/model.sdf
-- Installing: /home/rics/tt_ws/src/tese_ws/install/scout_nav2_gz/share/scout_nav2_gz/world/ign_indoor/models/2/meshes
-- Installing: /home/rics/tt_ws/src/tese_ws/install/scout_nav2_gz/share/scout_nav2_gz/world/ign_indoor/models/2/meshes/FoodCourtTable1_Col.obj
-- Installing: /home/rics/tt_ws/src/tese_ws/install/scout_nav2_gz/share/scout_nav2_gz/world/ign_indoor/models/2/meshes/FoodCourtTable1.obj
-- Installing: /home/rics/tt_ws/src/tese_ws/install/scout_nav2_gz/share/scout_nav2_gz/world/ign_indoor/models/2/meshes/FoodCourtTable1_Metal.png
-- Installing: /home/rics/tt_ws/src/tese_ws/install/scout_nav2_gz/share/scout_nav2_gz/world/ign_indoor/models/2/meshes/FoodCourtTable1_Diffuse.png
-- Installing: /home/rics/tt_ws/src/tese_ws/install/scout_nav2_gz/share/scout_nav2_gz/world/ign_indoor/models/2/meshes/FoodCourtTable1_Col.mtl
-- Installing: /home/rics/tt_ws/src/tese_ws/install/scout_nav2_gz/share/scout_nav2_gz/world/ign_indoor/models/2/meshes/FoodCourtTable1.mtl
-- Installing: /home/rics/tt_ws/src/tese_ws/install/scout_nav2_gz/share/scout_nav2_gz/world/ign_indoor/models/2/meshes/FoodCourtTable1_Normal.png
-- Installing: /home/rics/tt_ws/src/tese_ws/install/scout_nav2_gz/share/scout_nav2_gz/world/ign_indoor/models/2/meshes/FoodCourtTable1_Rough.png
-- Installing: /home/rics/tt_ws/src/tese_ws/install/scout_nav2_gz/share/scout_nav2_gz/world/ign_indoor/models/speed_bump_2
-- Installing: /home/rics/tt_ws/src/tese_ws/install/scout_nav2_gz/share/scout_nav2_gz/world/ign_indoor/models/speed_bump_2/Bump_2_short.dae
-- Installing: /home/rics/tt_ws/src/tese_ws/install/scout_nav2_gz/share/scout_nav2_gz/world/ign_indoor/models/speed_bump_2/bump_2.dae
-- Installing: /home/rics/tt_ws/src/tese_ws/install/scout_nav2_gz/share/scout_nav2_gz/world/ign_indoor/models/speed_bump_2/model.config
-- Installing: /home/rics/tt_ws/src/tese_ws/install/scout_nav2_gz/share/scout_nav2_gz/world/ign_indoor/models/speed_bump_2/bump_2
-- Installing: /home/rics/tt_ws/src/tese_ws/install/scout_nav2_gz/share/scout_nav2_gz/world/ign_indoor/models/speed_bump_2/bump_2/rubbishy_xdigg8.jpg
-- Installing: /home/rics/tt_ws/src/tese_ws/install/scout_nav2_gz/share/scout_nav2_gz/world/ign_indoor/models/speed_bump_2/model.sdf
-- Installing: /home/rics/tt_ws/src/tese_ws/install/scout_nav2_gz/share/scout_nav2_gz/world/ign_indoor/models/speed_bump_3
-- Installing: /home/rics/tt_ws/src/tese_ws/install/scout_nav2_gz/share/scout_nav2_gz/world/ign_indoor/models/speed_bump_3/bump_3
-- Installing: /home/rics/tt_ws/src/tese_ws/install/scout_nav2_gz/share/scout_nav2_gz/world/ign_indoor/models/speed_bump_3/bump_3/rubbishy_xdigg9.jpg
-- Installing: /home/rics/tt_ws/src/tese_ws/install/scout_nav2_gz/share/scout_nav2_gz/world/ign_indoor/models/speed_bump_3/bump_3.dae
-- Installing: /home/rics/tt_ws/src/tese_ws/install/scout_nav2_gz/share/scout_nav2_gz/world/ign_indoor/models/speed_bump_3/model.config
-- Installing: /home/rics/tt_ws/src/tese_ws/install/scout_nav2_gz/share/scout_nav2_gz/world/ign_indoor/models/speed_bump_3/model.sdf
-- Installing: /home/rics/tt_ws/src/tese_ws/install/scout_nav2_gz/share/scout_nav2_gz/world/ign_indoor/models/speed_bump_3/Bump_3_short.dae
-- Installing: /home/rics/tt_ws/src/tese_ws/install/scout_nav2_gz/share/scout_nav2_gz/world/ign_indoor/models/4
-- Installing: /home/rics/tt_ws/src/tese_ws/install/scout_nav2_gz/share/scout_nav2_gz/world/ign_indoor/models/4/thumbnails
-- Installing: /home/rics/tt_ws/src/tese_ws/install/scout_nav2_gz/share/scout_nav2_gz/world/ign_indoor/models/4/thumbnails/3.png
-- Installing: /home/rics/tt_ws/src/tese_ws/install/scout_nav2_gz/share/scout_nav2_gz/world/ign_indoor/models/4/thumbnails/1.png
-- Installing: /home/rics/tt_ws/src/tese_ws/install/scout_nav2_gz/share/scout_nav2_gz/world/ign_indoor/models/4/thumbnails/4.png
-- Installing: /home/rics/tt_ws/src/tese_ws/install/scout_nav2_gz/share/scout_nav2_gz/world/ign_indoor/models/4/thumbnails/2.png
-- Installing: /home/rics/tt_ws/src/tese_ws/install/scout_nav2_gz/share/scout_nav2_gz/world/ign_indoor/models/4/thumbnails/5.png
-- Installing: /home/rics/tt_ws/src/tese_ws/install/scout_nav2_gz/share/scout_nav2_gz/world/ign_indoor/models/4/model.config
-- Installing: /home/rics/tt_ws/src/tese_ws/install/scout_nav2_gz/share/scout_nav2_gz/world/ign_indoor/models/4/materials
-- Installing: /home/rics/tt_ws/src/tese_ws/install/scout_nav2_gz/share/scout_nav2_gz/world/ign_indoor/models/4/materials/textures
-- Installing: /home/rics/tt_ws/src/tese_ws/install/scout_nav2_gz/share/scout_nav2_gz/world/ign_indoor/models/4/materials/textures/brown_eye.png
-- Installing: /home/rics/tt_ws/src/tese_ws/install/scout_nav2_gz/share/scout_nav2_gz/world/ign_indoor/models/4/materials/textures/female_casualsuit01_diffuse.png
-- Installing: /home/rics/tt_ws/src/tese_ws/install/scout_nav2_gz/share/scout_nav2_gz/world/ign_indoor/models/4/materials/textures/ponytail01_diffuse.png
-- Installing: /home/rics/tt_ws/src/tese_ws/install/scout_nav2_gz/share/scout_nav2_gz/world/ign_indoor/models/4/materials/textures/female_casualsuit01_normal.png
-- Installing: /home/rics/tt_ws/src/tese_ws/install/scout_nav2_gz/share/scout_nav2_gz/world/ign_indoor/models/4/materials/textures/female_casualsuit02_normal.png
-- Installing: /home/rics/tt_ws/src/tese_ws/install/scout_nav2_gz/share/scout_nav2_gz/world/ign_indoor/models/4/materials/textures/tongue01_diffuse.png
-- Installing: /home/rics/tt_ws/src/tese_ws/install/scout_nav2_gz/share/scout_nav2_gz/world/ign_indoor/models/4/materials/textures/eyebrow002.png
-- Installing: /home/rics/tt_ws/src/tese_ws/install/scout_nav2_gz/share/scout_nav2_gz/world/ign_indoor/models/4/materials/textures/female_casualsuit02_diffuse.png
-- Installing: /home/rics/tt_ws/src/tese_ws/install/scout_nav2_gz/share/scout_nav2_gz/world/ign_indoor/models/4/materials/textures/eyelashes01.png
-- Installing: /home/rics/tt_ws/src/tese_ws/install/scout_nav2_gz/share/scout_nav2_gz/world/ign_indoor/models/4/materials/textures/casual_female.png
-- Installing: /home/rics/tt_ws/src/tese_ws/install/scout_nav2_gz/share/scout_nav2_gz/world/ign_indoor/models/4/materials/textures/shoes05_diffuse.png
-- Installing: /home/rics/tt_ws/src/tese_ws/install/scout_nav2_gz/share/scout_nav2_gz/world/ign_indoor/models/4/materials/textures/young_lightskinned_female_diffuse.png
-- Installing: /home/rics/tt_ws/src/tese_ws/install/scout_nav2_gz/share/scout_nav2_gz/world/ign_indoor/models/4/model.sdf
-- Installing: /home/rics/tt_ws/src/tese_ws/install/scout_nav2_gz/share/scout_nav2_gz/world/ign_indoor/models/4/meshes
-- Installing: /home/rics/tt_ws/src/tese_ws/install/scout_nav2_gz/share/scout_nav2_gz/world/ign_indoor/models/4/meshes/casual_female.dae
-- Installing: /home/rics/tt_ws/src/tese_ws/install/scout_nav2_gz/share/scout_nav2_gz/world/ign_indoor/models/ramp_2
-- Installing: /home/rics/tt_ws/src/tese_ws/install/scout_nav2_gz/share/scout_nav2_gz/world/ign_indoor/models/ramp_2/ramp_037.dae
-- Installing: /home/rics/tt_ws/src/tese_ws/install/scout_nav2_gz/share/scout_nav2_gz/world/ign_indoor/models/ramp_2/ramp_020.dae
-- Installing: /home/rics/tt_ws/src/tese_ws/install/scout_nav2_gz/share/scout_nav2_gz/world/ign_indoor/models/ramp_2/model.config
-- Installing: /home/rics/tt_ws/src/tese_ws/install/scout_nav2_gz/share/scout_nav2_gz/world/ign_indoor/models/ramp_2/model.sdf
-- Installing: /home/rics/tt_ws/src/tese_ws/install/scout_nav2_gz/share/scout_nav2_gz/world/ign_indoor/models/speed_bump_1_short
-- Installing: /home/rics/tt_ws/src/tese_ws/install/scout_nav2_gz/share/scout_nav2_gz/world/ign_indoor/models/speed_bump_1_short/bump_2_060
-- Installing: /home/rics/tt_ws/src/tese_ws/install/scout_nav2_gz/share/scout_nav2_gz/world/ign_indoor/models/speed_bump_1_short/bump_2_060/rubbishy_xdigg10.jpg
-- Installing: /home/rics/tt_ws/src/tese_ws/install/scout_nav2_gz/share/scout_nav2_gz/world/ign_indoor/models/speed_bump_1_short/model.config
-- Installing: /home/rics/tt_ws/src/tese_ws/install/scout_nav2_gz/share/scout_nav2_gz/world/ign_indoor/models/speed_bump_1_short/model.sdf
-- Installing: /home/rics/tt_ws/src/tese_ws/install/scout_nav2_gz/share/scout_nav2_gz/world/ign_indoor/models/speed_bump_1_short/bump_2_060.dae
-- Installing: /home/rics/tt_ws/src/tese_ws/install/scout_nav2_gz/share/scout_nav2_gz/world/ign_indoor/models/speed_bump_3_short
-- Installing: /home/rics/tt_ws/src/tese_ws/install/scout_nav2_gz/share/scout_nav2_gz/world/ign_indoor/models/speed_bump_3_short/bump_3_060.dae
-- Installing: /home/rics/tt_ws/src/tese_ws/install/scout_nav2_gz/share/scout_nav2_gz/world/ign_indoor/models/speed_bump_3_short/model.config
-- Installing: /home/rics/tt_ws/src/tese_ws/install/scout_nav2_gz/share/scout_nav2_gz/world/ign_indoor/models/speed_bump_3_short/bump_3_060
-- Installing: /home/rics/tt_ws/src/tese_ws/install/scout_nav2_gz/share/scout_nav2_gz/world/ign_indoor/models/speed_bump_3_short/bump_3_060/rubbishy_xdigg9.jpg
-- Installing: /home/rics/tt_ws/src/tese_ws/install/scout_nav2_gz/share/scout_nav2_gz/world/ign_indoor/models/speed_bump_3_short/model.sdf
-- Installing: /home/rics/tt_ws/src/tese_ws/install/scout_nav2_gz/share/scout_nav2_gz/world/ign_indoor/models/speed_bump_1
-- Installing: /home/rics/tt_ws/src/tese_ws/install/scout_nav2_gz/share/scout_nav2_gz/world/ign_indoor/models/speed_bump_1/Bump_1_short.dae
-- Installing: /home/rics/tt_ws/src/tese_ws/install/scout_nav2_gz/share/scout_nav2_gz/world/ign_indoor/models/speed_bump_1/bump_1
-- Installing: /home/rics/tt_ws/src/tese_ws/install/scout_nav2_gz/share/scout_nav2_gz/world/ign_indoor/models/speed_bump_1/bump_1/rubbishy_xdigg10.jpg
-- Installing: /home/rics/tt_ws/src/tese_ws/install/scout_nav2_gz/share/scout_nav2_gz/world/ign_indoor/models/speed_bump_1/bump_1.dae
-- Installing: /home/rics/tt_ws/src/tese_ws/install/scout_nav2_gz/share/scout_nav2_gz/world/ign_indoor/models/speed_bump_1/model.config
-- Installing: /home/rics/tt_ws/src/tese_ws/install/scout_nav2_gz/share/scout_nav2_gz/world/ign_indoor/models/speed_bump_1/model.sdf
-- Installing: /home/rics/tt_ws/src/tese_ws/install/scout_nav2_gz/share/scout_nav2_gz/world/ign_indoor/models/speed_bump_2_short
-- Installing: /home/rics/tt_ws/src/tese_ws/install/scout_nav2_gz/share/scout_nav2_gz/world/ign_indoor/models/speed_bump_2_short/bump_1_060.dae
-- Installing: /home/rics/tt_ws/src/tese_ws/install/scout_nav2_gz/share/scout_nav2_gz/world/ign_indoor/models/speed_bump_2_short/model.config
-- Installing: /home/rics/tt_ws/src/tese_ws/install/scout_nav2_gz/share/scout_nav2_gz/world/ign_indoor/models/speed_bump_2_short/bump_1_060
-- Installing: /home/rics/tt_ws/src/tese_ws/install/scout_nav2_gz/share/scout_nav2_gz/world/ign_indoor/models/speed_bump_2_short/bump_1_060/rubbishy_xdigg8.jpg
-- Installing: /home/rics/tt_ws/src/tese_ws/install/scout_nav2_gz/share/scout_nav2_gz/world/ign_indoor/models/speed_bump_2_short/model.sdf
-- Installing: /home/rics/tt_ws/src/tese_ws/install/scout_nav2_gz/share/scout_nav2_gz/world/ign_indoor/ign_indoor_old.sdf
-- Installing: /home/rics/tt_ws/src/tese_ws/install/scout_nav2_gz/share/scout_nav2_gz/world/outdoor.sdf
-- Installing: /home/rics/tt_ws/src/tese_ws/install/scout_nav2_gz/share/scout_nav2_gz/world/maize_field.world
-- Installing: /home/rics/tt_ws/src/tese_ws/install/scout_nav2_gz/share/scout_nav2_gz/world/neo_workshop_empty.sdf
-- Installing: /home/rics/tt_ws/src/tese_ws/install/scout_nav2_gz/share/scout_nav2_gz/world/neo_workshop.sdf
-- Installing: /home/rics/tt_ws/src/tese_ws/install/scout_nav2_gz/share/scout_nav2_gz/world/maize_field_wider.world
-- Installing: /home/rics/tt_ws/src/tese_ws/install/scout_nav2_gz/share/scout_nav2_gz/world/empty.sdf
-- Installing: /home/rics/tt_ws/src/tese_ws/install/scout_nav2_gz/share/scout_nav2_gz/models
-- Installing: /home/rics/tt_ws/src/tese_ws/install/scout_nav2_gz/share/scout_nav2_gz/models/door
-- Installing: /home/rics/tt_ws/src/tese_ws/install/scout_nav2_gz/share/scout_nav2_gz/models/door/model.config
-- Installing: /home/rics/tt_ws/src/tese_ws/install/scout_nav2_gz/share/scout_nav2_gz/models/door/materials
-- Installing: /home/rics/tt_ws/src/tese_ws/install/scout_nav2_gz/share/scout_nav2_gz/models/door/materials/scripts
-- Installing: /home/rics/tt_ws/src/tese_ws/install/scout_nav2_gz/share/scout_nav2_gz/models/door/materials/scripts/door.material
-- Installing: /home/rics/tt_ws/src/tese_ws/install/scout_nav2_gz/share/scout_nav2_gz/models/door/materials/textures
-- Installing: /home/rics/tt_ws/src/tese_ws/install/scout_nav2_gz/share/scout_nav2_gz/models/door/materials/textures/door.jpg
-- Installing: /home/rics/tt_ws/src/tese_ws/install/scout_nav2_gz/share/scout_nav2_gz/models/door/model.sdf
-- Installing: /home/rics/tt_ws/src/tese_ws/install/scout_nav2_gz/share/scout_nav2_gz/models/start
-- Installing: /home/rics/tt_ws/src/tese_ws/install/scout_nav2_gz/share/scout_nav2_gz/models/start/model.config
-- Installing: /home/rics/tt_ws/src/tese_ws/install/scout_nav2_gz/share/scout_nav2_gz/models/start/materials
-- Installing: /home/rics/tt_ws/src/tese_ws/install/scout_nav2_gz/share/scout_nav2_gz/models/start/materials/textures
-- Installing: /home/rics/tt_ws/src/tese_ws/install/scout_nav2_gz/share/scout_nav2_gz/models/start/materials/textures/arrow.png
-- Installing: /home/rics/tt_ws/src/tese_ws/install/scout_nav2_gz/share/scout_nav2_gz/models/start/model.sdf
-- Installing: /home/rics/tt_ws/src/tese_ws/install/scout_nav2_gz/share/scout_nav2_gz/models/foodcourttable1
-- Installing: /home/rics/tt_ws/src/tese_ws/install/scout_nav2_gz/share/scout_nav2_gz/models/foodcourttable1/2
-- Installing: /home/rics/tt_ws/src/tese_ws/install/scout_nav2_gz/share/scout_nav2_gz/models/foodcourttable1/2/thumbnails
-- Installing: /home/rics/tt_ws/src/tese_ws/install/scout_nav2_gz/share/scout_nav2_gz/models/foodcourttable1/2/thumbnails/3.png
-- Installing: /home/rics/tt_ws/src/tese_ws/install/scout_nav2_gz/share/scout_nav2_gz/models/foodcourttable1/2/thumbnails/1.png
-- Installing: /home/rics/tt_ws/src/tese_ws/install/scout_nav2_gz/share/scout_nav2_gz/models/foodcourttable1/2/thumbnails/4.png
-- Installing: /home/rics/tt_ws/src/tese_ws/install/scout_nav2_gz/share/scout_nav2_gz/models/foodcourttable1/2/thumbnails/2.png
-- Installing: /home/rics/tt_ws/src/tese_ws/install/scout_nav2_gz/share/scout_nav2_gz/models/foodcourttable1/2/thumbnails/5.png
-- Installing: /home/rics/tt_ws/src/tese_ws/install/scout_nav2_gz/share/scout_nav2_gz/models/foodcourttable1/2/model.config
-- Installing: /home/rics/tt_ws/src/tese_ws/install/scout_nav2_gz/share/scout_nav2_gz/models/foodcourttable1/2/model.sdf
-- Installing: /home/rics/tt_ws/src/tese_ws/install/scout_nav2_gz/share/scout_nav2_gz/models/foodcourttable1/2/meshes
-- Installing: /home/rics/tt_ws/src/tese_ws/install/scout_nav2_gz/share/scout_nav2_gz/models/foodcourttable1/2/meshes/FoodCourtTable1_Col.obj
-- Installing: /home/rics/tt_ws/src/tese_ws/install/scout_nav2_gz/share/scout_nav2_gz/models/foodcourttable1/2/meshes/FoodCourtTable1.obj
-- Installing: /home/rics/tt_ws/src/tese_ws/install/scout_nav2_gz/share/scout_nav2_gz/models/foodcourttable1/2/meshes/FoodCourtTable1_Metal.png
-- Installing: /home/rics/tt_ws/src/tese_ws/install/scout_nav2_gz/share/scout_nav2_gz/models/foodcourttable1/2/meshes/FoodCourtTable1_Diffuse.png
-- Installing: /home/rics/tt_ws/src/tese_ws/install/scout_nav2_gz/share/scout_nav2_gz/models/foodcourttable1/2/meshes/FoodCourtTable1_Col.mtl
-- Installing: /home/rics/tt_ws/src/tese_ws/install/scout_nav2_gz/share/scout_nav2_gz/models/foodcourttable1/2/meshes/FoodCourtTable1.mtl
-- Installing: /home/rics/tt_ws/src/tese_ws/install/scout_nav2_gz/share/scout_nav2_gz/models/foodcourttable1/2/meshes/FoodCourtTable1_Normal.png
-- Installing: /home/rics/tt_ws/src/tese_ws/install/scout_nav2_gz/share/scout_nav2_gz/models/foodcourttable1/2/meshes/FoodCourtTable1_Rough.png
-- Installing: /home/rics/tt_ws/src/tese_ws/install/scout_nav2_gz/share/scout_nav2_gz/models/location_marker_b
-- Installing: /home/rics/tt_ws/src/tese_ws/install/scout_nav2_gz/share/scout_nav2_gz/models/location_marker_b/model.config
-- Installing: /home/rics/tt_ws/src/tese_ws/install/scout_nav2_gz/share/scout_nav2_gz/models/location_marker_b/materials
-- Installing: /home/rics/tt_ws/src/tese_ws/install/scout_nav2_gz/share/scout_nav2_gz/models/location_marker_b/materials/textures
-- Installing: /home/rics/tt_ws/src/tese_ws/install/scout_nav2_gz/share/scout_nav2_gz/models/location_marker_b/materials/textures/location_marker_b.png
-- Installing: /home/rics/tt_ws/src/tese_ws/install/scout_nav2_gz/share/scout_nav2_gz/models/location_marker_b/materials/textures/fre_logo.png
-- Installing: /home/rics/tt_ws/src/tese_ws/install/scout_nav2_gz/share/scout_nav2_gz/models/location_marker_b/model.sdf
-- Installing: /home/rics/tt_ws/src/tese_ws/install/scout_nav2_gz/share/scout_nav2_gz/models/location_marker_b/meshes
-- Installing: /home/rics/tt_ws/src/tese_ws/install/scout_nav2_gz/share/scout_nav2_gz/models/location_marker_b/meshes/location_marker_b.dae
-- Installing: /home/rics/tt_ws/src/tese_ws/install/scout_nav2_gz/share/scout_nav2_gz/models/office_env_w_complete
-- Installing: /home/rics/tt_ws/src/tese_ws/install/scout_nav2_gz/share/scout_nav2_gz/models/office_env_w_complete/model.config
-- Installing: /home/rics/tt_ws/src/tese_ws/install/scout_nav2_gz/share/scout_nav2_gz/models/office_env_w_complete/materials
-- Installing: /home/rics/tt_ws/src/tese_ws/install/scout_nav2_gz/share/scout_nav2_gz/models/office_env_w_complete/materials/scripts
-- Installing: /home/rics/tt_ws/src/tese_ws/install/scout_nav2_gz/share/scout_nav2_gz/models/office_env_w_complete/materials/scripts/wall_white.material
-- Installing: /home/rics/tt_ws/src/tese_ws/install/scout_nav2_gz/share/scout_nav2_gz/models/office_env_w_complete/materials/textures
-- Installing: /home/rics/tt_ws/src/tese_ws/install/scout_nav2_gz/share/scout_nav2_gz/models/office_env_w_complete/materials/textures/wall_color_white.jpg
-- Installing: /home/rics/tt_ws/src/tese_ws/install/scout_nav2_gz/share/scout_nav2_gz/models/office_env_w_complete/model.sdf
-- Installing: /home/rics/tt_ws/src/tese_ws/install/scout_nav2_gz/share/scout_nav2_gz/models/neobotix_wall_stickers
-- Installing: /home/rics/tt_ws/src/tese_ws/install/scout_nav2_gz/share/scout_nav2_gz/models/neobotix_wall_stickers/model.config
-- Installing: /home/rics/tt_ws/src/tese_ws/install/scout_nav2_gz/share/scout_nav2_gz/models/neobotix_wall_stickers/materials
-- Installing: /home/rics/tt_ws/src/tese_ws/install/scout_nav2_gz/share/scout_nav2_gz/models/neobotix_wall_stickers/materials/scripts
-- Installing: /home/rics/tt_ws/src/tese_ws/install/scout_nav2_gz/share/scout_nav2_gz/models/neobotix_wall_stickers/materials/scripts/neobotix_ground_plane.material
-- Installing: /home/rics/tt_ws/src/tese_ws/install/scout_nav2_gz/share/scout_nav2_gz/models/neobotix_wall_stickers/materials/textures
-- Installing: /home/rics/tt_ws/src/tese_ws/install/scout_nav2_gz/share/scout_nav2_gz/models/neobotix_wall_stickers/materials/textures/MyImage.jpg
-- Installing: /home/rics/tt_ws/src/tese_ws/install/scout_nav2_gz/share/scout_nav2_gz/models/neobotix_wall_stickers/model.sdf
-- Installing: /home/rics/tt_ws/src/tese_ws/install/scout_nav2_gz/share/scout_nav2_gz/models/virtual_maize_field_heightmap.png
-- Installing: /home/rics/tt_ws/src/tese_ws/install/scout_nav2_gz/share/scout_nav2_gz/models/office_env_w
-- Installing: /home/rics/tt_ws/src/tese_ws/install/scout_nav2_gz/share/scout_nav2_gz/models/office_env_w/model.config
-- Installing: /home/rics/tt_ws/src/tese_ws/install/scout_nav2_gz/share/scout_nav2_gz/models/office_env_w/materials
-- Installing: /home/rics/tt_ws/src/tese_ws/install/scout_nav2_gz/share/scout_nav2_gz/models/office_env_w/materials/scripts
-- Installing: /home/rics/tt_ws/src/tese_ws/install/scout_nav2_gz/share/scout_nav2_gz/models/office_env_w/materials/scripts/wall_white.material
-- Installing: /home/rics/tt_ws/src/tese_ws/install/scout_nav2_gz/share/scout_nav2_gz/models/office_env_w/materials/textures
-- Installing: /home/rics/tt_ws/src/tese_ws/install/scout_nav2_gz/share/scout_nav2_gz/models/office_env_w/materials/textures/wall_color_white.jpg
-- Installing: /home/rics/tt_ws/src/tese_ws/install/scout_nav2_gz/share/scout_nav2_gz/models/office_env_w/model.sdf
-- Installing: /home/rics/tt_ws/src/tese_ws/install/scout_nav2_gz/share/scout_nav2_gz/models/office_env_w 1
-- Installing: /home/rics/tt_ws/src/tese_ws/install/scout_nav2_gz/share/scout_nav2_gz/models/office_env_w 1/model.config
-- Installing: /home/rics/tt_ws/src/tese_ws/install/scout_nav2_gz/share/scout_nav2_gz/models/office_env_w 1/materials
-- Installing: /home/rics/tt_ws/src/tese_ws/install/scout_nav2_gz/share/scout_nav2_gz/models/office_env_w 1/materials/scripts
-- Installing: /home/rics/tt_ws/src/tese_ws/install/scout_nav2_gz/share/scout_nav2_gz/models/office_env_w 1/materials/scripts/wall_white.material
-- Installing: /home/rics/tt_ws/src/tese_ws/install/scout_nav2_gz/share/scout_nav2_gz/models/office_env_w 1/materials/textures
-- Installing: /home/rics/tt_ws/src/tese_ws/install/scout_nav2_gz/share/scout_nav2_gz/models/office_env_w 1/materials/textures/wall_color_white.jpg
-- Installing: /home/rics/tt_ws/src/tese_ws/install/scout_nav2_gz/share/scout_nav2_gz/models/office_env_w 1/model.sdf
-- Installing: /home/rics/tt_ws/src/tese_ws/install/scout_nav2_gz/share/scout_nav2_gz/models/casualfemale
-- Installing: /home/rics/tt_ws/src/tese_ws/install/scout_nav2_gz/share/scout_nav2_gz/models/neobotix_ground_plane
-- Installing: /home/rics/tt_ws/src/tese_ws/install/scout_nav2_gz/share/scout_nav2_gz/models/neobotix_ground_plane/model.config
-- Installing: /home/rics/tt_ws/src/tese_ws/install/scout_nav2_gz/share/scout_nav2_gz/models/neobotix_ground_plane/materials
-- Installing: /home/rics/tt_ws/src/tese_ws/install/scout_nav2_gz/share/scout_nav2_gz/models/neobotix_ground_plane/materials/scripts
-- Installing: /home/rics/tt_ws/src/tese_ws/install/scout_nav2_gz/share/scout_nav2_gz/models/neobotix_ground_plane/materials/scripts/neobotix_ground_plane.material
-- Installing: /home/rics/tt_ws/src/tese_ws/install/scout_nav2_gz/share/scout_nav2_gz/models/neobotix_ground_plane/materials/textures
-- Installing: /home/rics/tt_ws/src/tese_ws/install/scout_nav2_gz/share/scout_nav2_gz/models/neobotix_ground_plane/materials/textures/MyImage.jpg
-- Installing: /home/rics/tt_ws/src/tese_ws/install/scout_nav2_gz/share/scout_nav2_gz/models/neobotix_ground_plane/model.sdf
-- Installing: /home/rics/tt_ws/src/tese_ws/install/scout_nav2_gz/share/scout_nav2_gz/models/door_3d
-- Installing: /home/rics/tt_ws/src/tese_ws/install/scout_nav2_gz/share/scout_nav2_gz/models/door_3d/model.config
-- Installing: /home/rics/tt_ws/src/tese_ws/install/scout_nav2_gz/share/scout_nav2_gz/models/door_3d/materials
-- Installing: /home/rics/tt_ws/src/tese_ws/install/scout_nav2_gz/share/scout_nav2_gz/models/door_3d/materials/scripts
-- Installing: /home/rics/tt_ws/src/tese_ws/install/scout_nav2_gz/share/scout_nav2_gz/models/door_3d/materials/scripts/door_handle.material
-- Installing: /home/rics/tt_ws/src/tese_ws/install/scout_nav2_gz/share/scout_nav2_gz/models/door_3d/materials/scripts/door_3d.material
-- Installing: /home/rics/tt_ws/src/tese_ws/install/scout_nav2_gz/share/scout_nav2_gz/models/door_3d/materials/textures
-- Installing: /home/rics/tt_ws/src/tese_ws/install/scout_nav2_gz/share/scout_nav2_gz/models/door_3d/materials/textures/silver_door.jpg
-- Installing: /home/rics/tt_ws/src/tese_ws/install/scout_nav2_gz/share/scout_nav2_gz/models/door_3d/materials/textures/door_3d.jpg
-- Installing: /home/rics/tt_ws/src/tese_ws/install/scout_nav2_gz/share/scout_nav2_gz/models/door_3d/model.sdf
-- Installing: /home/rics/tt_ws/src/tese_ws/install/scout_nav2_gz/share/scout_nav2_gz/models/door_3d/meshes
-- Installing: /home/rics/tt_ws/src/tese_ws/install/scout_nav2_gz/share/scout_nav2_gz/models/door_3d/meshes/door_v2.dae
-- Installing: /home/rics/tt_ws/src/tese_ws/install/scout_nav2_gz/share/scout_nav2_gz/models/door_3d/meshes/door_v2_handle.dae
-- Installing: /home/rics/tt_ws/src/tese_ws/install/scout_nav2_gz/share/scout_nav2_gz/models/door_3d/meshes/door_v2_door.dae
-- Installing: /home/rics/tt_ws/src/tese_ws/install/scout_nav2_gz/share/scout_nav2_gz/models/door_3d/meshes/model.dae
-- Installing: /home/rics/tt_ws/src/tese_ws/install/scout_nav2_gz/share/scout_nav2_gz/models/door_3d/meshes/door.dae
-- Installing: /home/rics/tt_ws/src/tese_ws/install/scout_nav2_gz/share/scout_nav2_gz/models/coke_can
-- Installing: /home/rics/tt_ws/src/tese_ws/install/scout_nav2_gz/share/scout_nav2_gz/models/coke_can/model.config
-- Installing: /home/rics/tt_ws/src/tese_ws/install/scout_nav2_gz/share/scout_nav2_gz/models/coke_can/materials
-- Installing: /home/rics/tt_ws/src/tese_ws/install/scout_nav2_gz/share/scout_nav2_gz/models/coke_can/materials/textures
-- Installing: /home/rics/tt_ws/src/tese_ws/install/scout_nav2_gz/share/scout_nav2_gz/models/coke_can/materials/textures/coke_can.png
-- Installing: /home/rics/tt_ws/src/tese_ws/install/scout_nav2_gz/share/scout_nav2_gz/models/coke_can/model.sdf
-- Installing: /home/rics/tt_ws/src/tese_ws/install/scout_nav2_gz/share/scout_nav2_gz/models/coke_can/meshes
-- Installing: /home/rics/tt_ws/src/tese_ws/install/scout_nav2_gz/share/scout_nav2_gz/models/coke_can/meshes/coke_can.dae
-- Installing: /home/rics/tt_ws/src/tese_ws/install/scout_nav2_gz/share/scout_nav2_gz/models/stone_02
-- Installing: /home/rics/tt_ws/src/tese_ws/install/scout_nav2_gz/share/scout_nav2_gz/models/stone_02/model.config
-- Installing: /home/rics/tt_ws/src/tese_ws/install/scout_nav2_gz/share/scout_nav2_gz/models/stone_02/materials
-- Installing: /home/rics/tt_ws/src/tese_ws/install/scout_nav2_gz/share/scout_nav2_gz/models/stone_02/materials/textures
-- Installing: /home/rics/tt_ws/src/tese_ws/install/scout_nav2_gz/share/scout_nav2_gz/models/stone_02/materials/textures/stone_02_normal.jpeg
-- Installing: /home/rics/tt_ws/src/tese_ws/install/scout_nav2_gz/share/scout_nav2_gz/models/stone_02/materials/textures/stone_02.jpeg
-- Installing: /home/rics/tt_ws/src/tese_ws/install/scout_nav2_gz/share/scout_nav2_gz/models/stone_02/model.sdf
-- Installing: /home/rics/tt_ws/src/tese_ws/install/scout_nav2_gz/share/scout_nav2_gz/models/stone_02/meshes
-- Installing: /home/rics/tt_ws/src/tese_ws/install/scout_nav2_gz/share/scout_nav2_gz/models/stone_02/meshes/stone_02.dae
-- Installing: /home/rics/tt_ws/src/tese_ws/install/scout_nav2_gz/share/scout_nav2_gz/models/puddle_small
-- Installing: /home/rics/tt_ws/src/tese_ws/install/scout_nav2_gz/share/scout_nav2_gz/models/puddle_small/model.config
-- Installing: /home/rics/tt_ws/src/tese_ws/install/scout_nav2_gz/share/scout_nav2_gz/models/puddle_small/puddle_small.dae
-- Installing: /home/rics/tt_ws/src/tese_ws/install/scout_nav2_gz/share/scout_nav2_gz/models/puddle_small/model.sdf
-- Installing: /home/rics/tt_ws/src/tese_ws/install/scout_nav2_gz/share/scout_nav2_gz/models/beer
-- Installing: /home/rics/tt_ws/src/tese_ws/install/scout_nav2_gz/share/scout_nav2_gz/models/beer/model.config
-- Installing: /home/rics/tt_ws/src/tese_ws/install/scout_nav2_gz/share/scout_nav2_gz/models/beer/materials
-- Installing: /home/rics/tt_ws/src/tese_ws/install/scout_nav2_gz/share/scout_nav2_gz/models/beer/materials/textures
-- Installing: /home/rics/tt_ws/src/tese_ws/install/scout_nav2_gz/share/scout_nav2_gz/models/beer/materials/textures/beer.png
-- Installing: /home/rics/tt_ws/src/tese_ws/install/scout_nav2_gz/share/scout_nav2_gz/models/beer/model.sdf
-- Installing: /home/rics/tt_ws/src/tese_ws/install/scout_nav2_gz/share/scout_nav2_gz/models/beer/meshes
-- Installing: /home/rics/tt_ws/src/tese_ws/install/scout_nav2_gz/share/scout_nav2_gz/models/beer/meshes/beer.dae
-- Installing: /home/rics/tt_ws/src/tese_ws/install/scout_nav2_gz/share/scout_nav2_gz/models/neo_office_box
-- Installing: /home/rics/tt_ws/src/tese_ws/install/scout_nav2_gz/share/scout_nav2_gz/models/neo_office_box/model.config
-- Installing: /home/rics/tt_ws/src/tese_ws/install/scout_nav2_gz/share/scout_nav2_gz/models/neo_office_box/model.sdf
-- Installing: /home/rics/tt_ws/src/tese_ws/install/scout_nav2_gz/share/scout_nav2_gz/models/neo_office_box/meshes
-- Installing: /home/rics/tt_ws/src/tese_ws/install/scout_nav2_gz/share/scout_nav2_gz/models/neo_office_box/meshes/model.dae
-- Installing: /home/rics/tt_ws/src/tese_ws/install/scout_nav2_gz/share/scout_nav2_gz/models/window
-- Installing: /home/rics/tt_ws/src/tese_ws/install/scout_nav2_gz/share/scout_nav2_gz/models/window/model.config
-- Installing: /home/rics/tt_ws/src/tese_ws/install/scout_nav2_gz/share/scout_nav2_gz/models/window/model.sdf
-- Installing: /home/rics/tt_ws/src/tese_ws/install/scout_nav2_gz/share/scout_nav2_gz/models/outdoor_1
-- Installing: /home/rics/tt_ws/src/tese_ws/install/scout_nav2_gz/share/scout_nav2_gz/models/outdoor_1/media
-- Installing: /home/rics/tt_ws/src/tese_ws/install/scout_nav2_gz/share/scout_nav2_gz/models/outdoor_1/media/forrest_ground_01_nor_gl_4k.exr
-- Installing: /home/rics/tt_ws/src/tese_ws/install/scout_nav2_gz/share/scout_nav2_gz/models/outdoor_1/media/scripts
-- Installing: /home/rics/tt_ws/src/tese_ws/install/scout_nav2_gz/share/scout_nav2_gz/models/outdoor_1/media/scripts/repeated.material
-- Installing: /home/rics/tt_ws/src/tese_ws/install/scout_nav2_gz/share/scout_nav2_gz/models/outdoor_1/media/forrest_ground_01_disp_4k.png
-- Installing: /home/rics/tt_ws/src/tese_ws/install/scout_nav2_gz/share/scout_nav2_gz/models/outdoor_1/media/outdoor1_texture4.dae
-- Installing: /home/rics/tt_ws/src/tese_ws/install/scout_nav2_gz/share/scout_nav2_gz/models/outdoor_1/media/forrest_ground_01_rough_4k.jpg
-- Installing: /home/rics/tt_ws/src/tese_ws/install/scout_nav2_gz/share/scout_nav2_gz/models/outdoor_1/media/outdoor1_texture3.dae
-- Installing: /home/rics/tt_ws/src/tese_ws/install/scout_nav2_gz/share/scout_nav2_gz/models/outdoor_1/media/outdoor1_texture2.obj
-- Installing: /home/rics/tt_ws/src/tese_ws/install/scout_nav2_gz/share/scout_nav2_gz/models/outdoor_1/media/forrest_ground_01_diff_4k.jpg
-- Installing: /home/rics/tt_ws/src/tese_ws/install/scout_nav2_gz/share/scout_nav2_gz/models/outdoor_1/media/outdoor1.dae
-- Installing: /home/rics/tt_ws/src/tese_ws/install/scout_nav2_gz/share/scout_nav2_gz/models/outdoor_1/media/outdoor1_texture2.mtl
-- Installing: /home/rics/tt_ws/src/tese_ws/install/scout_nav2_gz/share/scout_nav2_gz/models/outdoor_1/media/outdoor1_texture.dae
-- Installing: /home/rics/tt_ws/src/tese_ws/install/scout_nav2_gz/share/scout_nav2_gz/models/outdoor_1/media/Textures
-- Installing: /home/rics/tt_ws/src/tese_ws/install/scout_nav2_gz/share/scout_nav2_gz/models/outdoor_1/media/Textures/Grass.png
-- Installing: /home/rics/tt_ws/src/tese_ws/install/scout_nav2_gz/share/scout_nav2_gz/models/outdoor_1/model.config
-- Installing: /home/rics/tt_ws/src/tese_ws/install/scout_nav2_gz/share/scout_nav2_gz/models/outdoor_1/model.sdf
-- Installing: /home/rics/tt_ws/src/tese_ws/install/scout_nav2_gz/share/scout_nav2_gz/models/unknown_weed
-- Installing: /home/rics/tt_ws/src/tese_ws/install/scout_nav2_gz/share/scout_nav2_gz/models/unknown_weed/model.config
-- Installing: /home/rics/tt_ws/src/tese_ws/install/scout_nav2_gz/share/scout_nav2_gz/models/unknown_weed/materials
-- Installing: /home/rics/tt_ws/src/tese_ws/install/scout_nav2_gz/share/scout_nav2_gz/models/unknown_weed/materials/textures
-- Installing: /home/rics/tt_ws/src/tese_ws/install/scout_nav2_gz/share/scout_nav2_gz/models/unknown_weed/materials/textures/unknown_weed.png
-- Installing: /home/rics/tt_ws/src/tese_ws/install/scout_nav2_gz/share/scout_nav2_gz/models/unknown_weed/model.sdf
-- Installing: /home/rics/tt_ws/src/tese_ws/install/scout_nav2_gz/share/scout_nav2_gz/models/unknown_weed/meshes
-- Installing: /home/rics/tt_ws/src/tese_ws/install/scout_nav2_gz/share/scout_nav2_gz/models/unknown_weed/meshes/unknown_weed.dae
-- Installing: /home/rics/tt_ws/src/tese_ws/install/scout_nav2_gz/share/scout_nav2_gz/models/drc_practice_straight
-- Installing: /home/rics/tt_ws/src/tese_ws/install/scout_nav2_gz/share/scout_nav2_gz/models/drc_practice_straight/model.config
-- Installing: /home/rics/tt_ws/src/tese_ws/install/scout_nav2_gz/share/scout_nav2_gz/models/drc_practice_straight/model.sdf
-- Installing: /home/rics/tt_ws/src/tese_ws/install/scout_nav2_gz/share/scout_nav2_gz/models/office_env
-- Installing: /home/rics/tt_ws/src/tese_ws/install/scout_nav2_gz/share/scout_nav2_gz/models/office_env/model.config
-- Installing: /home/rics/tt_ws/src/tese_ws/install/scout_nav2_gz/share/scout_nav2_gz/models/office_env/materials
-- Installing: /home/rics/tt_ws/src/tese_ws/install/scout_nav2_gz/share/scout_nav2_gz/models/office_env/materials/scripts
-- Installing: /home/rics/tt_ws/src/tese_ws/install/scout_nav2_gz/share/scout_nav2_gz/models/office_env/materials/scripts/wall.material
-- Installing: /home/rics/tt_ws/src/tese_ws/install/scout_nav2_gz/share/scout_nav2_gz/models/office_env/materials/textures
-- Installing: /home/rics/tt_ws/src/tese_ws/install/scout_nav2_gz/share/scout_nav2_gz/models/office_env/materials/textures/wall_color.jpg
-- Installing: /home/rics/tt_ws/src/tese_ws/install/scout_nav2_gz/share/scout_nav2_gz/models/office_env/model.sdf
-- Installing: /home/rics/tt_ws/src/tese_ws/install/scout_nav2_gz/share/scout_nav2_gz/models/office_small
-- Installing: /home/rics/tt_ws/src/tese_ws/install/scout_nav2_gz/share/scout_nav2_gz/models/office_small/model.config
-- Installing: /home/rics/tt_ws/src/tese_ws/install/scout_nav2_gz/share/scout_nav2_gz/models/office_small/materials
-- Installing: /home/rics/tt_ws/src/tese_ws/install/scout_nav2_gz/share/scout_nav2_gz/models/office_small/materials/scripts
-- Installing: /home/rics/tt_ws/src/tese_ws/install/scout_nav2_gz/share/scout_nav2_gz/models/office_small/materials/scripts/wall_white.material
-- Installing: /home/rics/tt_ws/src/tese_ws/install/scout_nav2_gz/share/scout_nav2_gz/models/office_small/materials/scripts/Floor.material
-- Installing: /home/rics/tt_ws/src/tese_ws/install/scout_nav2_gz/share/scout_nav2_gz/models/office_small/materials/textures
-- Installing: /home/rics/tt_ws/src/tese_ws/install/scout_nav2_gz/share/scout_nav2_gz/models/office_small/materials/textures/cp1.jpg
-- Installing: /home/rics/tt_ws/src/tese_ws/install/scout_nav2_gz/share/scout_nav2_gz/models/office_small/materials/textures/cp2.jpg
-- Installing: /home/rics/tt_ws/src/tese_ws/install/scout_nav2_gz/share/scout_nav2_gz/models/office_small/materials/textures/cp7.jpg
-- Installing: /home/rics/tt_ws/src/tese_ws/install/scout_nav2_gz/share/scout_nav2_gz/models/office_small/materials/textures/hd8.jpg
-- Installing: /home/rics/tt_ws/src/tese_ws/install/scout_nav2_gz/share/scout_nav2_gz/models/office_small/materials/textures/cp10.jpg
-- Installing: /home/rics/tt_ws/src/tese_ws/install/scout_nav2_gz/share/scout_nav2_gz/models/office_small/materials/textures/cl3.jpg
-- Installing: /home/rics/tt_ws/src/tese_ws/install/scout_nav2_gz/share/scout_nav2_gz/models/office_small/materials/textures/hd2.gif
-- Installing: /home/rics/tt_ws/src/tese_ws/install/scout_nav2_gz/share/scout_nav2_gz/models/office_small/materials/textures/cl4.jpg
-- Installing: /home/rics/tt_ws/src/tese_ws/install/scout_nav2_gz/share/scout_nav2_gz/models/office_small/materials/textures/hd6.png
-- Installing: /home/rics/tt_ws/src/tese_ws/install/scout_nav2_gz/share/scout_nav2_gz/models/office_small/materials/textures/hd5.jpg
-- Installing: /home/rics/tt_ws/src/tese_ws/install/scout_nav2_gz/share/scout_nav2_gz/models/office_small/materials/textures/hd7.jpg
-- Installing: /home/rics/tt_ws/src/tese_ws/install/scout_nav2_gz/share/scout_nav2_gz/models/office_small/materials/textures/cl5.jpg
-- Installing: /home/rics/tt_ws/src/tese_ws/install/scout_nav2_gz/share/scout_nav2_gz/models/office_small/materials/textures/cp8.jpg
-- Installing: /home/rics/tt_ws/src/tese_ws/install/scout_nav2_gz/share/scout_nav2_gz/models/office_small/materials/textures/hd4.jpg
-- Installing: /home/rics/tt_ws/src/tese_ws/install/scout_nav2_gz/share/scout_nav2_gz/models/office_small/materials/textures/cp3.jpg
-- Installing: /home/rics/tt_ws/src/tese_ws/install/scout_nav2_gz/share/scout_nav2_gz/models/office_small/materials/textures/cp6.jpg
-- Installing: /home/rics/tt_ws/src/tese_ws/install/scout_nav2_gz/share/scout_nav2_gz/models/office_small/materials/textures/cp12.jpg
-- Installing: /home/rics/tt_ws/src/tese_ws/install/scout_nav2_gz/share/scout_nav2_gz/models/office_small/materials/textures/wall_color_white.jpg
-- Installing: /home/rics/tt_ws/src/tese_ws/install/scout_nav2_gz/share/scout_nav2_gz/models/office_small/materials/textures/cp4.jpg
-- Installing: /home/rics/tt_ws/src/tese_ws/install/scout_nav2_gz/share/scout_nav2_gz/models/office_small/materials/textures/hd1.jpg
-- Installing: /home/rics/tt_ws/src/tese_ws/install/scout_nav2_gz/share/scout_nav2_gz/models/office_small/materials/textures/cl6.jpg
-- Installing: /home/rics/tt_ws/src/tese_ws/install/scout_nav2_gz/share/scout_nav2_gz/models/office_small/materials/textures/hd3.jpg
-- Installing: /home/rics/tt_ws/src/tese_ws/install/scout_nav2_gz/share/scout_nav2_gz/models/office_small/materials/textures/cl2.jpg
-- Installing: /home/rics/tt_ws/src/tese_ws/install/scout_nav2_gz/share/scout_nav2_gz/models/office_small/materials/textures/cp9.jpg
-- Installing: /home/rics/tt_ws/src/tese_ws/install/scout_nav2_gz/share/scout_nav2_gz/models/office_small/materials/textures/cl1.jpg
-- Installing: /home/rics/tt_ws/src/tese_ws/install/scout_nav2_gz/share/scout_nav2_gz/models/office_small/materials/textures/cp5.png
-- Installing: /home/rics/tt_ws/src/tese_ws/install/scout_nav2_gz/share/scout_nav2_gz/models/office_small/materials/textures/cp11.jpg
-- Installing: /home/rics/tt_ws/src/tese_ws/install/scout_nav2_gz/share/scout_nav2_gz/models/office_small/model.sdf
-- Installing: /home/rics/tt_ws/src/tese_ws/install/scout_nav2_gz/share/scout_nav2_gz/models/materials
-- Installing: /home/rics/tt_ws/src/tese_ws/install/scout_nav2_gz/share/scout_nav2_gz/models/materials/textures
-- Installing: /home/rics/tt_ws/src/tese_ws/install/scout_nav2_gz/share/scout_nav2_gz/models/materials/textures/grass_color.jpg
-- Installing: /home/rics/tt_ws/src/tese_ws/install/scout_nav2_gz/share/scout_nav2_gz/models/materials/textures/grass_displacement.jpg
-- Installing: /home/rics/tt_ws/src/tese_ws/install/scout_nav2_gz/share/scout_nav2_gz/models/materials/textures/grass_roughness.jpg
-- Installing: /home/rics/tt_ws/src/tese_ws/install/scout_nav2_gz/share/scout_nav2_gz/models/materials/textures/flat_normal.png
-- Installing: /home/rics/tt_ws/src/tese_ws/install/scout_nav2_gz/share/scout_nav2_gz/models/materials/textures/grass_normal.jpg
-- Installing: /home/rics/tt_ws/src/tese_ws/install/scout_nav2_gz/share/scout_nav2_gz/models/materials/textures/dirt_diffusespecular.png
-- Installing: /home/rics/tt_ws/src/tese_ws/install/scout_nav2_gz/share/scout_nav2_gz/models/materials/textures/fungus_diffusespecular.png
-- Installing: /home/rics/tt_ws/src/tese_ws/install/scout_nav2_gz/share/scout_nav2_gz/models/construction_cone
-- Installing: /home/rics/tt_ws/src/tese_ws/install/scout_nav2_gz/share/scout_nav2_gz/models/construction_cone/model.config
-- Installing: /home/rics/tt_ws/src/tese_ws/install/scout_nav2_gz/share/scout_nav2_gz/models/construction_cone/model-1_4.sdf
-- Installing: /home/rics/tt_ws/src/tese_ws/install/scout_nav2_gz/share/scout_nav2_gz/models/construction_cone/materials
-- Installing: /home/rics/tt_ws/src/tese_ws/install/scout_nav2_gz/share/scout_nav2_gz/models/construction_cone/materials/textures
-- Installing: /home/rics/tt_ws/src/tese_ws/install/scout_nav2_gz/share/scout_nav2_gz/models/construction_cone/materials/textures/Construction_Cone_Diffuse.png
-- Installing: /home/rics/tt_ws/src/tese_ws/install/scout_nav2_gz/share/scout_nav2_gz/models/construction_cone/model-1_3.sdf
-- Installing: /home/rics/tt_ws/src/tese_ws/install/scout_nav2_gz/share/scout_nav2_gz/models/construction_cone/model.sdf
-- Installing: /home/rics/tt_ws/src/tese_ws/install/scout_nav2_gz/share/scout_nav2_gz/models/construction_cone/meshes
-- Installing: /home/rics/tt_ws/src/tese_ws/install/scout_nav2_gz/share/scout_nav2_gz/models/construction_cone/meshes/construction_cone.dae
-- Installing: /home/rics/tt_ws/src/tese_ws/install/scout_nav2_gz/share/scout_nav2_gz/models/nettle
-- Installing: /home/rics/tt_ws/src/tese_ws/install/scout_nav2_gz/share/scout_nav2_gz/models/nettle/model.config
-- Installing: /home/rics/tt_ws/src/tese_ws/install/scout_nav2_gz/share/scout_nav2_gz/models/nettle/materials
-- Installing: /home/rics/tt_ws/src/tese_ws/install/scout_nav2_gz/share/scout_nav2_gz/models/nettle/materials/textures
-- Installing: /home/rics/tt_ws/src/tese_ws/install/scout_nav2_gz/share/scout_nav2_gz/models/nettle/materials/textures/nettle.png
-- Installing: /home/rics/tt_ws/src/tese_ws/install/scout_nav2_gz/share/scout_nav2_gz/models/nettle/model.sdf
-- Installing: /home/rics/tt_ws/src/tese_ws/install/scout_nav2_gz/share/scout_nav2_gz/models/nettle/meshes
-- Installing: /home/rics/tt_ws/src/tese_ws/install/scout_nav2_gz/share/scout_nav2_gz/models/nettle/meshes/nettle.dae
-- Installing: /home/rics/tt_ws/src/tese_ws/install/scout_nav2_gz/share/scout_nav2_gz/models/puddle_lake
-- Installing: /home/rics/tt_ws/src/tese_ws/install/scout_nav2_gz/share/scout_nav2_gz/models/puddle_lake/model.config
-- Installing: /home/rics/tt_ws/src/tese_ws/install/scout_nav2_gz/share/scout_nav2_gz/models/puddle_lake/puddle_lake.dae
-- Installing: /home/rics/tt_ws/src/tese_ws/install/scout_nav2_gz/share/scout_nav2_gz/models/puddle_lake/model.sdf
-- Installing: /home/rics/tt_ws/src/tese_ws/install/scout_nav2_gz/share/scout_nav2_gz/models/ale
-- Installing: /home/rics/tt_ws/src/tese_ws/install/scout_nav2_gz/share/scout_nav2_gz/models/ale/model.config
-- Installing: /home/rics/tt_ws/src/tese_ws/install/scout_nav2_gz/share/scout_nav2_gz/models/ale/materials
-- Installing: /home/rics/tt_ws/src/tese_ws/install/scout_nav2_gz/share/scout_nav2_gz/models/ale/materials/textures
-- Installing: /home/rics/tt_ws/src/tese_ws/install/scout_nav2_gz/share/scout_nav2_gz/models/ale/materials/textures/beerbottle_blinn_baseColor.png
-- Installing: /home/rics/tt_ws/src/tese_ws/install/scout_nav2_gz/share/scout_nav2_gz/models/ale/model.sdf
-- Installing: /home/rics/tt_ws/src/tese_ws/install/scout_nav2_gz/share/scout_nav2_gz/models/ale/meshes
-- Installing: /home/rics/tt_ws/src/tese_ws/install/scout_nav2_gz/share/scout_nav2_gz/models/ale/meshes/ale.dae
-- Installing: /home/rics/tt_ws/src/tese_ws/install/scout_nav2_gz/share/scout_nav2_gz/models/TurtlebotArena
-- Installing: /home/rics/tt_ws/src/tese_ws/install/scout_nav2_gz/share/scout_nav2_gz/models/TurtlebotArena/model.config
-- Installing: /home/rics/tt_ws/src/tese_ws/install/scout_nav2_gz/share/scout_nav2_gz/models/TurtlebotArena/model.sdf
-- Installing: /home/rics/tt_ws/src/tese_ws/install/scout_nav2_gz/share/scout_nav2_gz/models/TurtlebotArena/meshes
-- Installing: /home/rics/tt_ws/src/tese_ws/install/scout_nav2_gz/share/scout_nav2_gz/models/TurtlebotArena/meshes/wall.dae
-- Installing: /home/rics/tt_ws/src/tese_ws/install/scout_nav2_gz/share/scout_nav2_gz/models/TurtlebotArena/meshes/hexagon.dae
-- Installing: /home/rics/tt_ws/src/tese_ws/install/scout_nav2_gz/share/scout_nav2_gz/models/maize_01
-- Installing: /home/rics/tt_ws/src/tese_ws/install/scout_nav2_gz/share/scout_nav2_gz/models/maize_01/model.config
-- Installing: /home/rics/tt_ws/src/tese_ws/install/scout_nav2_gz/share/scout_nav2_gz/models/maize_01/materials
-- Installing: /home/rics/tt_ws/src/tese_ws/install/scout_nav2_gz/share/scout_nav2_gz/models/maize_01/materials/textures
-- Installing: /home/rics/tt_ws/src/tese_ws/install/scout_nav2_gz/share/scout_nav2_gz/models/maize_01/materials/textures/maize_01.png
-- Installing: /home/rics/tt_ws/src/tese_ws/install/scout_nav2_gz/share/scout_nav2_gz/models/maize_01/model.sdf
-- Installing: /home/rics/tt_ws/src/tese_ws/install/scout_nav2_gz/share/scout_nav2_gz/models/maize_01/meshes
-- Installing: /home/rics/tt_ws/src/tese_ws/install/scout_nav2_gz/share/scout_nav2_gz/models/maize_01/meshes/maize_01.dae
-- Installing: /home/rics/tt_ws/src/tese_ws/install/scout_nav2_gz/share/scout_nav2_gz/models/location_marker_a
-- Installing: /home/rics/tt_ws/src/tese_ws/install/scout_nav2_gz/share/scout_nav2_gz/models/location_marker_a/model.config
-- Installing: /home/rics/tt_ws/src/tese_ws/install/scout_nav2_gz/share/scout_nav2_gz/models/location_marker_a/materials
-- Installing: /home/rics/tt_ws/src/tese_ws/install/scout_nav2_gz/share/scout_nav2_gz/models/location_marker_a/materials/textures
-- Installing: /home/rics/tt_ws/src/tese_ws/install/scout_nav2_gz/share/scout_nav2_gz/models/location_marker_a/materials/textures/location_marker_a.png
-- Installing: /home/rics/tt_ws/src/tese_ws/install/scout_nav2_gz/share/scout_nav2_gz/models/location_marker_a/materials/textures/fre_logo.png
-- Installing: /home/rics/tt_ws/src/tese_ws/install/scout_nav2_gz/share/scout_nav2_gz/models/location_marker_a/model.sdf
-- Installing: /home/rics/tt_ws/src/tese_ws/install/scout_nav2_gz/share/scout_nav2_gz/models/location_marker_a/meshes
-- Installing: /home/rics/tt_ws/src/tese_ws/install/scout_nav2_gz/share/scout_nav2_gz/models/location_marker_a/meshes/location_marker_a.dae
-- Installing: /home/rics/tt_ws/src/tese_ws/install/scout_nav2_gz/share/scout_nav2_gz/models/office_env_w 2
-- Installing: /home/rics/tt_ws/src/tese_ws/install/scout_nav2_gz/share/scout_nav2_gz/models/office_env_w 2/model.config
-- Installing: /home/rics/tt_ws/src/tese_ws/install/scout_nav2_gz/share/scout_nav2_gz/models/office_env_w 2/materials
-- Installing: /home/rics/tt_ws/src/tese_ws/install/scout_nav2_gz/share/scout_nav2_gz/models/office_env_w 2/materials/textures
-- Installing: /home/rics/tt_ws/src/tese_ws/install/scout_nav2_gz/share/scout_nav2_gz/models/office_env_w 2/materials/textures/wall_color_white.jpg
-- Installing: /home/rics/tt_ws/src/tese_ws/install/scout_nav2_gz/share/scout_nav2_gz/models/office_env_w 2/model.sdf
-- Installing: /home/rics/tt_ws/src/tese_ws/install/scout_nav2_gz/share/scout_nav2_gz/models/yellow_bin
-- Installing: /home/rics/tt_ws/src/tese_ws/install/scout_nav2_gz/share/scout_nav2_gz/models/yellow_bin/model.config
-- Installing: /home/rics/tt_ws/src/tese_ws/install/scout_nav2_gz/share/scout_nav2_gz/models/yellow_bin/model.sdf
-- Installing: /home/rics/tt_ws/src/tese_ws/install/scout_nav2_gz/share/scout_nav2_gz/models/yellow_bin/meshes
-- Installing: /home/rics/tt_ws/src/tese_ws/install/scout_nav2_gz/share/scout_nav2_gz/models/yellow_bin/meshes/green_cylinder.stl
-- Installing: /home/rics/tt_ws/src/tese_ws/install/scout_nav2_gz/share/scout_nav2_gz/models/retro_pepsi_can
-- Installing: /home/rics/tt_ws/src/tese_ws/install/scout_nav2_gz/share/scout_nav2_gz/models/retro_pepsi_can/model.config
-- Installing: /home/rics/tt_ws/src/tese_ws/install/scout_nav2_gz/share/scout_nav2_gz/models/retro_pepsi_can/materials
-- Installing: /home/rics/tt_ws/src/tese_ws/install/scout_nav2_gz/share/scout_nav2_gz/models/retro_pepsi_can/materials/textures
-- Installing: /home/rics/tt_ws/src/tese_ws/install/scout_nav2_gz/share/scout_nav2_gz/models/retro_pepsi_can/materials/textures/retro_pepsi_can.png
-- Installing: /home/rics/tt_ws/src/tese_ws/install/scout_nav2_gz/share/scout_nav2_gz/models/retro_pepsi_can/model.sdf
-- Installing: /home/rics/tt_ws/src/tese_ws/install/scout_nav2_gz/share/scout_nav2_gz/models/retro_pepsi_can/meshes
-- Installing: /home/rics/tt_ws/src/tese_ws/install/scout_nav2_gz/share/scout_nav2_gz/models/retro_pepsi_can/meshes/retro_pepsi_can.dae
-- Installing: /home/rics/tt_ws/src/tese_ws/install/scout_nav2_gz/share/scout_nav2_gz/models/puddle_medium
-- Installing: /home/rics/tt_ws/src/tese_ws/install/scout_nav2_gz/share/scout_nav2_gz/models/puddle_medium/model.config
-- Installing: /home/rics/tt_ws/src/tese_ws/install/scout_nav2_gz/share/scout_nav2_gz/models/puddle_medium/puddle_medium.dae
-- Installing: /home/rics/tt_ws/src/tese_ws/install/scout_nav2_gz/share/scout_nav2_gz/models/puddle_medium/model.sdf
-- Installing: /home/rics/tt_ws/src/tese_ws/install/scout_nav2_gz/share/scout_nav2_gz/models/neobotix_wall
-- Installing: /home/rics/tt_ws/src/tese_ws/install/scout_nav2_gz/share/scout_nav2_gz/models/neobotix_wall/model.config
-- Installing: /home/rics/tt_ws/src/tese_ws/install/scout_nav2_gz/share/scout_nav2_gz/models/neobotix_wall/model.sdf
-- Installing: /home/rics/tt_ws/src/tese_ws/install/scout_nav2_gz/share/scout_nav2_gz/models/neobotix_wall/meshes
-- Installing: /home/rics/tt_ws/src/tese_ws/install/scout_nav2_gz/share/scout_nav2_gz/models/neobotix_wall/meshes/Videopräsentation_ROX-HG-1b.png.001.png
-- Installing: /home/rics/tt_ws/src/tese_ws/install/scout_nav2_gz/share/scout_nav2_gz/models/neobotix_wall/meshes/Videopräsentation_ROX-HG-1b.png
-- Installing: /home/rics/tt_ws/src/tese_ws/install/scout_nav2_gz/share/scout_nav2_gz/models/neobotix_wall/meshes/model.dae
-- Installing: /home/rics/tt_ws/src/tese_ws/install/scout_nav2_gz/share/scout_nav2_gz/models/indoor_no_doors_2
-- Installing: /home/rics/tt_ws/src/tese_ws/install/scout_nav2_gz/share/scout_nav2_gz/models/indoor_no_doors_2/model.config
-- Installing: /home/rics/tt_ws/src/tese_ws/install/scout_nav2_gz/share/scout_nav2_gz/models/indoor_no_doors_2/indoor_2.world
-- Installing: /home/rics/tt_ws/src/tese_ws/install/scout_nav2_gz/share/scout_nav2_gz/models/indoor_no_doors_2/model.sdf
-- Installing: /home/rics/tt_ws/src/tese_ws/install/scout_nav2_gz/share/scout_nav2_gz/models/maize_02
-- Installing: /home/rics/tt_ws/src/tese_ws/install/scout_nav2_gz/share/scout_nav2_gz/models/maize_02/model.config
-- Installing: /home/rics/tt_ws/src/tese_ws/install/scout_nav2_gz/share/scout_nav2_gz/models/maize_02/materials
-- Installing: /home/rics/tt_ws/src/tese_ws/install/scout_nav2_gz/share/scout_nav2_gz/models/maize_02/materials/textures
-- Installing: /home/rics/tt_ws/src/tese_ws/install/scout_nav2_gz/share/scout_nav2_gz/models/maize_02/materials/textures/maize_02.png
-- Installing: /home/rics/tt_ws/src/tese_ws/install/scout_nav2_gz/share/scout_nav2_gz/models/maize_02/model.sdf
-- Installing: /home/rics/tt_ws/src/tese_ws/install/scout_nav2_gz/share/scout_nav2_gz/models/maize_02/meshes
-- Installing: /home/rics/tt_ws/src/tese_ws/install/scout_nav2_gz/share/scout_nav2_gz/models/maize_02/meshes/maize_02.dae
-- Installing: /home/rics/tt_ws/src/tese_ws/install/scout_nav2_gz/share/scout_nav2_gz/models/stone_01
-- Installing: /home/rics/tt_ws/src/tese_ws/install/scout_nav2_gz/share/scout_nav2_gz/models/stone_01/model.config
-- Installing: /home/rics/tt_ws/src/tese_ws/install/scout_nav2_gz/share/scout_nav2_gz/models/stone_01/materials
-- Installing: /home/rics/tt_ws/src/tese_ws/install/scout_nav2_gz/share/scout_nav2_gz/models/stone_01/materials/textures
-- Installing: /home/rics/tt_ws/src/tese_ws/install/scout_nav2_gz/share/scout_nav2_gz/models/stone_01/materials/textures/stone_01_occlusion.jpg
-- Installing: /home/rics/tt_ws/src/tese_ws/install/scout_nav2_gz/share/scout_nav2_gz/models/stone_01/materials/textures/stone_01_normal.jpg
-- Installing: /home/rics/tt_ws/src/tese_ws/install/scout_nav2_gz/share/scout_nav2_gz/models/stone_01/materials/textures/stone_01.jpg
-- Installing: /home/rics/tt_ws/src/tese_ws/install/scout_nav2_gz/share/scout_nav2_gz/models/stone_01/model.sdf
-- Installing: /home/rics/tt_ws/src/tese_ws/install/scout_nav2_gz/share/scout_nav2_gz/models/stone_01/meshes
-- Installing: /home/rics/tt_ws/src/tese_ws/install/scout_nav2_gz/share/scout_nav2_gz/models/stone_01/meshes/stone_01.dae
-- Installing: /home/rics/tt_ws/src/tese_ws/install/scout_nav2_gz/share/scout_nav2_gz/meshes
-- Installing: /home/rics/tt_ws/src/tese_ws/install/scout_nav2_gz/share/scout_nav2_gz/meshes/scout_v2
-- Installing: /home/rics/tt_ws/src/tese_ws/install/scout_nav2_gz/share/scout_nav2_gz/meshes/scout_v2/base_link.dae
-- Installing: /home/rics/tt_ws/src/tese_ws/install/scout_nav2_gz/share/scout_nav2_gz/meshes/scout_v2/base_link_full.dae
-- Installing: /home/rics/tt_ws/src/tese_ws/install/scout_nav2_gz/share/scout_nav2_gz/meshes/scout_v2/wheel_type2.dae
-- Installing: /home/rics/tt_ws/src/tese_ws/install/scout_nav2_gz/share/scout_nav2_gz/meshes/scout_v2/hokuyo.dae
-- Installing: /home/rics/tt_ws/src/tese_ws/install/scout_nav2_gz/share/scout_nav2_gz/meshes/scout_v2/wheel_type1.dae
-- Installing: /home/rics/tt_ws/src/tese_ws/install/scout_nav2_gz/share/scout_nav2_gz/meshes/scout_mini
-- Installing: /home/rics/tt_ws/src/tese_ws/install/scout_nav2_gz/share/scout_nav2_gz/meshes/scout_mini/mini_wheel.dae
-- Installing: /home/rics/tt_ws/src/tese_ws/install/scout_nav2_gz/share/scout_nav2_gz/meshes/scout_mini/mini_base_link.dae
-- Installing: /home/rics/tt_ws/src/tese_ws/install/scout_nav2_gz/share/scout_nav2_gz/urdf
-- Installing: /home/rics/tt_ws/src/tese_ws/install/scout_nav2_gz/share/scout_nav2_gz/urdf/scout_v2
-- Installing: /home/rics/tt_ws/src/tese_ws/install/scout_nav2_gz/share/scout_nav2_gz/urdf/scout_v2/scout_v2_trailer.xacro
-- Installing: /home/rics/tt_ws/src/tese_ws/install/scout_nav2_gz/share/scout_nav2_gz/urdf/scout_v2/scout_v2.xacro
-- Installing: /home/rics/tt_ws/src/tese_ws/install/scout_nav2_gz/share/scout_nav2_gz/urdf/scout_v2/generate_urdf.sh
-- Installing: /home/rics/tt_ws/src/tese_ws/install/scout_nav2_gz/share/scout_nav2_gz/urdf/scout_v2/scout_wheel_type2.xacro
-- Installing: /home/rics/tt_ws/src/tese_ws/install/scout_nav2_gz/share/scout_nav2_gz/urdf/scout_v2/scout_wheel_type1.xacro
-- Installing: /home/rics/tt_ws/src/tese_ws/install/scout_nav2_gz/share/scout_nav2_gz/urdf/scout_v2/scout_v2.urdf
-- Installing: /home/rics/tt_ws/src/tese_ws/install/scout_nav2_gz/share/scout_nav2_gz/urdf/scout_v2/scout_v2_optimized.xacro
-- Installing: /home/rics/tt_ws/src/tese_ws/install/scout_nav2_gz/share/scout_nav2_gz/urdf/scout_mini
-- Installing: /home/rics/tt_ws/src/tese_ws/install/scout_nav2_gz/share/scout_nav2_gz/urdf/scout_mini/scout_mini_wheel.xacro
-- Installing: /home/rics/tt_ws/src/tese_ws/install/scout_nav2_gz/share/scout_nav2_gz/urdf/scout_mini/scout_mini.urdf
-- Installing: /home/rics/tt_ws/src/tese_ws/install/scout_nav2_gz/share/scout_nav2_gz/urdf/scout_mini/scout_mini.xacro
-- Installing: /home/rics/tt_ws/src/tese_ws/install/scout_nav2_gz/lib/scout_nav2_gz/reach_goal.py
-- Installing: /home/rics/tt_ws/src/tese_ws/install/scout_nav2_gz/lib/scout_nav2_gz/follow_waypoints.py
-- Installing: /home/rics/tt_ws/src/tese_ws/install/scout_nav2_gz/lib/scout_nav2_gz/test_pub_hitch.py
-- Installing: /home/rics/tt_ws/src/tese_ws/install/scout_nav2_gz/share/ament_index/resource_index/package_run_dependencies/scout_nav2_gz
-- Installing: /home/rics/tt_ws/src/tese_ws/install/scout_nav2_gz/share/ament_index/resource_index/parent_prefix_path/scout_nav2_gz
-- Installing: /home/rics/tt_ws/src/tese_ws/install/scout_nav2_gz/share/scout_nav2_gz/environment/ament_prefix_path.sh
-- Installing: /home/rics/tt_ws/src/tese_ws/install/scout_nav2_gz/share/scout_nav2_gz/environment/ament_prefix_path.dsv
-- Installing: /home/rics/tt_ws/src/tese_ws/install/scout_nav2_gz/share/scout_nav2_gz/environment/path.sh
-- Installing: /home/rics/tt_ws/src/tese_ws/install/scout_nav2_gz/share/scout_nav2_gz/environment/path.dsv
-- Installing: /home/rics/tt_ws/src/tese_ws/install/scout_nav2_gz/share/scout_nav2_gz/local_setup.bash
-- Installing: /home/rics/tt_ws/src/tese_ws/install/scout_nav2_gz/share/scout_nav2_gz/local_setup.sh
-- Installing: /home/rics/tt_ws/src/tese_ws/install/scout_nav2_gz/share/scout_nav2_gz/local_setup.zsh
-- Installing: /home/rics/tt_ws/src/tese_ws/install/scout_nav2_gz/share/scout_nav2_gz/local_setup.dsv
-- Installing: /home/rics/tt_ws/src/tese_ws/install/scout_nav2_gz/share/scout_nav2_gz/package.dsv
-- Installing: /home/rics/tt_ws/src/tese_ws/install/scout_nav2_gz/share/ament_index/resource_index/packages/scout_nav2_gz
-- Installing: /home/rics/tt_ws/src/tese_ws/install/scout_nav2_gz/share/scout_nav2_gz/cmake/scout_nav2_gzConfig.cmake
-- Installing: /home/rics/tt_ws/src/tese_ws/install/scout_nav2_gz/share/scout_nav2_gz/cmake/scout_nav2_gzConfig-version.cmake
-- Installing: /home/rics/tt_ws/src/tese_ws/install/scout_nav2_gz/share/scout_nav2_gz/package.xml
