[0.036s] Invoking command in '/home/rics/tt_ws/src/tese_ws/build/scout_nav2_gz': CMAKE_PREFIX_PATH=${CMAKE_PREFIX_PATH}:/opt/ros/humble /usr/bin/cmake /home/rics/tt_ws/src/tese_ws/scout_nav2_gz -DCMAKE_INSTALL_PREFIX=/home/rics/tt_ws/src/tese_ws/install/scout_nav2_gz
[0.076s] -- The C compiler identification is GNU 11.4.0
[0.119s] -- The CXX compiler identification is GNU 11.4.0
[0.125s] -- Detecting C compiler ABI info
[0.177s] -- Detecting C compiler ABI info - done
[0.182s] -- Check for working C compiler: /usr/bin/cc - skipped
[0.183s] -- Detecting C compile features
[0.184s] -- Detecting C compile features - done
[0.185s] -- Detecting CXX compiler ABI info
[0.248s] -- Detecting CXX compiler ABI info - done
[0.254s] -- Check for working CXX compiler: /usr/bin/c++ - skipped
[0.254s] -- Detecting CXX compile features
[0.255s] -- Detecting CXX compile features - done
[0.257s] -- Found ament_cmake: 1.3.11 (/opt/ros/humble/share/ament_cmake/cmake)
[0.379s] -- Found Python3: /usr/bin/python3 (found version "3.10.12") found components: Interpreter 
[0.457s] -- Found xacro: 2.0.8 (/opt/ros/humble/share/xacro/cmake)
[0.459s] -- Found rclpy: 3.3.15 (/opt/ros/humble/share/rclpy/cmake)
[0.461s] -- Found ament_lint_auto: 0.12.11 (/opt/ros/humble/share/ament_lint_auto/cmake)
[0.541s] -- Added test 'copyright' to check source files copyright and LICENSE
[0.583s] -- Added test 'flake8' to check Python code syntax and style conventions
[0.587s] -- Added test 'lint_cmake' to check CMake code style
[0.591s] -- Added test 'pep257' to check Python code against some of the docstring style conventions in PEP 257
[0.613s] -- Added test 'xmllint' to check XML markup files
[0.614s] -- Configuring done
[0.618s] -- Generating done
[0.619s] -- Build files have been written to: /home/rics/tt_ws/src/tese_ws/build/scout_nav2_gz
[0.621s] Invoked command in '/home/rics/tt_ws/src/tese_ws/build/scout_nav2_gz' returned '0': CMAKE_PREFIX_PATH=${CMAKE_PREFIX_PATH}:/opt/ros/humble /usr/bin/cmake /home/rics/tt_ws/src/tese_ws/scout_nav2_gz -DCMAKE_INSTALL_PREFIX=/home/rics/tt_ws/src/tese_ws/install/scout_nav2_gz
[0.622s] Invoking command in '/home/rics/tt_ws/src/tese_ws/build/scout_nav2_gz': CMAKE_PREFIX_PATH=${CMAKE_PREFIX_PATH}:/opt/ros/humble /usr/bin/cmake --build /home/rics/tt_ws/src/tese_ws/build/scout_nav2_gz -- -j8 -l8
[0.652s] Invoked command in '/home/rics/tt_ws/src/tese_ws/build/scout_nav2_gz' returned '0': CMAKE_PREFIX_PATH=${CMAKE_PREFIX_PATH}:/opt/ros/humble /usr/bin/cmake --build /home/rics/tt_ws/src/tese_ws/build/scout_nav2_gz -- -j8 -l8
[0.653s] Invoking command in '/home/rics/tt_ws/src/tese_ws/build/scout_nav2_gz': CMAKE_PREFIX_PATH=${CMAKE_PREFIX_PATH}:/opt/ros/humble /usr/bin/cmake --install /home/rics/tt_ws/src/tese_ws/build/scout_nav2_gz
[0.658s] -- Install configuration: ""
[0.658s] -- Installing: /home/rics/tt_ws/src/tese_ws/install/scout_nav2_gz/share/scout_nav2_gz/scripts
[0.658s] -- Installing: /home/rics/tt_ws/src/tese_ws/install/scout_nav2_gz/share/scout_nav2_gz/scripts/test_pub_hitch.py
[0.659s] -- Installing: /home/rics/tt_ws/src/tese_ws/install/scout_nav2_gz/share/scout_nav2_gz/scripts/reach_goal.py
[0.659s] -- Installing: /home/rics/tt_ws/src/tese_ws/install/scout_nav2_gz/share/scout_nav2_gz/scripts/follow_waypoints.py
[0.659s] -- Installing: /home/rics/tt_ws/src/tese_ws/install/scout_nav2_gz/share/scout_nav2_gz/scripts/__init__.py
[0.659s] -- Installing: /home/rics/tt_ws/src/tese_ws/install/scout_nav2_gz/share/scout_nav2_gz/launch
[0.659s] -- Installing: /home/rics/tt_ws/src/tese_ws/install/scout_nav2_gz/share/scout_nav2_gz/launch/gps_waypoint_follower.launch.py
[0.659s] -- Installing: /home/rics/tt_ws/src/tese_ws/install/scout_nav2_gz/share/scout_nav2_gz/launch/gazebo_gps_world.launch.py
[0.659s] -- Installing: /home/rics/tt_ws/src/tese_ws/install/scout_nav2_gz/share/scout_nav2_gz/launch/display.launch.py
[0.659s] -- Installing: /home/rics/tt_ws/src/tese_ws/install/scout_nav2_gz/share/scout_nav2_gz/launch/mapviz.launch.py
[0.659s] -- Installing: /home/rics/tt_ws/src/tese_ws/install/scout_nav2_gz/share/scout_nav2_gz/launch/dual_ekf_navsat.launch.py
[0.659s] -- Installing: /home/rics/tt_ws/src/tese_ws/install/scout_nav2_gz/share/scout_nav2_gz/launch/complete_navigation.launch.py
[0.659s] -- Installing: /home/rics/tt_ws/src/tese_ws/install/scout_nav2_gz/share/scout_nav2_gz/rviz
[0.660s] -- Installing: /home/rics/tt_ws/src/tese_ws/install/scout_nav2_gz/share/scout_nav2_gz/rviz/urdf_config.rviz
[0.660s] -- Installing: /home/rics/tt_ws/src/tese_ws/install/scout_nav2_gz/share/scout_nav2_gz/rviz/navigation_config.rviz
[0.660s] -- Installing: /home/rics/tt_ws/src/tese_ws/install/scout_nav2_gz/share/scout_nav2_gz/config
[0.660s] -- Installing: /home/rics/tt_ws/src/tese_ws/install/scout_nav2_gz/share/scout_nav2_gz/config/ekf.yaml
[0.660s] -- Installing: /home/rics/tt_ws/src/tese_ws/install/scout_nav2_gz/share/scout_nav2_gz/config/nav2_params.yaml
[0.660s] -- Installing: /home/rics/tt_ws/src/tese_ws/install/scout_nav2_gz/share/scout_nav2_gz/config/nav2_params_backported.yaml
[0.660s] -- Installing: /home/rics/tt_ws/src/tese_ws/install/scout_nav2_gz/share/scout_nav2_gz/config/diff_drive_controller_velocity.yaml
[0.660s] -- Installing: /home/rics/tt_ws/src/tese_ws/install/scout_nav2_gz/share/scout_nav2_gz/config/demo_waypoints.yaml
[0.660s] -- Installing: /home/rics/tt_ws/src/tese_ws/install/scout_nav2_gz/share/scout_nav2_gz/config/nav2_no_map_params_backported.yaml
[0.660s] -- Installing: /home/rics/tt_ws/src/tese_ws/install/scout_nav2_gz/share/scout_nav2_gz/config/ekf_new.yaml
[0.660s] -- Installing: /home/rics/tt_ws/src/tese_ws/install/scout_nav2_gz/share/scout_nav2_gz/config/dual_ekf_navsat_params.yaml
[0.661s] -- Installing: /home/rics/tt_ws/src/tese_ws/install/scout_nav2_gz/share/scout_nav2_gz/config/gps_wpf_demo.mvc
[0.661s] -- Installing: /home/rics/tt_ws/src/tese_ws/install/scout_nav2_gz/share/scout_nav2_gz/config/nav2_no_map_params.yaml
[0.661s] -- Installing: /home/rics/tt_ws/src/tese_ws/install/scout_nav2_gz/share/scout_nav2_gz/config/nav2_params_default.yaml
[0.661s] -- Installing: /home/rics/tt_ws/src/tese_ws/install/scout_nav2_gz/share/scout_nav2_gz/world
[0.661s] -- Installing: /home/rics/tt_ws/src/tese_ws/install/scout_nav2_gz/share/scout_nav2_gz/world/edifice.sdf
[0.661s] -- Installing: /home/rics/tt_ws/src/tese_ws/install/scout_nav2_gz/share/scout_nav2_gz/world/ign_indoor
[0.661s] -- Installing: /home/rics/tt_ws/src/tese_ws/install/scout_nav2_gz/share/scout_nav2_gz/world/ign_indoor/ign_indoor_test.sdf
[0.661s] -- Installing: /home/rics/tt_ws/src/tese_ws/install/scout_nav2_gz/share/scout_nav2_gz/world/ign_indoor/ign_indoor.sdf
[0.661s] -- Installing: /home/rics/tt_ws/src/tese_ws/install/scout_nav2_gz/share/scout_nav2_gz/world/ign_indoor/ign_indoor_contacts.sdf
[0.661s] -- Installing: /home/rics/tt_ws/src/tese_ws/install/scout_nav2_gz/share/scout_nav2_gz/world/ign_indoor/models
[0.661s] -- Installing: /home/rics/tt_ws/src/tese_ws/install/scout_nav2_gz/share/scout_nav2_gz/world/ign_indoor/models/ramp_1
[0.661s] -- Installing: /home/rics/tt_ws/src/tese_ws/install/scout_nav2_gz/share/scout_nav2_gz/world/ign_indoor/models/ramp_1/ramp_015.dae
[0.661s] -- Installing: /home/rics/tt_ws/src/tese_ws/install/scout_nav2_gz/share/scout_nav2_gz/world/ign_indoor/models/ramp_1/ramp_025.dae
[0.661s] -- Installing: /home/rics/tt_ws/src/tese_ws/install/scout_nav2_gz/share/scout_nav2_gz/world/ign_indoor/models/ramp_1/model.config
[0.662s] -- Installing: /home/rics/tt_ws/src/tese_ws/install/scout_nav2_gz/share/scout_nav2_gz/world/ign_indoor/models/ramp_1/model.sdf
[0.662s] -- Installing: /home/rics/tt_ws/src/tese_ws/install/scout_nav2_gz/share/scout_nav2_gz/world/ign_indoor/models/2
[0.662s] -- Installing: /home/rics/tt_ws/src/tese_ws/install/scout_nav2_gz/share/scout_nav2_gz/world/ign_indoor/models/2/thumbnails
[0.662s] -- Installing: /home/rics/tt_ws/src/tese_ws/install/scout_nav2_gz/share/scout_nav2_gz/world/ign_indoor/models/2/thumbnails/3.png
[0.662s] -- Installing: /home/rics/tt_ws/src/tese_ws/install/scout_nav2_gz/share/scout_nav2_gz/world/ign_indoor/models/2/thumbnails/1.png
[0.663s] -- Installing: /home/rics/tt_ws/src/tese_ws/install/scout_nav2_gz/share/scout_nav2_gz/world/ign_indoor/models/2/thumbnails/4.png
[0.663s] -- Installing: /home/rics/tt_ws/src/tese_ws/install/scout_nav2_gz/share/scout_nav2_gz/world/ign_indoor/models/2/thumbnails/2.png
[0.664s] -- Installing: /home/rics/tt_ws/src/tese_ws/install/scout_nav2_gz/share/scout_nav2_gz/world/ign_indoor/models/2/thumbnails/5.png
[0.664s] -- Installing: /home/rics/tt_ws/src/tese_ws/install/scout_nav2_gz/share/scout_nav2_gz/world/ign_indoor/models/2/model.config
[0.664s] -- Installing: /home/rics/tt_ws/src/tese_ws/install/scout_nav2_gz/share/scout_nav2_gz/world/ign_indoor/models/2/model.sdf
[0.664s] -- Installing: /home/rics/tt_ws/src/tese_ws/install/scout_nav2_gz/share/scout_nav2_gz/world/ign_indoor/models/2/meshes
[0.664s] -- Installing: /home/rics/tt_ws/src/tese_ws/install/scout_nav2_gz/share/scout_nav2_gz/world/ign_indoor/models/2/meshes/FoodCourtTable1_Col.obj
[0.664s] -- Installing: /home/rics/tt_ws/src/tese_ws/install/scout_nav2_gz/share/scout_nav2_gz/world/ign_indoor/models/2/meshes/FoodCourtTable1.obj
[0.664s] -- Installing: /home/rics/tt_ws/src/tese_ws/install/scout_nav2_gz/share/scout_nav2_gz/world/ign_indoor/models/2/meshes/FoodCourtTable1_Metal.png
[0.664s] -- Installing: /home/rics/tt_ws/src/tese_ws/install/scout_nav2_gz/share/scout_nav2_gz/world/ign_indoor/models/2/meshes/FoodCourtTable1_Diffuse.png
[0.664s] -- Installing: /home/rics/tt_ws/src/tese_ws/install/scout_nav2_gz/share/scout_nav2_gz/world/ign_indoor/models/2/meshes/FoodCourtTable1_Col.mtl
[0.664s] -- Installing: /home/rics/tt_ws/src/tese_ws/install/scout_nav2_gz/share/scout_nav2_gz/world/ign_indoor/models/2/meshes/FoodCourtTable1.mtl
[0.664s] -- Installing: /home/rics/tt_ws/src/tese_ws/install/scout_nav2_gz/share/scout_nav2_gz/world/ign_indoor/models/2/meshes/FoodCourtTable1_Normal.png
[0.665s] -- Installing: /home/rics/tt_ws/src/tese_ws/install/scout_nav2_gz/share/scout_nav2_gz/world/ign_indoor/models/2/meshes/FoodCourtTable1_Rough.png
[0.665s] -- Installing: /home/rics/tt_ws/src/tese_ws/install/scout_nav2_gz/share/scout_nav2_gz/world/ign_indoor/models/speed_bump_2
[0.665s] -- Installing: /home/rics/tt_ws/src/tese_ws/install/scout_nav2_gz/share/scout_nav2_gz/world/ign_indoor/models/speed_bump_2/Bump_2_short.dae
[0.665s] -- Installing: /home/rics/tt_ws/src/tese_ws/install/scout_nav2_gz/share/scout_nav2_gz/world/ign_indoor/models/speed_bump_2/bump_2.dae
[0.665s] -- Installing: /home/rics/tt_ws/src/tese_ws/install/scout_nav2_gz/share/scout_nav2_gz/world/ign_indoor/models/speed_bump_2/model.config
[0.665s] -- Installing: /home/rics/tt_ws/src/tese_ws/install/scout_nav2_gz/share/scout_nav2_gz/world/ign_indoor/models/speed_bump_2/bump_2
[0.665s] -- Installing: /home/rics/tt_ws/src/tese_ws/install/scout_nav2_gz/share/scout_nav2_gz/world/ign_indoor/models/speed_bump_2/bump_2/rubbishy_xdigg8.jpg
[0.665s] -- Installing: /home/rics/tt_ws/src/tese_ws/install/scout_nav2_gz/share/scout_nav2_gz/world/ign_indoor/models/speed_bump_2/model.sdf
[0.665s] -- Installing: /home/rics/tt_ws/src/tese_ws/install/scout_nav2_gz/share/scout_nav2_gz/world/ign_indoor/models/speed_bump_3
[0.665s] -- Installing: /home/rics/tt_ws/src/tese_ws/install/scout_nav2_gz/share/scout_nav2_gz/world/ign_indoor/models/speed_bump_3/bump_3
[0.665s] -- Installing: /home/rics/tt_ws/src/tese_ws/install/scout_nav2_gz/share/scout_nav2_gz/world/ign_indoor/models/speed_bump_3/bump_3/rubbishy_xdigg9.jpg
[0.665s] -- Installing: /home/rics/tt_ws/src/tese_ws/install/scout_nav2_gz/share/scout_nav2_gz/world/ign_indoor/models/speed_bump_3/bump_3.dae
[0.665s] -- Installing: /home/rics/tt_ws/src/tese_ws/install/scout_nav2_gz/share/scout_nav2_gz/world/ign_indoor/models/speed_bump_3/model.config
[0.665s] -- Installing: /home/rics/tt_ws/src/tese_ws/install/scout_nav2_gz/share/scout_nav2_gz/world/ign_indoor/models/speed_bump_3/model.sdf
[0.665s] -- Installing: /home/rics/tt_ws/src/tese_ws/install/scout_nav2_gz/share/scout_nav2_gz/world/ign_indoor/models/speed_bump_3/Bump_3_short.dae
[0.666s] -- Installing: /home/rics/tt_ws/src/tese_ws/install/scout_nav2_gz/share/scout_nav2_gz/world/ign_indoor/models/4
[0.666s] -- Installing: /home/rics/tt_ws/src/tese_ws/install/scout_nav2_gz/share/scout_nav2_gz/world/ign_indoor/models/4/thumbnails
[0.666s] -- Installing: /home/rics/tt_ws/src/tese_ws/install/scout_nav2_gz/share/scout_nav2_gz/world/ign_indoor/models/4/thumbnails/3.png
[0.666s] -- Installing: /home/rics/tt_ws/src/tese_ws/install/scout_nav2_gz/share/scout_nav2_gz/world/ign_indoor/models/4/thumbnails/1.png
[0.666s] -- Installing: /home/rics/tt_ws/src/tese_ws/install/scout_nav2_gz/share/scout_nav2_gz/world/ign_indoor/models/4/thumbnails/4.png
[0.666s] -- Installing: /home/rics/tt_ws/src/tese_ws/install/scout_nav2_gz/share/scout_nav2_gz/world/ign_indoor/models/4/thumbnails/2.png
[0.666s] -- Installing: /home/rics/tt_ws/src/tese_ws/install/scout_nav2_gz/share/scout_nav2_gz/world/ign_indoor/models/4/thumbnails/5.png
[0.666s] -- Installing: /home/rics/tt_ws/src/tese_ws/install/scout_nav2_gz/share/scout_nav2_gz/world/ign_indoor/models/4/model.config
[0.666s] -- Installing: /home/rics/tt_ws/src/tese_ws/install/scout_nav2_gz/share/scout_nav2_gz/world/ign_indoor/models/4/materials
[0.666s] -- Installing: /home/rics/tt_ws/src/tese_ws/install/scout_nav2_gz/share/scout_nav2_gz/world/ign_indoor/models/4/materials/textures
[0.666s] -- Installing: /home/rics/tt_ws/src/tese_ws/install/scout_nav2_gz/share/scout_nav2_gz/world/ign_indoor/models/4/materials/textures/brown_eye.png
[0.666s] -- Installing: /home/rics/tt_ws/src/tese_ws/install/scout_nav2_gz/share/scout_nav2_gz/world/ign_indoor/models/4/materials/textures/female_casualsuit01_diffuse.png
[0.668s] -- Installing: /home/rics/tt_ws/src/tese_ws/install/scout_nav2_gz/share/scout_nav2_gz/world/ign_indoor/models/4/materials/textures/ponytail01_diffuse.png
[0.671s] -- Installing: /home/rics/tt_ws/src/tese_ws/install/scout_nav2_gz/share/scout_nav2_gz/world/ign_indoor/models/4/materials/textures/female_casualsuit01_normal.png
[0.675s] -- Installing: /home/rics/tt_ws/src/tese_ws/install/scout_nav2_gz/share/scout_nav2_gz/world/ign_indoor/models/4/materials/textures/female_casualsuit02_normal.png
[0.676s] -- Installing: /home/rics/tt_ws/src/tese_ws/install/scout_nav2_gz/share/scout_nav2_gz/world/ign_indoor/models/4/materials/textures/tongue01_diffuse.png
[0.676s] -- Installing: /home/rics/tt_ws/src/tese_ws/install/scout_nav2_gz/share/scout_nav2_gz/world/ign_indoor/models/4/materials/textures/eyebrow002.png
[0.676s] -- Installing: /home/rics/tt_ws/src/tese_ws/install/scout_nav2_gz/share/scout_nav2_gz/world/ign_indoor/models/4/materials/textures/female_casualsuit02_diffuse.png
[0.680s] -- Installing: /home/rics/tt_ws/src/tese_ws/install/scout_nav2_gz/share/scout_nav2_gz/world/ign_indoor/models/4/materials/textures/eyelashes01.png
[0.680s] -- Installing: /home/rics/tt_ws/src/tese_ws/install/scout_nav2_gz/share/scout_nav2_gz/world/ign_indoor/models/4/materials/textures/casual_female.png
[0.680s] -- Installing: /home/rics/tt_ws/src/tese_ws/install/scout_nav2_gz/share/scout_nav2_gz/world/ign_indoor/models/4/materials/textures/shoes05_diffuse.png
[0.681s] -- Installing: /home/rics/tt_ws/src/tese_ws/install/scout_nav2_gz/share/scout_nav2_gz/world/ign_indoor/models/4/materials/textures/young_lightskinned_female_diffuse.png
[0.684s] -- Installing: /home/rics/tt_ws/src/tese_ws/install/scout_nav2_gz/share/scout_nav2_gz/world/ign_indoor/models/4/model.sdf
[0.684s] -- Installing: /home/rics/tt_ws/src/tese_ws/install/scout_nav2_gz/share/scout_nav2_gz/world/ign_indoor/models/4/meshes
[0.684s] -- Installing: /home/rics/tt_ws/src/tese_ws/install/scout_nav2_gz/share/scout_nav2_gz/world/ign_indoor/models/4/meshes/casual_female.dae
[0.687s] -- Installing: /home/rics/tt_ws/src/tese_ws/install/scout_nav2_gz/share/scout_nav2_gz/world/ign_indoor/models/ramp_2
[0.687s] -- Installing: /home/rics/tt_ws/src/tese_ws/install/scout_nav2_gz/share/scout_nav2_gz/world/ign_indoor/models/ramp_2/ramp_037.dae
[0.687s] -- Installing: /home/rics/tt_ws/src/tese_ws/install/scout_nav2_gz/share/scout_nav2_gz/world/ign_indoor/models/ramp_2/ramp_020.dae
[0.687s] -- Installing: /home/rics/tt_ws/src/tese_ws/install/scout_nav2_gz/share/scout_nav2_gz/world/ign_indoor/models/ramp_2/model.config
[0.687s] -- Installing: /home/rics/tt_ws/src/tese_ws/install/scout_nav2_gz/share/scout_nav2_gz/world/ign_indoor/models/ramp_2/model.sdf
[0.687s] -- Installing: /home/rics/tt_ws/src/tese_ws/install/scout_nav2_gz/share/scout_nav2_gz/world/ign_indoor/models/speed_bump_1_short
[0.687s] -- Installing: /home/rics/tt_ws/src/tese_ws/install/scout_nav2_gz/share/scout_nav2_gz/world/ign_indoor/models/speed_bump_1_short/bump_2_060
[0.687s] -- Installing: /home/rics/tt_ws/src/tese_ws/install/scout_nav2_gz/share/scout_nav2_gz/world/ign_indoor/models/speed_bump_1_short/bump_2_060/rubbishy_xdigg10.jpg
[0.687s] -- Installing: /home/rics/tt_ws/src/tese_ws/install/scout_nav2_gz/share/scout_nav2_gz/world/ign_indoor/models/speed_bump_1_short/model.config
[0.687s] -- Installing: /home/rics/tt_ws/src/tese_ws/install/scout_nav2_gz/share/scout_nav2_gz/world/ign_indoor/models/speed_bump_1_short/model.sdf
[0.687s] -- Installing: /home/rics/tt_ws/src/tese_ws/install/scout_nav2_gz/share/scout_nav2_gz/world/ign_indoor/models/speed_bump_1_short/bump_2_060.dae
[0.687s] -- Installing: /home/rics/tt_ws/src/tese_ws/install/scout_nav2_gz/share/scout_nav2_gz/world/ign_indoor/models/speed_bump_3_short
[0.688s] -- Installing: /home/rics/tt_ws/src/tese_ws/install/scout_nav2_gz/share/scout_nav2_gz/world/ign_indoor/models/speed_bump_3_short/bump_3_060.dae
[0.688s] -- Installing: /home/rics/tt_ws/src/tese_ws/install/scout_nav2_gz/share/scout_nav2_gz/world/ign_indoor/models/speed_bump_3_short/model.config
[0.688s] -- Installing: /home/rics/tt_ws/src/tese_ws/install/scout_nav2_gz/share/scout_nav2_gz/world/ign_indoor/models/speed_bump_3_short/bump_3_060
[0.688s] -- Installing: /home/rics/tt_ws/src/tese_ws/install/scout_nav2_gz/share/scout_nav2_gz/world/ign_indoor/models/speed_bump_3_short/bump_3_060/rubbishy_xdigg9.jpg
[0.688s] -- Installing: /home/rics/tt_ws/src/tese_ws/install/scout_nav2_gz/share/scout_nav2_gz/world/ign_indoor/models/speed_bump_3_short/model.sdf
[0.688s] -- Installing: /home/rics/tt_ws/src/tese_ws/install/scout_nav2_gz/share/scout_nav2_gz/world/ign_indoor/models/speed_bump_1
[0.688s] -- Installing: /home/rics/tt_ws/src/tese_ws/install/scout_nav2_gz/share/scout_nav2_gz/world/ign_indoor/models/speed_bump_1/Bump_1_short.dae
[0.688s] -- Installing: /home/rics/tt_ws/src/tese_ws/install/scout_nav2_gz/share/scout_nav2_gz/world/ign_indoor/models/speed_bump_1/bump_1
[0.688s] -- Installing: /home/rics/tt_ws/src/tese_ws/install/scout_nav2_gz/share/scout_nav2_gz/world/ign_indoor/models/speed_bump_1/bump_1/rubbishy_xdigg10.jpg
[0.688s] -- Installing: /home/rics/tt_ws/src/tese_ws/install/scout_nav2_gz/share/scout_nav2_gz/world/ign_indoor/models/speed_bump_1/bump_1.dae
[0.688s] -- Installing: /home/rics/tt_ws/src/tese_ws/install/scout_nav2_gz/share/scout_nav2_gz/world/ign_indoor/models/speed_bump_1/model.config
[0.688s] -- Installing: /home/rics/tt_ws/src/tese_ws/install/scout_nav2_gz/share/scout_nav2_gz/world/ign_indoor/models/speed_bump_1/model.sdf
[0.689s] -- Installing: /home/rics/tt_ws/src/tese_ws/install/scout_nav2_gz/share/scout_nav2_gz/world/ign_indoor/models/speed_bump_2_short
[0.689s] -- Installing: /home/rics/tt_ws/src/tese_ws/install/scout_nav2_gz/share/scout_nav2_gz/world/ign_indoor/models/speed_bump_2_short/bump_1_060.dae
[0.689s] -- Installing: /home/rics/tt_ws/src/tese_ws/install/scout_nav2_gz/share/scout_nav2_gz/world/ign_indoor/models/speed_bump_2_short/model.config
[0.689s] -- Installing: /home/rics/tt_ws/src/tese_ws/install/scout_nav2_gz/share/scout_nav2_gz/world/ign_indoor/models/speed_bump_2_short/bump_1_060
[0.689s] -- Installing: /home/rics/tt_ws/src/tese_ws/install/scout_nav2_gz/share/scout_nav2_gz/world/ign_indoor/models/speed_bump_2_short/bump_1_060/rubbishy_xdigg8.jpg
[0.689s] -- Installing: /home/rics/tt_ws/src/tese_ws/install/scout_nav2_gz/share/scout_nav2_gz/world/ign_indoor/models/speed_bump_2_short/model.sdf
[0.689s] -- Installing: /home/rics/tt_ws/src/tese_ws/install/scout_nav2_gz/share/scout_nav2_gz/world/ign_indoor/ign_indoor_old.sdf
[0.689s] -- Installing: /home/rics/tt_ws/src/tese_ws/install/scout_nav2_gz/share/scout_nav2_gz/world/outdoor.sdf
[0.689s] -- Installing: /home/rics/tt_ws/src/tese_ws/install/scout_nav2_gz/share/scout_nav2_gz/world/maize_field.world
[0.689s] -- Installing: /home/rics/tt_ws/src/tese_ws/install/scout_nav2_gz/share/scout_nav2_gz/world/neo_workshop_empty.sdf
[0.689s] -- Installing: /home/rics/tt_ws/src/tese_ws/install/scout_nav2_gz/share/scout_nav2_gz/world/neo_workshop.sdf
[0.690s] -- Installing: /home/rics/tt_ws/src/tese_ws/install/scout_nav2_gz/share/scout_nav2_gz/world/maize_field_wider.world
[0.690s] -- Installing: /home/rics/tt_ws/src/tese_ws/install/scout_nav2_gz/share/scout_nav2_gz/world/empty.sdf
[0.690s] -- Installing: /home/rics/tt_ws/src/tese_ws/install/scout_nav2_gz/share/scout_nav2_gz/models
[0.690s] -- Installing: /home/rics/tt_ws/src/tese_ws/install/scout_nav2_gz/share/scout_nav2_gz/models/door
[0.690s] -- Installing: /home/rics/tt_ws/src/tese_ws/install/scout_nav2_gz/share/scout_nav2_gz/models/door/model.config
[0.690s] -- Installing: /home/rics/tt_ws/src/tese_ws/install/scout_nav2_gz/share/scout_nav2_gz/models/door/materials
[0.690s] -- Installing: /home/rics/tt_ws/src/tese_ws/install/scout_nav2_gz/share/scout_nav2_gz/models/door/materials/scripts
[0.690s] -- Installing: /home/rics/tt_ws/src/tese_ws/install/scout_nav2_gz/share/scout_nav2_gz/models/door/materials/scripts/door.material
[0.690s] -- Installing: /home/rics/tt_ws/src/tese_ws/install/scout_nav2_gz/share/scout_nav2_gz/models/door/materials/textures
[0.690s] -- Installing: /home/rics/tt_ws/src/tese_ws/install/scout_nav2_gz/share/scout_nav2_gz/models/door/materials/textures/door.jpg
[0.690s] -- Installing: /home/rics/tt_ws/src/tese_ws/install/scout_nav2_gz/share/scout_nav2_gz/models/door/model.sdf
[0.690s] -- Installing: /home/rics/tt_ws/src/tese_ws/install/scout_nav2_gz/share/scout_nav2_gz/models/start
[0.690s] -- Installing: /home/rics/tt_ws/src/tese_ws/install/scout_nav2_gz/share/scout_nav2_gz/models/start/model.config
[0.690s] -- Installing: /home/rics/tt_ws/src/tese_ws/install/scout_nav2_gz/share/scout_nav2_gz/models/start/materials
[0.690s] -- Installing: /home/rics/tt_ws/src/tese_ws/install/scout_nav2_gz/share/scout_nav2_gz/models/start/materials/textures
[0.690s] -- Installing: /home/rics/tt_ws/src/tese_ws/install/scout_nav2_gz/share/scout_nav2_gz/models/start/materials/textures/arrow.png
[0.691s] -- Installing: /home/rics/tt_ws/src/tese_ws/install/scout_nav2_gz/share/scout_nav2_gz/models/start/model.sdf
[0.691s] -- Installing: /home/rics/tt_ws/src/tese_ws/install/scout_nav2_gz/share/scout_nav2_gz/models/foodcourttable1
[0.691s] -- Installing: /home/rics/tt_ws/src/tese_ws/install/scout_nav2_gz/share/scout_nav2_gz/models/foodcourttable1/2
[0.691s] -- Installing: /home/rics/tt_ws/src/tese_ws/install/scout_nav2_gz/share/scout_nav2_gz/models/foodcourttable1/2/thumbnails
[0.691s] -- Installing: /home/rics/tt_ws/src/tese_ws/install/scout_nav2_gz/share/scout_nav2_gz/models/foodcourttable1/2/thumbnails/3.png
[0.691s] -- Installing: /home/rics/tt_ws/src/tese_ws/install/scout_nav2_gz/share/scout_nav2_gz/models/foodcourttable1/2/thumbnails/1.png
[0.691s] -- Installing: /home/rics/tt_ws/src/tese_ws/install/scout_nav2_gz/share/scout_nav2_gz/models/foodcourttable1/2/thumbnails/4.png
[0.691s] -- Installing: /home/rics/tt_ws/src/tese_ws/install/scout_nav2_gz/share/scout_nav2_gz/models/foodcourttable1/2/thumbnails/2.png
[0.691s] -- Installing: /home/rics/tt_ws/src/tese_ws/install/scout_nav2_gz/share/scout_nav2_gz/models/foodcourttable1/2/thumbnails/5.png
[0.691s] -- Installing: /home/rics/tt_ws/src/tese_ws/install/scout_nav2_gz/share/scout_nav2_gz/models/foodcourttable1/2/model.config
[0.691s] -- Installing: /home/rics/tt_ws/src/tese_ws/install/scout_nav2_gz/share/scout_nav2_gz/models/foodcourttable1/2/model.sdf
[0.691s] -- Installing: /home/rics/tt_ws/src/tese_ws/install/scout_nav2_gz/share/scout_nav2_gz/models/foodcourttable1/2/meshes
[0.691s] -- Installing: /home/rics/tt_ws/src/tese_ws/install/scout_nav2_gz/share/scout_nav2_gz/models/foodcourttable1/2/meshes/FoodCourtTable1_Col.obj
[0.691s] -- Installing: /home/rics/tt_ws/src/tese_ws/install/scout_nav2_gz/share/scout_nav2_gz/models/foodcourttable1/2/meshes/FoodCourtTable1.obj
[0.691s] -- Installing: /home/rics/tt_ws/src/tese_ws/install/scout_nav2_gz/share/scout_nav2_gz/models/foodcourttable1/2/meshes/FoodCourtTable1_Metal.png
[0.692s] -- Installing: /home/rics/tt_ws/src/tese_ws/install/scout_nav2_gz/share/scout_nav2_gz/models/foodcourttable1/2/meshes/FoodCourtTable1_Diffuse.png
[0.692s] -- Installing: /home/rics/tt_ws/src/tese_ws/install/scout_nav2_gz/share/scout_nav2_gz/models/foodcourttable1/2/meshes/FoodCourtTable1_Col.mtl
[0.692s] -- Installing: /home/rics/tt_ws/src/tese_ws/install/scout_nav2_gz/share/scout_nav2_gz/models/foodcourttable1/2/meshes/FoodCourtTable1.mtl
[0.692s] -- Installing: /home/rics/tt_ws/src/tese_ws/install/scout_nav2_gz/share/scout_nav2_gz/models/foodcourttable1/2/meshes/FoodCourtTable1_Normal.png
[0.692s] -- Installing: /home/rics/tt_ws/src/tese_ws/install/scout_nav2_gz/share/scout_nav2_gz/models/foodcourttable1/2/meshes/FoodCourtTable1_Rough.png
[0.692s] -- Installing: /home/rics/tt_ws/src/tese_ws/install/scout_nav2_gz/share/scout_nav2_gz/models/location_marker_b
[0.692s] -- Installing: /home/rics/tt_ws/src/tese_ws/install/scout_nav2_gz/share/scout_nav2_gz/models/location_marker_b/model.config
[0.692s] -- Installing: /home/rics/tt_ws/src/tese_ws/install/scout_nav2_gz/share/scout_nav2_gz/models/location_marker_b/materials
[0.692s] -- Installing: /home/rics/tt_ws/src/tese_ws/install/scout_nav2_gz/share/scout_nav2_gz/models/location_marker_b/materials/textures
[0.692s] -- Installing: /home/rics/tt_ws/src/tese_ws/install/scout_nav2_gz/share/scout_nav2_gz/models/location_marker_b/materials/textures/location_marker_b.png
[0.692s] -- Installing: /home/rics/tt_ws/src/tese_ws/install/scout_nav2_gz/share/scout_nav2_gz/models/location_marker_b/materials/textures/fre_logo.png
[0.693s] -- Installing: /home/rics/tt_ws/src/tese_ws/install/scout_nav2_gz/share/scout_nav2_gz/models/location_marker_b/model.sdf
[0.693s] -- Installing: /home/rics/tt_ws/src/tese_ws/install/scout_nav2_gz/share/scout_nav2_gz/models/location_marker_b/meshes
[0.694s] -- Installing: /home/rics/tt_ws/src/tese_ws/install/scout_nav2_gz/share/scout_nav2_gz/models/location_marker_b/meshes/location_marker_b.dae
[0.694s] -- Installing: /home/rics/tt_ws/src/tese_ws/install/scout_nav2_gz/share/scout_nav2_gz/models/office_env_w_complete
[0.694s] -- Installing: /home/rics/tt_ws/src/tese_ws/install/scout_nav2_gz/share/scout_nav2_gz/models/office_env_w_complete/model.config
[0.694s] -- Installing: /home/rics/tt_ws/src/tese_ws/install/scout_nav2_gz/share/scout_nav2_gz/models/office_env_w_complete/materials
[0.694s] -- Installing: /home/rics/tt_ws/src/tese_ws/install/scout_nav2_gz/share/scout_nav2_gz/models/office_env_w_complete/materials/scripts
[0.694s] -- Installing: /home/rics/tt_ws/src/tese_ws/install/scout_nav2_gz/share/scout_nav2_gz/models/office_env_w_complete/materials/scripts/wall_white.material
[0.694s] -- Installing: /home/rics/tt_ws/src/tese_ws/install/scout_nav2_gz/share/scout_nav2_gz/models/office_env_w_complete/materials/textures
[0.694s] -- Installing: /home/rics/tt_ws/src/tese_ws/install/scout_nav2_gz/share/scout_nav2_gz/models/office_env_w_complete/materials/textures/wall_color_white.jpg
[0.694s] -- Installing: /home/rics/tt_ws/src/tese_ws/install/scout_nav2_gz/share/scout_nav2_gz/models/office_env_w_complete/model.sdf
[0.695s] -- Installing: /home/rics/tt_ws/src/tese_ws/install/scout_nav2_gz/share/scout_nav2_gz/models/neobotix_wall_stickers
[0.695s] -- Installing: /home/rics/tt_ws/src/tese_ws/install/scout_nav2_gz/share/scout_nav2_gz/models/neobotix_wall_stickers/model.config
[0.695s] -- Installing: /home/rics/tt_ws/src/tese_ws/install/scout_nav2_gz/share/scout_nav2_gz/models/neobotix_wall_stickers/materials
[0.695s] -- Installing: /home/rics/tt_ws/src/tese_ws/install/scout_nav2_gz/share/scout_nav2_gz/models/neobotix_wall_stickers/materials/scripts
[0.695s] -- Installing: /home/rics/tt_ws/src/tese_ws/install/scout_nav2_gz/share/scout_nav2_gz/models/neobotix_wall_stickers/materials/scripts/neobotix_ground_plane.material
[0.695s] -- Installing: /home/rics/tt_ws/src/tese_ws/install/scout_nav2_gz/share/scout_nav2_gz/models/neobotix_wall_stickers/materials/textures
[0.695s] -- Installing: /home/rics/tt_ws/src/tese_ws/install/scout_nav2_gz/share/scout_nav2_gz/models/neobotix_wall_stickers/materials/textures/MyImage.jpg
[0.695s] -- Installing: /home/rics/tt_ws/src/tese_ws/install/scout_nav2_gz/share/scout_nav2_gz/models/neobotix_wall_stickers/model.sdf
[0.695s] -- Installing: /home/rics/tt_ws/src/tese_ws/install/scout_nav2_gz/share/scout_nav2_gz/models/virtual_maize_field_heightmap.png
[0.695s] -- Installing: /home/rics/tt_ws/src/tese_ws/install/scout_nav2_gz/share/scout_nav2_gz/models/office_env_w
[0.695s] -- Installing: /home/rics/tt_ws/src/tese_ws/install/scout_nav2_gz/share/scout_nav2_gz/models/office_env_w/model.config
[0.696s] -- Installing: /home/rics/tt_ws/src/tese_ws/install/scout_nav2_gz/share/scout_nav2_gz/models/office_env_w/materials
[0.696s] -- Installing: /home/rics/tt_ws/src/tese_ws/install/scout_nav2_gz/share/scout_nav2_gz/models/office_env_w/materials/scripts
[0.696s] -- Installing: /home/rics/tt_ws/src/tese_ws/install/scout_nav2_gz/share/scout_nav2_gz/models/office_env_w/materials/scripts/wall_white.material
[0.696s] -- Installing: /home/rics/tt_ws/src/tese_ws/install/scout_nav2_gz/share/scout_nav2_gz/models/office_env_w/materials/textures
[0.696s] -- Installing: /home/rics/tt_ws/src/tese_ws/install/scout_nav2_gz/share/scout_nav2_gz/models/office_env_w/materials/textures/wall_color_white.jpg
[0.696s] -- Installing: /home/rics/tt_ws/src/tese_ws/install/scout_nav2_gz/share/scout_nav2_gz/models/office_env_w/model.sdf
[0.696s] -- Installing: /home/rics/tt_ws/src/tese_ws/install/scout_nav2_gz/share/scout_nav2_gz/models/office_env_w 1
[0.696s] -- Installing: /home/rics/tt_ws/src/tese_ws/install/scout_nav2_gz/share/scout_nav2_gz/models/office_env_w 1/model.config
[0.696s] -- Installing: /home/rics/tt_ws/src/tese_ws/install/scout_nav2_gz/share/scout_nav2_gz/models/office_env_w 1/materials
[0.696s] -- Installing: /home/rics/tt_ws/src/tese_ws/install/scout_nav2_gz/share/scout_nav2_gz/models/office_env_w 1/materials/scripts
[0.696s] -- Installing: /home/rics/tt_ws/src/tese_ws/install/scout_nav2_gz/share/scout_nav2_gz/models/office_env_w 1/materials/scripts/wall_white.material
[0.696s] -- Installing: /home/rics/tt_ws/src/tese_ws/install/scout_nav2_gz/share/scout_nav2_gz/models/office_env_w 1/materials/textures
[0.696s] -- Installing: /home/rics/tt_ws/src/tese_ws/install/scout_nav2_gz/share/scout_nav2_gz/models/office_env_w 1/materials/textures/wall_color_white.jpg
[0.696s] -- Installing: /home/rics/tt_ws/src/tese_ws/install/scout_nav2_gz/share/scout_nav2_gz/models/office_env_w 1/model.sdf
[0.696s] -- Installing: /home/rics/tt_ws/src/tese_ws/install/scout_nav2_gz/share/scout_nav2_gz/models/casualfemale
[0.696s] -- Installing: /home/rics/tt_ws/src/tese_ws/install/scout_nav2_gz/share/scout_nav2_gz/models/neobotix_ground_plane
[0.696s] -- Installing: /home/rics/tt_ws/src/tese_ws/install/scout_nav2_gz/share/scout_nav2_gz/models/neobotix_ground_plane/model.config
[0.696s] -- Installing: /home/rics/tt_ws/src/tese_ws/install/scout_nav2_gz/share/scout_nav2_gz/models/neobotix_ground_plane/materials
[0.696s] -- Installing: /home/rics/tt_ws/src/tese_ws/install/scout_nav2_gz/share/scout_nav2_gz/models/neobotix_ground_plane/materials/scripts
[0.697s] -- Installing: /home/rics/tt_ws/src/tese_ws/install/scout_nav2_gz/share/scout_nav2_gz/models/neobotix_ground_plane/materials/scripts/neobotix_ground_plane.material
[0.697s] -- Installing: /home/rics/tt_ws/src/tese_ws/install/scout_nav2_gz/share/scout_nav2_gz/models/neobotix_ground_plane/materials/textures
[0.697s] -- Installing: /home/rics/tt_ws/src/tese_ws/install/scout_nav2_gz/share/scout_nav2_gz/models/neobotix_ground_plane/materials/textures/MyImage.jpg
[0.697s] -- Installing: /home/rics/tt_ws/src/tese_ws/install/scout_nav2_gz/share/scout_nav2_gz/models/neobotix_ground_plane/model.sdf
[0.697s] -- Installing: /home/rics/tt_ws/src/tese_ws/install/scout_nav2_gz/share/scout_nav2_gz/models/door_3d
[0.697s] -- Installing: /home/rics/tt_ws/src/tese_ws/install/scout_nav2_gz/share/scout_nav2_gz/models/door_3d/model.config
[0.697s] -- Installing: /home/rics/tt_ws/src/tese_ws/install/scout_nav2_gz/share/scout_nav2_gz/models/door_3d/materials
[0.697s] -- Installing: /home/rics/tt_ws/src/tese_ws/install/scout_nav2_gz/share/scout_nav2_gz/models/door_3d/materials/scripts
[0.697s] -- Installing: /home/rics/tt_ws/src/tese_ws/install/scout_nav2_gz/share/scout_nav2_gz/models/door_3d/materials/scripts/door_handle.material
[0.697s] -- Installing: /home/rics/tt_ws/src/tese_ws/install/scout_nav2_gz/share/scout_nav2_gz/models/door_3d/materials/scripts/door_3d.material
[0.697s] -- Installing: /home/rics/tt_ws/src/tese_ws/install/scout_nav2_gz/share/scout_nav2_gz/models/door_3d/materials/textures
[0.697s] -- Installing: /home/rics/tt_ws/src/tese_ws/install/scout_nav2_gz/share/scout_nav2_gz/models/door_3d/materials/textures/silver_door.jpg
[0.697s] -- Installing: /home/rics/tt_ws/src/tese_ws/install/scout_nav2_gz/share/scout_nav2_gz/models/door_3d/materials/textures/door_3d.jpg
[0.697s] -- Installing: /home/rics/tt_ws/src/tese_ws/install/scout_nav2_gz/share/scout_nav2_gz/models/door_3d/model.sdf
[0.697s] -- Installing: /home/rics/tt_ws/src/tese_ws/install/scout_nav2_gz/share/scout_nav2_gz/models/door_3d/meshes
[0.697s] -- Installing: /home/rics/tt_ws/src/tese_ws/install/scout_nav2_gz/share/scout_nav2_gz/models/door_3d/meshes/door_v2.dae
[0.697s] -- Installing: /home/rics/tt_ws/src/tese_ws/install/scout_nav2_gz/share/scout_nav2_gz/models/door_3d/meshes/door_v2_handle.dae
[0.697s] -- Installing: /home/rics/tt_ws/src/tese_ws/install/scout_nav2_gz/share/scout_nav2_gz/models/door_3d/meshes/door_v2_door.dae
[0.697s] -- Installing: /home/rics/tt_ws/src/tese_ws/install/scout_nav2_gz/share/scout_nav2_gz/models/door_3d/meshes/model.dae
[0.698s] -- Installing: /home/rics/tt_ws/src/tese_ws/install/scout_nav2_gz/share/scout_nav2_gz/models/door_3d/meshes/door.dae
[0.698s] -- Installing: /home/rics/tt_ws/src/tese_ws/install/scout_nav2_gz/share/scout_nav2_gz/models/coke_can
[0.698s] -- Installing: /home/rics/tt_ws/src/tese_ws/install/scout_nav2_gz/share/scout_nav2_gz/models/coke_can/model.config
[0.698s] -- Installing: /home/rics/tt_ws/src/tese_ws/install/scout_nav2_gz/share/scout_nav2_gz/models/coke_can/materials
[0.698s] -- Installing: /home/rics/tt_ws/src/tese_ws/install/scout_nav2_gz/share/scout_nav2_gz/models/coke_can/materials/textures
[0.698s] -- Installing: /home/rics/tt_ws/src/tese_ws/install/scout_nav2_gz/share/scout_nav2_gz/models/coke_can/materials/textures/coke_can.png
[0.699s] -- Installing: /home/rics/tt_ws/src/tese_ws/install/scout_nav2_gz/share/scout_nav2_gz/models/coke_can/model.sdf
[0.699s] -- Installing: /home/rics/tt_ws/src/tese_ws/install/scout_nav2_gz/share/scout_nav2_gz/models/coke_can/meshes
[0.699s] -- Installing: /home/rics/tt_ws/src/tese_ws/install/scout_nav2_gz/share/scout_nav2_gz/models/coke_can/meshes/coke_can.dae
[0.699s] -- Installing: /home/rics/tt_ws/src/tese_ws/install/scout_nav2_gz/share/scout_nav2_gz/models/stone_02
[0.699s] -- Installing: /home/rics/tt_ws/src/tese_ws/install/scout_nav2_gz/share/scout_nav2_gz/models/stone_02/model.config
[0.699s] -- Installing: /home/rics/tt_ws/src/tese_ws/install/scout_nav2_gz/share/scout_nav2_gz/models/stone_02/materials
[0.699s] -- Installing: /home/rics/tt_ws/src/tese_ws/install/scout_nav2_gz/share/scout_nav2_gz/models/stone_02/materials/textures
[0.699s] -- Installing: /home/rics/tt_ws/src/tese_ws/install/scout_nav2_gz/share/scout_nav2_gz/models/stone_02/materials/textures/stone_02_normal.jpeg
[0.700s] -- Installing: /home/rics/tt_ws/src/tese_ws/install/scout_nav2_gz/share/scout_nav2_gz/models/stone_02/materials/textures/stone_02.jpeg
[0.701s] -- Installing: /home/rics/tt_ws/src/tese_ws/install/scout_nav2_gz/share/scout_nav2_gz/models/stone_02/model.sdf
[0.702s] -- Installing: /home/rics/tt_ws/src/tese_ws/install/scout_nav2_gz/share/scout_nav2_gz/models/stone_02/meshes
[0.702s] -- Installing: /home/rics/tt_ws/src/tese_ws/install/scout_nav2_gz/share/scout_nav2_gz/models/stone_02/meshes/stone_02.dae
[0.702s] -- Installing: /home/rics/tt_ws/src/tese_ws/install/scout_nav2_gz/share/scout_nav2_gz/models/puddle_small
[0.702s] -- Installing: /home/rics/tt_ws/src/tese_ws/install/scout_nav2_gz/share/scout_nav2_gz/models/puddle_small/model.config
[0.702s] -- Installing: /home/rics/tt_ws/src/tese_ws/install/scout_nav2_gz/share/scout_nav2_gz/models/puddle_small/puddle_small.dae
[0.702s] -- Installing: /home/rics/tt_ws/src/tese_ws/install/scout_nav2_gz/share/scout_nav2_gz/models/puddle_small/model.sdf
[0.702s] -- Installing: /home/rics/tt_ws/src/tese_ws/install/scout_nav2_gz/share/scout_nav2_gz/models/beer
[0.703s] -- Installing: /home/rics/tt_ws/src/tese_ws/install/scout_nav2_gz/share/scout_nav2_gz/models/beer/model.config
[0.703s] -- Installing: /home/rics/tt_ws/src/tese_ws/install/scout_nav2_gz/share/scout_nav2_gz/models/beer/materials
[0.703s] -- Installing: /home/rics/tt_ws/src/tese_ws/install/scout_nav2_gz/share/scout_nav2_gz/models/beer/materials/textures
[0.703s] -- Installing: /home/rics/tt_ws/src/tese_ws/install/scout_nav2_gz/share/scout_nav2_gz/models/beer/materials/textures/beer.png
[0.703s] -- Installing: /home/rics/tt_ws/src/tese_ws/install/scout_nav2_gz/share/scout_nav2_gz/models/beer/model.sdf
[0.704s] -- Installing: /home/rics/tt_ws/src/tese_ws/install/scout_nav2_gz/share/scout_nav2_gz/models/beer/meshes
[0.704s] -- Installing: /home/rics/tt_ws/src/tese_ws/install/scout_nav2_gz/share/scout_nav2_gz/models/beer/meshes/beer.dae
[0.704s] -- Installing: /home/rics/tt_ws/src/tese_ws/install/scout_nav2_gz/share/scout_nav2_gz/models/neo_office_box
[0.704s] -- Installing: /home/rics/tt_ws/src/tese_ws/install/scout_nav2_gz/share/scout_nav2_gz/models/neo_office_box/model.config
[0.704s] -- Installing: /home/rics/tt_ws/src/tese_ws/install/scout_nav2_gz/share/scout_nav2_gz/models/neo_office_box/model.sdf
[0.704s] -- Installing: /home/rics/tt_ws/src/tese_ws/install/scout_nav2_gz/share/scout_nav2_gz/models/neo_office_box/meshes
[0.704s] -- Installing: /home/rics/tt_ws/src/tese_ws/install/scout_nav2_gz/share/scout_nav2_gz/models/neo_office_box/meshes/model.dae
[0.704s] -- Installing: /home/rics/tt_ws/src/tese_ws/install/scout_nav2_gz/share/scout_nav2_gz/models/window
[0.704s] -- Installing: /home/rics/tt_ws/src/tese_ws/install/scout_nav2_gz/share/scout_nav2_gz/models/window/model.config
[0.704s] -- Installing: /home/rics/tt_ws/src/tese_ws/install/scout_nav2_gz/share/scout_nav2_gz/models/window/model.sdf
[0.704s] -- Installing: /home/rics/tt_ws/src/tese_ws/install/scout_nav2_gz/share/scout_nav2_gz/models/outdoor_1
[0.704s] -- Installing: /home/rics/tt_ws/src/tese_ws/install/scout_nav2_gz/share/scout_nav2_gz/models/outdoor_1/media
[0.704s] -- Installing: /home/rics/tt_ws/src/tese_ws/install/scout_nav2_gz/share/scout_nav2_gz/models/outdoor_1/media/forrest_ground_01_nor_gl_4k.exr
[0.727s] -- Installing: /home/rics/tt_ws/src/tese_ws/install/scout_nav2_gz/share/scout_nav2_gz/models/outdoor_1/media/scripts
[0.727s] -- Installing: /home/rics/tt_ws/src/tese_ws/install/scout_nav2_gz/share/scout_nav2_gz/models/outdoor_1/media/scripts/repeated.material
[0.727s] -- Installing: /home/rics/tt_ws/src/tese_ws/install/scout_nav2_gz/share/scout_nav2_gz/models/outdoor_1/media/forrest_ground_01_disp_4k.png
[0.746s] -- Installing: /home/rics/tt_ws/src/tese_ws/install/scout_nav2_gz/share/scout_nav2_gz/models/outdoor_1/media/outdoor1_texture4.dae
[0.747s] -- Installing: /home/rics/tt_ws/src/tese_ws/install/scout_nav2_gz/share/scout_nav2_gz/models/outdoor_1/media/forrest_ground_01_rough_4k.jpg
[0.749s] -- Installing: /home/rics/tt_ws/src/tese_ws/install/scout_nav2_gz/share/scout_nav2_gz/models/outdoor_1/media/outdoor1_texture3.dae
[0.750s] -- Installing: /home/rics/tt_ws/src/tese_ws/install/scout_nav2_gz/share/scout_nav2_gz/models/outdoor_1/media/outdoor1_texture2.obj
[0.751s] -- Installing: /home/rics/tt_ws/src/tese_ws/install/scout_nav2_gz/share/scout_nav2_gz/models/outdoor_1/media/forrest_ground_01_diff_4k.jpg
[0.757s] -- Installing: /home/rics/tt_ws/src/tese_ws/install/scout_nav2_gz/share/scout_nav2_gz/models/outdoor_1/media/outdoor1.dae
[0.758s] -- Installing: /home/rics/tt_ws/src/tese_ws/install/scout_nav2_gz/share/scout_nav2_gz/models/outdoor_1/media/outdoor1_texture2.mtl
[0.759s] -- Installing: /home/rics/tt_ws/src/tese_ws/install/scout_nav2_gz/share/scout_nav2_gz/models/outdoor_1/media/outdoor1_texture.dae
[0.760s] -- Installing: /home/rics/tt_ws/src/tese_ws/install/scout_nav2_gz/share/scout_nav2_gz/models/outdoor_1/media/Textures
[0.760s] -- Installing: /home/rics/tt_ws/src/tese_ws/install/scout_nav2_gz/share/scout_nav2_gz/models/outdoor_1/media/Textures/Grass.png
[0.761s] -- Installing: /home/rics/tt_ws/src/tese_ws/install/scout_nav2_gz/share/scout_nav2_gz/models/outdoor_1/model.config
[0.761s] -- Installing: /home/rics/tt_ws/src/tese_ws/install/scout_nav2_gz/share/scout_nav2_gz/models/outdoor_1/model.sdf
[0.762s] -- Installing: /home/rics/tt_ws/src/tese_ws/install/scout_nav2_gz/share/scout_nav2_gz/models/unknown_weed
[0.762s] -- Installing: /home/rics/tt_ws/src/tese_ws/install/scout_nav2_gz/share/scout_nav2_gz/models/unknown_weed/model.config
[0.762s] -- Installing: /home/rics/tt_ws/src/tese_ws/install/scout_nav2_gz/share/scout_nav2_gz/models/unknown_weed/materials
[0.762s] -- Installing: /home/rics/tt_ws/src/tese_ws/install/scout_nav2_gz/share/scout_nav2_gz/models/unknown_weed/materials/textures
[0.762s] -- Installing: /home/rics/tt_ws/src/tese_ws/install/scout_nav2_gz/share/scout_nav2_gz/models/unknown_weed/materials/textures/unknown_weed.png
[0.762s] -- Installing: /home/rics/tt_ws/src/tese_ws/install/scout_nav2_gz/share/scout_nav2_gz/models/unknown_weed/model.sdf
[0.762s] -- Installing: /home/rics/tt_ws/src/tese_ws/install/scout_nav2_gz/share/scout_nav2_gz/models/unknown_weed/meshes
[0.762s] -- Installing: /home/rics/tt_ws/src/tese_ws/install/scout_nav2_gz/share/scout_nav2_gz/models/unknown_weed/meshes/unknown_weed.dae
[0.762s] -- Installing: /home/rics/tt_ws/src/tese_ws/install/scout_nav2_gz/share/scout_nav2_gz/models/drc_practice_straight
[0.762s] -- Installing: /home/rics/tt_ws/src/tese_ws/install/scout_nav2_gz/share/scout_nav2_gz/models/drc_practice_straight/model.config
[0.762s] -- Installing: /home/rics/tt_ws/src/tese_ws/install/scout_nav2_gz/share/scout_nav2_gz/models/drc_practice_straight/model.sdf
[0.762s] -- Installing: /home/rics/tt_ws/src/tese_ws/install/scout_nav2_gz/share/scout_nav2_gz/models/office_env
[0.763s] -- Installing: /home/rics/tt_ws/src/tese_ws/install/scout_nav2_gz/share/scout_nav2_gz/models/office_env/model.config
[0.763s] -- Installing: /home/rics/tt_ws/src/tese_ws/install/scout_nav2_gz/share/scout_nav2_gz/models/office_env/materials
[0.763s] -- Installing: /home/rics/tt_ws/src/tese_ws/install/scout_nav2_gz/share/scout_nav2_gz/models/office_env/materials/scripts
[0.763s] -- Installing: /home/rics/tt_ws/src/tese_ws/install/scout_nav2_gz/share/scout_nav2_gz/models/office_env/materials/scripts/wall.material
[0.763s] -- Installing: /home/rics/tt_ws/src/tese_ws/install/scout_nav2_gz/share/scout_nav2_gz/models/office_env/materials/textures
[0.763s] -- Installing: /home/rics/tt_ws/src/tese_ws/install/scout_nav2_gz/share/scout_nav2_gz/models/office_env/materials/textures/wall_color.jpg
[0.763s] -- Installing: /home/rics/tt_ws/src/tese_ws/install/scout_nav2_gz/share/scout_nav2_gz/models/office_env/model.sdf
[0.763s] -- Installing: /home/rics/tt_ws/src/tese_ws/install/scout_nav2_gz/share/scout_nav2_gz/models/office_small
[0.763s] -- Installing: /home/rics/tt_ws/src/tese_ws/install/scout_nav2_gz/share/scout_nav2_gz/models/office_small/model.config
[0.763s] -- Installing: /home/rics/tt_ws/src/tese_ws/install/scout_nav2_gz/share/scout_nav2_gz/models/office_small/materials
[0.763s] -- Installing: /home/rics/tt_ws/src/tese_ws/install/scout_nav2_gz/share/scout_nav2_gz/models/office_small/materials/scripts
[0.763s] -- Installing: /home/rics/tt_ws/src/tese_ws/install/scout_nav2_gz/share/scout_nav2_gz/models/office_small/materials/scripts/wall_white.material
[0.763s] -- Installing: /home/rics/tt_ws/src/tese_ws/install/scout_nav2_gz/share/scout_nav2_gz/models/office_small/materials/scripts/Floor.material
[0.763s] -- Installing: /home/rics/tt_ws/src/tese_ws/install/scout_nav2_gz/share/scout_nav2_gz/models/office_small/materials/textures
[0.763s] -- Installing: /home/rics/tt_ws/src/tese_ws/install/scout_nav2_gz/share/scout_nav2_gz/models/office_small/materials/textures/cp1.jpg
[0.764s] -- Installing: /home/rics/tt_ws/src/tese_ws/install/scout_nav2_gz/share/scout_nav2_gz/models/office_small/materials/textures/cp2.jpg
[0.765s] -- Installing: /home/rics/tt_ws/src/tese_ws/install/scout_nav2_gz/share/scout_nav2_gz/models/office_small/materials/textures/cp7.jpg
[0.766s] -- Installing: /home/rics/tt_ws/src/tese_ws/install/scout_nav2_gz/share/scout_nav2_gz/models/office_small/materials/textures/hd8.jpg
[0.766s] -- Installing: /home/rics/tt_ws/src/tese_ws/install/scout_nav2_gz/share/scout_nav2_gz/models/office_small/materials/textures/cp10.jpg
[0.766s] -- Installing: /home/rics/tt_ws/src/tese_ws/install/scout_nav2_gz/share/scout_nav2_gz/models/office_small/materials/textures/cl3.jpg
[0.766s] -- Installing: /home/rics/tt_ws/src/tese_ws/install/scout_nav2_gz/share/scout_nav2_gz/models/office_small/materials/textures/hd2.gif
[0.766s] -- Installing: /home/rics/tt_ws/src/tese_ws/install/scout_nav2_gz/share/scout_nav2_gz/models/office_small/materials/textures/cl4.jpg
[0.766s] -- Installing: /home/rics/tt_ws/src/tese_ws/install/scout_nav2_gz/share/scout_nav2_gz/models/office_small/materials/textures/hd6.png
[0.766s] -- Installing: /home/rics/tt_ws/src/tese_ws/install/scout_nav2_gz/share/scout_nav2_gz/models/office_small/materials/textures/hd5.jpg
[0.766s] -- Installing: /home/rics/tt_ws/src/tese_ws/install/scout_nav2_gz/share/scout_nav2_gz/models/office_small/materials/textures/hd7.jpg
[0.766s] -- Installing: /home/rics/tt_ws/src/tese_ws/install/scout_nav2_gz/share/scout_nav2_gz/models/office_small/materials/textures/cl5.jpg
[0.767s] -- Installing: /home/rics/tt_ws/src/tese_ws/install/scout_nav2_gz/share/scout_nav2_gz/models/office_small/materials/textures/cp8.jpg
[0.767s] -- Installing: /home/rics/tt_ws/src/tese_ws/install/scout_nav2_gz/share/scout_nav2_gz/models/office_small/materials/textures/hd4.jpg
[0.767s] -- Installing: /home/rics/tt_ws/src/tese_ws/install/scout_nav2_gz/share/scout_nav2_gz/models/office_small/materials/textures/cp3.jpg
[0.767s] -- Installing: /home/rics/tt_ws/src/tese_ws/install/scout_nav2_gz/share/scout_nav2_gz/models/office_small/materials/textures/cp6.jpg
[0.767s] -- Installing: /home/rics/tt_ws/src/tese_ws/install/scout_nav2_gz/share/scout_nav2_gz/models/office_small/materials/textures/cp12.jpg
[0.768s] -- Installing: /home/rics/tt_ws/src/tese_ws/install/scout_nav2_gz/share/scout_nav2_gz/models/office_small/materials/textures/wall_color_white.jpg
[0.768s] -- Installing: /home/rics/tt_ws/src/tese_ws/install/scout_nav2_gz/share/scout_nav2_gz/models/office_small/materials/textures/cp4.jpg
[0.768s] -- Installing: /home/rics/tt_ws/src/tese_ws/install/scout_nav2_gz/share/scout_nav2_gz/models/office_small/materials/textures/hd1.jpg
[0.768s] -- Installing: /home/rics/tt_ws/src/tese_ws/install/scout_nav2_gz/share/scout_nav2_gz/models/office_small/materials/textures/cl6.jpg
[0.768s] -- Installing: /home/rics/tt_ws/src/tese_ws/install/scout_nav2_gz/share/scout_nav2_gz/models/office_small/materials/textures/hd3.jpg
[0.768s] -- Installing: /home/rics/tt_ws/src/tese_ws/install/scout_nav2_gz/share/scout_nav2_gz/models/office_small/materials/textures/cl2.jpg
[0.768s] -- Installing: /home/rics/tt_ws/src/tese_ws/install/scout_nav2_gz/share/scout_nav2_gz/models/office_small/materials/textures/cp9.jpg
[0.768s] -- Installing: /home/rics/tt_ws/src/tese_ws/install/scout_nav2_gz/share/scout_nav2_gz/models/office_small/materials/textures/cl1.jpg
[0.769s] -- Installing: /home/rics/tt_ws/src/tese_ws/install/scout_nav2_gz/share/scout_nav2_gz/models/office_small/materials/textures/cp5.png
[0.770s] -- Installing: /home/rics/tt_ws/src/tese_ws/install/scout_nav2_gz/share/scout_nav2_gz/models/office_small/materials/textures/cp11.jpg
[0.770s] -- Installing: /home/rics/tt_ws/src/tese_ws/install/scout_nav2_gz/share/scout_nav2_gz/models/office_small/model.sdf
[0.771s] -- Installing: /home/rics/tt_ws/src/tese_ws/install/scout_nav2_gz/share/scout_nav2_gz/models/materials
[0.771s] -- Installing: /home/rics/tt_ws/src/tese_ws/install/scout_nav2_gz/share/scout_nav2_gz/models/materials/textures
[0.771s] -- Installing: /home/rics/tt_ws/src/tese_ws/install/scout_nav2_gz/share/scout_nav2_gz/models/materials/textures/grass_color.jpg
[0.773s] -- Installing: /home/rics/tt_ws/src/tese_ws/install/scout_nav2_gz/share/scout_nav2_gz/models/materials/textures/grass_displacement.jpg
[0.774s] -- Installing: /home/rics/tt_ws/src/tese_ws/install/scout_nav2_gz/share/scout_nav2_gz/models/materials/textures/grass_roughness.jpg
[0.776s] -- Installing: /home/rics/tt_ws/src/tese_ws/install/scout_nav2_gz/share/scout_nav2_gz/models/materials/textures/flat_normal.png
[0.776s] -- Installing: /home/rics/tt_ws/src/tese_ws/install/scout_nav2_gz/share/scout_nav2_gz/models/materials/textures/grass_normal.jpg
[0.781s] -- Installing: /home/rics/tt_ws/src/tese_ws/install/scout_nav2_gz/share/scout_nav2_gz/models/materials/textures/dirt_diffusespecular.png
[0.782s] -- Installing: /home/rics/tt_ws/src/tese_ws/install/scout_nav2_gz/share/scout_nav2_gz/models/materials/textures/fungus_diffusespecular.png
[0.784s] -- Installing: /home/rics/tt_ws/src/tese_ws/install/scout_nav2_gz/share/scout_nav2_gz/models/construction_cone
[0.784s] -- Installing: /home/rics/tt_ws/src/tese_ws/install/scout_nav2_gz/share/scout_nav2_gz/models/construction_cone/model.config
[0.784s] -- Installing: /home/rics/tt_ws/src/tese_ws/install/scout_nav2_gz/share/scout_nav2_gz/models/construction_cone/model-1_4.sdf
[0.785s] -- Installing: /home/rics/tt_ws/src/tese_ws/install/scout_nav2_gz/share/scout_nav2_gz/models/construction_cone/materials
[0.785s] -- Installing: /home/rics/tt_ws/src/tese_ws/install/scout_nav2_gz/share/scout_nav2_gz/models/construction_cone/materials/textures
[0.785s] -- Installing: /home/rics/tt_ws/src/tese_ws/install/scout_nav2_gz/share/scout_nav2_gz/models/construction_cone/materials/textures/Construction_Cone_Diffuse.png
[0.785s] -- Installing: /home/rics/tt_ws/src/tese_ws/install/scout_nav2_gz/share/scout_nav2_gz/models/construction_cone/model-1_3.sdf
[0.785s] -- Installing: /home/rics/tt_ws/src/tese_ws/install/scout_nav2_gz/share/scout_nav2_gz/models/construction_cone/model.sdf
[0.785s] -- Installing: /home/rics/tt_ws/src/tese_ws/install/scout_nav2_gz/share/scout_nav2_gz/models/construction_cone/meshes
[0.785s] -- Installing: /home/rics/tt_ws/src/tese_ws/install/scout_nav2_gz/share/scout_nav2_gz/models/construction_cone/meshes/construction_cone.dae
[0.785s] -- Installing: /home/rics/tt_ws/src/tese_ws/install/scout_nav2_gz/share/scout_nav2_gz/models/nettle
[0.785s] -- Installing: /home/rics/tt_ws/src/tese_ws/install/scout_nav2_gz/share/scout_nav2_gz/models/nettle/model.config
[0.785s] -- Installing: /home/rics/tt_ws/src/tese_ws/install/scout_nav2_gz/share/scout_nav2_gz/models/nettle/materials
[0.785s] -- Installing: /home/rics/tt_ws/src/tese_ws/install/scout_nav2_gz/share/scout_nav2_gz/models/nettle/materials/textures
[0.785s] -- Installing: /home/rics/tt_ws/src/tese_ws/install/scout_nav2_gz/share/scout_nav2_gz/models/nettle/materials/textures/nettle.png
[0.786s] -- Installing: /home/rics/tt_ws/src/tese_ws/install/scout_nav2_gz/share/scout_nav2_gz/models/nettle/model.sdf
[0.787s] -- Installing: /home/rics/tt_ws/src/tese_ws/install/scout_nav2_gz/share/scout_nav2_gz/models/nettle/meshes
[0.787s] -- Installing: /home/rics/tt_ws/src/tese_ws/install/scout_nav2_gz/share/scout_nav2_gz/models/nettle/meshes/nettle.dae
[0.787s] -- Installing: /home/rics/tt_ws/src/tese_ws/install/scout_nav2_gz/share/scout_nav2_gz/models/puddle_lake
[0.787s] -- Installing: /home/rics/tt_ws/src/tese_ws/install/scout_nav2_gz/share/scout_nav2_gz/models/puddle_lake/model.config
[0.787s] -- Installing: /home/rics/tt_ws/src/tese_ws/install/scout_nav2_gz/share/scout_nav2_gz/models/puddle_lake/puddle_lake.dae
[0.787s] -- Installing: /home/rics/tt_ws/src/tese_ws/install/scout_nav2_gz/share/scout_nav2_gz/models/puddle_lake/model.sdf
[0.787s] -- Installing: /home/rics/tt_ws/src/tese_ws/install/scout_nav2_gz/share/scout_nav2_gz/models/ale
[0.787s] -- Installing: /home/rics/tt_ws/src/tese_ws/install/scout_nav2_gz/share/scout_nav2_gz/models/ale/model.config
[0.787s] -- Installing: /home/rics/tt_ws/src/tese_ws/install/scout_nav2_gz/share/scout_nav2_gz/models/ale/materials
[0.787s] -- Installing: /home/rics/tt_ws/src/tese_ws/install/scout_nav2_gz/share/scout_nav2_gz/models/ale/materials/textures
[0.787s] -- Installing: /home/rics/tt_ws/src/tese_ws/install/scout_nav2_gz/share/scout_nav2_gz/models/ale/materials/textures/beerbottle_blinn_baseColor.png
[0.789s] -- Installing: /home/rics/tt_ws/src/tese_ws/install/scout_nav2_gz/share/scout_nav2_gz/models/ale/model.sdf
[0.789s] -- Installing: /home/rics/tt_ws/src/tese_ws/install/scout_nav2_gz/share/scout_nav2_gz/models/ale/meshes
[0.789s] -- Installing: /home/rics/tt_ws/src/tese_ws/install/scout_nav2_gz/share/scout_nav2_gz/models/ale/meshes/ale.dae
[0.789s] -- Installing: /home/rics/tt_ws/src/tese_ws/install/scout_nav2_gz/share/scout_nav2_gz/models/TurtlebotArena
[0.789s] -- Installing: /home/rics/tt_ws/src/tese_ws/install/scout_nav2_gz/share/scout_nav2_gz/models/TurtlebotArena/model.config
[0.789s] -- Installing: /home/rics/tt_ws/src/tese_ws/install/scout_nav2_gz/share/scout_nav2_gz/models/TurtlebotArena/model.sdf
[0.789s] -- Installing: /home/rics/tt_ws/src/tese_ws/install/scout_nav2_gz/share/scout_nav2_gz/models/TurtlebotArena/meshes
[0.789s] -- Installing: /home/rics/tt_ws/src/tese_ws/install/scout_nav2_gz/share/scout_nav2_gz/models/TurtlebotArena/meshes/wall.dae
[0.789s] -- Installing: /home/rics/tt_ws/src/tese_ws/install/scout_nav2_gz/share/scout_nav2_gz/models/TurtlebotArena/meshes/hexagon.dae
[0.789s] -- Installing: /home/rics/tt_ws/src/tese_ws/install/scout_nav2_gz/share/scout_nav2_gz/models/maize_01
[0.789s] -- Installing: /home/rics/tt_ws/src/tese_ws/install/scout_nav2_gz/share/scout_nav2_gz/models/maize_01/model.config
[0.789s] -- Installing: /home/rics/tt_ws/src/tese_ws/install/scout_nav2_gz/share/scout_nav2_gz/models/maize_01/materials
[0.789s] -- Installing: /home/rics/tt_ws/src/tese_ws/install/scout_nav2_gz/share/scout_nav2_gz/models/maize_01/materials/textures
[0.789s] -- Installing: /home/rics/tt_ws/src/tese_ws/install/scout_nav2_gz/share/scout_nav2_gz/models/maize_01/materials/textures/maize_01.png
[0.790s] -- Installing: /home/rics/tt_ws/src/tese_ws/install/scout_nav2_gz/share/scout_nav2_gz/models/maize_01/model.sdf
[0.790s] -- Installing: /home/rics/tt_ws/src/tese_ws/install/scout_nav2_gz/share/scout_nav2_gz/models/maize_01/meshes
[0.790s] -- Installing: /home/rics/tt_ws/src/tese_ws/install/scout_nav2_gz/share/scout_nav2_gz/models/maize_01/meshes/maize_01.dae
[0.790s] -- Installing: /home/rics/tt_ws/src/tese_ws/install/scout_nav2_gz/share/scout_nav2_gz/models/location_marker_a
[0.790s] -- Installing: /home/rics/tt_ws/src/tese_ws/install/scout_nav2_gz/share/scout_nav2_gz/models/location_marker_a/model.config
[0.790s] -- Installing: /home/rics/tt_ws/src/tese_ws/install/scout_nav2_gz/share/scout_nav2_gz/models/location_marker_a/materials
[0.790s] -- Installing: /home/rics/tt_ws/src/tese_ws/install/scout_nav2_gz/share/scout_nav2_gz/models/location_marker_a/materials/textures
[0.790s] -- Installing: /home/rics/tt_ws/src/tese_ws/install/scout_nav2_gz/share/scout_nav2_gz/models/location_marker_a/materials/textures/location_marker_a.png
[0.790s] -- Installing: /home/rics/tt_ws/src/tese_ws/install/scout_nav2_gz/share/scout_nav2_gz/models/location_marker_a/materials/textures/fre_logo.png
[0.790s] -- Installing: /home/rics/tt_ws/src/tese_ws/install/scout_nav2_gz/share/scout_nav2_gz/models/location_marker_a/model.sdf
[0.790s] -- Installing: /home/rics/tt_ws/src/tese_ws/install/scout_nav2_gz/share/scout_nav2_gz/models/location_marker_a/meshes
[0.790s] -- Installing: /home/rics/tt_ws/src/tese_ws/install/scout_nav2_gz/share/scout_nav2_gz/models/location_marker_a/meshes/location_marker_a.dae
[0.790s] -- Installing: /home/rics/tt_ws/src/tese_ws/install/scout_nav2_gz/share/scout_nav2_gz/models/office_env_w 2
[0.791s] -- Installing: /home/rics/tt_ws/src/tese_ws/install/scout_nav2_gz/share/scout_nav2_gz/models/office_env_w 2/model.config
[0.791s] -- Installing: /home/rics/tt_ws/src/tese_ws/install/scout_nav2_gz/share/scout_nav2_gz/models/office_env_w 2/materials
[0.791s] -- Installing: /home/rics/tt_ws/src/tese_ws/install/scout_nav2_gz/share/scout_nav2_gz/models/office_env_w 2/materials/textures
[0.791s] -- Installing: /home/rics/tt_ws/src/tese_ws/install/scout_nav2_gz/share/scout_nav2_gz/models/office_env_w 2/materials/textures/wall_color_white.jpg
[0.791s] -- Installing: /home/rics/tt_ws/src/tese_ws/install/scout_nav2_gz/share/scout_nav2_gz/models/office_env_w 2/model.sdf
[0.791s] -- Installing: /home/rics/tt_ws/src/tese_ws/install/scout_nav2_gz/share/scout_nav2_gz/models/yellow_bin
[0.791s] -- Installing: /home/rics/tt_ws/src/tese_ws/install/scout_nav2_gz/share/scout_nav2_gz/models/yellow_bin/model.config
[0.791s] -- Installing: /home/rics/tt_ws/src/tese_ws/install/scout_nav2_gz/share/scout_nav2_gz/models/yellow_bin/model.sdf
[0.791s] -- Installing: /home/rics/tt_ws/src/tese_ws/install/scout_nav2_gz/share/scout_nav2_gz/models/yellow_bin/meshes
[0.791s] -- Installing: /home/rics/tt_ws/src/tese_ws/install/scout_nav2_gz/share/scout_nav2_gz/models/yellow_bin/meshes/green_cylinder.stl
[0.791s] -- Installing: /home/rics/tt_ws/src/tese_ws/install/scout_nav2_gz/share/scout_nav2_gz/models/retro_pepsi_can
[0.792s] -- Installing: /home/rics/tt_ws/src/tese_ws/install/scout_nav2_gz/share/scout_nav2_gz/models/retro_pepsi_can/model.config
[0.792s] -- Installing: /home/rics/tt_ws/src/tese_ws/install/scout_nav2_gz/share/scout_nav2_gz/models/retro_pepsi_can/materials
[0.792s] -- Installing: /home/rics/tt_ws/src/tese_ws/install/scout_nav2_gz/share/scout_nav2_gz/models/retro_pepsi_can/materials/textures
[0.792s] -- Installing: /home/rics/tt_ws/src/tese_ws/install/scout_nav2_gz/share/scout_nav2_gz/models/retro_pepsi_can/materials/textures/retro_pepsi_can.png
[0.794s] -- Installing: /home/rics/tt_ws/src/tese_ws/install/scout_nav2_gz/share/scout_nav2_gz/models/retro_pepsi_can/model.sdf
[0.794s] -- Installing: /home/rics/tt_ws/src/tese_ws/install/scout_nav2_gz/share/scout_nav2_gz/models/retro_pepsi_can/meshes
[0.794s] -- Installing: /home/rics/tt_ws/src/tese_ws/install/scout_nav2_gz/share/scout_nav2_gz/models/retro_pepsi_can/meshes/retro_pepsi_can.dae
[0.794s] -- Installing: /home/rics/tt_ws/src/tese_ws/install/scout_nav2_gz/share/scout_nav2_gz/models/puddle_medium
[0.795s] -- Installing: /home/rics/tt_ws/src/tese_ws/install/scout_nav2_gz/share/scout_nav2_gz/models/puddle_medium/model.config
[0.795s] -- Installing: /home/rics/tt_ws/src/tese_ws/install/scout_nav2_gz/share/scout_nav2_gz/models/puddle_medium/puddle_medium.dae
[0.795s] -- Installing: /home/rics/tt_ws/src/tese_ws/install/scout_nav2_gz/share/scout_nav2_gz/models/puddle_medium/model.sdf
[0.795s] -- Installing: /home/rics/tt_ws/src/tese_ws/install/scout_nav2_gz/share/scout_nav2_gz/models/neobotix_wall
[0.795s] -- Installing: /home/rics/tt_ws/src/tese_ws/install/scout_nav2_gz/share/scout_nav2_gz/models/neobotix_wall/model.config
[0.795s] -- Installing: /home/rics/tt_ws/src/tese_ws/install/scout_nav2_gz/share/scout_nav2_gz/models/neobotix_wall/model.sdf
[0.795s] -- Installing: /home/rics/tt_ws/src/tese_ws/install/scout_nav2_gz/share/scout_nav2_gz/models/neobotix_wall/meshes
[0.795s] -- Installing: /home/rics/tt_ws/src/tese_ws/install/scout_nav2_gz/share/scout_nav2_gz/models/neobotix_wall/meshes/Videopräsentation_ROX-HG-1b.png.001.png
[0.795s] -- Installing: /home/rics/tt_ws/src/tese_ws/install/scout_nav2_gz/share/scout_nav2_gz/models/neobotix_wall/meshes/Videopräsentation_ROX-HG-1b.png
[0.795s] -- Installing: /home/rics/tt_ws/src/tese_ws/install/scout_nav2_gz/share/scout_nav2_gz/models/neobotix_wall/meshes/model.dae
[0.795s] -- Installing: /home/rics/tt_ws/src/tese_ws/install/scout_nav2_gz/share/scout_nav2_gz/models/indoor_no_doors_2
[0.795s] -- Installing: /home/rics/tt_ws/src/tese_ws/install/scout_nav2_gz/share/scout_nav2_gz/models/indoor_no_doors_2/model.config
[0.795s] -- Installing: /home/rics/tt_ws/src/tese_ws/install/scout_nav2_gz/share/scout_nav2_gz/models/indoor_no_doors_2/indoor_2.world
[0.796s] -- Installing: /home/rics/tt_ws/src/tese_ws/install/scout_nav2_gz/share/scout_nav2_gz/models/indoor_no_doors_2/model.sdf
[0.796s] -- Installing: /home/rics/tt_ws/src/tese_ws/install/scout_nav2_gz/share/scout_nav2_gz/models/maize_02
[0.796s] -- Installing: /home/rics/tt_ws/src/tese_ws/install/scout_nav2_gz/share/scout_nav2_gz/models/maize_02/model.config
[0.796s] -- Installing: /home/rics/tt_ws/src/tese_ws/install/scout_nav2_gz/share/scout_nav2_gz/models/maize_02/materials
[0.796s] -- Installing: /home/rics/tt_ws/src/tese_ws/install/scout_nav2_gz/share/scout_nav2_gz/models/maize_02/materials/textures
[0.796s] -- Installing: /home/rics/tt_ws/src/tese_ws/install/scout_nav2_gz/share/scout_nav2_gz/models/maize_02/materials/textures/maize_02.png
[0.796s] -- Installing: /home/rics/tt_ws/src/tese_ws/install/scout_nav2_gz/share/scout_nav2_gz/models/maize_02/model.sdf
[0.796s] -- Installing: /home/rics/tt_ws/src/tese_ws/install/scout_nav2_gz/share/scout_nav2_gz/models/maize_02/meshes
[0.796s] -- Installing: /home/rics/tt_ws/src/tese_ws/install/scout_nav2_gz/share/scout_nav2_gz/models/maize_02/meshes/maize_02.dae
[0.797s] -- Installing: /home/rics/tt_ws/src/tese_ws/install/scout_nav2_gz/share/scout_nav2_gz/models/stone_01
[0.797s] -- Installing: /home/rics/tt_ws/src/tese_ws/install/scout_nav2_gz/share/scout_nav2_gz/models/stone_01/model.config
[0.797s] -- Installing: /home/rics/tt_ws/src/tese_ws/install/scout_nav2_gz/share/scout_nav2_gz/models/stone_01/materials
[0.797s] -- Installing: /home/rics/tt_ws/src/tese_ws/install/scout_nav2_gz/share/scout_nav2_gz/models/stone_01/materials/textures
[0.797s] -- Installing: /home/rics/tt_ws/src/tese_ws/install/scout_nav2_gz/share/scout_nav2_gz/models/stone_01/materials/textures/stone_01_occlusion.jpg
[0.798s] -- Installing: /home/rics/tt_ws/src/tese_ws/install/scout_nav2_gz/share/scout_nav2_gz/models/stone_01/materials/textures/stone_01_normal.jpg
[0.801s] -- Installing: /home/rics/tt_ws/src/tese_ws/install/scout_nav2_gz/share/scout_nav2_gz/models/stone_01/materials/textures/stone_01.jpg
[0.804s] -- Installing: /home/rics/tt_ws/src/tese_ws/install/scout_nav2_gz/share/scout_nav2_gz/models/stone_01/model.sdf
[0.804s] -- Installing: /home/rics/tt_ws/src/tese_ws/install/scout_nav2_gz/share/scout_nav2_gz/models/stone_01/meshes
[0.805s] -- Installing: /home/rics/tt_ws/src/tese_ws/install/scout_nav2_gz/share/scout_nav2_gz/models/stone_01/meshes/stone_01.dae
[0.805s] -- Installing: /home/rics/tt_ws/src/tese_ws/install/scout_nav2_gz/share/scout_nav2_gz/meshes
[0.805s] -- Installing: /home/rics/tt_ws/src/tese_ws/install/scout_nav2_gz/share/scout_nav2_gz/meshes/scout_v2
[0.805s] -- Installing: /home/rics/tt_ws/src/tese_ws/install/scout_nav2_gz/share/scout_nav2_gz/meshes/scout_v2/base_link.dae
[0.814s] -- Installing: /home/rics/tt_ws/src/tese_ws/install/scout_nav2_gz/share/scout_nav2_gz/meshes/scout_v2/base_link_full.dae
[0.814s] -- Installing: /home/rics/tt_ws/src/tese_ws/install/scout_nav2_gz/share/scout_nav2_gz/meshes/scout_v2/wheel_type2.dae
[0.815s] -- Installing: /home/rics/tt_ws/src/tese_ws/install/scout_nav2_gz/share/scout_nav2_gz/meshes/scout_v2/hokuyo.dae
[0.815s] -- Installing: /home/rics/tt_ws/src/tese_ws/install/scout_nav2_gz/share/scout_nav2_gz/meshes/scout_v2/wheel_type1.dae
[0.817s] -- Installing: /home/rics/tt_ws/src/tese_ws/install/scout_nav2_gz/share/scout_nav2_gz/meshes/scout_mini
[0.817s] -- Installing: /home/rics/tt_ws/src/tese_ws/install/scout_nav2_gz/share/scout_nav2_gz/meshes/scout_mini/mini_wheel.dae
[0.825s] -- Installing: /home/rics/tt_ws/src/tese_ws/install/scout_nav2_gz/share/scout_nav2_gz/meshes/scout_mini/mini_base_link.dae
[0.837s] -- Installing: /home/rics/tt_ws/src/tese_ws/install/scout_nav2_gz/share/scout_nav2_gz/urdf
[0.837s] -- Installing: /home/rics/tt_ws/src/tese_ws/install/scout_nav2_gz/share/scout_nav2_gz/urdf/scout_v2
[0.837s] -- Installing: /home/rics/tt_ws/src/tese_ws/install/scout_nav2_gz/share/scout_nav2_gz/urdf/scout_v2/scout_v2_trailer.xacro
[0.837s] -- Installing: /home/rics/tt_ws/src/tese_ws/install/scout_nav2_gz/share/scout_nav2_gz/urdf/scout_v2/scout_v2.xacro
[0.837s] -- Installing: /home/rics/tt_ws/src/tese_ws/install/scout_nav2_gz/share/scout_nav2_gz/urdf/scout_v2/generate_urdf.sh
[0.838s] -- Installing: /home/rics/tt_ws/src/tese_ws/install/scout_nav2_gz/share/scout_nav2_gz/urdf/scout_v2/scout_wheel_type2.xacro
[0.838s] -- Installing: /home/rics/tt_ws/src/tese_ws/install/scout_nav2_gz/share/scout_nav2_gz/urdf/scout_v2/scout_wheel_type1.xacro
[0.838s] -- Installing: /home/rics/tt_ws/src/tese_ws/install/scout_nav2_gz/share/scout_nav2_gz/urdf/scout_v2/scout_v2.urdf
[0.838s] -- Installing: /home/rics/tt_ws/src/tese_ws/install/scout_nav2_gz/share/scout_nav2_gz/urdf/scout_v2/scout_v2_optimized.xacro
[0.838s] -- Installing: /home/rics/tt_ws/src/tese_ws/install/scout_nav2_gz/share/scout_nav2_gz/urdf/scout_mini
[0.838s] -- Installing: /home/rics/tt_ws/src/tese_ws/install/scout_nav2_gz/share/scout_nav2_gz/urdf/scout_mini/scout_mini_wheel.xacro
[0.838s] -- Installing: /home/rics/tt_ws/src/tese_ws/install/scout_nav2_gz/share/scout_nav2_gz/urdf/scout_mini/scout_mini.urdf
[0.838s] -- Installing: /home/rics/tt_ws/src/tese_ws/install/scout_nav2_gz/share/scout_nav2_gz/urdf/scout_mini/scout_mini.xacro
[0.838s] -- Installing: /home/rics/tt_ws/src/tese_ws/install/scout_nav2_gz/lib/scout_nav2_gz/reach_goal.py
[0.838s] -- Installing: /home/rics/tt_ws/src/tese_ws/install/scout_nav2_gz/lib/scout_nav2_gz/follow_waypoints.py
[0.838s] -- Installing: /home/rics/tt_ws/src/tese_ws/install/scout_nav2_gz/lib/scout_nav2_gz/test_pub_hitch.py
[0.839s] -- Installing: /home/rics/tt_ws/src/tese_ws/install/scout_nav2_gz/share/ament_index/resource_index/package_run_dependencies/scout_nav2_gz
[0.839s] -- Installing: /home/rics/tt_ws/src/tese_ws/install/scout_nav2_gz/share/ament_index/resource_index/parent_prefix_path/scout_nav2_gz
[0.839s] -- Installing: /home/rics/tt_ws/src/tese_ws/install/scout_nav2_gz/share/scout_nav2_gz/environment/ament_prefix_path.sh
[0.839s] -- Installing: /home/rics/tt_ws/src/tese_ws/install/scout_nav2_gz/share/scout_nav2_gz/environment/ament_prefix_path.dsv
[0.839s] -- Installing: /home/rics/tt_ws/src/tese_ws/install/scout_nav2_gz/share/scout_nav2_gz/environment/path.sh
[0.839s] -- Installing: /home/rics/tt_ws/src/tese_ws/install/scout_nav2_gz/share/scout_nav2_gz/environment/path.dsv
[0.839s] -- Installing: /home/rics/tt_ws/src/tese_ws/install/scout_nav2_gz/share/scout_nav2_gz/local_setup.bash
[0.840s] -- Installing: /home/rics/tt_ws/src/tese_ws/install/scout_nav2_gz/share/scout_nav2_gz/local_setup.sh
[0.840s] -- Installing: /home/rics/tt_ws/src/tese_ws/install/scout_nav2_gz/share/scout_nav2_gz/local_setup.zsh
[0.840s] -- Installing: /home/rics/tt_ws/src/tese_ws/install/scout_nav2_gz/share/scout_nav2_gz/local_setup.dsv
[0.840s] -- Installing: /home/rics/tt_ws/src/tese_ws/install/scout_nav2_gz/share/scout_nav2_gz/package.dsv
[0.840s] -- Installing: /home/rics/tt_ws/src/tese_ws/install/scout_nav2_gz/share/ament_index/resource_index/packages/scout_nav2_gz
[0.840s] -- Installing: /home/rics/tt_ws/src/tese_ws/install/scout_nav2_gz/share/scout_nav2_gz/cmake/scout_nav2_gzConfig.cmake
[0.840s] -- Installing: /home/rics/tt_ws/src/tese_ws/install/scout_nav2_gz/share/scout_nav2_gz/cmake/scout_nav2_gzConfig-version.cmake
[0.840s] -- Installing: /home/rics/tt_ws/src/tese_ws/install/scout_nav2_gz/share/scout_nav2_gz/package.xml
[0.842s] Invoked command in '/home/rics/tt_ws/src/tese_ws/build/scout_nav2_gz' returned '0': CMAKE_PREFIX_PATH=${CMAKE_PREFIX_PATH}:/opt/ros/humble /usr/bin/cmake --install /home/rics/tt_ws/src/tese_ws/build/scout_nav2_gz
