[0.022s] Invoking command in '/home/rics/tt_ws/src/tese_ws/build/scout_nav2_gz': CMAKE_PREFIX_PATH=${CMAKE_PREFIX_PATH}:/opt/ros/humble /usr/bin/cmake --build /home/rics/tt_ws/src/tese_ws/build/scout_nav2_gz -- -j8 -l8
[0.079s] Invoked command in '/home/rics/tt_ws/src/tese_ws/build/scout_nav2_gz' returned '0': CMAKE_PREFIX_PATH=${CMAKE_PREFIX_PATH}:/opt/ros/humble /usr/bin/cmake --build /home/rics/tt_ws/src/tese_ws/build/scout_nav2_gz -- -j8 -l8
[0.080s] Invoking command in '/home/rics/tt_ws/src/tese_ws/build/scout_nav2_gz': CMAKE_PREFIX_PATH=${CMAKE_PREFIX_PATH}:/opt/ros/humble /usr/bin/cmake --install /home/rics/tt_ws/src/tese_ws/build/scout_nav2_gz
[0.127s] -- Install configuration: ""
[0.127s] -- Up-to-date: /home/rics/tt_ws/src/tese_ws/install/scout_nav2_gz/share/scout_nav2_gz/scripts
[0.127s] -- Installing: /home/rics/tt_ws/src/tese_ws/install/scout_nav2_gz/share/scout_nav2_gz/scripts/test_pub_hitch.py
[0.127s] -- Up-to-date: /home/rics/tt_ws/src/tese_ws/install/scout_nav2_gz/share/scout_nav2_gz/scripts/reach_goal.py
[0.127s] -- Up-to-date: /home/rics/tt_ws/src/tese_ws/install/scout_nav2_gz/share/scout_nav2_gz/scripts/follow_waypoints.py
[0.128s] -- Up-to-date: /home/rics/tt_ws/src/tese_ws/install/scout_nav2_gz/share/scout_nav2_gz/scripts/__init__.py
[0.128s] -- Up-to-date: /home/rics/tt_ws/src/tese_ws/install/scout_nav2_gz/share/scout_nav2_gz/launch
[0.128s] -- Up-to-date: /home/rics/tt_ws/src/tese_ws/install/scout_nav2_gz/share/scout_nav2_gz/launch/gps_waypoint_follower.launch.py
[0.128s] -- Up-to-date: /home/rics/tt_ws/src/tese_ws/install/scout_nav2_gz/share/scout_nav2_gz/launch/gazebo_gps_world.launch.py
[0.131s] -- Up-to-date: /home/rics/tt_ws/src/tese_ws/install/scout_nav2_gz/share/scout_nav2_gz/launch/display.launch.py
[0.131s] -- Up-to-date: /home/rics/tt_ws/src/tese_ws/install/scout_nav2_gz/share/scout_nav2_gz/launch/mapviz.launch.py
[0.131s] -- Up-to-date: /home/rics/tt_ws/src/tese_ws/install/scout_nav2_gz/share/scout_nav2_gz/launch/dual_ekf_navsat.launch.py
[0.131s] -- Up-to-date: /home/rics/tt_ws/src/tese_ws/install/scout_nav2_gz/share/scout_nav2_gz/launch/complete_navigation.launch.py
[0.131s] -- Up-to-date: /home/rics/tt_ws/src/tese_ws/install/scout_nav2_gz/share/scout_nav2_gz/rviz
[0.131s] -- Up-to-date: /home/rics/tt_ws/src/tese_ws/install/scout_nav2_gz/share/scout_nav2_gz/rviz/urdf_config.rviz
[0.131s] -- Up-to-date: /home/rics/tt_ws/src/tese_ws/install/scout_nav2_gz/share/scout_nav2_gz/rviz/navigation_config.rviz
[0.131s] -- Up-to-date: /home/rics/tt_ws/src/tese_ws/install/scout_nav2_gz/share/scout_nav2_gz/config
[0.131s] -- Up-to-date: /home/rics/tt_ws/src/tese_ws/install/scout_nav2_gz/share/scout_nav2_gz/config/ekf.yaml
[0.131s] -- Up-to-date: /home/rics/tt_ws/src/tese_ws/install/scout_nav2_gz/share/scout_nav2_gz/config/nav2_params.yaml
[0.132s] -- Up-to-date: /home/rics/tt_ws/src/tese_ws/install/scout_nav2_gz/share/scout_nav2_gz/config/nav2_params_backported.yaml
[0.132s] -- Up-to-date: /home/rics/tt_ws/src/tese_ws/install/scout_nav2_gz/share/scout_nav2_gz/config/diff_drive_controller_velocity.yaml
[0.132s] -- Up-to-date: /home/rics/tt_ws/src/tese_ws/install/scout_nav2_gz/share/scout_nav2_gz/config/demo_waypoints.yaml
[0.132s] -- Up-to-date: /home/rics/tt_ws/src/tese_ws/install/scout_nav2_gz/share/scout_nav2_gz/config/nav2_no_map_params_backported.yaml
[0.132s] -- Up-to-date: /home/rics/tt_ws/src/tese_ws/install/scout_nav2_gz/share/scout_nav2_gz/config/ekf_new.yaml
[0.132s] -- Up-to-date: /home/rics/tt_ws/src/tese_ws/install/scout_nav2_gz/share/scout_nav2_gz/config/dual_ekf_navsat_params.yaml
[0.132s] -- Up-to-date: /home/rics/tt_ws/src/tese_ws/install/scout_nav2_gz/share/scout_nav2_gz/config/gps_wpf_demo.mvc
[0.132s] -- Up-to-date: /home/rics/tt_ws/src/tese_ws/install/scout_nav2_gz/share/scout_nav2_gz/config/nav2_no_map_params.yaml
[0.132s] -- Up-to-date: /home/rics/tt_ws/src/tese_ws/install/scout_nav2_gz/share/scout_nav2_gz/config/nav2_params_default.yaml
[0.132s] -- Up-to-date: /home/rics/tt_ws/src/tese_ws/install/scout_nav2_gz/share/scout_nav2_gz/world
[0.132s] -- Up-to-date: /home/rics/tt_ws/src/tese_ws/install/scout_nav2_gz/share/scout_nav2_gz/world/edifice.sdf
[0.132s] -- Up-to-date: /home/rics/tt_ws/src/tese_ws/install/scout_nav2_gz/share/scout_nav2_gz/world/ign_indoor
[0.132s] -- Up-to-date: /home/rics/tt_ws/src/tese_ws/install/scout_nav2_gz/share/scout_nav2_gz/world/ign_indoor/ign_indoor_test.sdf
[0.132s] -- Up-to-date: /home/rics/tt_ws/src/tese_ws/install/scout_nav2_gz/share/scout_nav2_gz/world/ign_indoor/ign_indoor.sdf
[0.133s] -- Up-to-date: /home/rics/tt_ws/src/tese_ws/install/scout_nav2_gz/share/scout_nav2_gz/world/ign_indoor/ign_indoor_contacts.sdf
[0.133s] -- Up-to-date: /home/rics/tt_ws/src/tese_ws/install/scout_nav2_gz/share/scout_nav2_gz/world/ign_indoor/models
[0.133s] -- Up-to-date: /home/rics/tt_ws/src/tese_ws/install/scout_nav2_gz/share/scout_nav2_gz/world/ign_indoor/models/ramp_1
[0.133s] -- Up-to-date: /home/rics/tt_ws/src/tese_ws/install/scout_nav2_gz/share/scout_nav2_gz/world/ign_indoor/models/ramp_1/ramp_015.dae
[0.133s] -- Up-to-date: /home/rics/tt_ws/src/tese_ws/install/scout_nav2_gz/share/scout_nav2_gz/world/ign_indoor/models/ramp_1/ramp_025.dae
[0.133s] -- Up-to-date: /home/rics/tt_ws/src/tese_ws/install/scout_nav2_gz/share/scout_nav2_gz/world/ign_indoor/models/ramp_1/model.config
[0.133s] -- Up-to-date: /home/rics/tt_ws/src/tese_ws/install/scout_nav2_gz/share/scout_nav2_gz/world/ign_indoor/models/ramp_1/model.sdf
[0.133s] -- Up-to-date: /home/rics/tt_ws/src/tese_ws/install/scout_nav2_gz/share/scout_nav2_gz/world/ign_indoor/models/2
[0.133s] -- Up-to-date: /home/rics/tt_ws/src/tese_ws/install/scout_nav2_gz/share/scout_nav2_gz/world/ign_indoor/models/2/thumbnails
[0.133s] -- Up-to-date: /home/rics/tt_ws/src/tese_ws/install/scout_nav2_gz/share/scout_nav2_gz/world/ign_indoor/models/2/thumbnails/3.png
[0.133s] -- Up-to-date: /home/rics/tt_ws/src/tese_ws/install/scout_nav2_gz/share/scout_nav2_gz/world/ign_indoor/models/2/thumbnails/1.png
[0.133s] -- Up-to-date: /home/rics/tt_ws/src/tese_ws/install/scout_nav2_gz/share/scout_nav2_gz/world/ign_indoor/models/2/thumbnails/4.png
[0.133s] -- Up-to-date: /home/rics/tt_ws/src/tese_ws/install/scout_nav2_gz/share/scout_nav2_gz/world/ign_indoor/models/2/thumbnails/2.png
[0.133s] -- Up-to-date: /home/rics/tt_ws/src/tese_ws/install/scout_nav2_gz/share/scout_nav2_gz/world/ign_indoor/models/2/thumbnails/5.png
[0.133s] -- Up-to-date: /home/rics/tt_ws/src/tese_ws/install/scout_nav2_gz/share/scout_nav2_gz/world/ign_indoor/models/2/model.config
[0.133s] -- Up-to-date: /home/rics/tt_ws/src/tese_ws/install/scout_nav2_gz/share/scout_nav2_gz/world/ign_indoor/models/2/model.sdf
[0.133s] -- Up-to-date: /home/rics/tt_ws/src/tese_ws/install/scout_nav2_gz/share/scout_nav2_gz/world/ign_indoor/models/2/meshes
[0.133s] -- Up-to-date: /home/rics/tt_ws/src/tese_ws/install/scout_nav2_gz/share/scout_nav2_gz/world/ign_indoor/models/2/meshes/FoodCourtTable1_Col.obj
[0.133s] -- Up-to-date: /home/rics/tt_ws/src/tese_ws/install/scout_nav2_gz/share/scout_nav2_gz/world/ign_indoor/models/2/meshes/FoodCourtTable1.obj
[0.134s] -- Up-to-date: /home/rics/tt_ws/src/tese_ws/install/scout_nav2_gz/share/scout_nav2_gz/world/ign_indoor/models/2/meshes/FoodCourtTable1_Metal.png
[0.134s] -- Up-to-date: /home/rics/tt_ws/src/tese_ws/install/scout_nav2_gz/share/scout_nav2_gz/world/ign_indoor/models/2/meshes/FoodCourtTable1_Diffuse.png
[0.134s] -- Up-to-date: /home/rics/tt_ws/src/tese_ws/install/scout_nav2_gz/share/scout_nav2_gz/world/ign_indoor/models/2/meshes/FoodCourtTable1_Col.mtl
[0.134s] -- Up-to-date: /home/rics/tt_ws/src/tese_ws/install/scout_nav2_gz/share/scout_nav2_gz/world/ign_indoor/models/2/meshes/FoodCourtTable1.mtl
[0.134s] -- Up-to-date: /home/rics/tt_ws/src/tese_ws/install/scout_nav2_gz/share/scout_nav2_gz/world/ign_indoor/models/2/meshes/FoodCourtTable1_Normal.png
[0.134s] -- Up-to-date: /home/rics/tt_ws/src/tese_ws/install/scout_nav2_gz/share/scout_nav2_gz/world/ign_indoor/models/2/meshes/FoodCourtTable1_Rough.png
[0.134s] -- Up-to-date: /home/rics/tt_ws/src/tese_ws/install/scout_nav2_gz/share/scout_nav2_gz/world/ign_indoor/models/speed_bump_2
[0.134s] -- Up-to-date: /home/rics/tt_ws/src/tese_ws/install/scout_nav2_gz/share/scout_nav2_gz/world/ign_indoor/models/speed_bump_2/Bump_2_short.dae
[0.134s] -- Up-to-date: /home/rics/tt_ws/src/tese_ws/install/scout_nav2_gz/share/scout_nav2_gz/world/ign_indoor/models/speed_bump_2/bump_2.dae
[0.134s] -- Up-to-date: /home/rics/tt_ws/src/tese_ws/install/scout_nav2_gz/share/scout_nav2_gz/world/ign_indoor/models/speed_bump_2/model.config
[0.134s] -- Up-to-date: /home/rics/tt_ws/src/tese_ws/install/scout_nav2_gz/share/scout_nav2_gz/world/ign_indoor/models/speed_bump_2/bump_2
[0.134s] -- Up-to-date: /home/rics/tt_ws/src/tese_ws/install/scout_nav2_gz/share/scout_nav2_gz/world/ign_indoor/models/speed_bump_2/bump_2/rubbishy_xdigg8.jpg
[0.134s] -- Up-to-date: /home/rics/tt_ws/src/tese_ws/install/scout_nav2_gz/share/scout_nav2_gz/world/ign_indoor/models/speed_bump_2/model.sdf
[0.134s] -- Up-to-date: /home/rics/tt_ws/src/tese_ws/install/scout_nav2_gz/share/scout_nav2_gz/world/ign_indoor/models/speed_bump_3
[0.134s] -- Up-to-date: /home/rics/tt_ws/src/tese_ws/install/scout_nav2_gz/share/scout_nav2_gz/world/ign_indoor/models/speed_bump_3/bump_3
[0.134s] -- Up-to-date: /home/rics/tt_ws/src/tese_ws/install/scout_nav2_gz/share/scout_nav2_gz/world/ign_indoor/models/speed_bump_3/bump_3/rubbishy_xdigg9.jpg
[0.134s] -- Up-to-date: /home/rics/tt_ws/src/tese_ws/install/scout_nav2_gz/share/scout_nav2_gz/world/ign_indoor/models/speed_bump_3/bump_3.dae
[0.134s] -- Up-to-date: /home/rics/tt_ws/src/tese_ws/install/scout_nav2_gz/share/scout_nav2_gz/world/ign_indoor/models/speed_bump_3/model.config
[0.135s] -- Up-to-date: /home/rics/tt_ws/src/tese_ws/install/scout_nav2_gz/share/scout_nav2_gz/world/ign_indoor/models/speed_bump_3/model.sdf
[0.135s] -- Up-to-date: /home/rics/tt_ws/src/tese_ws/install/scout_nav2_gz/share/scout_nav2_gz/world/ign_indoor/models/speed_bump_3/Bump_3_short.dae
[0.135s] -- Up-to-date: /home/rics/tt_ws/src/tese_ws/install/scout_nav2_gz/share/scout_nav2_gz/world/ign_indoor/models/4
[0.135s] -- Up-to-date: /home/rics/tt_ws/src/tese_ws/install/scout_nav2_gz/share/scout_nav2_gz/world/ign_indoor/models/4/thumbnails
[0.135s] -- Up-to-date: /home/rics/tt_ws/src/tese_ws/install/scout_nav2_gz/share/scout_nav2_gz/world/ign_indoor/models/4/thumbnails/3.png
[0.135s] -- Up-to-date: /home/rics/tt_ws/src/tese_ws/install/scout_nav2_gz/share/scout_nav2_gz/world/ign_indoor/models/4/thumbnails/1.png
[0.135s] -- Up-to-date: /home/rics/tt_ws/src/tese_ws/install/scout_nav2_gz/share/scout_nav2_gz/world/ign_indoor/models/4/thumbnails/4.png
[0.135s] -- Up-to-date: /home/rics/tt_ws/src/tese_ws/install/scout_nav2_gz/share/scout_nav2_gz/world/ign_indoor/models/4/thumbnails/2.png
[0.135s] -- Up-to-date: /home/rics/tt_ws/src/tese_ws/install/scout_nav2_gz/share/scout_nav2_gz/world/ign_indoor/models/4/thumbnails/5.png
[0.135s] -- Up-to-date: /home/rics/tt_ws/src/tese_ws/install/scout_nav2_gz/share/scout_nav2_gz/world/ign_indoor/models/4/model.config
[0.135s] -- Up-to-date: /home/rics/tt_ws/src/tese_ws/install/scout_nav2_gz/share/scout_nav2_gz/world/ign_indoor/models/4/materials
[0.135s] -- Up-to-date: /home/rics/tt_ws/src/tese_ws/install/scout_nav2_gz/share/scout_nav2_gz/world/ign_indoor/models/4/materials/textures
[0.135s] -- Up-to-date: /home/rics/tt_ws/src/tese_ws/install/scout_nav2_gz/share/scout_nav2_gz/world/ign_indoor/models/4/materials/textures/brown_eye.png
[0.135s] -- Up-to-date: /home/rics/tt_ws/src/tese_ws/install/scout_nav2_gz/share/scout_nav2_gz/world/ign_indoor/models/4/materials/textures/female_casualsuit01_diffuse.png
[0.135s] -- Up-to-date: /home/rics/tt_ws/src/tese_ws/install/scout_nav2_gz/share/scout_nav2_gz/world/ign_indoor/models/4/materials/textures/ponytail01_diffuse.png
[0.135s] -- Up-to-date: /home/rics/tt_ws/src/tese_ws/install/scout_nav2_gz/share/scout_nav2_gz/world/ign_indoor/models/4/materials/textures/female_casualsuit01_normal.png
[0.135s] -- Up-to-date: /home/rics/tt_ws/src/tese_ws/install/scout_nav2_gz/share/scout_nav2_gz/world/ign_indoor/models/4/materials/textures/female_casualsuit02_normal.png
[0.135s] -- Up-to-date: /home/rics/tt_ws/src/tese_ws/install/scout_nav2_gz/share/scout_nav2_gz/world/ign_indoor/models/4/materials/textures/tongue01_diffuse.png
[0.136s] -- Up-to-date: /home/rics/tt_ws/src/tese_ws/install/scout_nav2_gz/share/scout_nav2_gz/world/ign_indoor/models/4/materials/textures/eyebrow002.png
[0.136s] -- Up-to-date: /home/rics/tt_ws/src/tese_ws/install/scout_nav2_gz/share/scout_nav2_gz/world/ign_indoor/models/4/materials/textures/female_casualsuit02_diffuse.png
[0.136s] -- Up-to-date: /home/rics/tt_ws/src/tese_ws/install/scout_nav2_gz/share/scout_nav2_gz/world/ign_indoor/models/4/materials/textures/eyelashes01.png
[0.136s] -- Up-to-date: /home/rics/tt_ws/src/tese_ws/install/scout_nav2_gz/share/scout_nav2_gz/world/ign_indoor/models/4/materials/textures/casual_female.png
[0.136s] -- Up-to-date: /home/rics/tt_ws/src/tese_ws/install/scout_nav2_gz/share/scout_nav2_gz/world/ign_indoor/models/4/materials/textures/shoes05_diffuse.png
[0.136s] -- Up-to-date: /home/rics/tt_ws/src/tese_ws/install/scout_nav2_gz/share/scout_nav2_gz/world/ign_indoor/models/4/materials/textures/young_lightskinned_female_diffuse.png
[0.137s] -- Up-to-date: /home/rics/tt_ws/src/tese_ws/install/scout_nav2_gz/share/scout_nav2_gz/world/ign_indoor/models/4/model.sdf
[0.137s] -- Up-to-date: /home/rics/tt_ws/src/tese_ws/install/scout_nav2_gz/share/scout_nav2_gz/world/ign_indoor/models/4/meshes
[0.137s] -- Up-to-date: /home/rics/tt_ws/src/tese_ws/install/scout_nav2_gz/share/scout_nav2_gz/world/ign_indoor/models/4/meshes/casual_female.dae
[0.137s] -- Up-to-date: /home/rics/tt_ws/src/tese_ws/install/scout_nav2_gz/share/scout_nav2_gz/world/ign_indoor/models/ramp_2
[0.137s] -- Up-to-date: /home/rics/tt_ws/src/tese_ws/install/scout_nav2_gz/share/scout_nav2_gz/world/ign_indoor/models/ramp_2/ramp_037.dae
[0.137s] -- Up-to-date: /home/rics/tt_ws/src/tese_ws/install/scout_nav2_gz/share/scout_nav2_gz/world/ign_indoor/models/ramp_2/ramp_020.dae
[0.137s] -- Up-to-date: /home/rics/tt_ws/src/tese_ws/install/scout_nav2_gz/share/scout_nav2_gz/world/ign_indoor/models/ramp_2/model.config
[0.137s] -- Up-to-date: /home/rics/tt_ws/src/tese_ws/install/scout_nav2_gz/share/scout_nav2_gz/world/ign_indoor/models/ramp_2/model.sdf
[0.137s] -- Up-to-date: /home/rics/tt_ws/src/tese_ws/install/scout_nav2_gz/share/scout_nav2_gz/world/ign_indoor/models/speed_bump_1_short
[0.137s] -- Up-to-date: /home/rics/tt_ws/src/tese_ws/install/scout_nav2_gz/share/scout_nav2_gz/world/ign_indoor/models/speed_bump_1_short/bump_2_060
[0.137s] -- Up-to-date: /home/rics/tt_ws/src/tese_ws/install/scout_nav2_gz/share/scout_nav2_gz/world/ign_indoor/models/speed_bump_1_short/bump_2_060/rubbishy_xdigg10.jpg
[0.137s] -- Up-to-date: /home/rics/tt_ws/src/tese_ws/install/scout_nav2_gz/share/scout_nav2_gz/world/ign_indoor/models/speed_bump_1_short/model.config
[0.137s] -- Up-to-date: /home/rics/tt_ws/src/tese_ws/install/scout_nav2_gz/share/scout_nav2_gz/world/ign_indoor/models/speed_bump_1_short/model.sdf
[0.137s] -- Up-to-date: /home/rics/tt_ws/src/tese_ws/install/scout_nav2_gz/share/scout_nav2_gz/world/ign_indoor/models/speed_bump_1_short/bump_2_060.dae
[0.138s] -- Up-to-date: /home/rics/tt_ws/src/tese_ws/install/scout_nav2_gz/share/scout_nav2_gz/world/ign_indoor/models/speed_bump_3_short
[0.138s] -- Up-to-date: /home/rics/tt_ws/src/tese_ws/install/scout_nav2_gz/share/scout_nav2_gz/world/ign_indoor/models/speed_bump_3_short/bump_3_060.dae
[0.138s] -- Up-to-date: /home/rics/tt_ws/src/tese_ws/install/scout_nav2_gz/share/scout_nav2_gz/world/ign_indoor/models/speed_bump_3_short/model.config
[0.138s] -- Up-to-date: /home/rics/tt_ws/src/tese_ws/install/scout_nav2_gz/share/scout_nav2_gz/world/ign_indoor/models/speed_bump_3_short/bump_3_060
[0.145s] -- Up-to-date: /home/rics/tt_ws/src/tese_ws/install/scout_nav2_gz/share/scout_nav2_gz/world/ign_indoor/models/speed_bump_3_short/bump_3_060/rubbishy_xdigg9.jpg
[0.145s] -- Up-to-date: /home/rics/tt_ws/src/tese_ws/install/scout_nav2_gz/share/scout_nav2_gz/world/ign_indoor/models/speed_bump_3_short/model.sdf
[0.146s] -- Up-to-date: /home/rics/tt_ws/src/tese_ws/install/scout_nav2_gz/share/scout_nav2_gz/world/ign_indoor/models/speed_bump_1
[0.146s] -- Up-to-date: /home/rics/tt_ws/src/tese_ws/install/scout_nav2_gz/share/scout_nav2_gz/world/ign_indoor/models/speed_bump_1/Bump_1_short.dae
[0.146s] -- Up-to-date: /home/rics/tt_ws/src/tese_ws/install/scout_nav2_gz/share/scout_nav2_gz/world/ign_indoor/models/speed_bump_1/bump_1
[0.146s] -- Up-to-date: /home/rics/tt_ws/src/tese_ws/install/scout_nav2_gz/share/scout_nav2_gz/world/ign_indoor/models/speed_bump_1/bump_1/rubbishy_xdigg10.jpg
[0.146s] -- Up-to-date: /home/rics/tt_ws/src/tese_ws/install/scout_nav2_gz/share/scout_nav2_gz/world/ign_indoor/models/speed_bump_1/bump_1.dae
[0.146s] -- Up-to-date: /home/rics/tt_ws/src/tese_ws/install/scout_nav2_gz/share/scout_nav2_gz/world/ign_indoor/models/speed_bump_1/model.config
[0.146s] -- Up-to-date: /home/rics/tt_ws/src/tese_ws/install/scout_nav2_gz/share/scout_nav2_gz/world/ign_indoor/models/speed_bump_1/model.sdf
[0.146s] -- Up-to-date: /home/rics/tt_ws/src/tese_ws/install/scout_nav2_gz/share/scout_nav2_gz/world/ign_indoor/models/speed_bump_2_short
[0.146s] -- Up-to-date: /home/rics/tt_ws/src/tese_ws/install/scout_nav2_gz/share/scout_nav2_gz/world/ign_indoor/models/speed_bump_2_short/bump_1_060.dae
[0.146s] -- Up-to-date: /home/rics/tt_ws/src/tese_ws/install/scout_nav2_gz/share/scout_nav2_gz/world/ign_indoor/models/speed_bump_2_short/model.config
[0.146s] -- Up-to-date: /home/rics/tt_ws/src/tese_ws/install/scout_nav2_gz/share/scout_nav2_gz/world/ign_indoor/models/speed_bump_2_short/bump_1_060
[0.147s] -- Up-to-date: /home/rics/tt_ws/src/tese_ws/install/scout_nav2_gz/share/scout_nav2_gz/world/ign_indoor/models/speed_bump_2_short/bump_1_060/rubbishy_xdigg8.jpg
[0.147s] -- Up-to-date: /home/rics/tt_ws/src/tese_ws/install/scout_nav2_gz/share/scout_nav2_gz/world/ign_indoor/models/speed_bump_2_short/model.sdf
[0.147s] -- Up-to-date: /home/rics/tt_ws/src/tese_ws/install/scout_nav2_gz/share/scout_nav2_gz/world/ign_indoor/ign_indoor_old.sdf
[0.147s] -- Up-to-date: /home/rics/tt_ws/src/tese_ws/install/scout_nav2_gz/share/scout_nav2_gz/world/outdoor.sdf
[0.147s] -- Up-to-date: /home/rics/tt_ws/src/tese_ws/install/scout_nav2_gz/share/scout_nav2_gz/world/maize_field.world
[0.147s] -- Up-to-date: /home/rics/tt_ws/src/tese_ws/install/scout_nav2_gz/share/scout_nav2_gz/world/neo_workshop_empty.sdf
[0.147s] -- Up-to-date: /home/rics/tt_ws/src/tese_ws/install/scout_nav2_gz/share/scout_nav2_gz/world/neo_workshop.sdf
[0.147s] -- Up-to-date: /home/rics/tt_ws/src/tese_ws/install/scout_nav2_gz/share/scout_nav2_gz/world/maize_field_wider.world
[0.147s] -- Up-to-date: /home/rics/tt_ws/src/tese_ws/install/scout_nav2_gz/share/scout_nav2_gz/world/empty.sdf
[0.147s] -- Up-to-date: /home/rics/tt_ws/src/tese_ws/install/scout_nav2_gz/share/scout_nav2_gz/models
[0.147s] -- Up-to-date: /home/rics/tt_ws/src/tese_ws/install/scout_nav2_gz/share/scout_nav2_gz/models/door
[0.147s] -- Up-to-date: /home/rics/tt_ws/src/tese_ws/install/scout_nav2_gz/share/scout_nav2_gz/models/door/model.config
[0.147s] -- Up-to-date: /home/rics/tt_ws/src/tese_ws/install/scout_nav2_gz/share/scout_nav2_gz/models/door/materials
[0.147s] -- Up-to-date: /home/rics/tt_ws/src/tese_ws/install/scout_nav2_gz/share/scout_nav2_gz/models/door/materials/scripts
[0.147s] -- Up-to-date: /home/rics/tt_ws/src/tese_ws/install/scout_nav2_gz/share/scout_nav2_gz/models/door/materials/scripts/door.material
[0.147s] -- Up-to-date: /home/rics/tt_ws/src/tese_ws/install/scout_nav2_gz/share/scout_nav2_gz/models/door/materials/textures
[0.147s] -- Up-to-date: /home/rics/tt_ws/src/tese_ws/install/scout_nav2_gz/share/scout_nav2_gz/models/door/materials/textures/door.jpg
[0.147s] -- Up-to-date: /home/rics/tt_ws/src/tese_ws/install/scout_nav2_gz/share/scout_nav2_gz/models/door/model.sdf
[0.147s] -- Up-to-date: /home/rics/tt_ws/src/tese_ws/install/scout_nav2_gz/share/scout_nav2_gz/models/start
[0.148s] -- Up-to-date: /home/rics/tt_ws/src/tese_ws/install/scout_nav2_gz/share/scout_nav2_gz/models/start/model.config
[0.148s] -- Up-to-date: /home/rics/tt_ws/src/tese_ws/install/scout_nav2_gz/share/scout_nav2_gz/models/start/materials
[0.148s] -- Up-to-date: /home/rics/tt_ws/src/tese_ws/install/scout_nav2_gz/share/scout_nav2_gz/models/start/materials/textures
[0.148s] -- Up-to-date: /home/rics/tt_ws/src/tese_ws/install/scout_nav2_gz/share/scout_nav2_gz/models/start/materials/textures/arrow.png
[0.148s] -- Up-to-date: /home/rics/tt_ws/src/tese_ws/install/scout_nav2_gz/share/scout_nav2_gz/models/start/model.sdf
[0.148s] -- Up-to-date: /home/rics/tt_ws/src/tese_ws/install/scout_nav2_gz/share/scout_nav2_gz/models/foodcourttable1
[0.149s] -- Up-to-date: /home/rics/tt_ws/src/tese_ws/install/scout_nav2_gz/share/scout_nav2_gz/models/foodcourttable1/2
[0.149s] -- Up-to-date: /home/rics/tt_ws/src/tese_ws/install/scout_nav2_gz/share/scout_nav2_gz/models/foodcourttable1/2/thumbnails
[0.149s] -- Up-to-date: /home/rics/tt_ws/src/tese_ws/install/scout_nav2_gz/share/scout_nav2_gz/models/foodcourttable1/2/thumbnails/3.png
[0.149s] -- Up-to-date: /home/rics/tt_ws/src/tese_ws/install/scout_nav2_gz/share/scout_nav2_gz/models/foodcourttable1/2/thumbnails/1.png
[0.149s] -- Up-to-date: /home/rics/tt_ws/src/tese_ws/install/scout_nav2_gz/share/scout_nav2_gz/models/foodcourttable1/2/thumbnails/4.png
[0.149s] -- Up-to-date: /home/rics/tt_ws/src/tese_ws/install/scout_nav2_gz/share/scout_nav2_gz/models/foodcourttable1/2/thumbnails/2.png
[0.149s] -- Up-to-date: /home/rics/tt_ws/src/tese_ws/install/scout_nav2_gz/share/scout_nav2_gz/models/foodcourttable1/2/thumbnails/5.png
[0.149s] -- Up-to-date: /home/rics/tt_ws/src/tese_ws/install/scout_nav2_gz/share/scout_nav2_gz/models/foodcourttable1/2/model.config
[0.149s] -- Up-to-date: /home/rics/tt_ws/src/tese_ws/install/scout_nav2_gz/share/scout_nav2_gz/models/foodcourttable1/2/model.sdf
[0.149s] -- Up-to-date: /home/rics/tt_ws/src/tese_ws/install/scout_nav2_gz/share/scout_nav2_gz/models/foodcourttable1/2/meshes
[0.149s] -- Up-to-date: /home/rics/tt_ws/src/tese_ws/install/scout_nav2_gz/share/scout_nav2_gz/models/foodcourttable1/2/meshes/FoodCourtTable1_Col.obj
[0.149s] -- Up-to-date: /home/rics/tt_ws/src/tese_ws/install/scout_nav2_gz/share/scout_nav2_gz/models/foodcourttable1/2/meshes/FoodCourtTable1.obj
[0.150s] -- Up-to-date: /home/rics/tt_ws/src/tese_ws/install/scout_nav2_gz/share/scout_nav2_gz/models/foodcourttable1/2/meshes/FoodCourtTable1_Metal.png
[0.150s] -- Up-to-date: /home/rics/tt_ws/src/tese_ws/install/scout_nav2_gz/share/scout_nav2_gz/models/foodcourttable1/2/meshes/FoodCourtTable1_Diffuse.png
[0.150s] -- Up-to-date: /home/rics/tt_ws/src/tese_ws/install/scout_nav2_gz/share/scout_nav2_gz/models/foodcourttable1/2/meshes/FoodCourtTable1_Col.mtl
[0.150s] -- Up-to-date: /home/rics/tt_ws/src/tese_ws/install/scout_nav2_gz/share/scout_nav2_gz/models/foodcourttable1/2/meshes/FoodCourtTable1.mtl
[0.150s] -- Up-to-date: /home/rics/tt_ws/src/tese_ws/install/scout_nav2_gz/share/scout_nav2_gz/models/foodcourttable1/2/meshes/FoodCourtTable1_Normal.png
[0.150s] -- Up-to-date: /home/rics/tt_ws/src/tese_ws/install/scout_nav2_gz/share/scout_nav2_gz/models/foodcourttable1/2/meshes/FoodCourtTable1_Rough.png
[0.150s] -- Up-to-date: /home/rics/tt_ws/src/tese_ws/install/scout_nav2_gz/share/scout_nav2_gz/models/location_marker_b
[0.150s] -- Up-to-date: /home/rics/tt_ws/src/tese_ws/install/scout_nav2_gz/share/scout_nav2_gz/models/location_marker_b/model.config
[0.151s] -- Up-to-date: /home/rics/tt_ws/src/tese_ws/install/scout_nav2_gz/share/scout_nav2_gz/models/location_marker_b/materials
[0.151s] -- Up-to-date: /home/rics/tt_ws/src/tese_ws/install/scout_nav2_gz/share/scout_nav2_gz/models/location_marker_b/materials/textures
[0.151s] -- Up-to-date: /home/rics/tt_ws/src/tese_ws/install/scout_nav2_gz/share/scout_nav2_gz/models/location_marker_b/materials/textures/location_marker_b.png
[0.151s] -- Up-to-date: /home/rics/tt_ws/src/tese_ws/install/scout_nav2_gz/share/scout_nav2_gz/models/location_marker_b/materials/textures/fre_logo.png
[0.151s] -- Up-to-date: /home/rics/tt_ws/src/tese_ws/install/scout_nav2_gz/share/scout_nav2_gz/models/location_marker_b/model.sdf
[0.151s] -- Up-to-date: /home/rics/tt_ws/src/tese_ws/install/scout_nav2_gz/share/scout_nav2_gz/models/location_marker_b/meshes
[0.151s] -- Up-to-date: /home/rics/tt_ws/src/tese_ws/install/scout_nav2_gz/share/scout_nav2_gz/models/location_marker_b/meshes/location_marker_b.dae
[0.151s] -- Up-to-date: /home/rics/tt_ws/src/tese_ws/install/scout_nav2_gz/share/scout_nav2_gz/models/office_env_w_complete
[0.151s] -- Up-to-date: /home/rics/tt_ws/src/tese_ws/install/scout_nav2_gz/share/scout_nav2_gz/models/office_env_w_complete/model.config
[0.151s] -- Up-to-date: /home/rics/tt_ws/src/tese_ws/install/scout_nav2_gz/share/scout_nav2_gz/models/office_env_w_complete/materials
[0.151s] -- Up-to-date: /home/rics/tt_ws/src/tese_ws/install/scout_nav2_gz/share/scout_nav2_gz/models/office_env_w_complete/materials/scripts
[0.151s] -- Up-to-date: /home/rics/tt_ws/src/tese_ws/install/scout_nav2_gz/share/scout_nav2_gz/models/office_env_w_complete/materials/scripts/wall_white.material
[0.151s] -- Up-to-date: /home/rics/tt_ws/src/tese_ws/install/scout_nav2_gz/share/scout_nav2_gz/models/office_env_w_complete/materials/textures
[0.158s] -- Up-to-date: /home/rics/tt_ws/src/tese_ws/install/scout_nav2_gz/share/scout_nav2_gz/models/office_env_w_complete/materials/textures/wall_color_white.jpg
[0.158s] -- Up-to-date: /home/rics/tt_ws/src/tese_ws/install/scout_nav2_gz/share/scout_nav2_gz/models/office_env_w_complete/model.sdf
[0.158s] -- Up-to-date: /home/rics/tt_ws/src/tese_ws/install/scout_nav2_gz/share/scout_nav2_gz/models/neobotix_wall_stickers
[0.158s] -- Up-to-date: /home/rics/tt_ws/src/tese_ws/install/scout_nav2_gz/share/scout_nav2_gz/models/neobotix_wall_stickers/model.config
[0.158s] -- Up-to-date: /home/rics/tt_ws/src/tese_ws/install/scout_nav2_gz/share/scout_nav2_gz/models/neobotix_wall_stickers/materials
[0.158s] -- Up-to-date: /home/rics/tt_ws/src/tese_ws/install/scout_nav2_gz/share/scout_nav2_gz/models/neobotix_wall_stickers/materials/scripts
[0.158s] -- Up-to-date: /home/rics/tt_ws/src/tese_ws/install/scout_nav2_gz/share/scout_nav2_gz/models/neobotix_wall_stickers/materials/scripts/neobotix_ground_plane.material
[0.158s] -- Up-to-date: /home/rics/tt_ws/src/tese_ws/install/scout_nav2_gz/share/scout_nav2_gz/models/neobotix_wall_stickers/materials/textures
[0.158s] -- Up-to-date: /home/rics/tt_ws/src/tese_ws/install/scout_nav2_gz/share/scout_nav2_gz/models/neobotix_wall_stickers/materials/textures/MyImage.jpg
[0.158s] -- Up-to-date: /home/rics/tt_ws/src/tese_ws/install/scout_nav2_gz/share/scout_nav2_gz/models/neobotix_wall_stickers/model.sdf
[0.158s] -- Up-to-date: /home/rics/tt_ws/src/tese_ws/install/scout_nav2_gz/share/scout_nav2_gz/models/virtual_maize_field_heightmap.png
[0.159s] -- Up-to-date: /home/rics/tt_ws/src/tese_ws/install/scout_nav2_gz/share/scout_nav2_gz/models/office_env_w
[0.159s] -- Up-to-date: /home/rics/tt_ws/src/tese_ws/install/scout_nav2_gz/share/scout_nav2_gz/models/office_env_w/model.config
[0.159s] -- Up-to-date: /home/rics/tt_ws/src/tese_ws/install/scout_nav2_gz/share/scout_nav2_gz/models/office_env_w/materials
[0.159s] -- Up-to-date: /home/rics/tt_ws/src/tese_ws/install/scout_nav2_gz/share/scout_nav2_gz/models/office_env_w/materials/scripts
[0.159s] -- Up-to-date: /home/rics/tt_ws/src/tese_ws/install/scout_nav2_gz/share/scout_nav2_gz/models/office_env_w/materials/scripts/wall_white.material
[0.159s] -- Up-to-date: /home/rics/tt_ws/src/tese_ws/install/scout_nav2_gz/share/scout_nav2_gz/models/office_env_w/materials/textures
[0.159s] -- Up-to-date: /home/rics/tt_ws/src/tese_ws/install/scout_nav2_gz/share/scout_nav2_gz/models/office_env_w/materials/textures/wall_color_white.jpg
[0.159s] -- Up-to-date: /home/rics/tt_ws/src/tese_ws/install/scout_nav2_gz/share/scout_nav2_gz/models/office_env_w/model.sdf
[0.159s] -- Up-to-date: /home/rics/tt_ws/src/tese_ws/install/scout_nav2_gz/share/scout_nav2_gz/models/office_env_w 1
[0.159s] -- Up-to-date: /home/rics/tt_ws/src/tese_ws/install/scout_nav2_gz/share/scout_nav2_gz/models/office_env_w 1/model.config
[0.159s] -- Up-to-date: /home/rics/tt_ws/src/tese_ws/install/scout_nav2_gz/share/scout_nav2_gz/models/office_env_w 1/materials
[0.160s] -- Up-to-date: /home/rics/tt_ws/src/tese_ws/install/scout_nav2_gz/share/scout_nav2_gz/models/office_env_w 1/materials/scripts
[0.160s] -- Up-to-date: /home/rics/tt_ws/src/tese_ws/install/scout_nav2_gz/share/scout_nav2_gz/models/office_env_w 1/materials/scripts/wall_white.material
[0.160s] -- Up-to-date: /home/rics/tt_ws/src/tese_ws/install/scout_nav2_gz/share/scout_nav2_gz/models/office_env_w 1/materials/textures
[0.160s] -- Up-to-date: /home/rics/tt_ws/src/tese_ws/install/scout_nav2_gz/share/scout_nav2_gz/models/office_env_w 1/materials/textures/wall_color_white.jpg
[0.162s] -- Up-to-date: /home/rics/tt_ws/src/tese_ws/install/scout_nav2_gz/share/scout_nav2_gz/models/office_env_w 1/model.sdf
[0.162s] -- Up-to-date: /home/rics/tt_ws/src/tese_ws/install/scout_nav2_gz/share/scout_nav2_gz/models/casualfemale
[0.163s] -- Up-to-date: /home/rics/tt_ws/src/tese_ws/install/scout_nav2_gz/share/scout_nav2_gz/models/neobotix_ground_plane
[0.163s] -- Up-to-date: /home/rics/tt_ws/src/tese_ws/install/scout_nav2_gz/share/scout_nav2_gz/models/neobotix_ground_plane/model.config
[0.168s] -- Up-to-date: /home/rics/tt_ws/src/tese_ws/install/scout_nav2_gz/share/scout_nav2_gz/models/neobotix_ground_plane/materials
[0.168s] -- Up-to-date: /home/rics/tt_ws/src/tese_ws/install/scout_nav2_gz/share/scout_nav2_gz/models/neobotix_ground_plane/materials/scripts
[0.168s] -- Up-to-date: /home/rics/tt_ws/src/tese_ws/install/scout_nav2_gz/share/scout_nav2_gz/models/neobotix_ground_plane/materials/scripts/neobotix_ground_plane.material
[0.168s] -- Up-to-date: /home/rics/tt_ws/src/tese_ws/install/scout_nav2_gz/share/scout_nav2_gz/models/neobotix_ground_plane/materials/textures
[0.168s] -- Up-to-date: /home/rics/tt_ws/src/tese_ws/install/scout_nav2_gz/share/scout_nav2_gz/models/neobotix_ground_plane/materials/textures/MyImage.jpg
[0.169s] -- Up-to-date: /home/rics/tt_ws/src/tese_ws/install/scout_nav2_gz/share/scout_nav2_gz/models/neobotix_ground_plane/model.sdf
[0.169s] -- Up-to-date: /home/rics/tt_ws/src/tese_ws/install/scout_nav2_gz/share/scout_nav2_gz/models/door_3d
[0.169s] -- Up-to-date: /home/rics/tt_ws/src/tese_ws/install/scout_nav2_gz/share/scout_nav2_gz/models/door_3d/model.config
[0.169s] -- Up-to-date: /home/rics/tt_ws/src/tese_ws/install/scout_nav2_gz/share/scout_nav2_gz/models/door_3d/materials
[0.169s] -- Up-to-date: /home/rics/tt_ws/src/tese_ws/install/scout_nav2_gz/share/scout_nav2_gz/models/door_3d/materials/scripts
[0.169s] -- Up-to-date: /home/rics/tt_ws/src/tese_ws/install/scout_nav2_gz/share/scout_nav2_gz/models/door_3d/materials/scripts/door_handle.material
[0.169s] -- Up-to-date: /home/rics/tt_ws/src/tese_ws/install/scout_nav2_gz/share/scout_nav2_gz/models/door_3d/materials/scripts/door_3d.material
[0.169s] -- Up-to-date: /home/rics/tt_ws/src/tese_ws/install/scout_nav2_gz/share/scout_nav2_gz/models/door_3d/materials/textures
[0.169s] -- Up-to-date: /home/rics/tt_ws/src/tese_ws/install/scout_nav2_gz/share/scout_nav2_gz/models/door_3d/materials/textures/silver_door.jpg
[0.169s] -- Up-to-date: /home/rics/tt_ws/src/tese_ws/install/scout_nav2_gz/share/scout_nav2_gz/models/door_3d/materials/textures/door_3d.jpg
[0.169s] -- Up-to-date: /home/rics/tt_ws/src/tese_ws/install/scout_nav2_gz/share/scout_nav2_gz/models/door_3d/model.sdf
[0.169s] -- Up-to-date: /home/rics/tt_ws/src/tese_ws/install/scout_nav2_gz/share/scout_nav2_gz/models/door_3d/meshes
[0.170s] -- Up-to-date: /home/rics/tt_ws/src/tese_ws/install/scout_nav2_gz/share/scout_nav2_gz/models/door_3d/meshes/door_v2.dae
[0.170s] -- Up-to-date: /home/rics/tt_ws/src/tese_ws/install/scout_nav2_gz/share/scout_nav2_gz/models/door_3d/meshes/door_v2_handle.dae
[0.170s] -- Up-to-date: /home/rics/tt_ws/src/tese_ws/install/scout_nav2_gz/share/scout_nav2_gz/models/door_3d/meshes/door_v2_door.dae
[0.170s] -- Up-to-date: /home/rics/tt_ws/src/tese_ws/install/scout_nav2_gz/share/scout_nav2_gz/models/door_3d/meshes/model.dae
[0.170s] -- Up-to-date: /home/rics/tt_ws/src/tese_ws/install/scout_nav2_gz/share/scout_nav2_gz/models/door_3d/meshes/door.dae
[0.170s] -- Up-to-date: /home/rics/tt_ws/src/tese_ws/install/scout_nav2_gz/share/scout_nav2_gz/models/coke_can
[0.170s] -- Up-to-date: /home/rics/tt_ws/src/tese_ws/install/scout_nav2_gz/share/scout_nav2_gz/models/coke_can/model.config
[0.170s] -- Up-to-date: /home/rics/tt_ws/src/tese_ws/install/scout_nav2_gz/share/scout_nav2_gz/models/coke_can/materials
[0.170s] -- Up-to-date: /home/rics/tt_ws/src/tese_ws/install/scout_nav2_gz/share/scout_nav2_gz/models/coke_can/materials/textures
[0.170s] -- Up-to-date: /home/rics/tt_ws/src/tese_ws/install/scout_nav2_gz/share/scout_nav2_gz/models/coke_can/materials/textures/coke_can.png
[0.170s] -- Up-to-date: /home/rics/tt_ws/src/tese_ws/install/scout_nav2_gz/share/scout_nav2_gz/models/coke_can/model.sdf
[0.170s] -- Up-to-date: /home/rics/tt_ws/src/tese_ws/install/scout_nav2_gz/share/scout_nav2_gz/models/coke_can/meshes
[0.170s] -- Up-to-date: /home/rics/tt_ws/src/tese_ws/install/scout_nav2_gz/share/scout_nav2_gz/models/coke_can/meshes/coke_can.dae
[0.170s] -- Up-to-date: /home/rics/tt_ws/src/tese_ws/install/scout_nav2_gz/share/scout_nav2_gz/models/stone_02
[0.170s] -- Up-to-date: /home/rics/tt_ws/src/tese_ws/install/scout_nav2_gz/share/scout_nav2_gz/models/stone_02/model.config
[0.171s] -- Up-to-date: /home/rics/tt_ws/src/tese_ws/install/scout_nav2_gz/share/scout_nav2_gz/models/stone_02/materials
[0.171s] -- Up-to-date: /home/rics/tt_ws/src/tese_ws/install/scout_nav2_gz/share/scout_nav2_gz/models/stone_02/materials/textures
[0.171s] -- Up-to-date: /home/rics/tt_ws/src/tese_ws/install/scout_nav2_gz/share/scout_nav2_gz/models/stone_02/materials/textures/stone_02_normal.jpeg
[0.171s] -- Up-to-date: /home/rics/tt_ws/src/tese_ws/install/scout_nav2_gz/share/scout_nav2_gz/models/stone_02/materials/textures/stone_02.jpeg
[0.171s] -- Up-to-date: /home/rics/tt_ws/src/tese_ws/install/scout_nav2_gz/share/scout_nav2_gz/models/stone_02/model.sdf
[0.171s] -- Up-to-date: /home/rics/tt_ws/src/tese_ws/install/scout_nav2_gz/share/scout_nav2_gz/models/stone_02/meshes
[0.171s] -- Up-to-date: /home/rics/tt_ws/src/tese_ws/install/scout_nav2_gz/share/scout_nav2_gz/models/stone_02/meshes/stone_02.dae
[0.171s] -- Up-to-date: /home/rics/tt_ws/src/tese_ws/install/scout_nav2_gz/share/scout_nav2_gz/models/puddle_small
[0.171s] -- Up-to-date: /home/rics/tt_ws/src/tese_ws/install/scout_nav2_gz/share/scout_nav2_gz/models/puddle_small/model.config
[0.171s] -- Up-to-date: /home/rics/tt_ws/src/tese_ws/install/scout_nav2_gz/share/scout_nav2_gz/models/puddle_small/puddle_small.dae
[0.171s] -- Up-to-date: /home/rics/tt_ws/src/tese_ws/install/scout_nav2_gz/share/scout_nav2_gz/models/puddle_small/model.sdf
[0.171s] -- Up-to-date: /home/rics/tt_ws/src/tese_ws/install/scout_nav2_gz/share/scout_nav2_gz/models/beer
[0.171s] -- Up-to-date: /home/rics/tt_ws/src/tese_ws/install/scout_nav2_gz/share/scout_nav2_gz/models/beer/model.config
[0.171s] -- Up-to-date: /home/rics/tt_ws/src/tese_ws/install/scout_nav2_gz/share/scout_nav2_gz/models/beer/materials
[0.171s] -- Up-to-date: /home/rics/tt_ws/src/tese_ws/install/scout_nav2_gz/share/scout_nav2_gz/models/beer/materials/textures
[0.175s] -- Up-to-date: /home/rics/tt_ws/src/tese_ws/install/scout_nav2_gz/share/scout_nav2_gz/models/beer/materials/textures/beer.png
[0.175s] -- Up-to-date: /home/rics/tt_ws/src/tese_ws/install/scout_nav2_gz/share/scout_nav2_gz/models/beer/model.sdf
[0.175s] -- Up-to-date: /home/rics/tt_ws/src/tese_ws/install/scout_nav2_gz/share/scout_nav2_gz/models/beer/meshes
[0.175s] -- Up-to-date: /home/rics/tt_ws/src/tese_ws/install/scout_nav2_gz/share/scout_nav2_gz/models/beer/meshes/beer.dae
[0.175s] -- Up-to-date: /home/rics/tt_ws/src/tese_ws/install/scout_nav2_gz/share/scout_nav2_gz/models/neo_office_box
[0.175s] -- Up-to-date: /home/rics/tt_ws/src/tese_ws/install/scout_nav2_gz/share/scout_nav2_gz/models/neo_office_box/model.config
[0.176s] -- Up-to-date: /home/rics/tt_ws/src/tese_ws/install/scout_nav2_gz/share/scout_nav2_gz/models/neo_office_box/model.sdf
[0.176s] -- Up-to-date: /home/rics/tt_ws/src/tese_ws/install/scout_nav2_gz/share/scout_nav2_gz/models/neo_office_box/meshes
[0.176s] -- Up-to-date: /home/rics/tt_ws/src/tese_ws/install/scout_nav2_gz/share/scout_nav2_gz/models/neo_office_box/meshes/model.dae
[0.176s] -- Up-to-date: /home/rics/tt_ws/src/tese_ws/install/scout_nav2_gz/share/scout_nav2_gz/models/window
[0.176s] -- Up-to-date: /home/rics/tt_ws/src/tese_ws/install/scout_nav2_gz/share/scout_nav2_gz/models/window/model.config
[0.176s] -- Up-to-date: /home/rics/tt_ws/src/tese_ws/install/scout_nav2_gz/share/scout_nav2_gz/models/window/model.sdf
[0.176s] -- Up-to-date: /home/rics/tt_ws/src/tese_ws/install/scout_nav2_gz/share/scout_nav2_gz/models/outdoor_1
[0.176s] -- Up-to-date: /home/rics/tt_ws/src/tese_ws/install/scout_nav2_gz/share/scout_nav2_gz/models/outdoor_1/media
[0.176s] -- Up-to-date: /home/rics/tt_ws/src/tese_ws/install/scout_nav2_gz/share/scout_nav2_gz/models/outdoor_1/media/forrest_ground_01_nor_gl_4k.exr
[0.176s] -- Up-to-date: /home/rics/tt_ws/src/tese_ws/install/scout_nav2_gz/share/scout_nav2_gz/models/outdoor_1/media/scripts
[0.176s] -- Up-to-date: /home/rics/tt_ws/src/tese_ws/install/scout_nav2_gz/share/scout_nav2_gz/models/outdoor_1/media/scripts/repeated.material
[0.176s] -- Up-to-date: /home/rics/tt_ws/src/tese_ws/install/scout_nav2_gz/share/scout_nav2_gz/models/outdoor_1/media/forrest_ground_01_disp_4k.png
[0.176s] -- Up-to-date: /home/rics/tt_ws/src/tese_ws/install/scout_nav2_gz/share/scout_nav2_gz/models/outdoor_1/media/outdoor1_texture4.dae
[0.176s] -- Up-to-date: /home/rics/tt_ws/src/tese_ws/install/scout_nav2_gz/share/scout_nav2_gz/models/outdoor_1/media/forrest_ground_01_rough_4k.jpg
[0.176s] -- Up-to-date: /home/rics/tt_ws/src/tese_ws/install/scout_nav2_gz/share/scout_nav2_gz/models/outdoor_1/media/outdoor1_texture3.dae
[0.176s] -- Up-to-date: /home/rics/tt_ws/src/tese_ws/install/scout_nav2_gz/share/scout_nav2_gz/models/outdoor_1/media/outdoor1_texture2.obj
[0.176s] -- Up-to-date: /home/rics/tt_ws/src/tese_ws/install/scout_nav2_gz/share/scout_nav2_gz/models/outdoor_1/media/forrest_ground_01_diff_4k.jpg
[0.176s] -- Up-to-date: /home/rics/tt_ws/src/tese_ws/install/scout_nav2_gz/share/scout_nav2_gz/models/outdoor_1/media/outdoor1.dae
[0.177s] -- Up-to-date: /home/rics/tt_ws/src/tese_ws/install/scout_nav2_gz/share/scout_nav2_gz/models/outdoor_1/media/outdoor1_texture2.mtl
[0.177s] -- Up-to-date: /home/rics/tt_ws/src/tese_ws/install/scout_nav2_gz/share/scout_nav2_gz/models/outdoor_1/media/outdoor1_texture.dae
[0.177s] -- Up-to-date: /home/rics/tt_ws/src/tese_ws/install/scout_nav2_gz/share/scout_nav2_gz/models/outdoor_1/media/Textures
[0.177s] -- Up-to-date: /home/rics/tt_ws/src/tese_ws/install/scout_nav2_gz/share/scout_nav2_gz/models/outdoor_1/media/Textures/Grass.png
[0.177s] -- Up-to-date: /home/rics/tt_ws/src/tese_ws/install/scout_nav2_gz/share/scout_nav2_gz/models/outdoor_1/model.config
[0.180s] -- Up-to-date: /home/rics/tt_ws/src/tese_ws/install/scout_nav2_gz/share/scout_nav2_gz/models/outdoor_1/model.sdf
[0.180s] -- Up-to-date: /home/rics/tt_ws/src/tese_ws/install/scout_nav2_gz/share/scout_nav2_gz/models/unknown_weed
[0.180s] -- Up-to-date: /home/rics/tt_ws/src/tese_ws/install/scout_nav2_gz/share/scout_nav2_gz/models/unknown_weed/model.config
[0.180s] -- Up-to-date: /home/rics/tt_ws/src/tese_ws/install/scout_nav2_gz/share/scout_nav2_gz/models/unknown_weed/materials
[0.180s] -- Up-to-date: /home/rics/tt_ws/src/tese_ws/install/scout_nav2_gz/share/scout_nav2_gz/models/unknown_weed/materials/textures
[0.180s] -- Up-to-date: /home/rics/tt_ws/src/tese_ws/install/scout_nav2_gz/share/scout_nav2_gz/models/unknown_weed/materials/textures/unknown_weed.png
[0.181s] -- Up-to-date: /home/rics/tt_ws/src/tese_ws/install/scout_nav2_gz/share/scout_nav2_gz/models/unknown_weed/model.sdf
[0.181s] -- Up-to-date: /home/rics/tt_ws/src/tese_ws/install/scout_nav2_gz/share/scout_nav2_gz/models/unknown_weed/meshes
[0.181s] -- Up-to-date: /home/rics/tt_ws/src/tese_ws/install/scout_nav2_gz/share/scout_nav2_gz/models/unknown_weed/meshes/unknown_weed.dae
[0.181s] -- Up-to-date: /home/rics/tt_ws/src/tese_ws/install/scout_nav2_gz/share/scout_nav2_gz/models/drc_practice_straight
[0.181s] -- Up-to-date: /home/rics/tt_ws/src/tese_ws/install/scout_nav2_gz/share/scout_nav2_gz/models/drc_practice_straight/model.config
[0.181s] -- Up-to-date: /home/rics/tt_ws/src/tese_ws/install/scout_nav2_gz/share/scout_nav2_gz/models/drc_practice_straight/model.sdf
[0.181s] -- Up-to-date: /home/rics/tt_ws/src/tese_ws/install/scout_nav2_gz/share/scout_nav2_gz/models/office_env
[0.181s] -- Up-to-date: /home/rics/tt_ws/src/tese_ws/install/scout_nav2_gz/share/scout_nav2_gz/models/office_env/model.config
[0.181s] -- Up-to-date: /home/rics/tt_ws/src/tese_ws/install/scout_nav2_gz/share/scout_nav2_gz/models/office_env/materials
[0.181s] -- Up-to-date: /home/rics/tt_ws/src/tese_ws/install/scout_nav2_gz/share/scout_nav2_gz/models/office_env/materials/scripts
[0.181s] -- Up-to-date: /home/rics/tt_ws/src/tese_ws/install/scout_nav2_gz/share/scout_nav2_gz/models/office_env/materials/scripts/wall.material
[0.181s] -- Up-to-date: /home/rics/tt_ws/src/tese_ws/install/scout_nav2_gz/share/scout_nav2_gz/models/office_env/materials/textures
[0.181s] -- Up-to-date: /home/rics/tt_ws/src/tese_ws/install/scout_nav2_gz/share/scout_nav2_gz/models/office_env/materials/textures/wall_color.jpg
[0.181s] -- Up-to-date: /home/rics/tt_ws/src/tese_ws/install/scout_nav2_gz/share/scout_nav2_gz/models/office_env/model.sdf
[0.181s] -- Up-to-date: /home/rics/tt_ws/src/tese_ws/install/scout_nav2_gz/share/scout_nav2_gz/models/office_small
[0.181s] -- Up-to-date: /home/rics/tt_ws/src/tese_ws/install/scout_nav2_gz/share/scout_nav2_gz/models/office_small/model.config
[0.182s] -- Up-to-date: /home/rics/tt_ws/src/tese_ws/install/scout_nav2_gz/share/scout_nav2_gz/models/office_small/materials
[0.182s] -- Up-to-date: /home/rics/tt_ws/src/tese_ws/install/scout_nav2_gz/share/scout_nav2_gz/models/office_small/materials/scripts
[0.182s] -- Up-to-date: /home/rics/tt_ws/src/tese_ws/install/scout_nav2_gz/share/scout_nav2_gz/models/office_small/materials/scripts/wall_white.material
[0.182s] -- Up-to-date: /home/rics/tt_ws/src/tese_ws/install/scout_nav2_gz/share/scout_nav2_gz/models/office_small/materials/scripts/Floor.material
[0.182s] -- Up-to-date: /home/rics/tt_ws/src/tese_ws/install/scout_nav2_gz/share/scout_nav2_gz/models/office_small/materials/textures
[0.182s] -- Up-to-date: /home/rics/tt_ws/src/tese_ws/install/scout_nav2_gz/share/scout_nav2_gz/models/office_small/materials/textures/cp1.jpg
[0.182s] -- Up-to-date: /home/rics/tt_ws/src/tese_ws/install/scout_nav2_gz/share/scout_nav2_gz/models/office_small/materials/textures/cp2.jpg
[0.182s] -- Up-to-date: /home/rics/tt_ws/src/tese_ws/install/scout_nav2_gz/share/scout_nav2_gz/models/office_small/materials/textures/cp7.jpg
[0.182s] -- Up-to-date: /home/rics/tt_ws/src/tese_ws/install/scout_nav2_gz/share/scout_nav2_gz/models/office_small/materials/textures/hd8.jpg
[0.182s] -- Up-to-date: /home/rics/tt_ws/src/tese_ws/install/scout_nav2_gz/share/scout_nav2_gz/models/office_small/materials/textures/cp10.jpg
[0.182s] -- Up-to-date: /home/rics/tt_ws/src/tese_ws/install/scout_nav2_gz/share/scout_nav2_gz/models/office_small/materials/textures/cl3.jpg
[0.182s] -- Up-to-date: /home/rics/tt_ws/src/tese_ws/install/scout_nav2_gz/share/scout_nav2_gz/models/office_small/materials/textures/hd2.gif
[0.182s] -- Up-to-date: /home/rics/tt_ws/src/tese_ws/install/scout_nav2_gz/share/scout_nav2_gz/models/office_small/materials/textures/cl4.jpg
[0.182s] -- Up-to-date: /home/rics/tt_ws/src/tese_ws/install/scout_nav2_gz/share/scout_nav2_gz/models/office_small/materials/textures/hd6.png
[0.182s] -- Up-to-date: /home/rics/tt_ws/src/tese_ws/install/scout_nav2_gz/share/scout_nav2_gz/models/office_small/materials/textures/hd5.jpg
[0.182s] -- Up-to-date: /home/rics/tt_ws/src/tese_ws/install/scout_nav2_gz/share/scout_nav2_gz/models/office_small/materials/textures/hd7.jpg
[0.182s] -- Up-to-date: /home/rics/tt_ws/src/tese_ws/install/scout_nav2_gz/share/scout_nav2_gz/models/office_small/materials/textures/cl5.jpg
[0.182s] -- Up-to-date: /home/rics/tt_ws/src/tese_ws/install/scout_nav2_gz/share/scout_nav2_gz/models/office_small/materials/textures/cp8.jpg
[0.182s] -- Up-to-date: /home/rics/tt_ws/src/tese_ws/install/scout_nav2_gz/share/scout_nav2_gz/models/office_small/materials/textures/hd4.jpg
[0.183s] -- Up-to-date: /home/rics/tt_ws/src/tese_ws/install/scout_nav2_gz/share/scout_nav2_gz/models/office_small/materials/textures/cp3.jpg
[0.183s] -- Up-to-date: /home/rics/tt_ws/src/tese_ws/install/scout_nav2_gz/share/scout_nav2_gz/models/office_small/materials/textures/cp6.jpg
[0.183s] -- Up-to-date: /home/rics/tt_ws/src/tese_ws/install/scout_nav2_gz/share/scout_nav2_gz/models/office_small/materials/textures/cp12.jpg
[0.183s] -- Up-to-date: /home/rics/tt_ws/src/tese_ws/install/scout_nav2_gz/share/scout_nav2_gz/models/office_small/materials/textures/wall_color_white.jpg
[0.183s] -- Up-to-date: /home/rics/tt_ws/src/tese_ws/install/scout_nav2_gz/share/scout_nav2_gz/models/office_small/materials/textures/cp4.jpg
[0.183s] -- Up-to-date: /home/rics/tt_ws/src/tese_ws/install/scout_nav2_gz/share/scout_nav2_gz/models/office_small/materials/textures/hd1.jpg
[0.183s] -- Up-to-date: /home/rics/tt_ws/src/tese_ws/install/scout_nav2_gz/share/scout_nav2_gz/models/office_small/materials/textures/cl6.jpg
[0.183s] -- Up-to-date: /home/rics/tt_ws/src/tese_ws/install/scout_nav2_gz/share/scout_nav2_gz/models/office_small/materials/textures/hd3.jpg
[0.183s] -- Up-to-date: /home/rics/tt_ws/src/tese_ws/install/scout_nav2_gz/share/scout_nav2_gz/models/office_small/materials/textures/cl2.jpg
[0.183s] -- Up-to-date: /home/rics/tt_ws/src/tese_ws/install/scout_nav2_gz/share/scout_nav2_gz/models/office_small/materials/textures/cp9.jpg
[0.183s] -- Up-to-date: /home/rics/tt_ws/src/tese_ws/install/scout_nav2_gz/share/scout_nav2_gz/models/office_small/materials/textures/cl1.jpg
[0.183s] -- Up-to-date: /home/rics/tt_ws/src/tese_ws/install/scout_nav2_gz/share/scout_nav2_gz/models/office_small/materials/textures/cp5.png
[0.183s] -- Up-to-date: /home/rics/tt_ws/src/tese_ws/install/scout_nav2_gz/share/scout_nav2_gz/models/office_small/materials/textures/cp11.jpg
[0.184s] -- Up-to-date: /home/rics/tt_ws/src/tese_ws/install/scout_nav2_gz/share/scout_nav2_gz/models/office_small/model.sdf
[0.184s] -- Up-to-date: /home/rics/tt_ws/src/tese_ws/install/scout_nav2_gz/share/scout_nav2_gz/models/materials
[0.185s] -- Up-to-date: /home/rics/tt_ws/src/tese_ws/install/scout_nav2_gz/share/scout_nav2_gz/models/materials/textures
[0.185s] -- Up-to-date: /home/rics/tt_ws/src/tese_ws/install/scout_nav2_gz/share/scout_nav2_gz/models/materials/textures/grass_color.jpg
[0.185s] -- Up-to-date: /home/rics/tt_ws/src/tese_ws/install/scout_nav2_gz/share/scout_nav2_gz/models/materials/textures/grass_displacement.jpg
[0.185s] -- Up-to-date: /home/rics/tt_ws/src/tese_ws/install/scout_nav2_gz/share/scout_nav2_gz/models/materials/textures/grass_roughness.jpg
[0.185s] -- Up-to-date: /home/rics/tt_ws/src/tese_ws/install/scout_nav2_gz/share/scout_nav2_gz/models/materials/textures/flat_normal.png
[0.185s] -- Up-to-date: /home/rics/tt_ws/src/tese_ws/install/scout_nav2_gz/share/scout_nav2_gz/models/materials/textures/grass_normal.jpg
[0.185s] -- Up-to-date: /home/rics/tt_ws/src/tese_ws/install/scout_nav2_gz/share/scout_nav2_gz/models/materials/textures/dirt_diffusespecular.png
[0.186s] -- Up-to-date: /home/rics/tt_ws/src/tese_ws/install/scout_nav2_gz/share/scout_nav2_gz/models/materials/textures/fungus_diffusespecular.png
[0.186s] -- Up-to-date: /home/rics/tt_ws/src/tese_ws/install/scout_nav2_gz/share/scout_nav2_gz/models/construction_cone
[0.186s] -- Up-to-date: /home/rics/tt_ws/src/tese_ws/install/scout_nav2_gz/share/scout_nav2_gz/models/construction_cone/model.config
[0.186s] -- Up-to-date: /home/rics/tt_ws/src/tese_ws/install/scout_nav2_gz/share/scout_nav2_gz/models/construction_cone/model-1_4.sdf
[0.186s] -- Up-to-date: /home/rics/tt_ws/src/tese_ws/install/scout_nav2_gz/share/scout_nav2_gz/models/construction_cone/materials
[0.186s] -- Up-to-date: /home/rics/tt_ws/src/tese_ws/install/scout_nav2_gz/share/scout_nav2_gz/models/construction_cone/materials/textures
[0.186s] -- Up-to-date: /home/rics/tt_ws/src/tese_ws/install/scout_nav2_gz/share/scout_nav2_gz/models/construction_cone/materials/textures/Construction_Cone_Diffuse.png
[0.186s] -- Up-to-date: /home/rics/tt_ws/src/tese_ws/install/scout_nav2_gz/share/scout_nav2_gz/models/construction_cone/model-1_3.sdf
[0.186s] -- Up-to-date: /home/rics/tt_ws/src/tese_ws/install/scout_nav2_gz/share/scout_nav2_gz/models/construction_cone/model.sdf
[0.186s] -- Up-to-date: /home/rics/tt_ws/src/tese_ws/install/scout_nav2_gz/share/scout_nav2_gz/models/construction_cone/meshes
[0.186s] -- Up-to-date: /home/rics/tt_ws/src/tese_ws/install/scout_nav2_gz/share/scout_nav2_gz/models/construction_cone/meshes/construction_cone.dae
[0.186s] -- Up-to-date: /home/rics/tt_ws/src/tese_ws/install/scout_nav2_gz/share/scout_nav2_gz/models/nettle
[0.186s] -- Up-to-date: /home/rics/tt_ws/src/tese_ws/install/scout_nav2_gz/share/scout_nav2_gz/models/nettle/model.config
[0.186s] -- Up-to-date: /home/rics/tt_ws/src/tese_ws/install/scout_nav2_gz/share/scout_nav2_gz/models/nettle/materials
[0.186s] -- Up-to-date: /home/rics/tt_ws/src/tese_ws/install/scout_nav2_gz/share/scout_nav2_gz/models/nettle/materials/textures
[0.186s] -- Up-to-date: /home/rics/tt_ws/src/tese_ws/install/scout_nav2_gz/share/scout_nav2_gz/models/nettle/materials/textures/nettle.png
[0.186s] -- Up-to-date: /home/rics/tt_ws/src/tese_ws/install/scout_nav2_gz/share/scout_nav2_gz/models/nettle/model.sdf
[0.186s] -- Up-to-date: /home/rics/tt_ws/src/tese_ws/install/scout_nav2_gz/share/scout_nav2_gz/models/nettle/meshes
[0.186s] -- Up-to-date: /home/rics/tt_ws/src/tese_ws/install/scout_nav2_gz/share/scout_nav2_gz/models/nettle/meshes/nettle.dae
[0.187s] -- Up-to-date: /home/rics/tt_ws/src/tese_ws/install/scout_nav2_gz/share/scout_nav2_gz/models/puddle_lake
[0.187s] -- Up-to-date: /home/rics/tt_ws/src/tese_ws/install/scout_nav2_gz/share/scout_nav2_gz/models/puddle_lake/model.config
[0.187s] -- Up-to-date: /home/rics/tt_ws/src/tese_ws/install/scout_nav2_gz/share/scout_nav2_gz/models/puddle_lake/puddle_lake.dae
[0.187s] -- Up-to-date: /home/rics/tt_ws/src/tese_ws/install/scout_nav2_gz/share/scout_nav2_gz/models/puddle_lake/model.sdf
[0.187s] -- Up-to-date: /home/rics/tt_ws/src/tese_ws/install/scout_nav2_gz/share/scout_nav2_gz/models/ale
[0.187s] -- Up-to-date: /home/rics/tt_ws/src/tese_ws/install/scout_nav2_gz/share/scout_nav2_gz/models/ale/model.config
[0.187s] -- Up-to-date: /home/rics/tt_ws/src/tese_ws/install/scout_nav2_gz/share/scout_nav2_gz/models/ale/materials
[0.187s] -- Up-to-date: /home/rics/tt_ws/src/tese_ws/install/scout_nav2_gz/share/scout_nav2_gz/models/ale/materials/textures
[0.187s] -- Up-to-date: /home/rics/tt_ws/src/tese_ws/install/scout_nav2_gz/share/scout_nav2_gz/models/ale/materials/textures/beerbottle_blinn_baseColor.png
[0.187s] -- Up-to-date: /home/rics/tt_ws/src/tese_ws/install/scout_nav2_gz/share/scout_nav2_gz/models/ale/model.sdf
[0.187s] -- Up-to-date: /home/rics/tt_ws/src/tese_ws/install/scout_nav2_gz/share/scout_nav2_gz/models/ale/meshes
[0.187s] -- Up-to-date: /home/rics/tt_ws/src/tese_ws/install/scout_nav2_gz/share/scout_nav2_gz/models/ale/meshes/ale.dae
[0.187s] -- Up-to-date: /home/rics/tt_ws/src/tese_ws/install/scout_nav2_gz/share/scout_nav2_gz/models/TurtlebotArena
[0.188s] -- Up-to-date: /home/rics/tt_ws/src/tese_ws/install/scout_nav2_gz/share/scout_nav2_gz/models/TurtlebotArena/model.config
[0.188s] -- Up-to-date: /home/rics/tt_ws/src/tese_ws/install/scout_nav2_gz/share/scout_nav2_gz/models/TurtlebotArena/model.sdf
[0.188s] -- Up-to-date: /home/rics/tt_ws/src/tese_ws/install/scout_nav2_gz/share/scout_nav2_gz/models/TurtlebotArena/meshes
[0.188s] -- Up-to-date: /home/rics/tt_ws/src/tese_ws/install/scout_nav2_gz/share/scout_nav2_gz/models/TurtlebotArena/meshes/wall.dae
[0.188s] -- Up-to-date: /home/rics/tt_ws/src/tese_ws/install/scout_nav2_gz/share/scout_nav2_gz/models/TurtlebotArena/meshes/hexagon.dae
[0.188s] -- Up-to-date: /home/rics/tt_ws/src/tese_ws/install/scout_nav2_gz/share/scout_nav2_gz/models/maize_01
[0.188s] -- Up-to-date: /home/rics/tt_ws/src/tese_ws/install/scout_nav2_gz/share/scout_nav2_gz/models/maize_01/model.config
[0.188s] -- Up-to-date: /home/rics/tt_ws/src/tese_ws/install/scout_nav2_gz/share/scout_nav2_gz/models/maize_01/materials
[0.188s] -- Up-to-date: /home/rics/tt_ws/src/tese_ws/install/scout_nav2_gz/share/scout_nav2_gz/models/maize_01/materials/textures
[0.188s] -- Up-to-date: /home/rics/tt_ws/src/tese_ws/install/scout_nav2_gz/share/scout_nav2_gz/models/maize_01/materials/textures/maize_01.png
[0.189s] -- Up-to-date: /home/rics/tt_ws/src/tese_ws/install/scout_nav2_gz/share/scout_nav2_gz/models/maize_01/model.sdf
[0.189s] -- Up-to-date: /home/rics/tt_ws/src/tese_ws/install/scout_nav2_gz/share/scout_nav2_gz/models/maize_01/meshes
[0.189s] -- Up-to-date: /home/rics/tt_ws/src/tese_ws/install/scout_nav2_gz/share/scout_nav2_gz/models/maize_01/meshes/maize_01.dae
[0.189s] -- Up-to-date: /home/rics/tt_ws/src/tese_ws/install/scout_nav2_gz/share/scout_nav2_gz/models/location_marker_a
[0.189s] -- Up-to-date: /home/rics/tt_ws/src/tese_ws/install/scout_nav2_gz/share/scout_nav2_gz/models/location_marker_a/model.config
[0.190s] -- Up-to-date: /home/rics/tt_ws/src/tese_ws/install/scout_nav2_gz/share/scout_nav2_gz/models/location_marker_a/materials
[0.190s] -- Up-to-date: /home/rics/tt_ws/src/tese_ws/install/scout_nav2_gz/share/scout_nav2_gz/models/location_marker_a/materials/textures
[0.190s] -- Up-to-date: /home/rics/tt_ws/src/tese_ws/install/scout_nav2_gz/share/scout_nav2_gz/models/location_marker_a/materials/textures/location_marker_a.png
[0.190s] -- Up-to-date: /home/rics/tt_ws/src/tese_ws/install/scout_nav2_gz/share/scout_nav2_gz/models/location_marker_a/materials/textures/fre_logo.png
[0.190s] -- Up-to-date: /home/rics/tt_ws/src/tese_ws/install/scout_nav2_gz/share/scout_nav2_gz/models/location_marker_a/model.sdf
[0.190s] -- Up-to-date: /home/rics/tt_ws/src/tese_ws/install/scout_nav2_gz/share/scout_nav2_gz/models/location_marker_a/meshes
[0.190s] -- Up-to-date: /home/rics/tt_ws/src/tese_ws/install/scout_nav2_gz/share/scout_nav2_gz/models/location_marker_a/meshes/location_marker_a.dae
[0.191s] -- Up-to-date: /home/rics/tt_ws/src/tese_ws/install/scout_nav2_gz/share/scout_nav2_gz/models/office_env_w 2
[0.191s] -- Up-to-date: /home/rics/tt_ws/src/tese_ws/install/scout_nav2_gz/share/scout_nav2_gz/models/office_env_w 2/model.config
[0.191s] -- Up-to-date: /home/rics/tt_ws/src/tese_ws/install/scout_nav2_gz/share/scout_nav2_gz/models/office_env_w 2/materials
[0.191s] -- Up-to-date: /home/rics/tt_ws/src/tese_ws/install/scout_nav2_gz/share/scout_nav2_gz/models/office_env_w 2/materials/textures
[0.191s] -- Up-to-date: /home/rics/tt_ws/src/tese_ws/install/scout_nav2_gz/share/scout_nav2_gz/models/office_env_w 2/materials/textures/wall_color_white.jpg
[0.192s] -- Up-to-date: /home/rics/tt_ws/src/tese_ws/install/scout_nav2_gz/share/scout_nav2_gz/models/office_env_w 2/model.sdf
[0.193s] -- Up-to-date: /home/rics/tt_ws/src/tese_ws/install/scout_nav2_gz/share/scout_nav2_gz/models/yellow_bin
[0.193s] -- Up-to-date: /home/rics/tt_ws/src/tese_ws/install/scout_nav2_gz/share/scout_nav2_gz/models/yellow_bin/model.config
[0.193s] -- Up-to-date: /home/rics/tt_ws/src/tese_ws/install/scout_nav2_gz/share/scout_nav2_gz/models/yellow_bin/model.sdf
[0.193s] -- Up-to-date: /home/rics/tt_ws/src/tese_ws/install/scout_nav2_gz/share/scout_nav2_gz/models/yellow_bin/meshes
[0.193s] -- Up-to-date: /home/rics/tt_ws/src/tese_ws/install/scout_nav2_gz/share/scout_nav2_gz/models/yellow_bin/meshes/green_cylinder.stl
[0.193s] -- Up-to-date: /home/rics/tt_ws/src/tese_ws/install/scout_nav2_gz/share/scout_nav2_gz/models/retro_pepsi_can
[0.193s] -- Up-to-date: /home/rics/tt_ws/src/tese_ws/install/scout_nav2_gz/share/scout_nav2_gz/models/retro_pepsi_can/model.config
[0.193s] -- Up-to-date: /home/rics/tt_ws/src/tese_ws/install/scout_nav2_gz/share/scout_nav2_gz/models/retro_pepsi_can/materials
[0.193s] -- Up-to-date: /home/rics/tt_ws/src/tese_ws/install/scout_nav2_gz/share/scout_nav2_gz/models/retro_pepsi_can/materials/textures
[0.193s] -- Up-to-date: /home/rics/tt_ws/src/tese_ws/install/scout_nav2_gz/share/scout_nav2_gz/models/retro_pepsi_can/materials/textures/retro_pepsi_can.png
[0.194s] -- Up-to-date: /home/rics/tt_ws/src/tese_ws/install/scout_nav2_gz/share/scout_nav2_gz/models/retro_pepsi_can/model.sdf
[0.194s] -- Up-to-date: /home/rics/tt_ws/src/tese_ws/install/scout_nav2_gz/share/scout_nav2_gz/models/retro_pepsi_can/meshes
[0.194s] -- Up-to-date: /home/rics/tt_ws/src/tese_ws/install/scout_nav2_gz/share/scout_nav2_gz/models/retro_pepsi_can/meshes/retro_pepsi_can.dae
[0.194s] -- Up-to-date: /home/rics/tt_ws/src/tese_ws/install/scout_nav2_gz/share/scout_nav2_gz/models/puddle_medium
[0.194s] -- Up-to-date: /home/rics/tt_ws/src/tese_ws/install/scout_nav2_gz/share/scout_nav2_gz/models/puddle_medium/model.config
[0.194s] -- Up-to-date: /home/rics/tt_ws/src/tese_ws/install/scout_nav2_gz/share/scout_nav2_gz/models/puddle_medium/puddle_medium.dae
[0.194s] -- Up-to-date: /home/rics/tt_ws/src/tese_ws/install/scout_nav2_gz/share/scout_nav2_gz/models/puddle_medium/model.sdf
[0.194s] -- Up-to-date: /home/rics/tt_ws/src/tese_ws/install/scout_nav2_gz/share/scout_nav2_gz/models/neobotix_wall
[0.194s] -- Up-to-date: /home/rics/tt_ws/src/tese_ws/install/scout_nav2_gz/share/scout_nav2_gz/models/neobotix_wall/model.config
[0.195s] -- Up-to-date: /home/rics/tt_ws/src/tese_ws/install/scout_nav2_gz/share/scout_nav2_gz/models/neobotix_wall/model.sdf
[0.195s] -- Up-to-date: /home/rics/tt_ws/src/tese_ws/install/scout_nav2_gz/share/scout_nav2_gz/models/neobotix_wall/meshes
[0.195s] -- Up-to-date: /home/rics/tt_ws/src/tese_ws/install/scout_nav2_gz/share/scout_nav2_gz/models/neobotix_wall/meshes/Videopräsentation_ROX-HG-1b.png.001.png
[0.195s] -- Up-to-date: /home/rics/tt_ws/src/tese_ws/install/scout_nav2_gz/share/scout_nav2_gz/models/neobotix_wall/meshes/Videopräsentation_ROX-HG-1b.png
[0.195s] -- Up-to-date: /home/rics/tt_ws/src/tese_ws/install/scout_nav2_gz/share/scout_nav2_gz/models/neobotix_wall/meshes/model.dae
[0.195s] -- Up-to-date: /home/rics/tt_ws/src/tese_ws/install/scout_nav2_gz/share/scout_nav2_gz/models/indoor_no_doors_2
[0.195s] -- Up-to-date: /home/rics/tt_ws/src/tese_ws/install/scout_nav2_gz/share/scout_nav2_gz/models/indoor_no_doors_2/model.config
[0.195s] -- Up-to-date: /home/rics/tt_ws/src/tese_ws/install/scout_nav2_gz/share/scout_nav2_gz/models/indoor_no_doors_2/indoor_2.world
[0.195s] -- Up-to-date: /home/rics/tt_ws/src/tese_ws/install/scout_nav2_gz/share/scout_nav2_gz/models/indoor_no_doors_2/model.sdf
[0.195s] -- Up-to-date: /home/rics/tt_ws/src/tese_ws/install/scout_nav2_gz/share/scout_nav2_gz/models/maize_02
[0.195s] -- Up-to-date: /home/rics/tt_ws/src/tese_ws/install/scout_nav2_gz/share/scout_nav2_gz/models/maize_02/model.config
[0.196s] -- Up-to-date: /home/rics/tt_ws/src/tese_ws/install/scout_nav2_gz/share/scout_nav2_gz/models/maize_02/materials
[0.196s] -- Up-to-date: /home/rics/tt_ws/src/tese_ws/install/scout_nav2_gz/share/scout_nav2_gz/models/maize_02/materials/textures
[0.196s] -- Up-to-date: /home/rics/tt_ws/src/tese_ws/install/scout_nav2_gz/share/scout_nav2_gz/models/maize_02/materials/textures/maize_02.png
[0.196s] -- Up-to-date: /home/rics/tt_ws/src/tese_ws/install/scout_nav2_gz/share/scout_nav2_gz/models/maize_02/model.sdf
[0.196s] -- Up-to-date: /home/rics/tt_ws/src/tese_ws/install/scout_nav2_gz/share/scout_nav2_gz/models/maize_02/meshes
[0.196s] -- Up-to-date: /home/rics/tt_ws/src/tese_ws/install/scout_nav2_gz/share/scout_nav2_gz/models/maize_02/meshes/maize_02.dae
[0.196s] -- Up-to-date: /home/rics/tt_ws/src/tese_ws/install/scout_nav2_gz/share/scout_nav2_gz/models/stone_01
[0.196s] -- Up-to-date: /home/rics/tt_ws/src/tese_ws/install/scout_nav2_gz/share/scout_nav2_gz/models/stone_01/model.config
[0.196s] -- Up-to-date: /home/rics/tt_ws/src/tese_ws/install/scout_nav2_gz/share/scout_nav2_gz/models/stone_01/materials
[0.196s] -- Up-to-date: /home/rics/tt_ws/src/tese_ws/install/scout_nav2_gz/share/scout_nav2_gz/models/stone_01/materials/textures
[0.196s] -- Up-to-date: /home/rics/tt_ws/src/tese_ws/install/scout_nav2_gz/share/scout_nav2_gz/models/stone_01/materials/textures/stone_01_occlusion.jpg
[0.196s] -- Up-to-date: /home/rics/tt_ws/src/tese_ws/install/scout_nav2_gz/share/scout_nav2_gz/models/stone_01/materials/textures/stone_01_normal.jpg
[0.196s] -- Up-to-date: /home/rics/tt_ws/src/tese_ws/install/scout_nav2_gz/share/scout_nav2_gz/models/stone_01/materials/textures/stone_01.jpg
[0.197s] -- Up-to-date: /home/rics/tt_ws/src/tese_ws/install/scout_nav2_gz/share/scout_nav2_gz/models/stone_01/model.sdf
[0.197s] -- Up-to-date: /home/rics/tt_ws/src/tese_ws/install/scout_nav2_gz/share/scout_nav2_gz/models/stone_01/meshes
[0.197s] -- Up-to-date: /home/rics/tt_ws/src/tese_ws/install/scout_nav2_gz/share/scout_nav2_gz/models/stone_01/meshes/stone_01.dae
[0.197s] -- Up-to-date: /home/rics/tt_ws/src/tese_ws/install/scout_nav2_gz/share/scout_nav2_gz/meshes
[0.197s] -- Up-to-date: /home/rics/tt_ws/src/tese_ws/install/scout_nav2_gz/share/scout_nav2_gz/meshes/scout_v2
[0.197s] -- Up-to-date: /home/rics/tt_ws/src/tese_ws/install/scout_nav2_gz/share/scout_nav2_gz/meshes/scout_v2/base_link.dae
[0.197s] -- Up-to-date: /home/rics/tt_ws/src/tese_ws/install/scout_nav2_gz/share/scout_nav2_gz/meshes/scout_v2/base_link_full.dae
[0.197s] -- Up-to-date: /home/rics/tt_ws/src/tese_ws/install/scout_nav2_gz/share/scout_nav2_gz/meshes/scout_v2/wheel_type2.dae
[0.197s] -- Up-to-date: /home/rics/tt_ws/src/tese_ws/install/scout_nav2_gz/share/scout_nav2_gz/meshes/scout_v2/hokuyo.dae
[0.197s] -- Up-to-date: /home/rics/tt_ws/src/tese_ws/install/scout_nav2_gz/share/scout_nav2_gz/meshes/scout_v2/wheel_type1.dae
[0.197s] -- Up-to-date: /home/rics/tt_ws/src/tese_ws/install/scout_nav2_gz/share/scout_nav2_gz/meshes/scout_mini
[0.197s] -- Up-to-date: /home/rics/tt_ws/src/tese_ws/install/scout_nav2_gz/share/scout_nav2_gz/meshes/scout_mini/mini_wheel.dae
[0.197s] -- Up-to-date: /home/rics/tt_ws/src/tese_ws/install/scout_nav2_gz/share/scout_nav2_gz/meshes/scout_mini/mini_base_link.dae
[0.197s] -- Up-to-date: /home/rics/tt_ws/src/tese_ws/install/scout_nav2_gz/share/scout_nav2_gz/urdf
[0.197s] -- Up-to-date: /home/rics/tt_ws/src/tese_ws/install/scout_nav2_gz/share/scout_nav2_gz/urdf/scout_v2
[0.197s] -- Up-to-date: /home/rics/tt_ws/src/tese_ws/install/scout_nav2_gz/share/scout_nav2_gz/urdf/scout_v2/scout_v2_trailer.xacro
[0.198s] -- Up-to-date: /home/rics/tt_ws/src/tese_ws/install/scout_nav2_gz/share/scout_nav2_gz/urdf/scout_v2/scout_v2.xacro
[0.199s] -- Up-to-date: /home/rics/tt_ws/src/tese_ws/install/scout_nav2_gz/share/scout_nav2_gz/urdf/scout_v2/generate_urdf.sh
[0.199s] -- Up-to-date: /home/rics/tt_ws/src/tese_ws/install/scout_nav2_gz/share/scout_nav2_gz/urdf/scout_v2/scout_wheel_type2.xacro
[0.199s] -- Up-to-date: /home/rics/tt_ws/src/tese_ws/install/scout_nav2_gz/share/scout_nav2_gz/urdf/scout_v2/scout_wheel_type1.xacro
[0.199s] -- Up-to-date: /home/rics/tt_ws/src/tese_ws/install/scout_nav2_gz/share/scout_nav2_gz/urdf/scout_v2/scout_v2.urdf
[0.199s] -- Up-to-date: /home/rics/tt_ws/src/tese_ws/install/scout_nav2_gz/share/scout_nav2_gz/urdf/scout_v2/scout_v2_optimized.xacro
[0.199s] -- Up-to-date: /home/rics/tt_ws/src/tese_ws/install/scout_nav2_gz/share/scout_nav2_gz/urdf/scout_mini
[0.199s] -- Up-to-date: /home/rics/tt_ws/src/tese_ws/install/scout_nav2_gz/share/scout_nav2_gz/urdf/scout_mini/scout_mini_wheel.xacro
[0.199s] -- Up-to-date: /home/rics/tt_ws/src/tese_ws/install/scout_nav2_gz/share/scout_nav2_gz/urdf/scout_mini/scout_mini.urdf
[0.200s] -- Up-to-date: /home/rics/tt_ws/src/tese_ws/install/scout_nav2_gz/share/scout_nav2_gz/urdf/scout_mini/scout_mini.xacro
[0.200s] -- Up-to-date: /home/rics/tt_ws/src/tese_ws/install/scout_nav2_gz/lib/scout_nav2_gz/reach_goal.py
[0.200s] -- Up-to-date: /home/rics/tt_ws/src/tese_ws/install/scout_nav2_gz/lib/scout_nav2_gz/follow_waypoints.py
[0.200s] -- Installing: /home/rics/tt_ws/src/tese_ws/install/scout_nav2_gz/lib/scout_nav2_gz/test_pub_hitch.py
[0.200s] -- Up-to-date: /home/rics/tt_ws/src/tese_ws/install/scout_nav2_gz/share/ament_index/resource_index/package_run_dependencies/scout_nav2_gz
[0.200s] -- Up-to-date: /home/rics/tt_ws/src/tese_ws/install/scout_nav2_gz/share/ament_index/resource_index/parent_prefix_path/scout_nav2_gz
[0.200s] -- Up-to-date: /home/rics/tt_ws/src/tese_ws/install/scout_nav2_gz/share/scout_nav2_gz/environment/ament_prefix_path.sh
[0.200s] -- Up-to-date: /home/rics/tt_ws/src/tese_ws/install/scout_nav2_gz/share/scout_nav2_gz/environment/ament_prefix_path.dsv
[0.200s] -- Up-to-date: /home/rics/tt_ws/src/tese_ws/install/scout_nav2_gz/share/scout_nav2_gz/environment/path.sh
[0.200s] -- Up-to-date: /home/rics/tt_ws/src/tese_ws/install/scout_nav2_gz/share/scout_nav2_gz/environment/path.dsv
[0.200s] -- Up-to-date: /home/rics/tt_ws/src/tese_ws/install/scout_nav2_gz/share/scout_nav2_gz/local_setup.bash
[0.200s] -- Up-to-date: /home/rics/tt_ws/src/tese_ws/install/scout_nav2_gz/share/scout_nav2_gz/local_setup.sh
[0.200s] -- Up-to-date: /home/rics/tt_ws/src/tese_ws/install/scout_nav2_gz/share/scout_nav2_gz/local_setup.zsh
[0.200s] -- Up-to-date: /home/rics/tt_ws/src/tese_ws/install/scout_nav2_gz/share/scout_nav2_gz/local_setup.dsv
[0.200s] -- Installing: /home/rics/tt_ws/src/tese_ws/install/scout_nav2_gz/share/scout_nav2_gz/package.dsv
[0.201s] -- Up-to-date: /home/rics/tt_ws/src/tese_ws/install/scout_nav2_gz/share/ament_index/resource_index/packages/scout_nav2_gz
[0.201s] -- Up-to-date: /home/rics/tt_ws/src/tese_ws/install/scout_nav2_gz/share/scout_nav2_gz/cmake/scout_nav2_gzConfig.cmake
[0.201s] -- Up-to-date: /home/rics/tt_ws/src/tese_ws/install/scout_nav2_gz/share/scout_nav2_gz/cmake/scout_nav2_gzConfig-version.cmake
[0.201s] -- Up-to-date: /home/rics/tt_ws/src/tese_ws/install/scout_nav2_gz/share/scout_nav2_gz/package.xml
[0.236s] Invoked command in '/home/rics/tt_ws/src/tese_ws/build/scout_nav2_gz' returned '0': CMAKE_PREFIX_PATH=${CMAKE_PREFIX_PATH}:/opt/ros/humble /usr/bin/cmake --install /home/rics/tt_ws/src/tese_ws/build/scout_nav2_gz
