[0.021s] Invoking command in '/home/rics/tt_ws/src/tese_ws/build/scout_description': CMAKE_PREFIX_PATH=${CMAKE_PREFIX_PATH}:/opt/ros/humble /usr/bin/cmake --build /home/rics/tt_ws/src/tese_ws/build/scout_description -- -j8 -l8
[0.116s] Invoked command in '/home/rics/tt_ws/src/tese_ws/build/scout_description' returned '0': CMAKE_PREFIX_PATH=${CMAKE_PREFIX_PATH}:/opt/ros/humble /usr/bin/cmake --build /home/rics/tt_ws/src/tese_ws/build/scout_description -- -j8 -l8
[0.117s] Invoking command in '/home/rics/tt_ws/src/tese_ws/build/scout_description': CMAKE_PREFIX_PATH=${CMAKE_PREFIX_PATH}:/opt/ros/humble /usr/bin/cmake --install /home/rics/tt_ws/src/tese_ws/build/scout_description
[0.127s] -- Install configuration: ""
[0.127s] -- Up-to-date: /home/rics/tt_ws/src/tese_ws/install/scout_description/share/scout_description//launch
[0.127s] -- Up-to-date: /home/rics/tt_ws/src/tese_ws/install/scout_description/share/scout_description//launch/display.launch.py
[0.127s] -- Up-to-date: /home/rics/tt_ws/src/tese_ws/install/scout_description/share/scout_description//launch/scout_base_description.launch.py
[0.127s] -- Up-to-date: /home/rics/tt_ws/src/tese_ws/install/scout_description/share/scout_description//urdf
[0.128s] -- Up-to-date: /home/rics/tt_ws/src/tese_ws/install/scout_description/share/scout_description//urdf/scout_v2
[0.128s] -- Up-to-date: /home/rics/tt_ws/src/tese_ws/install/scout_description/share/scout_description//urdf/scout_v2/scout_v2_trailer.xacro
[0.128s] -- Up-to-date: /home/rics/tt_ws/src/tese_ws/install/scout_description/share/scout_description//urdf/scout_v2/scout_v2.xacro
[0.128s] -- Up-to-date: /home/rics/tt_ws/src/tese_ws/install/scout_description/share/scout_description//urdf/scout_v2/generate_urdf.sh
[0.128s] -- Up-to-date: /home/rics/tt_ws/src/tese_ws/install/scout_description/share/scout_description//urdf/scout_v2/scout_wheel_type2.xacro
[0.128s] -- Up-to-date: /home/rics/tt_ws/src/tese_ws/install/scout_description/share/scout_description//urdf/scout_v2/scout_wheel_type1.xacro
[0.128s] -- Up-to-date: /home/rics/tt_ws/src/tese_ws/install/scout_description/share/scout_description//urdf/scout_v2/scout_v2.urdf
[0.128s] -- Up-to-date: /home/rics/tt_ws/src/tese_ws/install/scout_description/share/scout_description//urdf/scout_mini
[0.128s] -- Up-to-date: /home/rics/tt_ws/src/tese_ws/install/scout_description/share/scout_description//urdf/scout_mini/scout_mini_wheel.xacro
[0.128s] -- Up-to-date: /home/rics/tt_ws/src/tese_ws/install/scout_description/share/scout_description//urdf/scout_mini/scout_mini.urdf
[0.128s] -- Up-to-date: /home/rics/tt_ws/src/tese_ws/install/scout_description/share/scout_description//urdf/scout_mini/scout_mini.xacro
[0.128s] -- Up-to-date: /home/rics/tt_ws/src/tese_ws/install/scout_description/share/scout_description//meshes
[0.128s] -- Up-to-date: /home/rics/tt_ws/src/tese_ws/install/scout_description/share/scout_description//meshes/scout_v2
[0.128s] -- Up-to-date: /home/rics/tt_ws/src/tese_ws/install/scout_description/share/scout_description//meshes/scout_v2/base_link.dae
[0.128s] -- Up-to-date: /home/rics/tt_ws/src/tese_ws/install/scout_description/share/scout_description//meshes/scout_v2/base_link_full.dae
[0.128s] -- Up-to-date: /home/rics/tt_ws/src/tese_ws/install/scout_description/share/scout_description//meshes/scout_v2/wheel_type2.dae
[0.129s] -- Up-to-date: /home/rics/tt_ws/src/tese_ws/install/scout_description/share/scout_description//meshes/scout_v2/hokuyo.dae
[0.129s] -- Up-to-date: /home/rics/tt_ws/src/tese_ws/install/scout_description/share/scout_description//meshes/scout_v2/wheel_type1.dae
[0.129s] -- Up-to-date: /home/rics/tt_ws/src/tese_ws/install/scout_description/share/scout_description//meshes/scout_mini
[0.129s] -- Up-to-date: /home/rics/tt_ws/src/tese_ws/install/scout_description/share/scout_description//meshes/scout_mini/mini_wheel.dae
[0.129s] -- Up-to-date: /home/rics/tt_ws/src/tese_ws/install/scout_description/share/scout_description//meshes/scout_mini/mini_base_link.dae
[0.129s] -- Up-to-date: /home/rics/tt_ws/src/tese_ws/install/scout_description/share/scout_description//world
[0.129s] -- Up-to-date: /home/rics/tt_ws/src/tese_ws/install/scout_description/share/scout_description//world/my_world.sdf
[0.130s] -- Up-to-date: /home/rics/tt_ws/src/tese_ws/install/scout_description/share/scout_description//world/bumps.world
[0.130s] -- Up-to-date: /home/rics/tt_ws/src/tese_ws/install/scout_description/share/scout_description//world/indoor_2.world
[0.130s] -- Up-to-date: /home/rics/tt_ws/src/tese_ws/install/scout_description/share/scout_description//world/outdoor.world
[0.130s] -- Up-to-date: /home/rics/tt_ws/src/tese_ws/install/scout_description/share/scout_description//world/blank.world
[0.130s] -- Up-to-date: /home/rics/tt_ws/src/tese_ws/install/scout_description/share/scout_description//rviz
[0.130s] -- Up-to-date: /home/rics/tt_ws/src/tese_ws/install/scout_description/share/scout_description//rviz/urdf_config.rviz
[0.130s] -- Up-to-date: /home/rics/tt_ws/src/tese_ws/install/scout_description/share/scout_description//config
[0.131s] -- Up-to-date: /home/rics/tt_ws/src/tese_ws/install/scout_description/share/scout_description//config/ekf.yaml
[0.132s] -- Up-to-date: /home/rics/tt_ws/src/tese_ws/install/scout_description/share/scout_description//models
[0.132s] -- Up-to-date: /home/rics/tt_ws/src/tese_ws/install/scout_description/share/scout_description//models/puddle
[0.132s] -- Up-to-date: /home/rics/tt_ws/src/tese_ws/install/scout_description/share/scout_description//models/puddle/media
[0.132s] -- Up-to-date: /home/rics/tt_ws/src/tese_ws/install/scout_description/share/scout_description//models/puddle/media/scripts
[0.132s] -- Up-to-date: /home/rics/tt_ws/src/tese_ws/install/scout_description/share/scout_description//models/puddle/media/scripts/puddle.material
[0.132s] -- Up-to-date: /home/rics/tt_ws/src/tese_ws/install/scout_description/share/scout_description//models/puddle/media/textures
[0.132s] -- Up-to-date: /home/rics/tt_ws/src/tese_ws/install/scout_description/share/scout_description//models/puddle/media/textures/blue_texture.jpg
[0.132s] -- Up-to-date: /home/rics/tt_ws/src/tese_ws/install/scout_description/share/scout_description//models/puddle/model.config
[0.132s] -- Up-to-date: /home/rics/tt_ws/src/tese_ws/install/scout_description/share/scout_description//models/puddle/model.sdf
[0.132s] -- Up-to-date: /home/rics/tt_ws/src/tese_ws/install/scout_description/share/scout_description//models/ramp_1
[0.132s] -- Up-to-date: /home/rics/tt_ws/src/tese_ws/install/scout_description/share/scout_description//models/ramp_1/ramp_015.dae
[0.132s] -- Up-to-date: /home/rics/tt_ws/src/tese_ws/install/scout_description/share/scout_description//models/ramp_1/ramp_025.dae
[0.132s] -- Up-to-date: /home/rics/tt_ws/src/tese_ws/install/scout_description/share/scout_description//models/ramp_1/model.config
[0.132s] -- Up-to-date: /home/rics/tt_ws/src/tese_ws/install/scout_description/share/scout_description//models/ramp_1/model.sdf
[0.133s] -- Up-to-date: /home/rics/tt_ws/src/tese_ws/install/scout_description/share/scout_description//models/speed_bump_2
[0.133s] -- Up-to-date: /home/rics/tt_ws/src/tese_ws/install/scout_description/share/scout_description//models/speed_bump_2/Bump_2_short.dae
[0.133s] -- Up-to-date: /home/rics/tt_ws/src/tese_ws/install/scout_description/share/scout_description//models/speed_bump_2/bump_2.dae
[0.133s] -- Up-to-date: /home/rics/tt_ws/src/tese_ws/install/scout_description/share/scout_description//models/speed_bump_2/model.config
[0.133s] -- Up-to-date: /home/rics/tt_ws/src/tese_ws/install/scout_description/share/scout_description//models/speed_bump_2/bump_2
[0.133s] -- Up-to-date: /home/rics/tt_ws/src/tese_ws/install/scout_description/share/scout_description//models/speed_bump_2/bump_2/rubbishy_xdigg8.jpg
[0.133s] -- Up-to-date: /home/rics/tt_ws/src/tese_ws/install/scout_description/share/scout_description//models/speed_bump_2/model.sdf
[0.133s] -- Up-to-date: /home/rics/tt_ws/src/tese_ws/install/scout_description/share/scout_description//models/speed_bump_3
[0.133s] -- Up-to-date: /home/rics/tt_ws/src/tese_ws/install/scout_description/share/scout_description//models/speed_bump_3/bump_3
[0.133s] -- Up-to-date: /home/rics/tt_ws/src/tese_ws/install/scout_description/share/scout_description//models/speed_bump_3/bump_3/rubbishy_xdigg9.jpg
[0.133s] -- Up-to-date: /home/rics/tt_ws/src/tese_ws/install/scout_description/share/scout_description//models/speed_bump_3/bump_3.dae
[0.133s] -- Up-to-date: /home/rics/tt_ws/src/tese_ws/install/scout_description/share/scout_description//models/speed_bump_3/model.config
[0.133s] -- Up-to-date: /home/rics/tt_ws/src/tese_ws/install/scout_description/share/scout_description//models/speed_bump_3/model.sdf
[0.134s] -- Up-to-date: /home/rics/tt_ws/src/tese_ws/install/scout_description/share/scout_description//models/speed_bump_3/Bump_3_short.dae
[0.134s] -- Up-to-date: /home/rics/tt_ws/src/tese_ws/install/scout_description/share/scout_description//models/ramp_2
[0.134s] -- Up-to-date: /home/rics/tt_ws/src/tese_ws/install/scout_description/share/scout_description//models/ramp_2/ramp_037.dae
[0.134s] -- Up-to-date: /home/rics/tt_ws/src/tese_ws/install/scout_description/share/scout_description//models/ramp_2/ramp_020.dae
[0.134s] -- Up-to-date: /home/rics/tt_ws/src/tese_ws/install/scout_description/share/scout_description//models/ramp_2/model.config
[0.134s] -- Up-to-date: /home/rics/tt_ws/src/tese_ws/install/scout_description/share/scout_description//models/ramp_2/model.sdf
[0.134s] -- Up-to-date: /home/rics/tt_ws/src/tese_ws/install/scout_description/share/scout_description//models/outdoor_1
[0.135s] -- Up-to-date: /home/rics/tt_ws/src/tese_ws/install/scout_description/share/scout_description//models/outdoor_1/media
[0.135s] -- Up-to-date: /home/rics/tt_ws/src/tese_ws/install/scout_description/share/scout_description//models/outdoor_1/media/forrest_ground_01_nor_gl_4k.exr
[0.135s] -- Up-to-date: /home/rics/tt_ws/src/tese_ws/install/scout_description/share/scout_description//models/outdoor_1/media/scripts
[0.135s] -- Up-to-date: /home/rics/tt_ws/src/tese_ws/install/scout_description/share/scout_description//models/outdoor_1/media/scripts/repeated.material
[0.135s] -- Up-to-date: /home/rics/tt_ws/src/tese_ws/install/scout_description/share/scout_description//models/outdoor_1/media/forrest_ground_01_disp_4k.png
[0.135s] -- Up-to-date: /home/rics/tt_ws/src/tese_ws/install/scout_description/share/scout_description//models/outdoor_1/media/outdoor1_texture4.dae
[0.135s] -- Up-to-date: /home/rics/tt_ws/src/tese_ws/install/scout_description/share/scout_description//models/outdoor_1/media/forrest_ground_01_rough_4k.jpg
[0.136s] -- Up-to-date: /home/rics/tt_ws/src/tese_ws/install/scout_description/share/scout_description//models/outdoor_1/media/outdoor1_texture3.dae
[0.136s] -- Up-to-date: /home/rics/tt_ws/src/tese_ws/install/scout_description/share/scout_description//models/outdoor_1/media/outdoor1_texture2.obj
[0.136s] -- Up-to-date: /home/rics/tt_ws/src/tese_ws/install/scout_description/share/scout_description//models/outdoor_1/media/forrest_ground_01_diff_4k.jpg
[0.136s] -- Up-to-date: /home/rics/tt_ws/src/tese_ws/install/scout_description/share/scout_description//models/outdoor_1/media/outdoor1.dae
[0.136s] -- Up-to-date: /home/rics/tt_ws/src/tese_ws/install/scout_description/share/scout_description//models/outdoor_1/media/outdoor1_texture2.mtl
[0.136s] -- Up-to-date: /home/rics/tt_ws/src/tese_ws/install/scout_description/share/scout_description//models/outdoor_1/media/outdoor1_texture.dae
[0.136s] -- Up-to-date: /home/rics/tt_ws/src/tese_ws/install/scout_description/share/scout_description//models/outdoor_1/media/Textures
[0.136s] -- Up-to-date: /home/rics/tt_ws/src/tese_ws/install/scout_description/share/scout_description//models/outdoor_1/media/Textures/Grass.png
[0.136s] -- Up-to-date: /home/rics/tt_ws/src/tese_ws/install/scout_description/share/scout_description//models/outdoor_1/model.config
[0.136s] -- Up-to-date: /home/rics/tt_ws/src/tese_ws/install/scout_description/share/scout_description//models/outdoor_1/model.sdf
[0.136s] -- Up-to-date: /home/rics/tt_ws/src/tese_ws/install/scout_description/share/scout_description//models/speed_bump_1_short
[0.137s] -- Up-to-date: /home/rics/tt_ws/src/tese_ws/install/scout_description/share/scout_description//models/speed_bump_1_short/bump_2_060
[0.139s] -- Up-to-date: /home/rics/tt_ws/src/tese_ws/install/scout_description/share/scout_description//models/speed_bump_1_short/bump_2_060/rubbishy_xdigg10.jpg
[0.139s] -- Up-to-date: /home/rics/tt_ws/src/tese_ws/install/scout_description/share/scout_description//models/speed_bump_1_short/model.config
[0.140s] -- Up-to-date: /home/rics/tt_ws/src/tese_ws/install/scout_description/share/scout_description//models/speed_bump_1_short/model.sdf
[0.140s] -- Up-to-date: /home/rics/tt_ws/src/tese_ws/install/scout_description/share/scout_description//models/speed_bump_1_short/bump_2_060.dae
[0.140s] -- Up-to-date: /home/rics/tt_ws/src/tese_ws/install/scout_description/share/scout_description//models/indoor_with_doors_2
[0.140s] -- Up-to-date: /home/rics/tt_ws/src/tese_ws/install/scout_description/share/scout_description//models/indoor_with_doors_2/model.config
[0.140s] -- Up-to-date: /home/rics/tt_ws/src/tese_ws/install/scout_description/share/scout_description//models/indoor_with_doors_2/model.sdf
[0.140s] -- Up-to-date: /home/rics/tt_ws/src/tese_ws/install/scout_description/share/scout_description//models/speed_bump_3_short
[0.140s] -- Up-to-date: /home/rics/tt_ws/src/tese_ws/install/scout_description/share/scout_description//models/speed_bump_3_short/bump_3_060.dae
[0.140s] -- Up-to-date: /home/rics/tt_ws/src/tese_ws/install/scout_description/share/scout_description//models/speed_bump_3_short/model.config
[0.140s] -- Up-to-date: /home/rics/tt_ws/src/tese_ws/install/scout_description/share/scout_description//models/speed_bump_3_short/bump_3_060
[0.140s] -- Up-to-date: /home/rics/tt_ws/src/tese_ws/install/scout_description/share/scout_description//models/speed_bump_3_short/bump_3_060/rubbishy_xdigg9.jpg
[0.140s] -- Up-to-date: /home/rics/tt_ws/src/tese_ws/install/scout_description/share/scout_description//models/speed_bump_3_short/model.sdf
[0.140s] -- Up-to-date: /home/rics/tt_ws/src/tese_ws/install/scout_description/share/scout_description//models/speed_bump_1
[0.140s] -- Up-to-date: /home/rics/tt_ws/src/tese_ws/install/scout_description/share/scout_description//models/speed_bump_1/Bump_1_short.dae
[0.140s] -- Up-to-date: /home/rics/tt_ws/src/tese_ws/install/scout_description/share/scout_description//models/speed_bump_1/bump_1
[0.141s] -- Up-to-date: /home/rics/tt_ws/src/tese_ws/install/scout_description/share/scout_description//models/speed_bump_1/bump_1/rubbishy_xdigg10.jpg
[0.141s] -- Up-to-date: /home/rics/tt_ws/src/tese_ws/install/scout_description/share/scout_description//models/speed_bump_1/bump_1.dae
[0.141s] -- Up-to-date: /home/rics/tt_ws/src/tese_ws/install/scout_description/share/scout_description//models/speed_bump_1/model.config
[0.141s] -- Up-to-date: /home/rics/tt_ws/src/tese_ws/install/scout_description/share/scout_description//models/speed_bump_1/model.sdf
[0.141s] -- Up-to-date: /home/rics/tt_ws/src/tese_ws/install/scout_description/share/scout_description//models/terrain_1
[0.141s] -- Up-to-date: /home/rics/tt_ws/src/tese_ws/install/scout_description/share/scout_description//models/terrain_1/media
[0.141s] -- Up-to-date: /home/rics/tt_ws/src/tese_ws/install/scout_description/share/scout_description//models/terrain_1/media/scripts
[0.141s] -- Up-to-date: /home/rics/tt_ws/src/tese_ws/install/scout_description/share/scout_description//models/terrain_1/media/scripts/repeated.material
[0.141s] -- Up-to-date: /home/rics/tt_ws/src/tese_ws/install/scout_description/share/scout_description//models/terrain_1/media/terrain_1.dae
[0.141s] -- Up-to-date: /home/rics/tt_ws/src/tese_ws/install/scout_description/share/scout_description//models/terrain_1/media/Textures
[0.141s] -- Up-to-date: /home/rics/tt_ws/src/tese_ws/install/scout_description/share/scout_description//models/terrain_1/media/Textures/Grass.png
[0.141s] -- Up-to-date: /home/rics/tt_ws/src/tese_ws/install/scout_description/share/scout_description//models/terrain_1/model.config
[0.141s] -- Up-to-date: /home/rics/tt_ws/src/tese_ws/install/scout_description/share/scout_description//models/terrain_1/model.sdf
[0.141s] -- Up-to-date: /home/rics/tt_ws/src/tese_ws/install/scout_description/share/scout_description//models/indoor_no_doors_2
[0.141s] -- Up-to-date: /home/rics/tt_ws/src/tese_ws/install/scout_description/share/scout_description//models/indoor_no_doors_2/model.config
[0.141s] -- Up-to-date: /home/rics/tt_ws/src/tese_ws/install/scout_description/share/scout_description//models/indoor_no_doors_2/indoor_2.world
[0.141s] -- Up-to-date: /home/rics/tt_ws/src/tese_ws/install/scout_description/share/scout_description//models/indoor_no_doors_2/model.sdf
[0.142s] -- Up-to-date: /home/rics/tt_ws/src/tese_ws/install/scout_description/share/scout_description//models/speed_bump_2_short
[0.142s] -- Up-to-date: /home/rics/tt_ws/src/tese_ws/install/scout_description/share/scout_description//models/speed_bump_2_short/bump_1_060.dae
[0.142s] -- Up-to-date: /home/rics/tt_ws/src/tese_ws/install/scout_description/share/scout_description//models/speed_bump_2_short/model.config
[0.142s] -- Up-to-date: /home/rics/tt_ws/src/tese_ws/install/scout_description/share/scout_description//models/speed_bump_2_short/bump_1_060
[0.142s] -- Up-to-date: /home/rics/tt_ws/src/tese_ws/install/scout_description/share/scout_description//models/speed_bump_2_short/bump_1_060/rubbishy_xdigg8.jpg
[0.142s] -- Up-to-date: /home/rics/tt_ws/src/tese_ws/install/scout_description/share/scout_description//models/speed_bump_2_short/model.sdf
[0.142s] -- Up-to-date: /home/rics/tt_ws/src/tese_ws/install/scout_description/share/scout_description//models/outdoor
[0.142s] -- Up-to-date: /home/rics/tt_ws/src/tese_ws/install/scout_description/share/scout_description//models/outdoor/outdoor.world
[0.142s] -- Up-to-date: /home/rics/tt_ws/src/tese_ws/install/scout_description/share/scout_description//models/black_hole
[0.142s] -- Up-to-date: /home/rics/tt_ws/src/tese_ws/install/scout_description/share/scout_description//models/black_hole/media
[0.142s] -- Up-to-date: /home/rics/tt_ws/src/tese_ws/install/scout_description/share/scout_description//models/black_hole/media/scripts
[0.142s] -- Up-to-date: /home/rics/tt_ws/src/tese_ws/install/scout_description/share/scout_description//models/black_hole/media/scripts/hole.material
[0.142s] -- Up-to-date: /home/rics/tt_ws/src/tese_ws/install/scout_description/share/scout_description//models/black_hole/media/textures
[0.142s] -- Up-to-date: /home/rics/tt_ws/src/tese_ws/install/scout_description/share/scout_description//models/black_hole/media/textures/black_texture.jpg
[0.142s] -- Up-to-date: /home/rics/tt_ws/src/tese_ws/install/scout_description/share/scout_description//models/black_hole/model.config
[0.143s] -- Up-to-date: /home/rics/tt_ws/src/tese_ws/install/scout_description/share/scout_description//models/black_hole/model.sdf
[0.143s] -- Up-to-date: /home/rics/tt_ws/src/tese_ws/install/scout_description/share/ament_index/resource_index/package_run_dependencies/scout_description
[0.143s] -- Up-to-date: /home/rics/tt_ws/src/tese_ws/install/scout_description/share/ament_index/resource_index/parent_prefix_path/scout_description
[0.143s] -- Up-to-date: /home/rics/tt_ws/src/tese_ws/install/scout_description/share/scout_description/environment/ament_prefix_path.sh
[0.143s] -- Up-to-date: /home/rics/tt_ws/src/tese_ws/install/scout_description/share/scout_description/environment/ament_prefix_path.dsv
[0.143s] -- Up-to-date: /home/rics/tt_ws/src/tese_ws/install/scout_description/share/scout_description/environment/path.sh
[0.143s] -- Up-to-date: /home/rics/tt_ws/src/tese_ws/install/scout_description/share/scout_description/environment/path.dsv
[0.143s] -- Up-to-date: /home/rics/tt_ws/src/tese_ws/install/scout_description/share/scout_description/local_setup.bash
[0.143s] -- Up-to-date: /home/rics/tt_ws/src/tese_ws/install/scout_description/share/scout_description/local_setup.sh
[0.143s] -- Up-to-date: /home/rics/tt_ws/src/tese_ws/install/scout_description/share/scout_description/local_setup.zsh
[0.143s] -- Up-to-date: /home/rics/tt_ws/src/tese_ws/install/scout_description/share/scout_description/local_setup.dsv
[0.143s] -- Installing: /home/rics/tt_ws/src/tese_ws/install/scout_description/share/scout_description/package.dsv
[0.143s] -- Up-to-date: /home/rics/tt_ws/src/tese_ws/install/scout_description/share/ament_index/resource_index/packages/scout_description
[0.143s] -- Up-to-date: /home/rics/tt_ws/src/tese_ws/install/scout_description/share/scout_description/cmake/scout_descriptionConfig.cmake
[0.143s] -- Up-to-date: /home/rics/tt_ws/src/tese_ws/install/scout_description/share/scout_description/cmake/scout_descriptionConfig-version.cmake
[0.143s] -- Up-to-date: /home/rics/tt_ws/src/tese_ws/install/scout_description/share/scout_description/package.xml
[0.168s] Invoked command in '/home/rics/tt_ws/src/tese_ws/build/scout_description' returned '0': CMAKE_PREFIX_PATH=${CMAKE_PREFIX_PATH}:/opt/ros/humble /usr/bin/cmake --install /home/rics/tt_ws/src/tese_ws/build/scout_description
