[0.021s] Invoking command in '/home/rics/tt_ws/src/tese_ws/build/sam_bot_nav2_gz': CMAKE_PREFIX_PATH=${CMAKE_PREFIX_PATH}:/opt/ros/humble /usr/bin/cmake --build /home/rics/tt_ws/src/tese_ws/build/sam_bot_nav2_gz -- -j8 -l8
[0.056s] Invoked command in '/home/rics/tt_ws/src/tese_ws/build/sam_bot_nav2_gz' returned '0': CMAKE_PREFIX_PATH=${CMAKE_PREFIX_PATH}:/opt/ros/humble /usr/bin/cmake --build /home/rics/tt_ws/src/tese_ws/build/sam_bot_nav2_gz -- -j8 -l8
[0.068s] Invoking command in '/home/rics/tt_ws/src/tese_ws/build/sam_bot_nav2_gz': CMAKE_PREFIX_PATH=${CMAKE_PREFIX_PATH}:/opt/ros/humble /usr/bin/cmake --install /home/rics/tt_ws/src/tese_ws/build/sam_bot_nav2_gz
[0.097s] -- Install configuration: ""
[0.097s] -- Up-to-date: /home/rics/tt_ws/src/tese_ws/install/sam_bot_nav2_gz/share/sam_bot_nav2_gz/src
[0.097s] -- Up-to-date: /home/rics/tt_ws/src/tese_ws/install/sam_bot_nav2_gz/share/sam_bot_nav2_gz/src/description
[0.097s] -- Up-to-date: /home/rics/tt_ws/src/tese_ws/install/sam_bot_nav2_gz/share/sam_bot_nav2_gz/src/description/sam_bot_description.urdf
[0.097s] -- Up-to-date: /home/rics/tt_ws/src/tese_ws/install/sam_bot_nav2_gz/share/sam_bot_nav2_gz/scripts
[0.097s] -- Up-to-date: /home/rics/tt_ws/src/tese_ws/install/sam_bot_nav2_gz/share/sam_bot_nav2_gz/scripts/reach_goal.py
[0.097s] -- Up-to-date: /home/rics/tt_ws/src/tese_ws/install/sam_bot_nav2_gz/share/sam_bot_nav2_gz/scripts/follow_waypoints.py
[0.097s] -- Up-to-date: /home/rics/tt_ws/src/tese_ws/install/sam_bot_nav2_gz/share/sam_bot_nav2_gz/scripts/__init__.py
[0.097s] -- Up-to-date: /home/rics/tt_ws/src/tese_ws/install/sam_bot_nav2_gz/share/sam_bot_nav2_gz/launch
[0.097s] -- Up-to-date: /home/rics/tt_ws/src/tese_ws/install/sam_bot_nav2_gz/share/sam_bot_nav2_gz/launch/display.launch.py
[0.097s] -- Up-to-date: /home/rics/tt_ws/src/tese_ws/install/sam_bot_nav2_gz/share/sam_bot_nav2_gz/launch/complete_navigation.launch.py
[0.097s] -- Up-to-date: /home/rics/tt_ws/src/tese_ws/install/sam_bot_nav2_gz/share/sam_bot_nav2_gz/rviz
[0.097s] -- Up-to-date: /home/rics/tt_ws/src/tese_ws/install/sam_bot_nav2_gz/share/sam_bot_nav2_gz/rviz/urdf_config.rviz
[0.097s] -- Up-to-date: /home/rics/tt_ws/src/tese_ws/install/sam_bot_nav2_gz/share/sam_bot_nav2_gz/rviz/navigation_config.rviz
[0.097s] -- Up-to-date: /home/rics/tt_ws/src/tese_ws/install/sam_bot_nav2_gz/share/sam_bot_nav2_gz/config
[0.097s] -- Up-to-date: /home/rics/tt_ws/src/tese_ws/install/sam_bot_nav2_gz/share/sam_bot_nav2_gz/config/ekf.yaml
[0.097s] -- Up-to-date: /home/rics/tt_ws/src/tese_ws/install/sam_bot_nav2_gz/share/sam_bot_nav2_gz/config/nav2_params.yaml
[0.097s] -- Up-to-date: /home/rics/tt_ws/src/tese_ws/install/sam_bot_nav2_gz/share/sam_bot_nav2_gz/config/diff_drive_controller_velocity.yaml
[0.098s] -- Up-to-date: /home/rics/tt_ws/src/tese_ws/install/sam_bot_nav2_gz/share/sam_bot_nav2_gz/world
[0.098s] -- Up-to-date: /home/rics/tt_ws/src/tese_ws/install/sam_bot_nav2_gz/share/sam_bot_nav2_gz/world/ign_indoor
[0.098s] -- Up-to-date: /home/rics/tt_ws/src/tese_ws/install/sam_bot_nav2_gz/share/sam_bot_nav2_gz/world/ign_indoor/ign_indoor.sdf
[0.098s] -- Up-to-date: /home/rics/tt_ws/src/tese_ws/install/sam_bot_nav2_gz/share/sam_bot_nav2_gz/world/ign_indoor/models
[0.098s] -- Up-to-date: /home/rics/tt_ws/src/tese_ws/install/sam_bot_nav2_gz/share/sam_bot_nav2_gz/world/ign_indoor/models/ramp_1
[0.098s] -- Up-to-date: /home/rics/tt_ws/src/tese_ws/install/sam_bot_nav2_gz/share/sam_bot_nav2_gz/world/ign_indoor/models/ramp_1/ramp_015.dae
[0.098s] -- Up-to-date: /home/rics/tt_ws/src/tese_ws/install/sam_bot_nav2_gz/share/sam_bot_nav2_gz/world/ign_indoor/models/ramp_1/ramp_025.dae
[0.098s] -- Up-to-date: /home/rics/tt_ws/src/tese_ws/install/sam_bot_nav2_gz/share/sam_bot_nav2_gz/world/ign_indoor/models/ramp_1/model.config
[0.098s] -- Up-to-date: /home/rics/tt_ws/src/tese_ws/install/sam_bot_nav2_gz/share/sam_bot_nav2_gz/world/ign_indoor/models/ramp_1/model.sdf
[0.098s] -- Up-to-date: /home/rics/tt_ws/src/tese_ws/install/sam_bot_nav2_gz/share/sam_bot_nav2_gz/world/ign_indoor/models/speed_bump_2
[0.099s] -- Up-to-date: /home/rics/tt_ws/src/tese_ws/install/sam_bot_nav2_gz/share/sam_bot_nav2_gz/world/ign_indoor/models/speed_bump_2/Bump_2_short.dae
[0.099s] -- Up-to-date: /home/rics/tt_ws/src/tese_ws/install/sam_bot_nav2_gz/share/sam_bot_nav2_gz/world/ign_indoor/models/speed_bump_2/bump_2.dae
[0.099s] -- Up-to-date: /home/rics/tt_ws/src/tese_ws/install/sam_bot_nav2_gz/share/sam_bot_nav2_gz/world/ign_indoor/models/speed_bump_2/model.config
[0.099s] -- Up-to-date: /home/rics/tt_ws/src/tese_ws/install/sam_bot_nav2_gz/share/sam_bot_nav2_gz/world/ign_indoor/models/speed_bump_2/bump_2
[0.099s] -- Up-to-date: /home/rics/tt_ws/src/tese_ws/install/sam_bot_nav2_gz/share/sam_bot_nav2_gz/world/ign_indoor/models/speed_bump_2/bump_2/rubbishy_xdigg8.jpg
[0.099s] -- Up-to-date: /home/rics/tt_ws/src/tese_ws/install/sam_bot_nav2_gz/share/sam_bot_nav2_gz/world/ign_indoor/models/speed_bump_2/model.sdf
[0.101s] -- Up-to-date: /home/rics/tt_ws/src/tese_ws/install/sam_bot_nav2_gz/share/sam_bot_nav2_gz/world/ign_indoor/models/speed_bump_3
[0.101s] -- Up-to-date: /home/rics/tt_ws/src/tese_ws/install/sam_bot_nav2_gz/share/sam_bot_nav2_gz/world/ign_indoor/models/speed_bump_3/bump_3
[0.101s] -- Up-to-date: /home/rics/tt_ws/src/tese_ws/install/sam_bot_nav2_gz/share/sam_bot_nav2_gz/world/ign_indoor/models/speed_bump_3/bump_3/rubbishy_xdigg9.jpg
[0.101s] -- Up-to-date: /home/rics/tt_ws/src/tese_ws/install/sam_bot_nav2_gz/share/sam_bot_nav2_gz/world/ign_indoor/models/speed_bump_3/bump_3.dae
[0.101s] -- Up-to-date: /home/rics/tt_ws/src/tese_ws/install/sam_bot_nav2_gz/share/sam_bot_nav2_gz/world/ign_indoor/models/speed_bump_3/model.config
[0.101s] -- Up-to-date: /home/rics/tt_ws/src/tese_ws/install/sam_bot_nav2_gz/share/sam_bot_nav2_gz/world/ign_indoor/models/speed_bump_3/model.sdf
[0.101s] -- Up-to-date: /home/rics/tt_ws/src/tese_ws/install/sam_bot_nav2_gz/share/sam_bot_nav2_gz/world/ign_indoor/models/speed_bump_3/Bump_3_short.dae
[0.101s] -- Up-to-date: /home/rics/tt_ws/src/tese_ws/install/sam_bot_nav2_gz/share/sam_bot_nav2_gz/world/ign_indoor/models/ramp_2
[0.101s] -- Up-to-date: /home/rics/tt_ws/src/tese_ws/install/sam_bot_nav2_gz/share/sam_bot_nav2_gz/world/ign_indoor/models/ramp_2/ramp_037.dae
[0.101s] -- Up-to-date: /home/rics/tt_ws/src/tese_ws/install/sam_bot_nav2_gz/share/sam_bot_nav2_gz/world/ign_indoor/models/ramp_2/ramp_020.dae
[0.102s] -- Up-to-date: /home/rics/tt_ws/src/tese_ws/install/sam_bot_nav2_gz/share/sam_bot_nav2_gz/world/ign_indoor/models/ramp_2/model.config
[0.102s] -- Up-to-date: /home/rics/tt_ws/src/tese_ws/install/sam_bot_nav2_gz/share/sam_bot_nav2_gz/world/ign_indoor/models/ramp_2/model.sdf
[0.102s] -- Up-to-date: /home/rics/tt_ws/src/tese_ws/install/sam_bot_nav2_gz/share/sam_bot_nav2_gz/world/ign_indoor/models/speed_bump_1_short
[0.102s] -- Up-to-date: /home/rics/tt_ws/src/tese_ws/install/sam_bot_nav2_gz/share/sam_bot_nav2_gz/world/ign_indoor/models/speed_bump_1_short/bump_2_060
[0.102s] -- Up-to-date: /home/rics/tt_ws/src/tese_ws/install/sam_bot_nav2_gz/share/sam_bot_nav2_gz/world/ign_indoor/models/speed_bump_1_short/bump_2_060/rubbishy_xdigg10.jpg
[0.102s] -- Up-to-date: /home/rics/tt_ws/src/tese_ws/install/sam_bot_nav2_gz/share/sam_bot_nav2_gz/world/ign_indoor/models/speed_bump_1_short/model.config
[0.102s] -- Up-to-date: /home/rics/tt_ws/src/tese_ws/install/sam_bot_nav2_gz/share/sam_bot_nav2_gz/world/ign_indoor/models/speed_bump_1_short/model.sdf
[0.102s] -- Up-to-date: /home/rics/tt_ws/src/tese_ws/install/sam_bot_nav2_gz/share/sam_bot_nav2_gz/world/ign_indoor/models/speed_bump_1_short/bump_2_060.dae
[0.102s] -- Up-to-date: /home/rics/tt_ws/src/tese_ws/install/sam_bot_nav2_gz/share/sam_bot_nav2_gz/world/ign_indoor/models/speed_bump_3_short
[0.102s] -- Up-to-date: /home/rics/tt_ws/src/tese_ws/install/sam_bot_nav2_gz/share/sam_bot_nav2_gz/world/ign_indoor/models/speed_bump_3_short/bump_3_060.dae
[0.102s] -- Up-to-date: /home/rics/tt_ws/src/tese_ws/install/sam_bot_nav2_gz/share/sam_bot_nav2_gz/world/ign_indoor/models/speed_bump_3_short/model.config
[0.102s] -- Up-to-date: /home/rics/tt_ws/src/tese_ws/install/sam_bot_nav2_gz/share/sam_bot_nav2_gz/world/ign_indoor/models/speed_bump_3_short/bump_3_060
[0.102s] -- Up-to-date: /home/rics/tt_ws/src/tese_ws/install/sam_bot_nav2_gz/share/sam_bot_nav2_gz/world/ign_indoor/models/speed_bump_3_short/bump_3_060/rubbishy_xdigg9.jpg
[0.102s] -- Up-to-date: /home/rics/tt_ws/src/tese_ws/install/sam_bot_nav2_gz/share/sam_bot_nav2_gz/world/ign_indoor/models/speed_bump_3_short/model.sdf
[0.102s] -- Up-to-date: /home/rics/tt_ws/src/tese_ws/install/sam_bot_nav2_gz/share/sam_bot_nav2_gz/world/ign_indoor/models/speed_bump_1
[0.102s] -- Up-to-date: /home/rics/tt_ws/src/tese_ws/install/sam_bot_nav2_gz/share/sam_bot_nav2_gz/world/ign_indoor/models/speed_bump_1/Bump_1_short.dae
[0.102s] -- Up-to-date: /home/rics/tt_ws/src/tese_ws/install/sam_bot_nav2_gz/share/sam_bot_nav2_gz/world/ign_indoor/models/speed_bump_1/bump_1
[0.103s] -- Up-to-date: /home/rics/tt_ws/src/tese_ws/install/sam_bot_nav2_gz/share/sam_bot_nav2_gz/world/ign_indoor/models/speed_bump_1/bump_1/rubbishy_xdigg10.jpg
[0.103s] -- Up-to-date: /home/rics/tt_ws/src/tese_ws/install/sam_bot_nav2_gz/share/sam_bot_nav2_gz/world/ign_indoor/models/speed_bump_1/bump_1.dae
[0.105s] -- Up-to-date: /home/rics/tt_ws/src/tese_ws/install/sam_bot_nav2_gz/share/sam_bot_nav2_gz/world/ign_indoor/models/speed_bump_1/model.config
[0.105s] -- Up-to-date: /home/rics/tt_ws/src/tese_ws/install/sam_bot_nav2_gz/share/sam_bot_nav2_gz/world/ign_indoor/models/speed_bump_1/model.sdf
[0.105s] -- Up-to-date: /home/rics/tt_ws/src/tese_ws/install/sam_bot_nav2_gz/share/sam_bot_nav2_gz/world/ign_indoor/models/speed_bump_2_short
[0.105s] -- Up-to-date: /home/rics/tt_ws/src/tese_ws/install/sam_bot_nav2_gz/share/sam_bot_nav2_gz/world/ign_indoor/models/speed_bump_2_short/bump_1_060.dae
[0.105s] -- Up-to-date: /home/rics/tt_ws/src/tese_ws/install/sam_bot_nav2_gz/share/sam_bot_nav2_gz/world/ign_indoor/models/speed_bump_2_short/model.config
[0.105s] -- Up-to-date: /home/rics/tt_ws/src/tese_ws/install/sam_bot_nav2_gz/share/sam_bot_nav2_gz/world/ign_indoor/models/speed_bump_2_short/bump_1_060
[0.105s] -- Up-to-date: /home/rics/tt_ws/src/tese_ws/install/sam_bot_nav2_gz/share/sam_bot_nav2_gz/world/ign_indoor/models/speed_bump_2_short/bump_1_060/rubbishy_xdigg8.jpg
[0.105s] -- Up-to-date: /home/rics/tt_ws/src/tese_ws/install/sam_bot_nav2_gz/share/sam_bot_nav2_gz/world/ign_indoor/models/speed_bump_2_short/model.sdf
[0.105s] -- Up-to-date: /home/rics/tt_ws/src/tese_ws/install/sam_bot_nav2_gz/share/sam_bot_nav2_gz/world/empty.sdf
[0.105s] -- Up-to-date: /home/rics/tt_ws/src/tese_ws/install/sam_bot_nav2_gz/share/sam_bot_nav2_gz/models
[0.105s] -- Up-to-date: /home/rics/tt_ws/src/tese_ws/install/sam_bot_nav2_gz/share/sam_bot_nav2_gz/models/TurtlebotArena
[0.106s] -- Up-to-date: /home/rics/tt_ws/src/tese_ws/install/sam_bot_nav2_gz/share/sam_bot_nav2_gz/models/TurtlebotArena/model.config
[0.106s] -- Up-to-date: /home/rics/tt_ws/src/tese_ws/install/sam_bot_nav2_gz/share/sam_bot_nav2_gz/models/TurtlebotArena/model.sdf
[0.106s] -- Up-to-date: /home/rics/tt_ws/src/tese_ws/install/sam_bot_nav2_gz/share/sam_bot_nav2_gz/models/TurtlebotArena/meshes
[0.106s] -- Up-to-date: /home/rics/tt_ws/src/tese_ws/install/sam_bot_nav2_gz/share/sam_bot_nav2_gz/models/TurtlebotArena/meshes/wall.dae
[0.106s] -- Up-to-date: /home/rics/tt_ws/src/tese_ws/install/sam_bot_nav2_gz/share/sam_bot_nav2_gz/models/TurtlebotArena/meshes/hexagon.dae
[0.106s] -- Up-to-date: /home/rics/tt_ws/src/tese_ws/install/sam_bot_nav2_gz/lib/sam_bot_nav2_gz/reach_goal.py
[0.106s] -- Up-to-date: /home/rics/tt_ws/src/tese_ws/install/sam_bot_nav2_gz/lib/sam_bot_nav2_gz/follow_waypoints.py
[0.106s] -- Up-to-date: /home/rics/tt_ws/src/tese_ws/install/sam_bot_nav2_gz/share/ament_index/resource_index/package_run_dependencies/sam_bot_nav2_gz
[0.106s] -- Up-to-date: /home/rics/tt_ws/src/tese_ws/install/sam_bot_nav2_gz/share/ament_index/resource_index/parent_prefix_path/sam_bot_nav2_gz
[0.106s] -- Up-to-date: /home/rics/tt_ws/src/tese_ws/install/sam_bot_nav2_gz/share/sam_bot_nav2_gz/environment/ament_prefix_path.sh
[0.106s] -- Up-to-date: /home/rics/tt_ws/src/tese_ws/install/sam_bot_nav2_gz/share/sam_bot_nav2_gz/environment/ament_prefix_path.dsv
[0.106s] -- Up-to-date: /home/rics/tt_ws/src/tese_ws/install/sam_bot_nav2_gz/share/sam_bot_nav2_gz/environment/path.sh
[0.106s] -- Up-to-date: /home/rics/tt_ws/src/tese_ws/install/sam_bot_nav2_gz/share/sam_bot_nav2_gz/environment/path.dsv
[0.106s] -- Up-to-date: /home/rics/tt_ws/src/tese_ws/install/sam_bot_nav2_gz/share/sam_bot_nav2_gz/local_setup.bash
[0.106s] -- Up-to-date: /home/rics/tt_ws/src/tese_ws/install/sam_bot_nav2_gz/share/sam_bot_nav2_gz/local_setup.sh
[0.106s] -- Up-to-date: /home/rics/tt_ws/src/tese_ws/install/sam_bot_nav2_gz/share/sam_bot_nav2_gz/local_setup.zsh
[0.106s] -- Up-to-date: /home/rics/tt_ws/src/tese_ws/install/sam_bot_nav2_gz/share/sam_bot_nav2_gz/local_setup.dsv
[0.106s] -- Installing: /home/rics/tt_ws/src/tese_ws/install/sam_bot_nav2_gz/share/sam_bot_nav2_gz/package.dsv
[0.106s] -- Up-to-date: /home/rics/tt_ws/src/tese_ws/install/sam_bot_nav2_gz/share/ament_index/resource_index/packages/sam_bot_nav2_gz
[0.106s] -- Up-to-date: /home/rics/tt_ws/src/tese_ws/install/sam_bot_nav2_gz/share/sam_bot_nav2_gz/cmake/sam_bot_nav2_gzConfig.cmake
[0.107s] -- Up-to-date: /home/rics/tt_ws/src/tese_ws/install/sam_bot_nav2_gz/share/sam_bot_nav2_gz/cmake/sam_bot_nav2_gzConfig-version.cmake
[0.107s] -- Up-to-date: /home/rics/tt_ws/src/tese_ws/install/sam_bot_nav2_gz/share/sam_bot_nav2_gz/package.xml
[0.171s] Invoked command in '/home/rics/tt_ws/src/tese_ws/build/sam_bot_nav2_gz' returned '0': CMAKE_PREFIX_PATH=${CMAKE_PREFIX_PATH}:/opt/ros/humble /usr/bin/cmake --install /home/rics/tt_ws/src/tese_ws/build/sam_bot_nav2_gz
