[0.024s] Invoking command in '/home/rics/tt_ws/src/tese_ws/build/sam_bot_description': CMAKE_PREFIX_PATH=${CMAKE_PREFIX_PATH}:/opt/ros/humble /usr/bin/cmake --build /home/rics/tt_ws/src/tese_ws/build/sam_bot_description -- -j8 -l8
[0.058s] Invoked command in '/home/rics/tt_ws/src/tese_ws/build/sam_bot_description' returned '0': CMAKE_PREFIX_PATH=${CMAKE_PREFIX_PATH}:/opt/ros/humble /usr/bin/cmake --build /home/rics/tt_ws/src/tese_ws/build/sam_bot_description -- -j8 -l8
[0.059s] Invoking command in '/home/rics/tt_ws/src/tese_ws/build/sam_bot_description': CMAKE_PREFIX_PATH=${CMAKE_PREFIX_PATH}:/opt/ros/humble /usr/bin/cmake --install /home/rics/tt_ws/src/tese_ws/build/sam_bot_description
[0.094s] -- Install configuration: ""
[0.094s] -- Up-to-date: /home/rics/tt_ws/src/tese_ws/install/sam_bot_description/share/sam_bot_description/src
[0.094s] -- Up-to-date: /home/rics/tt_ws/src/tese_ws/install/sam_bot_description/share/sam_bot_description/src/description
[0.094s] -- Up-to-date: /home/rics/tt_ws/src/tese_ws/install/sam_bot_description/share/sam_bot_description/src/description/sam_bot_description.urdf
[0.094s] -- Up-to-date: /home/rics/tt_ws/src/tese_ws/install/sam_bot_description/share/sam_bot_description/launch
[0.094s] -- Up-to-date: /home/rics/tt_ws/src/tese_ws/install/sam_bot_description/share/sam_bot_description/launch/display.launch.py
[0.094s] -- Up-to-date: /home/rics/tt_ws/src/tese_ws/install/sam_bot_description/share/sam_bot_description/rviz
[0.094s] -- Up-to-date: /home/rics/tt_ws/src/tese_ws/install/sam_bot_description/share/sam_bot_description/rviz/urdf_config.rviz
[0.094s] -- Up-to-date: /home/rics/tt_ws/src/tese_ws/install/sam_bot_description/share/sam_bot_description/config
[0.094s] -- Up-to-date: /home/rics/tt_ws/src/tese_ws/install/sam_bot_description/share/sam_bot_description/config/ekf.yaml
[0.094s] -- Up-to-date: /home/rics/tt_ws/src/tese_ws/install/sam_bot_description/share/sam_bot_description/config/nav2_params.yaml
[0.094s] -- Up-to-date: /home/rics/tt_ws/src/tese_ws/install/sam_bot_description/share/sam_bot_description/world
[0.094s] -- Up-to-date: /home/rics/tt_ws/src/tese_ws/install/sam_bot_description/share/sam_bot_description/world/my_world.sdf
[0.094s] -- Up-to-date: /home/rics/tt_ws/src/tese_ws/install/sam_bot_description/share/sam_bot_description/world/bumps.world
[0.094s] -- Up-to-date: /home/rics/tt_ws/src/tese_ws/install/sam_bot_description/share/sam_bot_description/world/indoor_2.world
[0.095s] -- Up-to-date: /home/rics/tt_ws/src/tese_ws/install/sam_bot_description/share/sam_bot_description/world/outdoor.world
[0.095s] -- Up-to-date: /home/rics/tt_ws/src/tese_ws/install/sam_bot_description/share/ament_index/resource_index/package_run_dependencies/sam_bot_description
[0.095s] -- Up-to-date: /home/rics/tt_ws/src/tese_ws/install/sam_bot_description/share/ament_index/resource_index/parent_prefix_path/sam_bot_description
[0.095s] -- Up-to-date: /home/rics/tt_ws/src/tese_ws/install/sam_bot_description/share/sam_bot_description/environment/ament_prefix_path.sh
[0.095s] -- Up-to-date: /home/rics/tt_ws/src/tese_ws/install/sam_bot_description/share/sam_bot_description/environment/ament_prefix_path.dsv
[0.095s] -- Up-to-date: /home/rics/tt_ws/src/tese_ws/install/sam_bot_description/share/sam_bot_description/environment/path.sh
[0.095s] -- Up-to-date: /home/rics/tt_ws/src/tese_ws/install/sam_bot_description/share/sam_bot_description/environment/path.dsv
[0.095s] -- Up-to-date: /home/rics/tt_ws/src/tese_ws/install/sam_bot_description/share/sam_bot_description/local_setup.bash
[0.095s] -- Up-to-date: /home/rics/tt_ws/src/tese_ws/install/sam_bot_description/share/sam_bot_description/local_setup.sh
[0.095s] -- Up-to-date: /home/rics/tt_ws/src/tese_ws/install/sam_bot_description/share/sam_bot_description/local_setup.zsh
[0.095s] -- Up-to-date: /home/rics/tt_ws/src/tese_ws/install/sam_bot_description/share/sam_bot_description/local_setup.dsv
[0.095s] -- Installing: /home/rics/tt_ws/src/tese_ws/install/sam_bot_description/share/sam_bot_description/package.dsv
[0.095s] -- Up-to-date: /home/rics/tt_ws/src/tese_ws/install/sam_bot_description/share/ament_index/resource_index/packages/sam_bot_description
[0.096s] -- Up-to-date: /home/rics/tt_ws/src/tese_ws/install/sam_bot_description/share/sam_bot_description/cmake/sam_bot_descriptionConfig.cmake
[0.096s] -- Up-to-date: /home/rics/tt_ws/src/tese_ws/install/sam_bot_description/share/sam_bot_description/cmake/sam_bot_descriptionConfig-version.cmake
[0.096s] -- Up-to-date: /home/rics/tt_ws/src/tese_ws/install/sam_bot_description/share/sam_bot_description/package.xml
[0.143s] Invoked command in '/home/rics/tt_ws/src/tese_ws/build/sam_bot_description' returned '0': CMAKE_PREFIX_PATH=${CMAKE_PREFIX_PATH}:/opt/ros/humble /usr/bin/cmake --install /home/rics/tt_ws/src/tese_ws/build/sam_bot_description
