[0.020s] Invoking command in '/home/rics/tt_ws/src/tese_ws/build/sam_bot_description': CMAKE_PREFIX_PATH=${CMAKE_PREFIX_PATH}:/opt/ros/humble /usr/bin/cmake /home/rics/tt_ws/src/tese_ws/sam_bot_description -DCMAKE_INSTALL_PREFIX=/home/rics/tt_ws/src/tese_ws/install/sam_bot_description
[0.076s] -- The C compiler identification is GNU 11.4.0
[0.122s] -- The CXX compiler identification is GNU 11.4.0
[0.128s] -- Detecting C compiler ABI info
[0.179s] -- Detecting C compiler ABI info - done
[0.185s] -- Check for working C compiler: /usr/bin/cc - skipped
[0.185s] -- Detecting C compile features
[0.186s] -- Detecting C compile features - done
[0.188s] -- Detecting CXX compiler ABI info
[0.249s] -- Detecting CXX compiler ABI info - done
[0.255s] -- Check for working CXX compiler: /usr/bin/c++ - skipped
[0.255s] -- Detecting CXX compile features
[0.255s] -- Detecting CXX compile features - done
[0.258s] -- Found ament_cmake: 1.3.11 (/opt/ros/humble/share/ament_cmake/cmake)
[0.381s] -- Found Python3: /usr/bin/python3 (found version "3.10.12") found components: Interpreter 
[0.460s] -- Found ament_lint_auto: 0.12.11 (/opt/ros/humble/share/ament_lint_auto/cmake)
[0.526s] -- Added test 'flake8' to check Python code syntax and style conventions
[0.527s] -- Added test 'lint_cmake' to check CMake code style
[0.528s] -- Added test 'pep257' to check Python code against some of the docstring style conventions in PEP 257
[0.529s] -- Added test 'xmllint' to check XML markup files
[0.530s] -- Configuring done
[0.532s] -- Generating done
[0.533s] -- Build files have been written to: /home/rics/tt_ws/src/tese_ws/build/sam_bot_description
[0.537s] Invoked command in '/home/rics/tt_ws/src/tese_ws/build/sam_bot_description' returned '0': CMAKE_PREFIX_PATH=${CMAKE_PREFIX_PATH}:/opt/ros/humble /usr/bin/cmake /home/rics/tt_ws/src/tese_ws/sam_bot_description -DCMAKE_INSTALL_PREFIX=/home/rics/tt_ws/src/tese_ws/install/sam_bot_description
[0.538s] Invoking command in '/home/rics/tt_ws/src/tese_ws/build/sam_bot_description': CMAKE_PREFIX_PATH=${CMAKE_PREFIX_PATH}:/opt/ros/humble /usr/bin/cmake --build /home/rics/tt_ws/src/tese_ws/build/sam_bot_description -- -j8 -l8
[0.568s] Invoked command in '/home/rics/tt_ws/src/tese_ws/build/sam_bot_description' returned '0': CMAKE_PREFIX_PATH=${CMAKE_PREFIX_PATH}:/opt/ros/humble /usr/bin/cmake --build /home/rics/tt_ws/src/tese_ws/build/sam_bot_description -- -j8 -l8
[0.570s] Invoking command in '/home/rics/tt_ws/src/tese_ws/build/sam_bot_description': CMAKE_PREFIX_PATH=${CMAKE_PREFIX_PATH}:/opt/ros/humble /usr/bin/cmake --install /home/rics/tt_ws/src/tese_ws/build/sam_bot_description
[0.574s] -- Install configuration: ""
[0.575s] -- Installing: /home/rics/tt_ws/src/tese_ws/install/sam_bot_description/share/sam_bot_description/src
[0.575s] -- Installing: /home/rics/tt_ws/src/tese_ws/install/sam_bot_description/share/sam_bot_description/src/description
[0.575s] -- Installing: /home/rics/tt_ws/src/tese_ws/install/sam_bot_description/share/sam_bot_description/src/description/sam_bot_description.urdf
[0.575s] -- Installing: /home/rics/tt_ws/src/tese_ws/install/sam_bot_description/share/sam_bot_description/launch
[0.575s] -- Installing: /home/rics/tt_ws/src/tese_ws/install/sam_bot_description/share/sam_bot_description/launch/display.launch.py
[0.577s] -- Installing: /home/rics/tt_ws/src/tese_ws/install/sam_bot_description/share/sam_bot_description/rviz
[0.577s] -- Installing: /home/rics/tt_ws/src/tese_ws/install/sam_bot_description/share/sam_bot_description/rviz/urdf_config.rviz
[0.577s] -- Installing: /home/rics/tt_ws/src/tese_ws/install/sam_bot_description/share/sam_bot_description/config
[0.577s] -- Installing: /home/rics/tt_ws/src/tese_ws/install/sam_bot_description/share/sam_bot_description/config/ekf.yaml
[0.577s] -- Installing: /home/rics/tt_ws/src/tese_ws/install/sam_bot_description/share/sam_bot_description/config/nav2_params.yaml
[0.577s] -- Installing: /home/rics/tt_ws/src/tese_ws/install/sam_bot_description/share/sam_bot_description/world
[0.577s] -- Installing: /home/rics/tt_ws/src/tese_ws/install/sam_bot_description/share/sam_bot_description/world/my_world.sdf
[0.577s] -- Installing: /home/rics/tt_ws/src/tese_ws/install/sam_bot_description/share/sam_bot_description/world/bumps.world
[0.577s] -- Installing: /home/rics/tt_ws/src/tese_ws/install/sam_bot_description/share/sam_bot_description/world/indoor_2.world
[0.577s] -- Installing: /home/rics/tt_ws/src/tese_ws/install/sam_bot_description/share/sam_bot_description/world/outdoor.world
[0.577s] -- Installing: /home/rics/tt_ws/src/tese_ws/install/sam_bot_description/share/ament_index/resource_index/package_run_dependencies/sam_bot_description
[0.577s] -- Installing: /home/rics/tt_ws/src/tese_ws/install/sam_bot_description/share/ament_index/resource_index/parent_prefix_path/sam_bot_description
[0.577s] -- Installing: /home/rics/tt_ws/src/tese_ws/install/sam_bot_description/share/sam_bot_description/environment/ament_prefix_path.sh
[0.577s] -- Installing: /home/rics/tt_ws/src/tese_ws/install/sam_bot_description/share/sam_bot_description/environment/ament_prefix_path.dsv
[0.577s] -- Installing: /home/rics/tt_ws/src/tese_ws/install/sam_bot_description/share/sam_bot_description/environment/path.sh
[0.578s] -- Installing: /home/rics/tt_ws/src/tese_ws/install/sam_bot_description/share/sam_bot_description/environment/path.dsv
[0.578s] -- Installing: /home/rics/tt_ws/src/tese_ws/install/sam_bot_description/share/sam_bot_description/local_setup.bash
[0.580s] -- Installing: /home/rics/tt_ws/src/tese_ws/install/sam_bot_description/share/sam_bot_description/local_setup.sh
[0.580s] -- Installing: /home/rics/tt_ws/src/tese_ws/install/sam_bot_description/share/sam_bot_description/local_setup.zsh
[0.580s] -- Installing: /home/rics/tt_ws/src/tese_ws/install/sam_bot_description/share/sam_bot_description/local_setup.dsv
[0.580s] -- Installing: /home/rics/tt_ws/src/tese_ws/install/sam_bot_description/share/sam_bot_description/package.dsv
[0.580s] -- Installing: /home/rics/tt_ws/src/tese_ws/install/sam_bot_description/share/ament_index/resource_index/packages/sam_bot_description
[0.580s] -- Installing: /home/rics/tt_ws/src/tese_ws/install/sam_bot_description/share/sam_bot_description/cmake/sam_bot_descriptionConfig.cmake
[0.580s] -- Installing: /home/rics/tt_ws/src/tese_ws/install/sam_bot_description/share/sam_bot_description/cmake/sam_bot_descriptionConfig-version.cmake
[0.580s] -- Installing: /home/rics/tt_ws/src/tese_ws/install/sam_bot_description/share/sam_bot_description/package.xml
[0.580s] Invoked command in '/home/rics/tt_ws/src/tese_ws/build/sam_bot_description' returned '0': CMAKE_PREFIX_PATH=${CMAKE_PREFIX_PATH}:/opt/ros/humble /usr/bin/cmake --install /home/rics/tt_ws/src/tese_ws/build/sam_bot_description
