[0.023s] Invoking command in '/home/rics/tt_ws/src/tese_ws/build/novamob_nav2_gz': CMAKE_PREFIX_PATH=${CMAKE_PREFIX_PATH}:/opt/ros/humble /usr/bin/cmake --build /home/rics/tt_ws/src/tese_ws/build/novamob_nav2_gz -- -j8 -l8
[0.063s] Invoked command in '/home/rics/tt_ws/src/tese_ws/build/novamob_nav2_gz' returned '0': CMAKE_PREFIX_PATH=${CMAKE_PREFIX_PATH}:/opt/ros/humble /usr/bin/cmake --build /home/rics/tt_ws/src/tese_ws/build/novamob_nav2_gz -- -j8 -l8
[0.064s] Invoking command in '/home/rics/tt_ws/src/tese_ws/build/novamob_nav2_gz': CMAKE_PREFIX_PATH=${CMAKE_PREFIX_PATH}:/opt/ros/humble /usr/bin/cmake --install /home/rics/tt_ws/src/tese_ws/build/novamob_nav2_gz
[0.079s] -- Install configuration: ""
[0.082s] -- Up-to-date: /home/rics/tt_ws/src/tese_ws/install/novamob_nav2_gz/share/novamob_nav2_gz/src
[0.083s] -- Up-to-date: /home/rics/tt_ws/src/tese_ws/install/novamob_nav2_gz/share/novamob_nav2_gz/src/description
[0.083s] -- Up-to-date: /home/rics/tt_ws/src/tese_ws/install/novamob_nav2_gz/share/novamob_nav2_gz/src/description/novamob_description.urdf
[0.083s] -- Up-to-date: /home/rics/tt_ws/src/tese_ws/install/novamob_nav2_gz/share/novamob_nav2_gz/src/description/novamob_trailer_description.urdf
[0.083s] -- Up-to-date: /home/rics/tt_ws/src/tese_ws/install/novamob_nav2_gz/share/novamob_nav2_gz/scripts
[0.083s] -- Up-to-date: /home/rics/tt_ws/src/tese_ws/install/novamob_nav2_gz/share/novamob_nav2_gz/scripts/reach_goal.py
[0.084s] -- Up-to-date: /home/rics/tt_ws/src/tese_ws/install/novamob_nav2_gz/share/novamob_nav2_gz/scripts/follow_waypoints.py
[0.084s] -- Up-to-date: /home/rics/tt_ws/src/tese_ws/install/novamob_nav2_gz/share/novamob_nav2_gz/scripts/__init__.py
[0.084s] -- Up-to-date: /home/rics/tt_ws/src/tese_ws/install/novamob_nav2_gz/share/novamob_nav2_gz/launch
[0.084s] -- Up-to-date: /home/rics/tt_ws/src/tese_ws/install/novamob_nav2_gz/share/novamob_nav2_gz/launch/display.launch.py
[0.084s] -- Up-to-date: /home/rics/tt_ws/src/tese_ws/install/novamob_nav2_gz/share/novamob_nav2_gz/launch/complete_navigation.launch.py
[0.084s] -- Up-to-date: /home/rics/tt_ws/src/tese_ws/install/novamob_nav2_gz/share/novamob_nav2_gz/rviz
[0.084s] -- Up-to-date: /home/rics/tt_ws/src/tese_ws/install/novamob_nav2_gz/share/novamob_nav2_gz/rviz/urdf_config.rviz
[0.084s] -- Up-to-date: /home/rics/tt_ws/src/tese_ws/install/novamob_nav2_gz/share/novamob_nav2_gz/rviz/navigation_config.rviz
[0.084s] -- Up-to-date: /home/rics/tt_ws/src/tese_ws/install/novamob_nav2_gz/share/novamob_nav2_gz/config
[0.084s] -- Up-to-date: /home/rics/tt_ws/src/tese_ws/install/novamob_nav2_gz/share/novamob_nav2_gz/config/ekf.yaml
[0.084s] -- Up-to-date: /home/rics/tt_ws/src/tese_ws/install/novamob_nav2_gz/share/novamob_nav2_gz/config/nav2_params.yaml
[0.084s] -- Up-to-date: /home/rics/tt_ws/src/tese_ws/install/novamob_nav2_gz/share/novamob_nav2_gz/config/diff_drive_controller_velocity.yaml
[0.084s] -- Up-to-date: /home/rics/tt_ws/src/tese_ws/install/novamob_nav2_gz/share/novamob_nav2_gz/world
[0.084s] -- Up-to-date: /home/rics/tt_ws/src/tese_ws/install/novamob_nav2_gz/share/novamob_nav2_gz/world/edifice.sdf
[0.085s] -- Up-to-date: /home/rics/tt_ws/src/tese_ws/install/novamob_nav2_gz/share/novamob_nav2_gz/world/ign_indoor
[0.085s] -- Up-to-date: /home/rics/tt_ws/src/tese_ws/install/novamob_nav2_gz/share/novamob_nav2_gz/world/ign_indoor/ign_indoor.sdf
[0.085s] -- Up-to-date: /home/rics/tt_ws/src/tese_ws/install/novamob_nav2_gz/share/novamob_nav2_gz/world/ign_indoor/models
[0.085s] -- Up-to-date: /home/rics/tt_ws/src/tese_ws/install/novamob_nav2_gz/share/novamob_nav2_gz/world/ign_indoor/models/ramp_1
[0.085s] -- Up-to-date: /home/rics/tt_ws/src/tese_ws/install/novamob_nav2_gz/share/novamob_nav2_gz/world/ign_indoor/models/ramp_1/ramp_015.dae
[0.085s] -- Up-to-date: /home/rics/tt_ws/src/tese_ws/install/novamob_nav2_gz/share/novamob_nav2_gz/world/ign_indoor/models/ramp_1/ramp_025.dae
[0.085s] -- Up-to-date: /home/rics/tt_ws/src/tese_ws/install/novamob_nav2_gz/share/novamob_nav2_gz/world/ign_indoor/models/ramp_1/model.config
[0.085s] -- Up-to-date: /home/rics/tt_ws/src/tese_ws/install/novamob_nav2_gz/share/novamob_nav2_gz/world/ign_indoor/models/ramp_1/model.sdf
[0.085s] -- Up-to-date: /home/rics/tt_ws/src/tese_ws/install/novamob_nav2_gz/share/novamob_nav2_gz/world/ign_indoor/models/speed_bump_2
[0.086s] -- Up-to-date: /home/rics/tt_ws/src/tese_ws/install/novamob_nav2_gz/share/novamob_nav2_gz/world/ign_indoor/models/speed_bump_2/Bump_2_short.dae
[0.086s] -- Up-to-date: /home/rics/tt_ws/src/tese_ws/install/novamob_nav2_gz/share/novamob_nav2_gz/world/ign_indoor/models/speed_bump_2/bump_2.dae
[0.086s] -- Up-to-date: /home/rics/tt_ws/src/tese_ws/install/novamob_nav2_gz/share/novamob_nav2_gz/world/ign_indoor/models/speed_bump_2/model.config
[0.086s] -- Up-to-date: /home/rics/tt_ws/src/tese_ws/install/novamob_nav2_gz/share/novamob_nav2_gz/world/ign_indoor/models/speed_bump_2/bump_2
[0.086s] -- Up-to-date: /home/rics/tt_ws/src/tese_ws/install/novamob_nav2_gz/share/novamob_nav2_gz/world/ign_indoor/models/speed_bump_2/bump_2/rubbishy_xdigg8.jpg
[0.086s] -- Up-to-date: /home/rics/tt_ws/src/tese_ws/install/novamob_nav2_gz/share/novamob_nav2_gz/world/ign_indoor/models/speed_bump_2/model.sdf
[0.086s] -- Up-to-date: /home/rics/tt_ws/src/tese_ws/install/novamob_nav2_gz/share/novamob_nav2_gz/world/ign_indoor/models/speed_bump_3
[0.086s] -- Up-to-date: /home/rics/tt_ws/src/tese_ws/install/novamob_nav2_gz/share/novamob_nav2_gz/world/ign_indoor/models/speed_bump_3/bump_3
[0.086s] -- Up-to-date: /home/rics/tt_ws/src/tese_ws/install/novamob_nav2_gz/share/novamob_nav2_gz/world/ign_indoor/models/speed_bump_3/bump_3/rubbishy_xdigg9.jpg
[0.087s] -- Up-to-date: /home/rics/tt_ws/src/tese_ws/install/novamob_nav2_gz/share/novamob_nav2_gz/world/ign_indoor/models/speed_bump_3/bump_3.dae
[0.087s] -- Up-to-date: /home/rics/tt_ws/src/tese_ws/install/novamob_nav2_gz/share/novamob_nav2_gz/world/ign_indoor/models/speed_bump_3/model.config
[0.087s] -- Up-to-date: /home/rics/tt_ws/src/tese_ws/install/novamob_nav2_gz/share/novamob_nav2_gz/world/ign_indoor/models/speed_bump_3/model.sdf
[0.088s] -- Up-to-date: /home/rics/tt_ws/src/tese_ws/install/novamob_nav2_gz/share/novamob_nav2_gz/world/ign_indoor/models/speed_bump_3/Bump_3_short.dae
[0.088s] -- Up-to-date: /home/rics/tt_ws/src/tese_ws/install/novamob_nav2_gz/share/novamob_nav2_gz/world/ign_indoor/models/ramp_2
[0.088s] -- Up-to-date: /home/rics/tt_ws/src/tese_ws/install/novamob_nav2_gz/share/novamob_nav2_gz/world/ign_indoor/models/ramp_2/ramp_037.dae
[0.088s] -- Up-to-date: /home/rics/tt_ws/src/tese_ws/install/novamob_nav2_gz/share/novamob_nav2_gz/world/ign_indoor/models/ramp_2/ramp_020.dae
[0.088s] -- Up-to-date: /home/rics/tt_ws/src/tese_ws/install/novamob_nav2_gz/share/novamob_nav2_gz/world/ign_indoor/models/ramp_2/model.config
[0.088s] -- Up-to-date: /home/rics/tt_ws/src/tese_ws/install/novamob_nav2_gz/share/novamob_nav2_gz/world/ign_indoor/models/ramp_2/model.sdf
[0.088s] -- Up-to-date: /home/rics/tt_ws/src/tese_ws/install/novamob_nav2_gz/share/novamob_nav2_gz/world/ign_indoor/models/speed_bump_1_short
[0.088s] -- Up-to-date: /home/rics/tt_ws/src/tese_ws/install/novamob_nav2_gz/share/novamob_nav2_gz/world/ign_indoor/models/speed_bump_1_short/bump_2_060
[0.088s] -- Up-to-date: /home/rics/tt_ws/src/tese_ws/install/novamob_nav2_gz/share/novamob_nav2_gz/world/ign_indoor/models/speed_bump_1_short/bump_2_060/rubbishy_xdigg10.jpg
[0.088s] -- Up-to-date: /home/rics/tt_ws/src/tese_ws/install/novamob_nav2_gz/share/novamob_nav2_gz/world/ign_indoor/models/speed_bump_1_short/model.config
[0.089s] -- Up-to-date: /home/rics/tt_ws/src/tese_ws/install/novamob_nav2_gz/share/novamob_nav2_gz/world/ign_indoor/models/speed_bump_1_short/model.sdf
[0.089s] -- Up-to-date: /home/rics/tt_ws/src/tese_ws/install/novamob_nav2_gz/share/novamob_nav2_gz/world/ign_indoor/models/speed_bump_1_short/bump_2_060.dae
[0.089s] -- Up-to-date: /home/rics/tt_ws/src/tese_ws/install/novamob_nav2_gz/share/novamob_nav2_gz/world/ign_indoor/models/speed_bump_3_short
[0.089s] -- Up-to-date: /home/rics/tt_ws/src/tese_ws/install/novamob_nav2_gz/share/novamob_nav2_gz/world/ign_indoor/models/speed_bump_3_short/bump_3_060.dae
[0.089s] -- Up-to-date: /home/rics/tt_ws/src/tese_ws/install/novamob_nav2_gz/share/novamob_nav2_gz/world/ign_indoor/models/speed_bump_3_short/model.config
[0.089s] -- Up-to-date: /home/rics/tt_ws/src/tese_ws/install/novamob_nav2_gz/share/novamob_nav2_gz/world/ign_indoor/models/speed_bump_3_short/bump_3_060
[0.089s] -- Up-to-date: /home/rics/tt_ws/src/tese_ws/install/novamob_nav2_gz/share/novamob_nav2_gz/world/ign_indoor/models/speed_bump_3_short/bump_3_060/rubbishy_xdigg9.jpg
[0.089s] -- Up-to-date: /home/rics/tt_ws/src/tese_ws/install/novamob_nav2_gz/share/novamob_nav2_gz/world/ign_indoor/models/speed_bump_3_short/model.sdf
[0.089s] -- Up-to-date: /home/rics/tt_ws/src/tese_ws/install/novamob_nav2_gz/share/novamob_nav2_gz/world/ign_indoor/models/speed_bump_1
[0.089s] -- Up-to-date: /home/rics/tt_ws/src/tese_ws/install/novamob_nav2_gz/share/novamob_nav2_gz/world/ign_indoor/models/speed_bump_1/Bump_1_short.dae
[0.089s] -- Up-to-date: /home/rics/tt_ws/src/tese_ws/install/novamob_nav2_gz/share/novamob_nav2_gz/world/ign_indoor/models/speed_bump_1/bump_1
[0.089s] -- Up-to-date: /home/rics/tt_ws/src/tese_ws/install/novamob_nav2_gz/share/novamob_nav2_gz/world/ign_indoor/models/speed_bump_1/bump_1/rubbishy_xdigg10.jpg
[0.089s] -- Up-to-date: /home/rics/tt_ws/src/tese_ws/install/novamob_nav2_gz/share/novamob_nav2_gz/world/ign_indoor/models/speed_bump_1/bump_1.dae
[0.089s] -- Up-to-date: /home/rics/tt_ws/src/tese_ws/install/novamob_nav2_gz/share/novamob_nav2_gz/world/ign_indoor/models/speed_bump_1/model.config
[0.090s] -- Up-to-date: /home/rics/tt_ws/src/tese_ws/install/novamob_nav2_gz/share/novamob_nav2_gz/world/ign_indoor/models/speed_bump_1/model.sdf
[0.090s] -- Up-to-date: /home/rics/tt_ws/src/tese_ws/install/novamob_nav2_gz/share/novamob_nav2_gz/world/ign_indoor/models/speed_bump_2_short
[0.090s] -- Up-to-date: /home/rics/tt_ws/src/tese_ws/install/novamob_nav2_gz/share/novamob_nav2_gz/world/ign_indoor/models/speed_bump_2_short/bump_1_060.dae
[0.090s] -- Up-to-date: /home/rics/tt_ws/src/tese_ws/install/novamob_nav2_gz/share/novamob_nav2_gz/world/ign_indoor/models/speed_bump_2_short/model.config
[0.090s] -- Up-to-date: /home/rics/tt_ws/src/tese_ws/install/novamob_nav2_gz/share/novamob_nav2_gz/world/ign_indoor/models/speed_bump_2_short/bump_1_060
[0.090s] -- Up-to-date: /home/rics/tt_ws/src/tese_ws/install/novamob_nav2_gz/share/novamob_nav2_gz/world/ign_indoor/models/speed_bump_2_short/bump_1_060/rubbishy_xdigg8.jpg
[0.090s] -- Up-to-date: /home/rics/tt_ws/src/tese_ws/install/novamob_nav2_gz/share/novamob_nav2_gz/world/ign_indoor/models/speed_bump_2_short/model.sdf
[0.090s] -- Up-to-date: /home/rics/tt_ws/src/tese_ws/install/novamob_nav2_gz/share/novamob_nav2_gz/world/ign_indoor/ign_indoor_old.sdf
[0.091s] -- Up-to-date: /home/rics/tt_ws/src/tese_ws/install/novamob_nav2_gz/share/novamob_nav2_gz/world/ign_indoor/ign_indoor_minimal.sdf
[0.091s] -- Up-to-date: /home/rics/tt_ws/src/tese_ws/install/novamob_nav2_gz/share/novamob_nav2_gz/world/mecanum_drive.sdf
[0.091s] -- Up-to-date: /home/rics/tt_ws/src/tese_ws/install/novamob_nav2_gz/share/novamob_nav2_gz/world/neo_workshop_empty.sdf
[0.091s] -- Up-to-date: /home/rics/tt_ws/src/tese_ws/install/novamob_nav2_gz/share/novamob_nav2_gz/world/depth_camera_sensor.sdf
[0.091s] -- Up-to-date: /home/rics/tt_ws/src/tese_ws/install/novamob_nav2_gz/share/novamob_nav2_gz/world/neo_workshop.sdf
[0.091s] -- Up-to-date: /home/rics/tt_ws/src/tese_ws/install/novamob_nav2_gz/share/novamob_nav2_gz/world/empty.sdf
[0.091s] -- Up-to-date: /home/rics/tt_ws/src/tese_ws/install/novamob_nav2_gz/share/novamob_nav2_gz/models
[0.091s] -- Up-to-date: /home/rics/tt_ws/src/tese_ws/install/novamob_nav2_gz/share/novamob_nav2_gz/models/door
[0.091s] -- Up-to-date: /home/rics/tt_ws/src/tese_ws/install/novamob_nav2_gz/share/novamob_nav2_gz/models/door/model.config
[0.091s] -- Up-to-date: /home/rics/tt_ws/src/tese_ws/install/novamob_nav2_gz/share/novamob_nav2_gz/models/door/materials
[0.091s] -- Up-to-date: /home/rics/tt_ws/src/tese_ws/install/novamob_nav2_gz/share/novamob_nav2_gz/models/door/materials/scripts
[0.091s] -- Up-to-date: /home/rics/tt_ws/src/tese_ws/install/novamob_nav2_gz/share/novamob_nav2_gz/models/door/materials/scripts/door.material
[0.091s] -- Up-to-date: /home/rics/tt_ws/src/tese_ws/install/novamob_nav2_gz/share/novamob_nav2_gz/models/door/materials/textures
[0.091s] -- Up-to-date: /home/rics/tt_ws/src/tese_ws/install/novamob_nav2_gz/share/novamob_nav2_gz/models/door/materials/textures/door.jpg
[0.091s] -- Up-to-date: /home/rics/tt_ws/src/tese_ws/install/novamob_nav2_gz/share/novamob_nav2_gz/models/door/model.sdf
[0.092s] -- Up-to-date: /home/rics/tt_ws/src/tese_ws/install/novamob_nav2_gz/share/novamob_nav2_gz/models/office_env_w_complete
[0.092s] -- Up-to-date: /home/rics/tt_ws/src/tese_ws/install/novamob_nav2_gz/share/novamob_nav2_gz/models/office_env_w_complete/model.config
[0.092s] -- Up-to-date: /home/rics/tt_ws/src/tese_ws/install/novamob_nav2_gz/share/novamob_nav2_gz/models/office_env_w_complete/materials
[0.092s] -- Up-to-date: /home/rics/tt_ws/src/tese_ws/install/novamob_nav2_gz/share/novamob_nav2_gz/models/office_env_w_complete/materials/scripts
[0.092s] -- Up-to-date: /home/rics/tt_ws/src/tese_ws/install/novamob_nav2_gz/share/novamob_nav2_gz/models/office_env_w_complete/materials/scripts/wall_white.material
[0.092s] -- Up-to-date: /home/rics/tt_ws/src/tese_ws/install/novamob_nav2_gz/share/novamob_nav2_gz/models/office_env_w_complete/materials/textures
[0.092s] -- Up-to-date: /home/rics/tt_ws/src/tese_ws/install/novamob_nav2_gz/share/novamob_nav2_gz/models/office_env_w_complete/materials/textures/wall_color_white.jpg
[0.092s] -- Up-to-date: /home/rics/tt_ws/src/tese_ws/install/novamob_nav2_gz/share/novamob_nav2_gz/models/office_env_w_complete/model.sdf
[0.092s] -- Up-to-date: /home/rics/tt_ws/src/tese_ws/install/novamob_nav2_gz/share/novamob_nav2_gz/models/neobotix_wall_stickers
[0.092s] -- Up-to-date: /home/rics/tt_ws/src/tese_ws/install/novamob_nav2_gz/share/novamob_nav2_gz/models/neobotix_wall_stickers/model.config
[0.092s] -- Up-to-date: /home/rics/tt_ws/src/tese_ws/install/novamob_nav2_gz/share/novamob_nav2_gz/models/neobotix_wall_stickers/materials
[0.092s] -- Up-to-date: /home/rics/tt_ws/src/tese_ws/install/novamob_nav2_gz/share/novamob_nav2_gz/models/neobotix_wall_stickers/materials/scripts
[0.102s] -- Up-to-date: /home/rics/tt_ws/src/tese_ws/install/novamob_nav2_gz/share/novamob_nav2_gz/models/neobotix_wall_stickers/materials/scripts/neobotix_ground_plane.material
[0.102s] -- Up-to-date: /home/rics/tt_ws/src/tese_ws/install/novamob_nav2_gz/share/novamob_nav2_gz/models/neobotix_wall_stickers/materials/textures
[0.102s] -- Up-to-date: /home/rics/tt_ws/src/tese_ws/install/novamob_nav2_gz/share/novamob_nav2_gz/models/neobotix_wall_stickers/materials/textures/MyImage.jpg
[0.102s] -- Up-to-date: /home/rics/tt_ws/src/tese_ws/install/novamob_nav2_gz/share/novamob_nav2_gz/models/neobotix_wall_stickers/model.sdf
[0.102s] -- Up-to-date: /home/rics/tt_ws/src/tese_ws/install/novamob_nav2_gz/share/novamob_nav2_gz/models/office_env_w
[0.102s] -- Up-to-date: /home/rics/tt_ws/src/tese_ws/install/novamob_nav2_gz/share/novamob_nav2_gz/models/office_env_w/model.config
[0.102s] -- Up-to-date: /home/rics/tt_ws/src/tese_ws/install/novamob_nav2_gz/share/novamob_nav2_gz/models/office_env_w/materials
[0.103s] -- Up-to-date: /home/rics/tt_ws/src/tese_ws/install/novamob_nav2_gz/share/novamob_nav2_gz/models/office_env_w/materials/scripts
[0.103s] -- Up-to-date: /home/rics/tt_ws/src/tese_ws/install/novamob_nav2_gz/share/novamob_nav2_gz/models/office_env_w/materials/scripts/wall_white.material
[0.103s] -- Up-to-date: /home/rics/tt_ws/src/tese_ws/install/novamob_nav2_gz/share/novamob_nav2_gz/models/office_env_w/materials/textures
[0.103s] -- Up-to-date: /home/rics/tt_ws/src/tese_ws/install/novamob_nav2_gz/share/novamob_nav2_gz/models/office_env_w/materials/textures/wall_color_white.jpg
[0.103s] -- Up-to-date: /home/rics/tt_ws/src/tese_ws/install/novamob_nav2_gz/share/novamob_nav2_gz/models/office_env_w/model.sdf
[0.103s] -- Up-to-date: /home/rics/tt_ws/src/tese_ws/install/novamob_nav2_gz/share/novamob_nav2_gz/models/office_env_w 1
[0.103s] -- Up-to-date: /home/rics/tt_ws/src/tese_ws/install/novamob_nav2_gz/share/novamob_nav2_gz/models/office_env_w 1/model.config
[0.103s] -- Up-to-date: /home/rics/tt_ws/src/tese_ws/install/novamob_nav2_gz/share/novamob_nav2_gz/models/office_env_w 1/materials
[0.103s] -- Up-to-date: /home/rics/tt_ws/src/tese_ws/install/novamob_nav2_gz/share/novamob_nav2_gz/models/office_env_w 1/materials/scripts
[0.103s] -- Up-to-date: /home/rics/tt_ws/src/tese_ws/install/novamob_nav2_gz/share/novamob_nav2_gz/models/office_env_w 1/materials/scripts/wall_white.material
[0.104s] -- Up-to-date: /home/rics/tt_ws/src/tese_ws/install/novamob_nav2_gz/share/novamob_nav2_gz/models/office_env_w 1/materials/textures
[0.104s] -- Up-to-date: /home/rics/tt_ws/src/tese_ws/install/novamob_nav2_gz/share/novamob_nav2_gz/models/office_env_w 1/materials/textures/wall_color_white.jpg
[0.105s] -- Up-to-date: /home/rics/tt_ws/src/tese_ws/install/novamob_nav2_gz/share/novamob_nav2_gz/models/office_env_w 1/model.sdf
[0.105s] -- Up-to-date: /home/rics/tt_ws/src/tese_ws/install/novamob_nav2_gz/share/novamob_nav2_gz/models/neobotix_ground_plane
[0.105s] -- Up-to-date: /home/rics/tt_ws/src/tese_ws/install/novamob_nav2_gz/share/novamob_nav2_gz/models/neobotix_ground_plane/model.config
[0.105s] -- Up-to-date: /home/rics/tt_ws/src/tese_ws/install/novamob_nav2_gz/share/novamob_nav2_gz/models/neobotix_ground_plane/materials
[0.105s] -- Up-to-date: /home/rics/tt_ws/src/tese_ws/install/novamob_nav2_gz/share/novamob_nav2_gz/models/neobotix_ground_plane/materials/scripts
[0.105s] -- Up-to-date: /home/rics/tt_ws/src/tese_ws/install/novamob_nav2_gz/share/novamob_nav2_gz/models/neobotix_ground_plane/materials/scripts/neobotix_ground_plane.material
[0.105s] -- Up-to-date: /home/rics/tt_ws/src/tese_ws/install/novamob_nav2_gz/share/novamob_nav2_gz/models/neobotix_ground_plane/materials/textures
[0.105s] -- Up-to-date: /home/rics/tt_ws/src/tese_ws/install/novamob_nav2_gz/share/novamob_nav2_gz/models/neobotix_ground_plane/materials/textures/MyImage.jpg
[0.105s] -- Up-to-date: /home/rics/tt_ws/src/tese_ws/install/novamob_nav2_gz/share/novamob_nav2_gz/models/neobotix_ground_plane/model.sdf
[0.105s] -- Up-to-date: /home/rics/tt_ws/src/tese_ws/install/novamob_nav2_gz/share/novamob_nav2_gz/models/door_3d
[0.105s] -- Up-to-date: /home/rics/tt_ws/src/tese_ws/install/novamob_nav2_gz/share/novamob_nav2_gz/models/door_3d/model.config
[0.105s] -- Up-to-date: /home/rics/tt_ws/src/tese_ws/install/novamob_nav2_gz/share/novamob_nav2_gz/models/door_3d/materials
[0.105s] -- Up-to-date: /home/rics/tt_ws/src/tese_ws/install/novamob_nav2_gz/share/novamob_nav2_gz/models/door_3d/materials/scripts
[0.106s] -- Up-to-date: /home/rics/tt_ws/src/tese_ws/install/novamob_nav2_gz/share/novamob_nav2_gz/models/door_3d/materials/scripts/door_handle.material
[0.106s] -- Up-to-date: /home/rics/tt_ws/src/tese_ws/install/novamob_nav2_gz/share/novamob_nav2_gz/models/door_3d/materials/scripts/door_3d.material
[0.106s] -- Up-to-date: /home/rics/tt_ws/src/tese_ws/install/novamob_nav2_gz/share/novamob_nav2_gz/models/door_3d/materials/textures
[0.106s] -- Up-to-date: /home/rics/tt_ws/src/tese_ws/install/novamob_nav2_gz/share/novamob_nav2_gz/models/door_3d/materials/textures/silver_door.jpg
[0.106s] -- Up-to-date: /home/rics/tt_ws/src/tese_ws/install/novamob_nav2_gz/share/novamob_nav2_gz/models/door_3d/materials/textures/door_3d.jpg
[0.107s] -- Up-to-date: /home/rics/tt_ws/src/tese_ws/install/novamob_nav2_gz/share/novamob_nav2_gz/models/door_3d/model.sdf
[0.107s] -- Up-to-date: /home/rics/tt_ws/src/tese_ws/install/novamob_nav2_gz/share/novamob_nav2_gz/models/door_3d/meshes
[0.107s] -- Up-to-date: /home/rics/tt_ws/src/tese_ws/install/novamob_nav2_gz/share/novamob_nav2_gz/models/door_3d/meshes/door_v2.dae
[0.107s] -- Up-to-date: /home/rics/tt_ws/src/tese_ws/install/novamob_nav2_gz/share/novamob_nav2_gz/models/door_3d/meshes/door_v2_handle.dae
[0.107s] -- Up-to-date: /home/rics/tt_ws/src/tese_ws/install/novamob_nav2_gz/share/novamob_nav2_gz/models/door_3d/meshes/door_v2_door.dae
[0.107s] -- Up-to-date: /home/rics/tt_ws/src/tese_ws/install/novamob_nav2_gz/share/novamob_nav2_gz/models/door_3d/meshes/model.dae
[0.107s] -- Up-to-date: /home/rics/tt_ws/src/tese_ws/install/novamob_nav2_gz/share/novamob_nav2_gz/models/door_3d/meshes/door.dae
[0.107s] -- Up-to-date: /home/rics/tt_ws/src/tese_ws/install/novamob_nav2_gz/share/novamob_nav2_gz/models/neo_office_box
[0.107s] -- Up-to-date: /home/rics/tt_ws/src/tese_ws/install/novamob_nav2_gz/share/novamob_nav2_gz/models/neo_office_box/model.config
[0.107s] -- Up-to-date: /home/rics/tt_ws/src/tese_ws/install/novamob_nav2_gz/share/novamob_nav2_gz/models/neo_office_box/model.sdf
[0.107s] -- Up-to-date: /home/rics/tt_ws/src/tese_ws/install/novamob_nav2_gz/share/novamob_nav2_gz/models/neo_office_box/meshes
[0.107s] -- Up-to-date: /home/rics/tt_ws/src/tese_ws/install/novamob_nav2_gz/share/novamob_nav2_gz/models/neo_office_box/meshes/model.dae
[0.107s] -- Up-to-date: /home/rics/tt_ws/src/tese_ws/install/novamob_nav2_gz/share/novamob_nav2_gz/models/window
[0.108s] -- Up-to-date: /home/rics/tt_ws/src/tese_ws/install/novamob_nav2_gz/share/novamob_nav2_gz/models/window/model.config
[0.108s] -- Up-to-date: /home/rics/tt_ws/src/tese_ws/install/novamob_nav2_gz/share/novamob_nav2_gz/models/window/model.sdf
[0.108s] -- Up-to-date: /home/rics/tt_ws/src/tese_ws/install/novamob_nav2_gz/share/novamob_nav2_gz/models/drc_practice_straight
[0.108s] -- Up-to-date: /home/rics/tt_ws/src/tese_ws/install/novamob_nav2_gz/share/novamob_nav2_gz/models/drc_practice_straight/model.config
[0.108s] -- Up-to-date: /home/rics/tt_ws/src/tese_ws/install/novamob_nav2_gz/share/novamob_nav2_gz/models/drc_practice_straight/model.sdf
[0.108s] -- Up-to-date: /home/rics/tt_ws/src/tese_ws/install/novamob_nav2_gz/share/novamob_nav2_gz/models/office_env
[0.108s] -- Up-to-date: /home/rics/tt_ws/src/tese_ws/install/novamob_nav2_gz/share/novamob_nav2_gz/models/office_env/model.config
[0.108s] -- Up-to-date: /home/rics/tt_ws/src/tese_ws/install/novamob_nav2_gz/share/novamob_nav2_gz/models/office_env/materials
[0.108s] -- Up-to-date: /home/rics/tt_ws/src/tese_ws/install/novamob_nav2_gz/share/novamob_nav2_gz/models/office_env/materials/scripts
[0.109s] -- Up-to-date: /home/rics/tt_ws/src/tese_ws/install/novamob_nav2_gz/share/novamob_nav2_gz/models/office_env/materials/scripts/wall.material
[0.109s] -- Up-to-date: /home/rics/tt_ws/src/tese_ws/install/novamob_nav2_gz/share/novamob_nav2_gz/models/office_env/materials/textures
[0.109s] -- Up-to-date: /home/rics/tt_ws/src/tese_ws/install/novamob_nav2_gz/share/novamob_nav2_gz/models/office_env/materials/textures/wall_color.jpg
[0.109s] -- Up-to-date: /home/rics/tt_ws/src/tese_ws/install/novamob_nav2_gz/share/novamob_nav2_gz/models/office_env/model.sdf
[0.109s] -- Up-to-date: /home/rics/tt_ws/src/tese_ws/install/novamob_nav2_gz/share/novamob_nav2_gz/models/office_small
[0.109s] -- Up-to-date: /home/rics/tt_ws/src/tese_ws/install/novamob_nav2_gz/share/novamob_nav2_gz/models/office_small/model.config
[0.109s] -- Up-to-date: /home/rics/tt_ws/src/tese_ws/install/novamob_nav2_gz/share/novamob_nav2_gz/models/office_small/materials
[0.109s] -- Up-to-date: /home/rics/tt_ws/src/tese_ws/install/novamob_nav2_gz/share/novamob_nav2_gz/models/office_small/materials/scripts
[0.109s] -- Up-to-date: /home/rics/tt_ws/src/tese_ws/install/novamob_nav2_gz/share/novamob_nav2_gz/models/office_small/materials/scripts/wall_white.material
[0.109s] -- Up-to-date: /home/rics/tt_ws/src/tese_ws/install/novamob_nav2_gz/share/novamob_nav2_gz/models/office_small/materials/scripts/Floor.material
[0.110s] -- Up-to-date: /home/rics/tt_ws/src/tese_ws/install/novamob_nav2_gz/share/novamob_nav2_gz/models/office_small/materials/textures
[0.110s] -- Up-to-date: /home/rics/tt_ws/src/tese_ws/install/novamob_nav2_gz/share/novamob_nav2_gz/models/office_small/materials/textures/cp1.jpg
[0.110s] -- Up-to-date: /home/rics/tt_ws/src/tese_ws/install/novamob_nav2_gz/share/novamob_nav2_gz/models/office_small/materials/textures/cp2.jpg
[0.110s] -- Up-to-date: /home/rics/tt_ws/src/tese_ws/install/novamob_nav2_gz/share/novamob_nav2_gz/models/office_small/materials/textures/cp7.jpg
[0.110s] -- Up-to-date: /home/rics/tt_ws/src/tese_ws/install/novamob_nav2_gz/share/novamob_nav2_gz/models/office_small/materials/textures/hd8.jpg
[0.110s] -- Up-to-date: /home/rics/tt_ws/src/tese_ws/install/novamob_nav2_gz/share/novamob_nav2_gz/models/office_small/materials/textures/cp10.jpg
[0.110s] -- Up-to-date: /home/rics/tt_ws/src/tese_ws/install/novamob_nav2_gz/share/novamob_nav2_gz/models/office_small/materials/textures/cl3.jpg
[0.110s] -- Up-to-date: /home/rics/tt_ws/src/tese_ws/install/novamob_nav2_gz/share/novamob_nav2_gz/models/office_small/materials/textures/hd2.gif
[0.110s] -- Up-to-date: /home/rics/tt_ws/src/tese_ws/install/novamob_nav2_gz/share/novamob_nav2_gz/models/office_small/materials/textures/cl4.jpg
[0.110s] -- Up-to-date: /home/rics/tt_ws/src/tese_ws/install/novamob_nav2_gz/share/novamob_nav2_gz/models/office_small/materials/textures/hd6.png
[0.110s] -- Up-to-date: /home/rics/tt_ws/src/tese_ws/install/novamob_nav2_gz/share/novamob_nav2_gz/models/office_small/materials/textures/hd5.jpg
[0.110s] -- Up-to-date: /home/rics/tt_ws/src/tese_ws/install/novamob_nav2_gz/share/novamob_nav2_gz/models/office_small/materials/textures/hd7.jpg
[0.110s] -- Up-to-date: /home/rics/tt_ws/src/tese_ws/install/novamob_nav2_gz/share/novamob_nav2_gz/models/office_small/materials/textures/cl5.jpg
[0.110s] -- Up-to-date: /home/rics/tt_ws/src/tese_ws/install/novamob_nav2_gz/share/novamob_nav2_gz/models/office_small/materials/textures/cp8.jpg
[0.110s] -- Up-to-date: /home/rics/tt_ws/src/tese_ws/install/novamob_nav2_gz/share/novamob_nav2_gz/models/office_small/materials/textures/hd4.jpg
[0.110s] -- Up-to-date: /home/rics/tt_ws/src/tese_ws/install/novamob_nav2_gz/share/novamob_nav2_gz/models/office_small/materials/textures/cp3.jpg
[0.110s] -- Up-to-date: /home/rics/tt_ws/src/tese_ws/install/novamob_nav2_gz/share/novamob_nav2_gz/models/office_small/materials/textures/cp6.jpg
[0.110s] -- Up-to-date: /home/rics/tt_ws/src/tese_ws/install/novamob_nav2_gz/share/novamob_nav2_gz/models/office_small/materials/textures/cp12.jpg
[0.110s] -- Up-to-date: /home/rics/tt_ws/src/tese_ws/install/novamob_nav2_gz/share/novamob_nav2_gz/models/office_small/materials/textures/wall_color_white.jpg
[0.110s] -- Up-to-date: /home/rics/tt_ws/src/tese_ws/install/novamob_nav2_gz/share/novamob_nav2_gz/models/office_small/materials/textures/cp4.jpg
[0.111s] -- Up-to-date: /home/rics/tt_ws/src/tese_ws/install/novamob_nav2_gz/share/novamob_nav2_gz/models/office_small/materials/textures/hd1.jpg
[0.111s] -- Up-to-date: /home/rics/tt_ws/src/tese_ws/install/novamob_nav2_gz/share/novamob_nav2_gz/models/office_small/materials/textures/cl6.jpg
[0.111s] -- Up-to-date: /home/rics/tt_ws/src/tese_ws/install/novamob_nav2_gz/share/novamob_nav2_gz/models/office_small/materials/textures/hd3.jpg
[0.111s] -- Up-to-date: /home/rics/tt_ws/src/tese_ws/install/novamob_nav2_gz/share/novamob_nav2_gz/models/office_small/materials/textures/cl2.jpg
[0.111s] -- Up-to-date: /home/rics/tt_ws/src/tese_ws/install/novamob_nav2_gz/share/novamob_nav2_gz/models/office_small/materials/textures/cp9.jpg
[0.111s] -- Up-to-date: /home/rics/tt_ws/src/tese_ws/install/novamob_nav2_gz/share/novamob_nav2_gz/models/office_small/materials/textures/cl1.jpg
[0.111s] -- Up-to-date: /home/rics/tt_ws/src/tese_ws/install/novamob_nav2_gz/share/novamob_nav2_gz/models/office_small/materials/textures/cp5.png
[0.111s] -- Up-to-date: /home/rics/tt_ws/src/tese_ws/install/novamob_nav2_gz/share/novamob_nav2_gz/models/office_small/materials/textures/cp11.jpg
[0.111s] -- Up-to-date: /home/rics/tt_ws/src/tese_ws/install/novamob_nav2_gz/share/novamob_nav2_gz/models/office_small/model.sdf
[0.111s] -- Up-to-date: /home/rics/tt_ws/src/tese_ws/install/novamob_nav2_gz/share/novamob_nav2_gz/models/construction_cone
[0.111s] -- Up-to-date: /home/rics/tt_ws/src/tese_ws/install/novamob_nav2_gz/share/novamob_nav2_gz/models/construction_cone/model.config
[0.111s] -- Up-to-date: /home/rics/tt_ws/src/tese_ws/install/novamob_nav2_gz/share/novamob_nav2_gz/models/construction_cone/model-1_4.sdf
[0.111s] -- Up-to-date: /home/rics/tt_ws/src/tese_ws/install/novamob_nav2_gz/share/novamob_nav2_gz/models/construction_cone/materials
[0.111s] -- Up-to-date: /home/rics/tt_ws/src/tese_ws/install/novamob_nav2_gz/share/novamob_nav2_gz/models/construction_cone/materials/textures
[0.111s] -- Up-to-date: /home/rics/tt_ws/src/tese_ws/install/novamob_nav2_gz/share/novamob_nav2_gz/models/construction_cone/materials/textures/Construction_Cone_Diffuse.png
[0.111s] -- Up-to-date: /home/rics/tt_ws/src/tese_ws/install/novamob_nav2_gz/share/novamob_nav2_gz/models/construction_cone/model-1_3.sdf
[0.111s] -- Up-to-date: /home/rics/tt_ws/src/tese_ws/install/novamob_nav2_gz/share/novamob_nav2_gz/models/construction_cone/model.sdf
[0.112s] -- Up-to-date: /home/rics/tt_ws/src/tese_ws/install/novamob_nav2_gz/share/novamob_nav2_gz/models/construction_cone/meshes
[0.112s] -- Up-to-date: /home/rics/tt_ws/src/tese_ws/install/novamob_nav2_gz/share/novamob_nav2_gz/models/construction_cone/meshes/construction_cone.dae
[0.112s] -- Up-to-date: /home/rics/tt_ws/src/tese_ws/install/novamob_nav2_gz/share/novamob_nav2_gz/models/TurtlebotArena
[0.112s] -- Up-to-date: /home/rics/tt_ws/src/tese_ws/install/novamob_nav2_gz/share/novamob_nav2_gz/models/TurtlebotArena/model.config
[0.112s] -- Up-to-date: /home/rics/tt_ws/src/tese_ws/install/novamob_nav2_gz/share/novamob_nav2_gz/models/TurtlebotArena/model.sdf
[0.112s] -- Up-to-date: /home/rics/tt_ws/src/tese_ws/install/novamob_nav2_gz/share/novamob_nav2_gz/models/TurtlebotArena/meshes
[0.112s] -- Up-to-date: /home/rics/tt_ws/src/tese_ws/install/novamob_nav2_gz/share/novamob_nav2_gz/models/TurtlebotArena/meshes/wall.dae
[0.112s] -- Up-to-date: /home/rics/tt_ws/src/tese_ws/install/novamob_nav2_gz/share/novamob_nav2_gz/models/TurtlebotArena/meshes/hexagon.dae
[0.112s] -- Up-to-date: /home/rics/tt_ws/src/tese_ws/install/novamob_nav2_gz/share/novamob_nav2_gz/models/office_env_w 2
[0.112s] -- Up-to-date: /home/rics/tt_ws/src/tese_ws/install/novamob_nav2_gz/share/novamob_nav2_gz/models/office_env_w 2/model.config
[0.112s] -- Up-to-date: /home/rics/tt_ws/src/tese_ws/install/novamob_nav2_gz/share/novamob_nav2_gz/models/office_env_w 2/materials
[0.112s] -- Up-to-date: /home/rics/tt_ws/src/tese_ws/install/novamob_nav2_gz/share/novamob_nav2_gz/models/office_env_w 2/materials/textures
[0.112s] -- Up-to-date: /home/rics/tt_ws/src/tese_ws/install/novamob_nav2_gz/share/novamob_nav2_gz/models/office_env_w 2/materials/textures/wall_color_white.jpg
[0.112s] -- Up-to-date: /home/rics/tt_ws/src/tese_ws/install/novamob_nav2_gz/share/novamob_nav2_gz/models/office_env_w 2/model.sdf
[0.112s] -- Up-to-date: /home/rics/tt_ws/src/tese_ws/install/novamob_nav2_gz/share/novamob_nav2_gz/models/yellow_bin
[0.113s] -- Up-to-date: /home/rics/tt_ws/src/tese_ws/install/novamob_nav2_gz/share/novamob_nav2_gz/models/yellow_bin/model.config
[0.113s] -- Up-to-date: /home/rics/tt_ws/src/tese_ws/install/novamob_nav2_gz/share/novamob_nav2_gz/models/yellow_bin/model.sdf
[0.113s] -- Up-to-date: /home/rics/tt_ws/src/tese_ws/install/novamob_nav2_gz/share/novamob_nav2_gz/models/yellow_bin/meshes
[0.113s] -- Up-to-date: /home/rics/tt_ws/src/tese_ws/install/novamob_nav2_gz/share/novamob_nav2_gz/models/yellow_bin/meshes/green_cylinder.stl
[0.113s] -- Up-to-date: /home/rics/tt_ws/src/tese_ws/install/novamob_nav2_gz/share/novamob_nav2_gz/models/neobotix_wall
[0.113s] -- Up-to-date: /home/rics/tt_ws/src/tese_ws/install/novamob_nav2_gz/share/novamob_nav2_gz/models/neobotix_wall/model.config
[0.113s] -- Up-to-date: /home/rics/tt_ws/src/tese_ws/install/novamob_nav2_gz/share/novamob_nav2_gz/models/neobotix_wall/model.sdf
[0.113s] -- Up-to-date: /home/rics/tt_ws/src/tese_ws/install/novamob_nav2_gz/share/novamob_nav2_gz/models/neobotix_wall/meshes
[0.113s] -- Up-to-date: /home/rics/tt_ws/src/tese_ws/install/novamob_nav2_gz/share/novamob_nav2_gz/models/neobotix_wall/meshes/Videopräsentation_ROX-HG-1b.png.001.png
[0.113s] -- Up-to-date: /home/rics/tt_ws/src/tese_ws/install/novamob_nav2_gz/share/novamob_nav2_gz/models/neobotix_wall/meshes/Videopräsentation_ROX-HG-1b.png
[0.113s] -- Up-to-date: /home/rics/tt_ws/src/tese_ws/install/novamob_nav2_gz/share/novamob_nav2_gz/models/neobotix_wall/meshes/model.dae
[0.114s] -- Up-to-date: /home/rics/tt_ws/src/tese_ws/install/novamob_nav2_gz/share/novamob_nav2_gz/models/indoor_no_doors_2
[0.114s] -- Up-to-date: /home/rics/tt_ws/src/tese_ws/install/novamob_nav2_gz/share/novamob_nav2_gz/models/indoor_no_doors_2/model.config
[0.114s] -- Up-to-date: /home/rics/tt_ws/src/tese_ws/install/novamob_nav2_gz/share/novamob_nav2_gz/models/indoor_no_doors_2/indoor_2.world
[0.114s] -- Up-to-date: /home/rics/tt_ws/src/tese_ws/install/novamob_nav2_gz/share/novamob_nav2_gz/models/indoor_no_doors_2/model.sdf
[0.114s] -- Up-to-date: /home/rics/tt_ws/src/tese_ws/install/novamob_nav2_gz/share/novamob_nav2_gz/meshes
[0.114s] -- Up-to-date: /home/rics/tt_ws/src/tese_ws/install/novamob_nav2_gz/share/novamob_nav2_gz/meshes/novamob_no_wheels.obj
[0.114s] -- Up-to-date: /home/rics/tt_ws/src/tese_ws/install/novamob_nav2_gz/share/novamob_nav2_gz/meshes/novamob_no_wheels_centered.obj
[0.114s] -- Up-to-date: /home/rics/tt_ws/src/tese_ws/install/novamob_nav2_gz/share/novamob_nav2_gz/meshes/novamob_no_wheels_centered.mtl
[0.114s] -- Up-to-date: /home/rics/tt_ws/src/tese_ws/install/novamob_nav2_gz/share/novamob_nav2_gz/meshes/novamob_no_wheels.mtl
[0.114s] -- Up-to-date: /home/rics/tt_ws/src/tese_ws/install/novamob_nav2_gz/share/novamob_nav2_gz/meshes/novamob_mecanum_wheel_centered_left.mtl
[0.114s] -- Up-to-date: /home/rics/tt_ws/src/tese_ws/install/novamob_nav2_gz/share/novamob_nav2_gz/meshes/novamob_mecanum_wheel.stl
[0.114s] -- Up-to-date: /home/rics/tt_ws/src/tese_ws/install/novamob_nav2_gz/share/novamob_nav2_gz/meshes/novamob_mecanum_wheel.obj.mtl
[0.114s] -- Up-to-date: /home/rics/tt_ws/src/tese_ws/install/novamob_nav2_gz/share/novamob_nav2_gz/meshes/novamob_mecanum_wheel_centered_right.obj
[0.114s] -- Up-to-date: /home/rics/tt_ws/src/tese_ws/install/novamob_nav2_gz/share/novamob_nav2_gz/meshes/novamob_mecanum_wheel.dae
[0.114s] -- Up-to-date: /home/rics/tt_ws/src/tese_ws/install/novamob_nav2_gz/share/novamob_nav2_gz/meshes/novamob_mecanum_wheel_centered_right.mtl
[0.114s] -- Up-to-date: /home/rics/tt_ws/src/tese_ws/install/novamob_nav2_gz/share/novamob_nav2_gz/meshes/novamob_mecanum_wheel_centered_left.obj
[0.114s] -- Up-to-date: /home/rics/tt_ws/src/tese_ws/install/novamob_nav2_gz/share/novamob_nav2_gz/meshes/novamob_no_wheels.stl
[0.114s] -- Up-to-date: /home/rics/tt_ws/src/tese_ws/install/novamob_nav2_gz/share/novamob_nav2_gz/meshes/novamob_mecanum_wheel.obj
[0.114s] -- Up-to-date: /home/rics/tt_ws/src/tese_ws/install/novamob_nav2_gz/lib/novamob_nav2_gz/reach_goal.py
[0.115s] -- Up-to-date: /home/rics/tt_ws/src/tese_ws/install/novamob_nav2_gz/lib/novamob_nav2_gz/follow_waypoints.py
[0.115s] -- Up-to-date: /home/rics/tt_ws/src/tese_ws/install/novamob_nav2_gz/share/ament_index/resource_index/package_run_dependencies/novamob_nav2_gz
[0.115s] -- Up-to-date: /home/rics/tt_ws/src/tese_ws/install/novamob_nav2_gz/share/ament_index/resource_index/parent_prefix_path/novamob_nav2_gz
[0.115s] -- Up-to-date: /home/rics/tt_ws/src/tese_ws/install/novamob_nav2_gz/share/novamob_nav2_gz/environment/ament_prefix_path.sh
[0.115s] -- Up-to-date: /home/rics/tt_ws/src/tese_ws/install/novamob_nav2_gz/share/novamob_nav2_gz/environment/ament_prefix_path.dsv
[0.115s] -- Up-to-date: /home/rics/tt_ws/src/tese_ws/install/novamob_nav2_gz/share/novamob_nav2_gz/environment/path.sh
[0.115s] -- Up-to-date: /home/rics/tt_ws/src/tese_ws/install/novamob_nav2_gz/share/novamob_nav2_gz/environment/path.dsv
[0.115s] -- Up-to-date: /home/rics/tt_ws/src/tese_ws/install/novamob_nav2_gz/share/novamob_nav2_gz/local_setup.bash
[0.115s] -- Up-to-date: /home/rics/tt_ws/src/tese_ws/install/novamob_nav2_gz/share/novamob_nav2_gz/local_setup.sh
[0.115s] -- Up-to-date: /home/rics/tt_ws/src/tese_ws/install/novamob_nav2_gz/share/novamob_nav2_gz/local_setup.zsh
[0.115s] -- Up-to-date: /home/rics/tt_ws/src/tese_ws/install/novamob_nav2_gz/share/novamob_nav2_gz/local_setup.dsv
[0.115s] -- Installing: /home/rics/tt_ws/src/tese_ws/install/novamob_nav2_gz/share/novamob_nav2_gz/package.dsv
[0.115s] -- Up-to-date: /home/rics/tt_ws/src/tese_ws/install/novamob_nav2_gz/share/ament_index/resource_index/packages/novamob_nav2_gz
[0.115s] -- Up-to-date: /home/rics/tt_ws/src/tese_ws/install/novamob_nav2_gz/share/novamob_nav2_gz/cmake/novamob_nav2_gzConfig.cmake
[0.115s] -- Up-to-date: /home/rics/tt_ws/src/tese_ws/install/novamob_nav2_gz/share/novamob_nav2_gz/cmake/novamob_nav2_gzConfig-version.cmake
[0.115s] -- Up-to-date: /home/rics/tt_ws/src/tese_ws/install/novamob_nav2_gz/share/novamob_nav2_gz/package.xml
[0.157s] Invoked command in '/home/rics/tt_ws/src/tese_ws/build/novamob_nav2_gz' returned '0': CMAKE_PREFIX_PATH=${CMAKE_PREFIX_PATH}:/opt/ros/humble /usr/bin/cmake --install /home/rics/tt_ws/src/tese_ws/build/novamob_nav2_gz
