[0.082s] DEBUG:colcon:Command line arguments: ['/usr/bin/colcon', 'build']
[0.082s] DEBUG:colcon:Parsed command line arguments: Namespace(log_base=None, log_level=None, verb_name='build', build_base='build', install_base='install', merge_install=False, symlink_install=False, test_result_base=None, continue_on_error=False, executor='parallel', parallel_workers=8, event_handlers=None, ignore_user_meta=False, metas=['./colcon.meta'], base_paths=['.'], packages_ignore=None, packages_ignore_regex=None, paths=None, packages_up_to=None, packages_up_to_regex=None, packages_above=None, packages_above_and_dependencies=None, packages_above_depth=None, packages_select_by_dep=None, packages_skip_by_dep=None, packages_skip_up_to=None, packages_select_build_failed=False, packages_skip_build_finished=False, packages_select_test_failures=False, packages_skip_test_passed=False, packages_select=None, packages_skip=None, packages_select_regex=None, packages_skip_regex=None, packages_start=None, packages_end=None, allow_overriding=[], cmake_args=None, cmake_target=None, cmake_target_skip_unavailable=False, cmake_clean_cache=False, cmake_clean_first=False, cmake_force_configure=False, ament_cmake_args=None, catkin_cmake_args=None, catkin_skip_building_tests=False, verb_parser=<colcon_defaults.argument_parser.defaults.DefaultArgumentsDecorator object at 0x7995b4b41210>, verb_extension=<colcon_core.verb.build.BuildVerb object at 0x7995b4b40d00>, main=<bound method BuildVerb.main of <colcon_core.verb.build.BuildVerb object at 0x7995b4b40d00>>)
[0.232s] Level 1:colcon.colcon_core.package_discovery:discover_packages(colcon_meta) check parameters
[0.232s] Level 1:colcon.colcon_core.package_discovery:discover_packages(recursive) check parameters
[0.232s] Level 1:colcon.colcon_core.package_discovery:discover_packages(ignore) check parameters
[0.232s] Level 1:colcon.colcon_core.package_discovery:discover_packages(path) check parameters
[0.232s] Level 1:colcon.colcon_core.package_discovery:discover_packages(colcon_meta) discover
[0.232s] Level 1:colcon.colcon_core.package_discovery:discover_packages(recursive) discover
[0.232s] INFO:colcon.colcon_core.package_discovery:Crawling recursively for packages in '/home/rics/tt_ws/src/tese_ws'
[0.232s] Level 1:colcon.colcon_core.package_identification:_identify(.) by extensions ['ignore', 'ignore_ament_install']
[0.233s] Level 1:colcon.colcon_core.package_identification:_identify(.) by extension 'ignore'
[0.233s] Level 1:colcon.colcon_core.package_identification:_identify(.) by extension 'ignore_ament_install'
[0.233s] Level 1:colcon.colcon_core.package_identification:_identify(.) by extensions ['colcon_pkg']
[0.233s] Level 1:colcon.colcon_core.package_identification:_identify(.) by extension 'colcon_pkg'
[0.233s] Level 1:colcon.colcon_core.package_identification:_identify(.) by extensions ['colcon_meta']
[0.233s] Level 1:colcon.colcon_core.package_identification:_identify(.) by extension 'colcon_meta'
[0.233s] Level 1:colcon.colcon_core.package_identification:_identify(.) by extensions ['ros']
[0.233s] Level 1:colcon.colcon_core.package_identification:_identify(.) by extension 'ros'
[0.241s] Level 1:colcon.colcon_core.package_identification:_identify(.) by extensions ['cmake', 'python']
[0.241s] Level 1:colcon.colcon_core.package_identification:_identify(.) by extension 'cmake'
[0.241s] Level 1:colcon.colcon_core.package_identification:_identify(.) by extension 'python'
[0.241s] Level 1:colcon.colcon_core.package_identification:_identify(.) by extensions ['python_setup_py']
[0.241s] Level 1:colcon.colcon_core.package_identification:_identify(.) by extension 'python_setup_py'
[0.241s] Level 1:colcon.colcon_core.package_identification:_identify(build) by extensions ['ignore', 'ignore_ament_install']
[0.241s] Level 1:colcon.colcon_core.package_identification:_identify(build) by extension 'ignore'
[0.241s] Level 1:colcon.colcon_core.package_identification:_identify(build) ignored
[0.242s] Level 1:colcon.colcon_core.package_identification:_identify(install) by extensions ['ignore', 'ignore_ament_install']
[0.242s] Level 1:colcon.colcon_core.package_identification:_identify(install) by extension 'ignore'
[0.242s] Level 1:colcon.colcon_core.package_identification:_identify(install) ignored
[0.242s] Level 1:colcon.colcon_core.package_identification:_identify(log) by extensions ['ignore', 'ignore_ament_install']
[0.242s] Level 1:colcon.colcon_core.package_identification:_identify(log) by extension 'ignore'
[0.242s] Level 1:colcon.colcon_core.package_identification:_identify(log) ignored
[0.242s] Level 1:colcon.colcon_core.package_identification:_identify(novamob_description) by extensions ['ignore', 'ignore_ament_install']
[0.242s] Level 1:colcon.colcon_core.package_identification:_identify(novamob_description) by extension 'ignore'
[0.242s] Level 1:colcon.colcon_core.package_identification:_identify(novamob_description) by extension 'ignore_ament_install'
[0.242s] Level 1:colcon.colcon_core.package_identification:_identify(novamob_description) by extensions ['colcon_pkg']
[0.242s] Level 1:colcon.colcon_core.package_identification:_identify(novamob_description) by extension 'colcon_pkg'
[0.242s] Level 1:colcon.colcon_core.package_identification:_identify(novamob_description) by extensions ['colcon_meta']
[0.242s] Level 1:colcon.colcon_core.package_identification:_identify(novamob_description) by extension 'colcon_meta'
[0.242s] Level 1:colcon.colcon_core.package_identification:_identify(novamob_description) by extensions ['ros']
[0.242s] Level 1:colcon.colcon_core.package_identification:_identify(novamob_description) by extension 'ros'
[0.244s] DEBUG:colcon.colcon_core.package_identification:Package 'novamob_description' with type 'ros.ament_cmake' and name 'novamob_description'
[0.244s] Level 1:colcon.colcon_core.package_identification:_identify(novamob_nav2_gz) by extensions ['ignore', 'ignore_ament_install']
[0.244s] Level 1:colcon.colcon_core.package_identification:_identify(novamob_nav2_gz) by extension 'ignore'
[0.244s] Level 1:colcon.colcon_core.package_identification:_identify(novamob_nav2_gz) by extension 'ignore_ament_install'
[0.244s] Level 1:colcon.colcon_core.package_identification:_identify(novamob_nav2_gz) by extensions ['colcon_pkg']
[0.244s] Level 1:colcon.colcon_core.package_identification:_identify(novamob_nav2_gz) by extension 'colcon_pkg'
[0.244s] Level 1:colcon.colcon_core.package_identification:_identify(novamob_nav2_gz) by extensions ['colcon_meta']
[0.244s] Level 1:colcon.colcon_core.package_identification:_identify(novamob_nav2_gz) by extension 'colcon_meta'
[0.244s] Level 1:colcon.colcon_core.package_identification:_identify(novamob_nav2_gz) by extensions ['ros']
[0.244s] Level 1:colcon.colcon_core.package_identification:_identify(novamob_nav2_gz) by extension 'ros'
[0.245s] DEBUG:colcon.colcon_core.package_identification:Package 'novamob_nav2_gz' with type 'ros.ament_cmake' and name 'novamob_nav2_gz'
[0.245s] Level 1:colcon.colcon_core.package_identification:_identify(sam_bot_description) by extensions ['ignore', 'ignore_ament_install']
[0.245s] Level 1:colcon.colcon_core.package_identification:_identify(sam_bot_description) by extension 'ignore'
[0.245s] Level 1:colcon.colcon_core.package_identification:_identify(sam_bot_description) by extension 'ignore_ament_install'
[0.245s] Level 1:colcon.colcon_core.package_identification:_identify(sam_bot_description) by extensions ['colcon_pkg']
[0.245s] Level 1:colcon.colcon_core.package_identification:_identify(sam_bot_description) by extension 'colcon_pkg'
[0.245s] Level 1:colcon.colcon_core.package_identification:_identify(sam_bot_description) by extensions ['colcon_meta']
[0.245s] Level 1:colcon.colcon_core.package_identification:_identify(sam_bot_description) by extension 'colcon_meta'
[0.245s] Level 1:colcon.colcon_core.package_identification:_identify(sam_bot_description) by extensions ['ros']
[0.245s] Level 1:colcon.colcon_core.package_identification:_identify(sam_bot_description) by extension 'ros'
[0.246s] DEBUG:colcon.colcon_core.package_identification:Package 'sam_bot_description' with type 'ros.ament_cmake' and name 'sam_bot_description'
[0.246s] Level 1:colcon.colcon_core.package_identification:_identify(sam_bot_nav2_gz) by extensions ['ignore', 'ignore_ament_install']
[0.246s] Level 1:colcon.colcon_core.package_identification:_identify(sam_bot_nav2_gz) by extension 'ignore'
[0.246s] Level 1:colcon.colcon_core.package_identification:_identify(sam_bot_nav2_gz) by extension 'ignore_ament_install'
[0.246s] Level 1:colcon.colcon_core.package_identification:_identify(sam_bot_nav2_gz) by extensions ['colcon_pkg']
[0.246s] Level 1:colcon.colcon_core.package_identification:_identify(sam_bot_nav2_gz) by extension 'colcon_pkg'
[0.246s] Level 1:colcon.colcon_core.package_identification:_identify(sam_bot_nav2_gz) by extensions ['colcon_meta']
[0.246s] Level 1:colcon.colcon_core.package_identification:_identify(sam_bot_nav2_gz) by extension 'colcon_meta'
[0.246s] Level 1:colcon.colcon_core.package_identification:_identify(sam_bot_nav2_gz) by extensions ['ros']
[0.246s] Level 1:colcon.colcon_core.package_identification:_identify(sam_bot_nav2_gz) by extension 'ros'
[0.247s] DEBUG:colcon.colcon_core.package_identification:Package 'sam_bot_nav2_gz' with type 'ros.ament_cmake' and name 'sam_bot_nav2_gz'
[0.247s] Level 1:colcon.colcon_core.package_identification:_identify(scout_description) by extensions ['ignore', 'ignore_ament_install']
[0.247s] Level 1:colcon.colcon_core.package_identification:_identify(scout_description) by extension 'ignore'
[0.247s] Level 1:colcon.colcon_core.package_identification:_identify(scout_description) by extension 'ignore_ament_install'
[0.247s] Level 1:colcon.colcon_core.package_identification:_identify(scout_description) by extensions ['colcon_pkg']
[0.247s] Level 1:colcon.colcon_core.package_identification:_identify(scout_description) by extension 'colcon_pkg'
[0.247s] Level 1:colcon.colcon_core.package_identification:_identify(scout_description) by extensions ['colcon_meta']
[0.247s] Level 1:colcon.colcon_core.package_identification:_identify(scout_description) by extension 'colcon_meta'
[0.247s] Level 1:colcon.colcon_core.package_identification:_identify(scout_description) by extensions ['ros']
[0.247s] Level 1:colcon.colcon_core.package_identification:_identify(scout_description) by extension 'ros'
[0.247s] DEBUG:colcon.colcon_core.package_identification:Package 'scout_description' with type 'ros.ament_cmake' and name 'scout_description'
[0.248s] Level 1:colcon.colcon_core.package_identification:_identify(scout_nav2_gz) by extensions ['ignore', 'ignore_ament_install']
[0.248s] Level 1:colcon.colcon_core.package_identification:_identify(scout_nav2_gz) by extension 'ignore'
[0.248s] Level 1:colcon.colcon_core.package_identification:_identify(scout_nav2_gz) by extension 'ignore_ament_install'
[0.248s] Level 1:colcon.colcon_core.package_identification:_identify(scout_nav2_gz) by extensions ['colcon_pkg']
[0.248s] Level 1:colcon.colcon_core.package_identification:_identify(scout_nav2_gz) by extension 'colcon_pkg'
[0.248s] Level 1:colcon.colcon_core.package_identification:_identify(scout_nav2_gz) by extensions ['colcon_meta']
[0.248s] Level 1:colcon.colcon_core.package_identification:_identify(scout_nav2_gz) by extension 'colcon_meta'
[0.248s] Level 1:colcon.colcon_core.package_identification:_identify(scout_nav2_gz) by extensions ['ros']
[0.248s] Level 1:colcon.colcon_core.package_identification:_identify(scout_nav2_gz) by extension 'ros'
[0.249s] DEBUG:colcon.colcon_core.package_identification:Package 'scout_nav2_gz' with type 'ros.ament_cmake' and name 'scout_nav2_gz'
[0.249s] Level 1:colcon.colcon_core.package_identification:_identify(virtual_maize_field) by extensions ['ignore', 'ignore_ament_install']
[0.249s] Level 1:colcon.colcon_core.package_identification:_identify(virtual_maize_field) by extension 'ignore'
[0.249s] Level 1:colcon.colcon_core.package_identification:_identify(virtual_maize_field) by extension 'ignore_ament_install'
[0.249s] Level 1:colcon.colcon_core.package_identification:_identify(virtual_maize_field) by extensions ['colcon_pkg']
[0.249s] Level 1:colcon.colcon_core.package_identification:_identify(virtual_maize_field) by extension 'colcon_pkg'
[0.249s] Level 1:colcon.colcon_core.package_identification:_identify(virtual_maize_field) by extensions ['colcon_meta']
[0.249s] Level 1:colcon.colcon_core.package_identification:_identify(virtual_maize_field) by extension 'colcon_meta'
[0.249s] Level 1:colcon.colcon_core.package_identification:_identify(virtual_maize_field) by extensions ['ros']
[0.249s] Level 1:colcon.colcon_core.package_identification:_identify(virtual_maize_field) by extension 'ros'
[0.249s] Level 1:colcon.colcon_core.package_identification:_identify(virtual_maize_field) by extensions ['cmake', 'python']
[0.249s] Level 1:colcon.colcon_core.package_identification:_identify(virtual_maize_field) by extension 'cmake'
[0.249s] Level 1:colcon.colcon_core.package_identification:_identify(virtual_maize_field) by extension 'python'
[0.249s] Level 1:colcon.colcon_core.package_identification:_identify(virtual_maize_field) by extensions ['python_setup_py']
[0.249s] Level 1:colcon.colcon_core.package_identification:_identify(virtual_maize_field) by extension 'python_setup_py'
[0.249s] Level 1:colcon.colcon_core.package_discovery:discover_packages(recursive) using defaults
[0.249s] Level 1:colcon.colcon_core.package_discovery:discover_packages(ignore) discover
[0.249s] Level 1:colcon.colcon_core.package_discovery:discover_packages(ignore) using defaults
[0.249s] Level 1:colcon.colcon_core.package_discovery:discover_packages(path) discover
[0.249s] Level 1:colcon.colcon_core.package_discovery:discover_packages(path) using defaults
[0.271s] Level 1:colcon.colcon_core.package_discovery:discover_packages(prefix_path) check parameters
[0.271s] Level 1:colcon.colcon_core.package_discovery:discover_packages(prefix_path) discover
[0.273s] DEBUG:colcon.colcon_installed_package_information.package_discovery:Found 6 installed packages in /home/rics/tt_ws/src/tese_ws/install
[0.273s] DEBUG:colcon.colcon_installed_package_information.package_discovery:Found 6 installed packages in /home/rics/tt_ws/install
[0.275s] DEBUG:colcon.colcon_installed_package_information.package_discovery:Found 391 installed packages in /opt/ros/humble
[0.276s] Level 1:colcon.colcon_core.package_discovery:discover_packages(prefix_path) using defaults
[0.315s] Level 5:colcon.colcon_core.verb:set package 'novamob_description' build argument 'cmake_args' from command line to 'None'
[0.315s] Level 5:colcon.colcon_core.verb:set package 'novamob_description' build argument 'cmake_target' from command line to 'None'
[0.315s] Level 5:colcon.colcon_core.verb:set package 'novamob_description' build argument 'cmake_target_skip_unavailable' from command line to 'False'
[0.315s] Level 5:colcon.colcon_core.verb:set package 'novamob_description' build argument 'cmake_clean_cache' from command line to 'False'
[0.315s] Level 5:colcon.colcon_core.verb:set package 'novamob_description' build argument 'cmake_clean_first' from command line to 'False'
[0.315s] Level 5:colcon.colcon_core.verb:set package 'novamob_description' build argument 'cmake_force_configure' from command line to 'False'
[0.315s] Level 5:colcon.colcon_core.verb:set package 'novamob_description' build argument 'ament_cmake_args' from command line to 'None'
[0.315s] Level 5:colcon.colcon_core.verb:set package 'novamob_description' build argument 'catkin_cmake_args' from command line to 'None'
[0.315s] Level 5:colcon.colcon_core.verb:set package 'novamob_description' build argument 'catkin_skip_building_tests' from command line to 'False'
[0.315s] DEBUG:colcon.colcon_core.verb:Building package 'novamob_description' with the following arguments: {'ament_cmake_args': None, 'build_base': '/home/rics/tt_ws/src/tese_ws/build/novamob_description', 'catkin_cmake_args': None, 'catkin_skip_building_tests': False, 'cmake_args': None, 'cmake_clean_cache': False, 'cmake_clean_first': False, 'cmake_force_configure': False, 'cmake_target': None, 'cmake_target_skip_unavailable': False, 'install_base': '/home/rics/tt_ws/src/tese_ws/install/novamob_description', 'merge_install': False, 'path': '/home/rics/tt_ws/src/tese_ws/novamob_description', 'symlink_install': False, 'test_result_base': None}
[0.315s] Level 5:colcon.colcon_core.verb:set package 'novamob_nav2_gz' build argument 'cmake_args' from command line to 'None'
[0.315s] Level 5:colcon.colcon_core.verb:set package 'novamob_nav2_gz' build argument 'cmake_target' from command line to 'None'
[0.315s] Level 5:colcon.colcon_core.verb:set package 'novamob_nav2_gz' build argument 'cmake_target_skip_unavailable' from command line to 'False'
[0.315s] Level 5:colcon.colcon_core.verb:set package 'novamob_nav2_gz' build argument 'cmake_clean_cache' from command line to 'False'
[0.315s] Level 5:colcon.colcon_core.verb:set package 'novamob_nav2_gz' build argument 'cmake_clean_first' from command line to 'False'
[0.315s] Level 5:colcon.colcon_core.verb:set package 'novamob_nav2_gz' build argument 'cmake_force_configure' from command line to 'False'
[0.315s] Level 5:colcon.colcon_core.verb:set package 'novamob_nav2_gz' build argument 'ament_cmake_args' from command line to 'None'
[0.315s] Level 5:colcon.colcon_core.verb:set package 'novamob_nav2_gz' build argument 'catkin_cmake_args' from command line to 'None'
[0.315s] Level 5:colcon.colcon_core.verb:set package 'novamob_nav2_gz' build argument 'catkin_skip_building_tests' from command line to 'False'
[0.315s] DEBUG:colcon.colcon_core.verb:Building package 'novamob_nav2_gz' with the following arguments: {'ament_cmake_args': None, 'build_base': '/home/rics/tt_ws/src/tese_ws/build/novamob_nav2_gz', 'catkin_cmake_args': None, 'catkin_skip_building_tests': False, 'cmake_args': None, 'cmake_clean_cache': False, 'cmake_clean_first': False, 'cmake_force_configure': False, 'cmake_target': None, 'cmake_target_skip_unavailable': False, 'install_base': '/home/rics/tt_ws/src/tese_ws/install/novamob_nav2_gz', 'merge_install': False, 'path': '/home/rics/tt_ws/src/tese_ws/novamob_nav2_gz', 'symlink_install': False, 'test_result_base': None}
[0.316s] Level 5:colcon.colcon_core.verb:set package 'sam_bot_description' build argument 'cmake_args' from command line to 'None'
[0.316s] Level 5:colcon.colcon_core.verb:set package 'sam_bot_description' build argument 'cmake_target' from command line to 'None'
[0.316s] Level 5:colcon.colcon_core.verb:set package 'sam_bot_description' build argument 'cmake_target_skip_unavailable' from command line to 'False'
[0.316s] Level 5:colcon.colcon_core.verb:set package 'sam_bot_description' build argument 'cmake_clean_cache' from command line to 'False'
[0.316s] Level 5:colcon.colcon_core.verb:set package 'sam_bot_description' build argument 'cmake_clean_first' from command line to 'False'
[0.316s] Level 5:colcon.colcon_core.verb:set package 'sam_bot_description' build argument 'cmake_force_configure' from command line to 'False'
[0.316s] Level 5:colcon.colcon_core.verb:set package 'sam_bot_description' build argument 'ament_cmake_args' from command line to 'None'
[0.316s] Level 5:colcon.colcon_core.verb:set package 'sam_bot_description' build argument 'catkin_cmake_args' from command line to 'None'
[0.316s] Level 5:colcon.colcon_core.verb:set package 'sam_bot_description' build argument 'catkin_skip_building_tests' from command line to 'False'
[0.316s] DEBUG:colcon.colcon_core.verb:Building package 'sam_bot_description' with the following arguments: {'ament_cmake_args': None, 'build_base': '/home/rics/tt_ws/src/tese_ws/build/sam_bot_description', 'catkin_cmake_args': None, 'catkin_skip_building_tests': False, 'cmake_args': None, 'cmake_clean_cache': False, 'cmake_clean_first': False, 'cmake_force_configure': False, 'cmake_target': None, 'cmake_target_skip_unavailable': False, 'install_base': '/home/rics/tt_ws/src/tese_ws/install/sam_bot_description', 'merge_install': False, 'path': '/home/rics/tt_ws/src/tese_ws/sam_bot_description', 'symlink_install': False, 'test_result_base': None}
[0.316s] Level 5:colcon.colcon_core.verb:set package 'sam_bot_nav2_gz' build argument 'cmake_args' from command line to 'None'
[0.316s] Level 5:colcon.colcon_core.verb:set package 'sam_bot_nav2_gz' build argument 'cmake_target' from command line to 'None'
[0.316s] Level 5:colcon.colcon_core.verb:set package 'sam_bot_nav2_gz' build argument 'cmake_target_skip_unavailable' from command line to 'False'
[0.316s] Level 5:colcon.colcon_core.verb:set package 'sam_bot_nav2_gz' build argument 'cmake_clean_cache' from command line to 'False'
[0.316s] Level 5:colcon.colcon_core.verb:set package 'sam_bot_nav2_gz' build argument 'cmake_clean_first' from command line to 'False'
[0.316s] Level 5:colcon.colcon_core.verb:set package 'sam_bot_nav2_gz' build argument 'cmake_force_configure' from command line to 'False'
[0.316s] Level 5:colcon.colcon_core.verb:set package 'sam_bot_nav2_gz' build argument 'ament_cmake_args' from command line to 'None'
[0.316s] Level 5:colcon.colcon_core.verb:set package 'sam_bot_nav2_gz' build argument 'catkin_cmake_args' from command line to 'None'
[0.316s] Level 5:colcon.colcon_core.verb:set package 'sam_bot_nav2_gz' build argument 'catkin_skip_building_tests' from command line to 'False'
[0.316s] DEBUG:colcon.colcon_core.verb:Building package 'sam_bot_nav2_gz' with the following arguments: {'ament_cmake_args': None, 'build_base': '/home/rics/tt_ws/src/tese_ws/build/sam_bot_nav2_gz', 'catkin_cmake_args': None, 'catkin_skip_building_tests': False, 'cmake_args': None, 'cmake_clean_cache': False, 'cmake_clean_first': False, 'cmake_force_configure': False, 'cmake_target': None, 'cmake_target_skip_unavailable': False, 'install_base': '/home/rics/tt_ws/src/tese_ws/install/sam_bot_nav2_gz', 'merge_install': False, 'path': '/home/rics/tt_ws/src/tese_ws/sam_bot_nav2_gz', 'symlink_install': False, 'test_result_base': None}
[0.317s] Level 5:colcon.colcon_core.verb:set package 'scout_description' build argument 'cmake_args' from command line to 'None'
[0.317s] Level 5:colcon.colcon_core.verb:set package 'scout_description' build argument 'cmake_target' from command line to 'None'
[0.317s] Level 5:colcon.colcon_core.verb:set package 'scout_description' build argument 'cmake_target_skip_unavailable' from command line to 'False'
[0.317s] Level 5:colcon.colcon_core.verb:set package 'scout_description' build argument 'cmake_clean_cache' from command line to 'False'
[0.317s] Level 5:colcon.colcon_core.verb:set package 'scout_description' build argument 'cmake_clean_first' from command line to 'False'
[0.317s] Level 5:colcon.colcon_core.verb:set package 'scout_description' build argument 'cmake_force_configure' from command line to 'False'
[0.317s] Level 5:colcon.colcon_core.verb:set package 'scout_description' build argument 'ament_cmake_args' from command line to 'None'
[0.317s] Level 5:colcon.colcon_core.verb:set package 'scout_description' build argument 'catkin_cmake_args' from command line to 'None'
[0.317s] Level 5:colcon.colcon_core.verb:set package 'scout_description' build argument 'catkin_skip_building_tests' from command line to 'False'
[0.317s] DEBUG:colcon.colcon_core.verb:Building package 'scout_description' with the following arguments: {'ament_cmake_args': None, 'build_base': '/home/rics/tt_ws/src/tese_ws/build/scout_description', 'catkin_cmake_args': None, 'catkin_skip_building_tests': False, 'cmake_args': None, 'cmake_clean_cache': False, 'cmake_clean_first': False, 'cmake_force_configure': False, 'cmake_target': None, 'cmake_target_skip_unavailable': False, 'install_base': '/home/rics/tt_ws/src/tese_ws/install/scout_description', 'merge_install': False, 'path': '/home/rics/tt_ws/src/tese_ws/scout_description', 'symlink_install': False, 'test_result_base': None}
[0.317s] Level 5:colcon.colcon_core.verb:set package 'scout_nav2_gz' build argument 'cmake_args' from command line to 'None'
[0.317s] Level 5:colcon.colcon_core.verb:set package 'scout_nav2_gz' build argument 'cmake_target' from command line to 'None'
[0.317s] Level 5:colcon.colcon_core.verb:set package 'scout_nav2_gz' build argument 'cmake_target_skip_unavailable' from command line to 'False'
[0.317s] Level 5:colcon.colcon_core.verb:set package 'scout_nav2_gz' build argument 'cmake_clean_cache' from command line to 'False'
[0.317s] Level 5:colcon.colcon_core.verb:set package 'scout_nav2_gz' build argument 'cmake_clean_first' from command line to 'False'
[0.317s] Level 5:colcon.colcon_core.verb:set package 'scout_nav2_gz' build argument 'cmake_force_configure' from command line to 'False'
[0.317s] Level 5:colcon.colcon_core.verb:set package 'scout_nav2_gz' build argument 'ament_cmake_args' from command line to 'None'
[0.317s] Level 5:colcon.colcon_core.verb:set package 'scout_nav2_gz' build argument 'catkin_cmake_args' from command line to 'None'
[0.317s] Level 5:colcon.colcon_core.verb:set package 'scout_nav2_gz' build argument 'catkin_skip_building_tests' from command line to 'False'
[0.317s] DEBUG:colcon.colcon_core.verb:Building package 'scout_nav2_gz' with the following arguments: {'ament_cmake_args': None, 'build_base': '/home/rics/tt_ws/src/tese_ws/build/scout_nav2_gz', 'catkin_cmake_args': None, 'catkin_skip_building_tests': False, 'cmake_args': None, 'cmake_clean_cache': False, 'cmake_clean_first': False, 'cmake_force_configure': False, 'cmake_target': None, 'cmake_target_skip_unavailable': False, 'install_base': '/home/rics/tt_ws/src/tese_ws/install/scout_nav2_gz', 'merge_install': False, 'path': '/home/rics/tt_ws/src/tese_ws/scout_nav2_gz', 'symlink_install': False, 'test_result_base': None}
[0.317s] INFO:colcon.colcon_core.executor:Executing jobs using 'parallel' executor
[0.318s] DEBUG:colcon.colcon_parallel_executor.executor.parallel:run_until_complete
[0.318s] INFO:colcon.colcon_ros.task.ament_cmake.build:Building ROS package in '/home/rics/tt_ws/src/tese_ws/novamob_description' with build type 'ament_cmake'
[0.318s] INFO:colcon.colcon_cmake.task.cmake.build:Building CMake package in '/home/rics/tt_ws/src/tese_ws/novamob_description'
[0.320s] INFO:colcon.colcon_core.plugin_system:Skipping extension 'colcon_core.shell.bat': Not used on non-Windows systems
[0.320s] INFO:colcon.colcon_core.shell:Skip shell extension 'powershell' for command environment: Not usable outside of PowerShell
[0.320s] DEBUG:colcon.colcon_core.shell:Skip shell extension 'dsv' for command environment
[0.324s] INFO:colcon.colcon_ros.task.ament_cmake.build:Building ROS package in '/home/rics/tt_ws/src/tese_ws/novamob_nav2_gz' with build type 'ament_cmake'
[0.324s] INFO:colcon.colcon_cmake.task.cmake.build:Building CMake package in '/home/rics/tt_ws/src/tese_ws/novamob_nav2_gz'
[0.324s] INFO:colcon.colcon_core.shell:Skip shell extension 'powershell' for command environment: Not usable outside of PowerShell
[0.324s] DEBUG:colcon.colcon_core.shell:Skip shell extension 'dsv' for command environment
[0.327s] INFO:colcon.colcon_ros.task.ament_cmake.build:Building ROS package in '/home/rics/tt_ws/src/tese_ws/sam_bot_description' with build type 'ament_cmake'
[0.327s] INFO:colcon.colcon_cmake.task.cmake.build:Building CMake package in '/home/rics/tt_ws/src/tese_ws/sam_bot_description'
[0.327s] INFO:colcon.colcon_core.shell:Skip shell extension 'powershell' for command environment: Not usable outside of PowerShell
[0.328s] DEBUG:colcon.colcon_core.shell:Skip shell extension 'dsv' for command environment
[0.331s] INFO:colcon.colcon_ros.task.ament_cmake.build:Building ROS package in '/home/rics/tt_ws/src/tese_ws/sam_bot_nav2_gz' with build type 'ament_cmake'
[0.331s] INFO:colcon.colcon_cmake.task.cmake.build:Building CMake package in '/home/rics/tt_ws/src/tese_ws/sam_bot_nav2_gz'
[0.331s] INFO:colcon.colcon_core.shell:Skip shell extension 'powershell' for command environment: Not usable outside of PowerShell
[0.331s] DEBUG:colcon.colcon_core.shell:Skip shell extension 'dsv' for command environment
[0.335s] INFO:colcon.colcon_ros.task.ament_cmake.build:Building ROS package in '/home/rics/tt_ws/src/tese_ws/scout_description' with build type 'ament_cmake'
[0.335s] INFO:colcon.colcon_cmake.task.cmake.build:Building CMake package in '/home/rics/tt_ws/src/tese_ws/scout_description'
[0.335s] INFO:colcon.colcon_core.shell:Skip shell extension 'powershell' for command environment: Not usable outside of PowerShell
[0.335s] DEBUG:colcon.colcon_core.shell:Skip shell extension 'dsv' for command environment
[0.338s] INFO:colcon.colcon_ros.task.ament_cmake.build:Building ROS package in '/home/rics/tt_ws/src/tese_ws/scout_nav2_gz' with build type 'ament_cmake'
[0.338s] INFO:colcon.colcon_cmake.task.cmake.build:Building CMake package in '/home/rics/tt_ws/src/tese_ws/scout_nav2_gz'
[0.339s] INFO:colcon.colcon_core.shell:Skip shell extension 'powershell' for command environment: Not usable outside of PowerShell
[0.339s] DEBUG:colcon.colcon_core.shell:Skip shell extension 'dsv' for command environment
[0.348s] DEBUG:colcon.colcon_core.event_handler.log_command:Invoking command in '/home/rics/tt_ws/src/tese_ws/build/novamob_description': CMAKE_PREFIX_PATH=${CMAKE_PREFIX_PATH}:/opt/ros/humble /usr/bin/cmake --build /home/rics/tt_ws/src/tese_ws/build/novamob_description -- -j8 -l8
[0.349s] DEBUG:colcon.colcon_core.event_handler.log_command:Invoking command in '/home/rics/tt_ws/src/tese_ws/build/novamob_nav2_gz': CMAKE_PREFIX_PATH=${CMAKE_PREFIX_PATH}:/opt/ros/humble /usr/bin/cmake --build /home/rics/tt_ws/src/tese_ws/build/novamob_nav2_gz -- -j8 -l8
[0.350s] DEBUG:colcon.colcon_core.event_handler.log_command:Invoking command in '/home/rics/tt_ws/src/tese_ws/build/sam_bot_description': CMAKE_PREFIX_PATH=${CMAKE_PREFIX_PATH}:/opt/ros/humble /usr/bin/cmake --build /home/rics/tt_ws/src/tese_ws/build/sam_bot_description -- -j8 -l8
[0.355s] DEBUG:colcon.colcon_core.event_handler.log_command:Invoking command in '/home/rics/tt_ws/src/tese_ws/build/sam_bot_nav2_gz': CMAKE_PREFIX_PATH=${CMAKE_PREFIX_PATH}:/opt/ros/humble /usr/bin/cmake --build /home/rics/tt_ws/src/tese_ws/build/sam_bot_nav2_gz -- -j8 -l8
[0.357s] DEBUG:colcon.colcon_core.event_handler.log_command:Invoking command in '/home/rics/tt_ws/src/tese_ws/build/scout_description': CMAKE_PREFIX_PATH=${CMAKE_PREFIX_PATH}:/opt/ros/humble /usr/bin/cmake --build /home/rics/tt_ws/src/tese_ws/build/scout_description -- -j8 -l8
[0.361s] DEBUG:colcon.colcon_core.event_handler.log_command:Invoking command in '/home/rics/tt_ws/src/tese_ws/build/scout_nav2_gz': CMAKE_PREFIX_PATH=${CMAKE_PREFIX_PATH}:/opt/ros/humble /usr/bin/cmake --build /home/rics/tt_ws/src/tese_ws/build/scout_nav2_gz -- -j8 -l8
[0.375s] DEBUG:colcon.colcon_core.event_handler.log_command:Invoked command in '/home/rics/tt_ws/src/tese_ws/build/novamob_description' returned '0': CMAKE_PREFIX_PATH=${CMAKE_PREFIX_PATH}:/opt/ros/humble /usr/bin/cmake --build /home/rics/tt_ws/src/tese_ws/build/novamob_description -- -j8 -l8
[0.384s] DEBUG:colcon.colcon_core.event_handler.log_command:Invoking command in '/home/rics/tt_ws/src/tese_ws/build/novamob_description': CMAKE_PREFIX_PATH=${CMAKE_PREFIX_PATH}:/opt/ros/humble /usr/bin/cmake --install /home/rics/tt_ws/src/tese_ws/build/novamob_description
[0.385s] DEBUG:colcon.colcon_core.event_handler.log_command:Invoked command in '/home/rics/tt_ws/src/tese_ws/build/sam_bot_nav2_gz' returned '0': CMAKE_PREFIX_PATH=${CMAKE_PREFIX_PATH}:/opt/ros/humble /usr/bin/cmake --build /home/rics/tt_ws/src/tese_ws/build/sam_bot_nav2_gz -- -j8 -l8
[0.386s] DEBUG:colcon.colcon_core.event_handler.log_command:Invoking command in '/home/rics/tt_ws/src/tese_ws/build/sam_bot_nav2_gz': CMAKE_PREFIX_PATH=${CMAKE_PREFIX_PATH}:/opt/ros/humble /usr/bin/cmake --install /home/rics/tt_ws/src/tese_ws/build/sam_bot_nav2_gz
[0.388s] DEBUG:colcon.colcon_core.event_handler.log_command:Invoked command in '/home/rics/tt_ws/src/tese_ws/build/sam_bot_description' returned '0': CMAKE_PREFIX_PATH=${CMAKE_PREFIX_PATH}:/opt/ros/humble /usr/bin/cmake --build /home/rics/tt_ws/src/tese_ws/build/sam_bot_description -- -j8 -l8
[0.388s] DEBUG:colcon.colcon_core.event_handler.log_command:Invoking command in '/home/rics/tt_ws/src/tese_ws/build/sam_bot_description': CMAKE_PREFIX_PATH=${CMAKE_PREFIX_PATH}:/opt/ros/humble /usr/bin/cmake --install /home/rics/tt_ws/src/tese_ws/build/sam_bot_description
[0.388s] DEBUG:colcon.colcon_core.event_handler.log_command:Invoked command in '/home/rics/tt_ws/src/tese_ws/build/novamob_nav2_gz' returned '0': CMAKE_PREFIX_PATH=${CMAKE_PREFIX_PATH}:/opt/ros/humble /usr/bin/cmake --build /home/rics/tt_ws/src/tese_ws/build/novamob_nav2_gz -- -j8 -l8
[0.394s] DEBUG:colcon.colcon_core.event_handler.log_command:Invoking command in '/home/rics/tt_ws/src/tese_ws/build/novamob_nav2_gz': CMAKE_PREFIX_PATH=${CMAKE_PREFIX_PATH}:/opt/ros/humble /usr/bin/cmake --install /home/rics/tt_ws/src/tese_ws/build/novamob_nav2_gz
[0.395s] DEBUG:colcon.colcon_core.event_handler.log_command:Invoked command in '/home/rics/tt_ws/src/tese_ws/build/scout_description' returned '0': CMAKE_PREFIX_PATH=${CMAKE_PREFIX_PATH}:/opt/ros/humble /usr/bin/cmake --build /home/rics/tt_ws/src/tese_ws/build/scout_description -- -j8 -l8
[0.400s] Level 1:colcon.colcon_core.environment:create_environment_scripts_only(sam_bot_description)
[0.405s] DEBUG:colcon.colcon_core.event_handler.log_command:Invoking command in '/home/rics/tt_ws/src/tese_ws/build/scout_description': CMAKE_PREFIX_PATH=${CMAKE_PREFIX_PATH}:/opt/ros/humble /usr/bin/cmake --install /home/rics/tt_ws/src/tese_ws/build/scout_description
[0.408s] Level 1:colcon.colcon_core.environment:checking '/home/rics/tt_ws/src/tese_ws/install/sam_bot_description' for CMake module files
[0.409s] Level 1:colcon.colcon_core.environment:checking '/home/rics/tt_ws/src/tese_ws/install/sam_bot_description' for CMake config files
[0.410s] Level 1:colcon.colcon_core.shell:create_environment_hook('sam_bot_description', 'cmake_prefix_path')
[0.411s] INFO:colcon.colcon_core.shell:Creating environment hook '/home/rics/tt_ws/src/tese_ws/install/sam_bot_description/share/sam_bot_description/hook/cmake_prefix_path.ps1'
[0.411s] INFO:colcon.colcon_core.shell:Creating environment descriptor '/home/rics/tt_ws/src/tese_ws/install/sam_bot_description/share/sam_bot_description/hook/cmake_prefix_path.dsv'
[0.413s] INFO:colcon.colcon_core.shell:Creating environment hook '/home/rics/tt_ws/src/tese_ws/install/sam_bot_description/share/sam_bot_description/hook/cmake_prefix_path.sh'
[0.414s] Level 1:colcon.colcon_core.environment:checking '/home/rics/tt_ws/src/tese_ws/install/sam_bot_description/bin'
[0.414s] Level 1:colcon.colcon_core.environment:checking '/home/rics/tt_ws/src/tese_ws/install/sam_bot_description/lib/pkgconfig/sam_bot_description.pc'
[0.415s] Level 1:colcon.colcon_core.environment:checking '/home/rics/tt_ws/src/tese_ws/install/sam_bot_description/lib/python3.10/site-packages'
[0.415s] Level 1:colcon.colcon_core.environment:checking '/home/rics/tt_ws/src/tese_ws/install/sam_bot_description/bin'
[0.415s] INFO:colcon.colcon_core.shell:Creating package script '/home/rics/tt_ws/src/tese_ws/install/sam_bot_description/share/sam_bot_description/package.ps1'
[0.416s] INFO:colcon.colcon_core.shell:Creating package descriptor '/home/rics/tt_ws/src/tese_ws/install/sam_bot_description/share/sam_bot_description/package.dsv'
[0.417s] INFO:colcon.colcon_core.shell:Creating package script '/home/rics/tt_ws/src/tese_ws/install/sam_bot_description/share/sam_bot_description/package.sh'
[0.418s] INFO:colcon.colcon_core.shell:Creating package script '/home/rics/tt_ws/src/tese_ws/install/sam_bot_description/share/sam_bot_description/package.bash'
[0.419s] INFO:colcon.colcon_core.shell:Creating package script '/home/rics/tt_ws/src/tese_ws/install/sam_bot_description/share/sam_bot_description/package.zsh'
[0.420s] Level 1:colcon.colcon_core.environment:create_file_with_runtime_dependencies(/home/rics/tt_ws/src/tese_ws/install/sam_bot_description/share/colcon-core/packages/sam_bot_description)
[0.421s] Level 1:colcon.colcon_core.environment:create_environment_scripts_only(sam_bot_description)
[0.421s] Level 1:colcon.colcon_core.environment:checking '/home/rics/tt_ws/src/tese_ws/install/sam_bot_description' for CMake module files
[0.422s] Level 1:colcon.colcon_core.environment:checking '/home/rics/tt_ws/src/tese_ws/install/sam_bot_description' for CMake config files
[0.426s] Level 1:colcon.colcon_core.shell:create_environment_hook('sam_bot_description', 'cmake_prefix_path')
[0.426s] INFO:colcon.colcon_core.shell:Creating environment hook '/home/rics/tt_ws/src/tese_ws/install/sam_bot_description/share/sam_bot_description/hook/cmake_prefix_path.ps1'
[0.428s] INFO:colcon.colcon_core.shell:Creating environment descriptor '/home/rics/tt_ws/src/tese_ws/install/sam_bot_description/share/sam_bot_description/hook/cmake_prefix_path.dsv'
[0.430s] INFO:colcon.colcon_core.shell:Creating environment hook '/home/rics/tt_ws/src/tese_ws/install/sam_bot_description/share/sam_bot_description/hook/cmake_prefix_path.sh'
[0.431s] DEBUG:colcon.colcon_core.event_handler.log_command:Invoked command in '/home/rics/tt_ws/src/tese_ws/build/sam_bot_description' returned '0': CMAKE_PREFIX_PATH=${CMAKE_PREFIX_PATH}:/opt/ros/humble /usr/bin/cmake --install /home/rics/tt_ws/src/tese_ws/build/sam_bot_description
[0.432s] Level 1:colcon.colcon_core.environment:checking '/home/rics/tt_ws/src/tese_ws/install/sam_bot_description/bin'
[0.432s] Level 1:colcon.colcon_core.environment:checking '/home/rics/tt_ws/src/tese_ws/install/sam_bot_description/lib/pkgconfig/sam_bot_description.pc'
[0.432s] Level 1:colcon.colcon_core.environment:checking '/home/rics/tt_ws/src/tese_ws/install/sam_bot_description/lib/python3.10/site-packages'
[0.432s] Level 1:colcon.colcon_core.environment:checking '/home/rics/tt_ws/src/tese_ws/install/sam_bot_description/bin'
[0.432s] INFO:colcon.colcon_core.shell:Creating package script '/home/rics/tt_ws/src/tese_ws/install/sam_bot_description/share/sam_bot_description/package.ps1'
[0.433s] INFO:colcon.colcon_core.shell:Creating package descriptor '/home/rics/tt_ws/src/tese_ws/install/sam_bot_description/share/sam_bot_description/package.dsv'
[0.434s] INFO:colcon.colcon_core.shell:Creating package script '/home/rics/tt_ws/src/tese_ws/install/sam_bot_description/share/sam_bot_description/package.sh'
[0.435s] INFO:colcon.colcon_core.shell:Creating package script '/home/rics/tt_ws/src/tese_ws/install/sam_bot_description/share/sam_bot_description/package.bash'
[0.437s] INFO:colcon.colcon_core.shell:Creating package script '/home/rics/tt_ws/src/tese_ws/install/sam_bot_description/share/sam_bot_description/package.zsh'
[0.437s] Level 1:colcon.colcon_core.environment:create_file_with_runtime_dependencies(/home/rics/tt_ws/src/tese_ws/install/sam_bot_description/share/colcon-core/packages/sam_bot_description)
[0.438s] Level 1:colcon.colcon_core.environment:create_environment_scripts_only(novamob_description)
[0.438s] Level 1:colcon.colcon_core.environment:checking '/home/rics/tt_ws/src/tese_ws/install/novamob_description' for CMake module files
[0.439s] Level 1:colcon.colcon_core.environment:checking '/home/rics/tt_ws/src/tese_ws/install/novamob_description' for CMake config files
[0.448s] DEBUG:colcon.colcon_core.event_handler.log_command:Invoked command in '/home/rics/tt_ws/src/tese_ws/build/novamob_description' returned '0': CMAKE_PREFIX_PATH=${CMAKE_PREFIX_PATH}:/opt/ros/humble /usr/bin/cmake --install /home/rics/tt_ws/src/tese_ws/build/novamob_description
[0.449s] Level 1:colcon.colcon_core.shell:create_environment_hook('novamob_description', 'cmake_prefix_path')
[0.449s] INFO:colcon.colcon_core.shell:Creating environment hook '/home/rics/tt_ws/src/tese_ws/install/novamob_description/share/novamob_description/hook/cmake_prefix_path.ps1'
[0.449s] INFO:colcon.colcon_core.shell:Creating environment descriptor '/home/rics/tt_ws/src/tese_ws/install/novamob_description/share/novamob_description/hook/cmake_prefix_path.dsv'
[0.449s] INFO:colcon.colcon_core.shell:Creating environment hook '/home/rics/tt_ws/src/tese_ws/install/novamob_description/share/novamob_description/hook/cmake_prefix_path.sh'
[0.450s] Level 1:colcon.colcon_core.environment:checking '/home/rics/tt_ws/src/tese_ws/install/novamob_description/bin'
[0.450s] Level 1:colcon.colcon_core.environment:checking '/home/rics/tt_ws/src/tese_ws/install/novamob_description/lib/pkgconfig/novamob_description.pc'
[0.450s] Level 1:colcon.colcon_core.environment:checking '/home/rics/tt_ws/src/tese_ws/install/novamob_description/lib/python3.10/site-packages'
[0.450s] Level 1:colcon.colcon_core.environment:checking '/home/rics/tt_ws/src/tese_ws/install/novamob_description/bin'
[0.450s] INFO:colcon.colcon_core.shell:Creating package script '/home/rics/tt_ws/src/tese_ws/install/novamob_description/share/novamob_description/package.ps1'
[0.451s] INFO:colcon.colcon_core.shell:Creating package descriptor '/home/rics/tt_ws/src/tese_ws/install/novamob_description/share/novamob_description/package.dsv'
[0.451s] INFO:colcon.colcon_core.shell:Creating package script '/home/rics/tt_ws/src/tese_ws/install/novamob_description/share/novamob_description/package.sh'
[0.451s] INFO:colcon.colcon_core.shell:Creating package script '/home/rics/tt_ws/src/tese_ws/install/novamob_description/share/novamob_description/package.bash'
[0.451s] INFO:colcon.colcon_core.shell:Creating package script '/home/rics/tt_ws/src/tese_ws/install/novamob_description/share/novamob_description/package.zsh'
[0.452s] Level 1:colcon.colcon_core.environment:create_file_with_runtime_dependencies(/home/rics/tt_ws/src/tese_ws/install/novamob_description/share/colcon-core/packages/novamob_description)
[0.452s] Level 1:colcon.colcon_core.environment:create_environment_scripts_only(novamob_description)
[0.452s] Level 1:colcon.colcon_core.environment:checking '/home/rics/tt_ws/src/tese_ws/install/novamob_description' for CMake module files
[0.453s] Level 1:colcon.colcon_core.environment:checking '/home/rics/tt_ws/src/tese_ws/install/novamob_description' for CMake config files
[0.453s] Level 1:colcon.colcon_core.shell:create_environment_hook('novamob_description', 'cmake_prefix_path')
[0.453s] INFO:colcon.colcon_core.shell:Creating environment hook '/home/rics/tt_ws/src/tese_ws/install/novamob_description/share/novamob_description/hook/cmake_prefix_path.ps1'
[0.454s] INFO:colcon.colcon_core.shell:Creating environment descriptor '/home/rics/tt_ws/src/tese_ws/install/novamob_description/share/novamob_description/hook/cmake_prefix_path.dsv'
[0.454s] INFO:colcon.colcon_core.shell:Creating environment hook '/home/rics/tt_ws/src/tese_ws/install/novamob_description/share/novamob_description/hook/cmake_prefix_path.sh'
[0.454s] Level 1:colcon.colcon_core.environment:checking '/home/rics/tt_ws/src/tese_ws/install/novamob_description/bin'
[0.454s] Level 1:colcon.colcon_core.environment:checking '/home/rics/tt_ws/src/tese_ws/install/novamob_description/lib/pkgconfig/novamob_description.pc'
[0.454s] Level 1:colcon.colcon_core.environment:checking '/home/rics/tt_ws/src/tese_ws/install/novamob_description/lib/python3.10/site-packages'
[0.455s] Level 1:colcon.colcon_core.environment:checking '/home/rics/tt_ws/src/tese_ws/install/novamob_description/bin'
[0.455s] INFO:colcon.colcon_core.shell:Creating package script '/home/rics/tt_ws/src/tese_ws/install/novamob_description/share/novamob_description/package.ps1'
[0.455s] INFO:colcon.colcon_core.shell:Creating package descriptor '/home/rics/tt_ws/src/tese_ws/install/novamob_description/share/novamob_description/package.dsv'
[0.455s] INFO:colcon.colcon_core.shell:Creating package script '/home/rics/tt_ws/src/tese_ws/install/novamob_description/share/novamob_description/package.sh'
[0.456s] INFO:colcon.colcon_core.shell:Creating package script '/home/rics/tt_ws/src/tese_ws/install/novamob_description/share/novamob_description/package.bash'
[0.456s] INFO:colcon.colcon_core.shell:Creating package script '/home/rics/tt_ws/src/tese_ws/install/novamob_description/share/novamob_description/package.zsh'
[0.456s] Level 1:colcon.colcon_core.environment:create_file_with_runtime_dependencies(/home/rics/tt_ws/src/tese_ws/install/novamob_description/share/colcon-core/packages/novamob_description)
[0.459s] Level 1:colcon.colcon_core.environment:create_environment_scripts_only(scout_description)
[0.459s] DEBUG:colcon.colcon_core.event_handler.log_command:Invoked command in '/home/rics/tt_ws/src/tese_ws/build/scout_nav2_gz' returned '0': CMAKE_PREFIX_PATH=${CMAKE_PREFIX_PATH}:/opt/ros/humble /usr/bin/cmake --build /home/rics/tt_ws/src/tese_ws/build/scout_nav2_gz -- -j8 -l8
[0.459s] Level 1:colcon.colcon_core.environment:checking '/home/rics/tt_ws/src/tese_ws/install/scout_description' for CMake module files
[0.459s] DEBUG:colcon.colcon_core.event_handler.log_command:Invoking command in '/home/rics/tt_ws/src/tese_ws/build/scout_nav2_gz': CMAKE_PREFIX_PATH=${CMAKE_PREFIX_PATH}:/opt/ros/humble /usr/bin/cmake --install /home/rics/tt_ws/src/tese_ws/build/scout_nav2_gz
[0.460s] DEBUG:colcon.colcon_core.event_handler.log_command:Invoked command in '/home/rics/tt_ws/src/tese_ws/build/scout_description' returned '0': CMAKE_PREFIX_PATH=${CMAKE_PREFIX_PATH}:/opt/ros/humble /usr/bin/cmake --install /home/rics/tt_ws/src/tese_ws/build/scout_description
[0.460s] Level 1:colcon.colcon_core.environment:checking '/home/rics/tt_ws/src/tese_ws/install/scout_description' for CMake config files
[0.461s] Level 1:colcon.colcon_core.shell:create_environment_hook('scout_description', 'cmake_prefix_path')
[0.461s] INFO:colcon.colcon_core.shell:Creating environment hook '/home/rics/tt_ws/src/tese_ws/install/scout_description/share/scout_description/hook/cmake_prefix_path.ps1'
[0.461s] INFO:colcon.colcon_core.shell:Creating environment descriptor '/home/rics/tt_ws/src/tese_ws/install/scout_description/share/scout_description/hook/cmake_prefix_path.dsv'
[0.461s] INFO:colcon.colcon_core.shell:Creating environment hook '/home/rics/tt_ws/src/tese_ws/install/scout_description/share/scout_description/hook/cmake_prefix_path.sh'
[0.462s] Level 1:colcon.colcon_core.environment:checking '/home/rics/tt_ws/src/tese_ws/install/scout_description/bin'
[0.462s] Level 1:colcon.colcon_core.environment:checking '/home/rics/tt_ws/src/tese_ws/install/scout_description/lib/pkgconfig/scout_description.pc'
[0.462s] Level 1:colcon.colcon_core.environment:checking '/home/rics/tt_ws/src/tese_ws/install/scout_description/lib/python3.10/site-packages'
[0.462s] Level 1:colcon.colcon_core.environment:checking '/home/rics/tt_ws/src/tese_ws/install/scout_description/bin'
[0.463s] INFO:colcon.colcon_core.shell:Creating package script '/home/rics/tt_ws/src/tese_ws/install/scout_description/share/scout_description/package.ps1'
[0.463s] INFO:colcon.colcon_core.shell:Creating package descriptor '/home/rics/tt_ws/src/tese_ws/install/scout_description/share/scout_description/package.dsv'
[0.463s] INFO:colcon.colcon_core.shell:Creating package script '/home/rics/tt_ws/src/tese_ws/install/scout_description/share/scout_description/package.sh'
[0.464s] INFO:colcon.colcon_core.shell:Creating package script '/home/rics/tt_ws/src/tese_ws/install/scout_description/share/scout_description/package.bash'
[0.465s] INFO:colcon.colcon_core.shell:Creating package script '/home/rics/tt_ws/src/tese_ws/install/scout_description/share/scout_description/package.zsh'
[0.465s] Level 1:colcon.colcon_core.environment:create_file_with_runtime_dependencies(/home/rics/tt_ws/src/tese_ws/install/scout_description/share/colcon-core/packages/scout_description)
[0.467s] Level 1:colcon.colcon_core.environment:create_environment_scripts_only(scout_description)
[0.467s] Level 1:colcon.colcon_core.environment:checking '/home/rics/tt_ws/src/tese_ws/install/scout_description' for CMake module files
[0.469s] Level 1:colcon.colcon_core.environment:checking '/home/rics/tt_ws/src/tese_ws/install/scout_description' for CMake config files
[0.488s] Level 1:colcon.colcon_core.shell:create_environment_hook('scout_description', 'cmake_prefix_path')
[0.488s] INFO:colcon.colcon_core.shell:Creating environment hook '/home/rics/tt_ws/src/tese_ws/install/scout_description/share/scout_description/hook/cmake_prefix_path.ps1'
[0.489s] INFO:colcon.colcon_core.shell:Creating environment descriptor '/home/rics/tt_ws/src/tese_ws/install/scout_description/share/scout_description/hook/cmake_prefix_path.dsv'
[0.489s] INFO:colcon.colcon_core.shell:Creating environment hook '/home/rics/tt_ws/src/tese_ws/install/scout_description/share/scout_description/hook/cmake_prefix_path.sh'
[0.491s] Level 1:colcon.colcon_core.environment:checking '/home/rics/tt_ws/src/tese_ws/install/scout_description/bin'
[0.491s] Level 1:colcon.colcon_core.environment:checking '/home/rics/tt_ws/src/tese_ws/install/scout_description/lib/pkgconfig/scout_description.pc'
[0.491s] Level 1:colcon.colcon_core.environment:checking '/home/rics/tt_ws/src/tese_ws/install/scout_description/lib/python3.10/site-packages'
[0.491s] Level 1:colcon.colcon_core.environment:checking '/home/rics/tt_ws/src/tese_ws/install/scout_description/bin'
[0.491s] INFO:colcon.colcon_core.shell:Creating package script '/home/rics/tt_ws/src/tese_ws/install/scout_description/share/scout_description/package.ps1'
[0.492s] INFO:colcon.colcon_core.shell:Creating package descriptor '/home/rics/tt_ws/src/tese_ws/install/scout_description/share/scout_description/package.dsv'
[0.493s] INFO:colcon.colcon_core.shell:Creating package script '/home/rics/tt_ws/src/tese_ws/install/scout_description/share/scout_description/package.sh'
[0.494s] INFO:colcon.colcon_core.shell:Creating package script '/home/rics/tt_ws/src/tese_ws/install/scout_description/share/scout_description/package.bash'
[0.496s] INFO:colcon.colcon_core.shell:Creating package script '/home/rics/tt_ws/src/tese_ws/install/scout_description/share/scout_description/package.zsh'
[0.496s] Level 1:colcon.colcon_core.environment:create_file_with_runtime_dependencies(/home/rics/tt_ws/src/tese_ws/install/scout_description/share/colcon-core/packages/scout_description)
[0.497s] Level 1:colcon.colcon_core.environment:create_environment_scripts_only(novamob_nav2_gz)
[0.497s] Level 1:colcon.colcon_core.environment:checking '/home/rics/tt_ws/src/tese_ws/install/novamob_nav2_gz' for CMake module files
[0.498s] DEBUG:colcon.colcon_core.event_handler.log_command:Invoked command in '/home/rics/tt_ws/src/tese_ws/build/novamob_nav2_gz' returned '0': CMAKE_PREFIX_PATH=${CMAKE_PREFIX_PATH}:/opt/ros/humble /usr/bin/cmake --install /home/rics/tt_ws/src/tese_ws/build/novamob_nav2_gz
[0.498s] Level 1:colcon.colcon_core.environment:checking '/home/rics/tt_ws/src/tese_ws/install/novamob_nav2_gz' for CMake config files
[0.499s] Level 1:colcon.colcon_core.shell:create_environment_hook('novamob_nav2_gz', 'cmake_prefix_path')
[0.499s] INFO:colcon.colcon_core.shell:Creating environment hook '/home/rics/tt_ws/src/tese_ws/install/novamob_nav2_gz/share/novamob_nav2_gz/hook/cmake_prefix_path.ps1'
[0.499s] INFO:colcon.colcon_core.shell:Creating environment descriptor '/home/rics/tt_ws/src/tese_ws/install/novamob_nav2_gz/share/novamob_nav2_gz/hook/cmake_prefix_path.dsv'
[0.500s] INFO:colcon.colcon_core.shell:Creating environment hook '/home/rics/tt_ws/src/tese_ws/install/novamob_nav2_gz/share/novamob_nav2_gz/hook/cmake_prefix_path.sh'
[0.500s] Level 1:colcon.colcon_core.environment:checking '/home/rics/tt_ws/src/tese_ws/install/novamob_nav2_gz/lib'
[0.500s] Level 1:colcon.colcon_core.environment:checking '/home/rics/tt_ws/src/tese_ws/install/novamob_nav2_gz/bin'
[0.500s] Level 1:colcon.colcon_core.environment:checking '/home/rics/tt_ws/src/tese_ws/install/novamob_nav2_gz/lib/pkgconfig/novamob_nav2_gz.pc'
[0.500s] Level 1:colcon.colcon_core.environment:checking '/home/rics/tt_ws/src/tese_ws/install/novamob_nav2_gz/lib/python3.10/site-packages'
[0.501s] Level 1:colcon.colcon_core.environment:checking '/home/rics/tt_ws/src/tese_ws/install/novamob_nav2_gz/bin'
[0.501s] INFO:colcon.colcon_core.shell:Creating package script '/home/rics/tt_ws/src/tese_ws/install/novamob_nav2_gz/share/novamob_nav2_gz/package.ps1'
[0.501s] INFO:colcon.colcon_core.shell:Creating package descriptor '/home/rics/tt_ws/src/tese_ws/install/novamob_nav2_gz/share/novamob_nav2_gz/package.dsv'
[0.501s] INFO:colcon.colcon_core.shell:Creating package script '/home/rics/tt_ws/src/tese_ws/install/novamob_nav2_gz/share/novamob_nav2_gz/package.sh'
[0.502s] INFO:colcon.colcon_core.shell:Creating package script '/home/rics/tt_ws/src/tese_ws/install/novamob_nav2_gz/share/novamob_nav2_gz/package.bash'
[0.502s] INFO:colcon.colcon_core.shell:Creating package script '/home/rics/tt_ws/src/tese_ws/install/novamob_nav2_gz/share/novamob_nav2_gz/package.zsh'
[0.502s] Level 1:colcon.colcon_core.environment:create_file_with_runtime_dependencies(/home/rics/tt_ws/src/tese_ws/install/novamob_nav2_gz/share/colcon-core/packages/novamob_nav2_gz)
[0.503s] Level 1:colcon.colcon_core.environment:create_environment_scripts_only(novamob_nav2_gz)
[0.503s] Level 1:colcon.colcon_core.environment:checking '/home/rics/tt_ws/src/tese_ws/install/novamob_nav2_gz' for CMake module files
[0.503s] Level 1:colcon.colcon_core.environment:checking '/home/rics/tt_ws/src/tese_ws/install/novamob_nav2_gz' for CMake config files
[0.504s] Level 1:colcon.colcon_core.shell:create_environment_hook('novamob_nav2_gz', 'cmake_prefix_path')
[0.504s] INFO:colcon.colcon_core.shell:Creating environment hook '/home/rics/tt_ws/src/tese_ws/install/novamob_nav2_gz/share/novamob_nav2_gz/hook/cmake_prefix_path.ps1'
[0.505s] INFO:colcon.colcon_core.shell:Creating environment descriptor '/home/rics/tt_ws/src/tese_ws/install/novamob_nav2_gz/share/novamob_nav2_gz/hook/cmake_prefix_path.dsv'
[0.505s] INFO:colcon.colcon_core.shell:Creating environment hook '/home/rics/tt_ws/src/tese_ws/install/novamob_nav2_gz/share/novamob_nav2_gz/hook/cmake_prefix_path.sh'
[0.505s] Level 1:colcon.colcon_core.environment:checking '/home/rics/tt_ws/src/tese_ws/install/novamob_nav2_gz/lib'
[0.505s] Level 1:colcon.colcon_core.environment:checking '/home/rics/tt_ws/src/tese_ws/install/novamob_nav2_gz/bin'
[0.506s] Level 1:colcon.colcon_core.environment:checking '/home/rics/tt_ws/src/tese_ws/install/novamob_nav2_gz/lib/pkgconfig/novamob_nav2_gz.pc'
[0.506s] Level 1:colcon.colcon_core.environment:checking '/home/rics/tt_ws/src/tese_ws/install/novamob_nav2_gz/lib/python3.10/site-packages'
[0.506s] Level 1:colcon.colcon_core.environment:checking '/home/rics/tt_ws/src/tese_ws/install/novamob_nav2_gz/bin'
[0.506s] INFO:colcon.colcon_core.shell:Creating package script '/home/rics/tt_ws/src/tese_ws/install/novamob_nav2_gz/share/novamob_nav2_gz/package.ps1'
[0.506s] INFO:colcon.colcon_core.shell:Creating package descriptor '/home/rics/tt_ws/src/tese_ws/install/novamob_nav2_gz/share/novamob_nav2_gz/package.dsv'
[0.507s] INFO:colcon.colcon_core.shell:Creating package script '/home/rics/tt_ws/src/tese_ws/install/novamob_nav2_gz/share/novamob_nav2_gz/package.sh'
[0.507s] INFO:colcon.colcon_core.shell:Creating package script '/home/rics/tt_ws/src/tese_ws/install/novamob_nav2_gz/share/novamob_nav2_gz/package.bash'
[0.507s] INFO:colcon.colcon_core.shell:Creating package script '/home/rics/tt_ws/src/tese_ws/install/novamob_nav2_gz/share/novamob_nav2_gz/package.zsh'
[0.508s] Level 1:colcon.colcon_core.environment:create_file_with_runtime_dependencies(/home/rics/tt_ws/src/tese_ws/install/novamob_nav2_gz/share/colcon-core/packages/novamob_nav2_gz)
[0.508s] Level 1:colcon.colcon_core.environment:create_environment_scripts_only(sam_bot_nav2_gz)
[0.508s] Level 1:colcon.colcon_core.environment:checking '/home/rics/tt_ws/src/tese_ws/install/sam_bot_nav2_gz' for CMake module files
[0.509s] DEBUG:colcon.colcon_core.event_handler.log_command:Invoked command in '/home/rics/tt_ws/src/tese_ws/build/sam_bot_nav2_gz' returned '0': CMAKE_PREFIX_PATH=${CMAKE_PREFIX_PATH}:/opt/ros/humble /usr/bin/cmake --install /home/rics/tt_ws/src/tese_ws/build/sam_bot_nav2_gz
[0.509s] Level 1:colcon.colcon_core.environment:checking '/home/rics/tt_ws/src/tese_ws/install/sam_bot_nav2_gz' for CMake config files
[0.509s] Level 1:colcon.colcon_core.shell:create_environment_hook('sam_bot_nav2_gz', 'cmake_prefix_path')
[0.510s] INFO:colcon.colcon_core.shell:Creating environment hook '/home/rics/tt_ws/src/tese_ws/install/sam_bot_nav2_gz/share/sam_bot_nav2_gz/hook/cmake_prefix_path.ps1'
[0.510s] INFO:colcon.colcon_core.shell:Creating environment descriptor '/home/rics/tt_ws/src/tese_ws/install/sam_bot_nav2_gz/share/sam_bot_nav2_gz/hook/cmake_prefix_path.dsv'
[0.510s] INFO:colcon.colcon_core.shell:Creating environment hook '/home/rics/tt_ws/src/tese_ws/install/sam_bot_nav2_gz/share/sam_bot_nav2_gz/hook/cmake_prefix_path.sh'
[0.510s] Level 1:colcon.colcon_core.environment:checking '/home/rics/tt_ws/src/tese_ws/install/sam_bot_nav2_gz/lib'
[0.511s] Level 1:colcon.colcon_core.environment:checking '/home/rics/tt_ws/src/tese_ws/install/sam_bot_nav2_gz/bin'
[0.511s] Level 1:colcon.colcon_core.environment:checking '/home/rics/tt_ws/src/tese_ws/install/sam_bot_nav2_gz/lib/pkgconfig/sam_bot_nav2_gz.pc'
[0.511s] Level 1:colcon.colcon_core.environment:checking '/home/rics/tt_ws/src/tese_ws/install/sam_bot_nav2_gz/lib/python3.10/site-packages'
[0.511s] Level 1:colcon.colcon_core.environment:checking '/home/rics/tt_ws/src/tese_ws/install/sam_bot_nav2_gz/bin'
[0.511s] INFO:colcon.colcon_core.shell:Creating package script '/home/rics/tt_ws/src/tese_ws/install/sam_bot_nav2_gz/share/sam_bot_nav2_gz/package.ps1'
[0.511s] INFO:colcon.colcon_core.shell:Creating package descriptor '/home/rics/tt_ws/src/tese_ws/install/sam_bot_nav2_gz/share/sam_bot_nav2_gz/package.dsv'
[0.512s] INFO:colcon.colcon_core.shell:Creating package script '/home/rics/tt_ws/src/tese_ws/install/sam_bot_nav2_gz/share/sam_bot_nav2_gz/package.sh'
[0.512s] INFO:colcon.colcon_core.shell:Creating package script '/home/rics/tt_ws/src/tese_ws/install/sam_bot_nav2_gz/share/sam_bot_nav2_gz/package.bash'
[0.512s] INFO:colcon.colcon_core.shell:Creating package script '/home/rics/tt_ws/src/tese_ws/install/sam_bot_nav2_gz/share/sam_bot_nav2_gz/package.zsh'
[0.512s] Level 1:colcon.colcon_core.environment:create_file_with_runtime_dependencies(/home/rics/tt_ws/src/tese_ws/install/sam_bot_nav2_gz/share/colcon-core/packages/sam_bot_nav2_gz)
[0.513s] Level 1:colcon.colcon_core.environment:create_environment_scripts_only(sam_bot_nav2_gz)
[0.513s] Level 1:colcon.colcon_core.environment:checking '/home/rics/tt_ws/src/tese_ws/install/sam_bot_nav2_gz' for CMake module files
[0.513s] Level 1:colcon.colcon_core.environment:checking '/home/rics/tt_ws/src/tese_ws/install/sam_bot_nav2_gz' for CMake config files
[0.514s] Level 1:colcon.colcon_core.shell:create_environment_hook('sam_bot_nav2_gz', 'cmake_prefix_path')
[0.514s] INFO:colcon.colcon_core.shell:Creating environment hook '/home/rics/tt_ws/src/tese_ws/install/sam_bot_nav2_gz/share/sam_bot_nav2_gz/hook/cmake_prefix_path.ps1'
[0.515s] INFO:colcon.colcon_core.shell:Creating environment descriptor '/home/rics/tt_ws/src/tese_ws/install/sam_bot_nav2_gz/share/sam_bot_nav2_gz/hook/cmake_prefix_path.dsv'
[0.515s] INFO:colcon.colcon_core.shell:Creating environment hook '/home/rics/tt_ws/src/tese_ws/install/sam_bot_nav2_gz/share/sam_bot_nav2_gz/hook/cmake_prefix_path.sh'
[0.515s] Level 1:colcon.colcon_core.environment:checking '/home/rics/tt_ws/src/tese_ws/install/sam_bot_nav2_gz/lib'
[0.515s] Level 1:colcon.colcon_core.environment:checking '/home/rics/tt_ws/src/tese_ws/install/sam_bot_nav2_gz/bin'
[0.515s] Level 1:colcon.colcon_core.environment:checking '/home/rics/tt_ws/src/tese_ws/install/sam_bot_nav2_gz/lib/pkgconfig/sam_bot_nav2_gz.pc'
[0.515s] Level 1:colcon.colcon_core.environment:checking '/home/rics/tt_ws/src/tese_ws/install/sam_bot_nav2_gz/lib/python3.10/site-packages'
[0.516s] Level 1:colcon.colcon_core.environment:checking '/home/rics/tt_ws/src/tese_ws/install/sam_bot_nav2_gz/bin'
[0.516s] INFO:colcon.colcon_core.shell:Creating package script '/home/rics/tt_ws/src/tese_ws/install/sam_bot_nav2_gz/share/sam_bot_nav2_gz/package.ps1'
[0.516s] INFO:colcon.colcon_core.shell:Creating package descriptor '/home/rics/tt_ws/src/tese_ws/install/sam_bot_nav2_gz/share/sam_bot_nav2_gz/package.dsv'
[0.517s] INFO:colcon.colcon_core.shell:Creating package script '/home/rics/tt_ws/src/tese_ws/install/sam_bot_nav2_gz/share/sam_bot_nav2_gz/package.sh'
[0.517s] INFO:colcon.colcon_core.shell:Creating package script '/home/rics/tt_ws/src/tese_ws/install/sam_bot_nav2_gz/share/sam_bot_nav2_gz/package.bash'
[0.517s] INFO:colcon.colcon_core.shell:Creating package script '/home/rics/tt_ws/src/tese_ws/install/sam_bot_nav2_gz/share/sam_bot_nav2_gz/package.zsh'
[0.517s] Level 1:colcon.colcon_core.environment:create_file_with_runtime_dependencies(/home/rics/tt_ws/src/tese_ws/install/sam_bot_nav2_gz/share/colcon-core/packages/sam_bot_nav2_gz)
[0.518s] Level 1:colcon.colcon_core.environment:create_environment_scripts_only(scout_nav2_gz)
[0.518s] Level 1:colcon.colcon_core.environment:checking '/home/rics/tt_ws/src/tese_ws/install/scout_nav2_gz' for CMake module files
[0.519s] DEBUG:colcon.colcon_core.event_handler.log_command:Invoked command in '/home/rics/tt_ws/src/tese_ws/build/scout_nav2_gz' returned '0': CMAKE_PREFIX_PATH=${CMAKE_PREFIX_PATH}:/opt/ros/humble /usr/bin/cmake --install /home/rics/tt_ws/src/tese_ws/build/scout_nav2_gz
[0.519s] Level 1:colcon.colcon_core.environment:checking '/home/rics/tt_ws/src/tese_ws/install/scout_nav2_gz' for CMake config files
[0.521s] Level 1:colcon.colcon_core.shell:create_environment_hook('scout_nav2_gz', 'cmake_prefix_path')
[0.522s] INFO:colcon.colcon_core.shell:Creating environment hook '/home/rics/tt_ws/src/tese_ws/install/scout_nav2_gz/share/scout_nav2_gz/hook/cmake_prefix_path.ps1'
[0.522s] INFO:colcon.colcon_core.shell:Creating environment descriptor '/home/rics/tt_ws/src/tese_ws/install/scout_nav2_gz/share/scout_nav2_gz/hook/cmake_prefix_path.dsv'
[0.522s] INFO:colcon.colcon_core.shell:Creating environment hook '/home/rics/tt_ws/src/tese_ws/install/scout_nav2_gz/share/scout_nav2_gz/hook/cmake_prefix_path.sh'
[0.523s] Level 1:colcon.colcon_core.environment:checking '/home/rics/tt_ws/src/tese_ws/install/scout_nav2_gz/lib'
[0.523s] Level 1:colcon.colcon_core.environment:checking '/home/rics/tt_ws/src/tese_ws/install/scout_nav2_gz/bin'
[0.523s] Level 1:colcon.colcon_core.environment:checking '/home/rics/tt_ws/src/tese_ws/install/scout_nav2_gz/lib/pkgconfig/scout_nav2_gz.pc'
[0.523s] Level 1:colcon.colcon_core.environment:checking '/home/rics/tt_ws/src/tese_ws/install/scout_nav2_gz/lib/python3.10/site-packages'
[0.523s] Level 1:colcon.colcon_core.environment:checking '/home/rics/tt_ws/src/tese_ws/install/scout_nav2_gz/bin'
[0.523s] INFO:colcon.colcon_core.shell:Creating package script '/home/rics/tt_ws/src/tese_ws/install/scout_nav2_gz/share/scout_nav2_gz/package.ps1'
[0.524s] INFO:colcon.colcon_core.shell:Creating package descriptor '/home/rics/tt_ws/src/tese_ws/install/scout_nav2_gz/share/scout_nav2_gz/package.dsv'
[0.524s] INFO:colcon.colcon_core.shell:Creating package script '/home/rics/tt_ws/src/tese_ws/install/scout_nav2_gz/share/scout_nav2_gz/package.sh'
[0.524s] INFO:colcon.colcon_core.shell:Creating package script '/home/rics/tt_ws/src/tese_ws/install/scout_nav2_gz/share/scout_nav2_gz/package.bash'
[0.525s] INFO:colcon.colcon_core.shell:Creating package script '/home/rics/tt_ws/src/tese_ws/install/scout_nav2_gz/share/scout_nav2_gz/package.zsh'
[0.525s] Level 1:colcon.colcon_core.environment:create_file_with_runtime_dependencies(/home/rics/tt_ws/src/tese_ws/install/scout_nav2_gz/share/colcon-core/packages/scout_nav2_gz)
[0.525s] Level 1:colcon.colcon_core.environment:create_environment_scripts_only(scout_nav2_gz)
[0.525s] Level 1:colcon.colcon_core.environment:checking '/home/rics/tt_ws/src/tese_ws/install/scout_nav2_gz' for CMake module files
[0.526s] Level 1:colcon.colcon_core.environment:checking '/home/rics/tt_ws/src/tese_ws/install/scout_nav2_gz' for CMake config files
[0.528s] Level 1:colcon.colcon_core.shell:create_environment_hook('scout_nav2_gz', 'cmake_prefix_path')
[0.528s] INFO:colcon.colcon_core.shell:Creating environment hook '/home/rics/tt_ws/src/tese_ws/install/scout_nav2_gz/share/scout_nav2_gz/hook/cmake_prefix_path.ps1'
[0.528s] INFO:colcon.colcon_core.shell:Creating environment descriptor '/home/rics/tt_ws/src/tese_ws/install/scout_nav2_gz/share/scout_nav2_gz/hook/cmake_prefix_path.dsv'
[0.529s] INFO:colcon.colcon_core.shell:Creating environment hook '/home/rics/tt_ws/src/tese_ws/install/scout_nav2_gz/share/scout_nav2_gz/hook/cmake_prefix_path.sh'
[0.529s] Level 1:colcon.colcon_core.environment:checking '/home/rics/tt_ws/src/tese_ws/install/scout_nav2_gz/lib'
[0.529s] Level 1:colcon.colcon_core.environment:checking '/home/rics/tt_ws/src/tese_ws/install/scout_nav2_gz/bin'
[0.529s] Level 1:colcon.colcon_core.environment:checking '/home/rics/tt_ws/src/tese_ws/install/scout_nav2_gz/lib/pkgconfig/scout_nav2_gz.pc'
[0.529s] Level 1:colcon.colcon_core.environment:checking '/home/rics/tt_ws/src/tese_ws/install/scout_nav2_gz/lib/python3.10/site-packages'
[0.529s] Level 1:colcon.colcon_core.environment:checking '/home/rics/tt_ws/src/tese_ws/install/scout_nav2_gz/bin'
[0.530s] INFO:colcon.colcon_core.shell:Creating package script '/home/rics/tt_ws/src/tese_ws/install/scout_nav2_gz/share/scout_nav2_gz/package.ps1'
[0.530s] INFO:colcon.colcon_core.shell:Creating package descriptor '/home/rics/tt_ws/src/tese_ws/install/scout_nav2_gz/share/scout_nav2_gz/package.dsv'
[0.530s] INFO:colcon.colcon_core.shell:Creating package script '/home/rics/tt_ws/src/tese_ws/install/scout_nav2_gz/share/scout_nav2_gz/package.sh'
[0.531s] INFO:colcon.colcon_core.shell:Creating package script '/home/rics/tt_ws/src/tese_ws/install/scout_nav2_gz/share/scout_nav2_gz/package.bash'
[0.531s] INFO:colcon.colcon_core.shell:Creating package script '/home/rics/tt_ws/src/tese_ws/install/scout_nav2_gz/share/scout_nav2_gz/package.zsh'
[0.531s] Level 1:colcon.colcon_core.environment:create_file_with_runtime_dependencies(/home/rics/tt_ws/src/tese_ws/install/scout_nav2_gz/share/colcon-core/packages/scout_nav2_gz)
[0.531s] DEBUG:colcon.colcon_parallel_executor.executor.parallel:closing loop
[0.532s] DEBUG:colcon.colcon_parallel_executor.executor.parallel:loop closed
[0.532s] DEBUG:colcon.colcon_parallel_executor.executor.parallel:run_until_complete finished with '0'
[0.532s] DEBUG:colcon.colcon_core.event_reactor:joining thread
[0.536s] INFO:colcon.colcon_core.plugin_system:Skipping extension 'colcon_notification.desktop_notification.terminal_notifier': Not used on non-Darwin systems
[0.536s] INFO:colcon.colcon_core.plugin_system:Skipping extension 'colcon_notification.desktop_notification.win32': Not used on non-Windows systems
[0.536s] INFO:colcon.colcon_notification.desktop_notification:Sending desktop notification using 'notify2'
[0.544s] DEBUG:colcon.colcon_core.event_reactor:joined thread
[0.544s] INFO:colcon.colcon_core.shell:Creating prefix script '/home/rics/tt_ws/src/tese_ws/install/local_setup.ps1'
[0.545s] INFO:colcon.colcon_core.shell:Creating prefix util module '/home/rics/tt_ws/src/tese_ws/install/_local_setup_util_ps1.py'
[0.546s] INFO:colcon.colcon_core.shell:Creating prefix chain script '/home/rics/tt_ws/src/tese_ws/install/setup.ps1'
[0.547s] INFO:colcon.colcon_core.shell:Creating prefix script '/home/rics/tt_ws/src/tese_ws/install/local_setup.sh'
[0.548s] INFO:colcon.colcon_core.shell:Creating prefix util module '/home/rics/tt_ws/src/tese_ws/install/_local_setup_util_sh.py'
[0.548s] INFO:colcon.colcon_core.shell:Creating prefix chain script '/home/rics/tt_ws/src/tese_ws/install/setup.sh'
[0.549s] INFO:colcon.colcon_core.shell:Creating prefix script '/home/rics/tt_ws/src/tese_ws/install/local_setup.bash'
[0.549s] INFO:colcon.colcon_core.shell:Creating prefix chain script '/home/rics/tt_ws/src/tese_ws/install/setup.bash'
[0.550s] INFO:colcon.colcon_core.shell:Creating prefix script '/home/rics/tt_ws/src/tese_ws/install/local_setup.zsh'
[0.551s] INFO:colcon.colcon_core.shell:Creating prefix chain script '/home/rics/tt_ws/src/tese_ws/install/setup.zsh'
