[0.082s] DEBUG:colcon:Command line arguments: ['/usr/bin/colcon', 'build']
[0.082s] DEBUG:colcon:Parsed command line arguments: Namespace(log_base=None, log_level=None, verb_name='build', build_base='build', install_base='install', merge_install=False, symlink_install=False, test_result_base=None, continue_on_error=False, executor='parallel', parallel_workers=8, event_handlers=None, ignore_user_meta=False, metas=['./colcon.meta'], base_paths=['.'], packages_ignore=None, packages_ignore_regex=None, paths=None, packages_up_to=None, packages_up_to_regex=None, packages_above=None, packages_above_and_dependencies=None, packages_above_depth=None, packages_select_by_dep=None, packages_skip_by_dep=None, packages_skip_up_to=None, packages_select_build_failed=False, packages_skip_build_finished=False, packages_select_test_failures=False, packages_skip_test_passed=False, packages_select=None, packages_skip=None, packages_select_regex=None, packages_skip_regex=None, packages_start=None, packages_end=None, allow_overriding=[], cmake_args=None, cmake_target=None, cmake_target_skip_unavailable=False, cmake_clean_cache=False, cmake_clean_first=False, cmake_force_configure=False, ament_cmake_args=None, catkin_cmake_args=None, catkin_skip_building_tests=False, verb_parser=<colcon_defaults.argument_parser.defaults.DefaultArgumentsDecorator object at 0x76e8c5e49210>, verb_extension=<colcon_core.verb.build.BuildVerb object at 0x76e8c5e48d00>, main=<bound method BuildVerb.main of <colcon_core.verb.build.BuildVerb object at 0x76e8c5e48d00>>)
[0.230s] Level 1:colcon.colcon_core.package_discovery:discover_packages(colcon_meta) check parameters
[0.230s] Level 1:colcon.colcon_core.package_discovery:discover_packages(recursive) check parameters
[0.230s] Level 1:colcon.colcon_core.package_discovery:discover_packages(ignore) check parameters
[0.230s] Level 1:colcon.colcon_core.package_discovery:discover_packages(path) check parameters
[0.230s] Level 1:colcon.colcon_core.package_discovery:discover_packages(colcon_meta) discover
[0.230s] Level 1:colcon.colcon_core.package_discovery:discover_packages(recursive) discover
[0.230s] INFO:colcon.colcon_core.package_discovery:Crawling recursively for packages in '/home/rics/tt_ws/src/tese_ws'
[0.230s] Level 1:colcon.colcon_core.package_identification:_identify(.) by extensions ['ignore', 'ignore_ament_install']
[0.230s] Level 1:colcon.colcon_core.package_identification:_identify(.) by extension 'ignore'
[0.230s] Level 1:colcon.colcon_core.package_identification:_identify(.) by extension 'ignore_ament_install'
[0.230s] Level 1:colcon.colcon_core.package_identification:_identify(.) by extensions ['colcon_pkg']
[0.230s] Level 1:colcon.colcon_core.package_identification:_identify(.) by extension 'colcon_pkg'
[0.230s] Level 1:colcon.colcon_core.package_identification:_identify(.) by extensions ['colcon_meta']
[0.230s] Level 1:colcon.colcon_core.package_identification:_identify(.) by extension 'colcon_meta'
[0.230s] Level 1:colcon.colcon_core.package_identification:_identify(.) by extensions ['ros']
[0.231s] Level 1:colcon.colcon_core.package_identification:_identify(.) by extension 'ros'
[0.239s] Level 1:colcon.colcon_core.package_identification:_identify(.) by extensions ['cmake', 'python']
[0.239s] Level 1:colcon.colcon_core.package_identification:_identify(.) by extension 'cmake'
[0.239s] Level 1:colcon.colcon_core.package_identification:_identify(.) by extension 'python'
[0.239s] Level 1:colcon.colcon_core.package_identification:_identify(.) by extensions ['python_setup_py']
[0.239s] Level 1:colcon.colcon_core.package_identification:_identify(.) by extension 'python_setup_py'
[0.239s] Level 1:colcon.colcon_core.package_identification:_identify(build) by extensions ['ignore', 'ignore_ament_install']
[0.239s] Level 1:colcon.colcon_core.package_identification:_identify(build) by extension 'ignore'
[0.239s] Level 1:colcon.colcon_core.package_identification:_identify(build) ignored
[0.239s] Level 1:colcon.colcon_core.package_identification:_identify(install) by extensions ['ignore', 'ignore_ament_install']
[0.239s] Level 1:colcon.colcon_core.package_identification:_identify(install) by extension 'ignore'
[0.239s] Level 1:colcon.colcon_core.package_identification:_identify(install) ignored
[0.239s] Level 1:colcon.colcon_core.package_identification:_identify(log) by extensions ['ignore', 'ignore_ament_install']
[0.239s] Level 1:colcon.colcon_core.package_identification:_identify(log) by extension 'ignore'
[0.239s] Level 1:colcon.colcon_core.package_identification:_identify(log) ignored
[0.240s] Level 1:colcon.colcon_core.package_identification:_identify(novamob_description) by extensions ['ignore', 'ignore_ament_install']
[0.240s] Level 1:colcon.colcon_core.package_identification:_identify(novamob_description) by extension 'ignore'
[0.240s] Level 1:colcon.colcon_core.package_identification:_identify(novamob_description) by extension 'ignore_ament_install'
[0.240s] Level 1:colcon.colcon_core.package_identification:_identify(novamob_description) by extensions ['colcon_pkg']
[0.240s] Level 1:colcon.colcon_core.package_identification:_identify(novamob_description) by extension 'colcon_pkg'
[0.240s] Level 1:colcon.colcon_core.package_identification:_identify(novamob_description) by extensions ['colcon_meta']
[0.240s] Level 1:colcon.colcon_core.package_identification:_identify(novamob_description) by extension 'colcon_meta'
[0.240s] Level 1:colcon.colcon_core.package_identification:_identify(novamob_description) by extensions ['ros']
[0.240s] Level 1:colcon.colcon_core.package_identification:_identify(novamob_description) by extension 'ros'
[0.242s] DEBUG:colcon.colcon_core.package_identification:Package 'novamob_description' with type 'ros.ament_cmake' and name 'novamob_description'
[0.242s] Level 1:colcon.colcon_core.package_identification:_identify(novamob_nav2_gz) by extensions ['ignore', 'ignore_ament_install']
[0.242s] Level 1:colcon.colcon_core.package_identification:_identify(novamob_nav2_gz) by extension 'ignore'
[0.242s] Level 1:colcon.colcon_core.package_identification:_identify(novamob_nav2_gz) by extension 'ignore_ament_install'
[0.242s] Level 1:colcon.colcon_core.package_identification:_identify(novamob_nav2_gz) by extensions ['colcon_pkg']
[0.242s] Level 1:colcon.colcon_core.package_identification:_identify(novamob_nav2_gz) by extension 'colcon_pkg'
[0.242s] Level 1:colcon.colcon_core.package_identification:_identify(novamob_nav2_gz) by extensions ['colcon_meta']
[0.242s] Level 1:colcon.colcon_core.package_identification:_identify(novamob_nav2_gz) by extension 'colcon_meta'
[0.242s] Level 1:colcon.colcon_core.package_identification:_identify(novamob_nav2_gz) by extensions ['ros']
[0.242s] Level 1:colcon.colcon_core.package_identification:_identify(novamob_nav2_gz) by extension 'ros'
[0.243s] DEBUG:colcon.colcon_core.package_identification:Package 'novamob_nav2_gz' with type 'ros.ament_cmake' and name 'novamob_nav2_gz'
[0.243s] Level 1:colcon.colcon_core.package_identification:_identify(sam_bot_description) by extensions ['ignore', 'ignore_ament_install']
[0.243s] Level 1:colcon.colcon_core.package_identification:_identify(sam_bot_description) by extension 'ignore'
[0.243s] Level 1:colcon.colcon_core.package_identification:_identify(sam_bot_description) by extension 'ignore_ament_install'
[0.243s] Level 1:colcon.colcon_core.package_identification:_identify(sam_bot_description) by extensions ['colcon_pkg']
[0.243s] Level 1:colcon.colcon_core.package_identification:_identify(sam_bot_description) by extension 'colcon_pkg'
[0.243s] Level 1:colcon.colcon_core.package_identification:_identify(sam_bot_description) by extensions ['colcon_meta']
[0.243s] Level 1:colcon.colcon_core.package_identification:_identify(sam_bot_description) by extension 'colcon_meta'
[0.243s] Level 1:colcon.colcon_core.package_identification:_identify(sam_bot_description) by extensions ['ros']
[0.243s] Level 1:colcon.colcon_core.package_identification:_identify(sam_bot_description) by extension 'ros'
[0.243s] DEBUG:colcon.colcon_core.package_identification:Package 'sam_bot_description' with type 'ros.ament_cmake' and name 'sam_bot_description'
[0.243s] Level 1:colcon.colcon_core.package_identification:_identify(sam_bot_nav2_gz) by extensions ['ignore', 'ignore_ament_install']
[0.244s] Level 1:colcon.colcon_core.package_identification:_identify(sam_bot_nav2_gz) by extension 'ignore'
[0.244s] Level 1:colcon.colcon_core.package_identification:_identify(sam_bot_nav2_gz) by extension 'ignore_ament_install'
[0.244s] Level 1:colcon.colcon_core.package_identification:_identify(sam_bot_nav2_gz) by extensions ['colcon_pkg']
[0.244s] Level 1:colcon.colcon_core.package_identification:_identify(sam_bot_nav2_gz) by extension 'colcon_pkg'
[0.244s] Level 1:colcon.colcon_core.package_identification:_identify(sam_bot_nav2_gz) by extensions ['colcon_meta']
[0.244s] Level 1:colcon.colcon_core.package_identification:_identify(sam_bot_nav2_gz) by extension 'colcon_meta'
[0.244s] Level 1:colcon.colcon_core.package_identification:_identify(sam_bot_nav2_gz) by extensions ['ros']
[0.244s] Level 1:colcon.colcon_core.package_identification:_identify(sam_bot_nav2_gz) by extension 'ros'
[0.244s] DEBUG:colcon.colcon_core.package_identification:Package 'sam_bot_nav2_gz' with type 'ros.ament_cmake' and name 'sam_bot_nav2_gz'
[0.244s] Level 1:colcon.colcon_core.package_identification:_identify(scout_description) by extensions ['ignore', 'ignore_ament_install']
[0.244s] Level 1:colcon.colcon_core.package_identification:_identify(scout_description) by extension 'ignore'
[0.244s] Level 1:colcon.colcon_core.package_identification:_identify(scout_description) by extension 'ignore_ament_install'
[0.244s] Level 1:colcon.colcon_core.package_identification:_identify(scout_description) by extensions ['colcon_pkg']
[0.244s] Level 1:colcon.colcon_core.package_identification:_identify(scout_description) by extension 'colcon_pkg'
[0.245s] Level 1:colcon.colcon_core.package_identification:_identify(scout_description) by extensions ['colcon_meta']
[0.245s] Level 1:colcon.colcon_core.package_identification:_identify(scout_description) by extension 'colcon_meta'
[0.245s] Level 1:colcon.colcon_core.package_identification:_identify(scout_description) by extensions ['ros']
[0.245s] Level 1:colcon.colcon_core.package_identification:_identify(scout_description) by extension 'ros'
[0.245s] DEBUG:colcon.colcon_core.package_identification:Package 'scout_description' with type 'ros.ament_cmake' and name 'scout_description'
[0.245s] Level 1:colcon.colcon_core.package_identification:_identify(scout_nav2_gz) by extensions ['ignore', 'ignore_ament_install']
[0.245s] Level 1:colcon.colcon_core.package_identification:_identify(scout_nav2_gz) by extension 'ignore'
[0.245s] Level 1:colcon.colcon_core.package_identification:_identify(scout_nav2_gz) by extension 'ignore_ament_install'
[0.245s] Level 1:colcon.colcon_core.package_identification:_identify(scout_nav2_gz) by extensions ['colcon_pkg']
[0.245s] Level 1:colcon.colcon_core.package_identification:_identify(scout_nav2_gz) by extension 'colcon_pkg'
[0.245s] Level 1:colcon.colcon_core.package_identification:_identify(scout_nav2_gz) by extensions ['colcon_meta']
[0.245s] Level 1:colcon.colcon_core.package_identification:_identify(scout_nav2_gz) by extension 'colcon_meta'
[0.245s] Level 1:colcon.colcon_core.package_identification:_identify(scout_nav2_gz) by extensions ['ros']
[0.245s] Level 1:colcon.colcon_core.package_identification:_identify(scout_nav2_gz) by extension 'ros'
[0.246s] DEBUG:colcon.colcon_core.package_identification:Package 'scout_nav2_gz' with type 'ros.ament_cmake' and name 'scout_nav2_gz'
[0.246s] Level 1:colcon.colcon_core.package_identification:_identify(virtual_maize_field) by extensions ['ignore', 'ignore_ament_install']
[0.246s] Level 1:colcon.colcon_core.package_identification:_identify(virtual_maize_field) by extension 'ignore'
[0.246s] Level 1:colcon.colcon_core.package_identification:_identify(virtual_maize_field) by extension 'ignore_ament_install'
[0.246s] Level 1:colcon.colcon_core.package_identification:_identify(virtual_maize_field) by extensions ['colcon_pkg']
[0.246s] Level 1:colcon.colcon_core.package_identification:_identify(virtual_maize_field) by extension 'colcon_pkg'
[0.247s] Level 1:colcon.colcon_core.package_identification:_identify(virtual_maize_field) by extensions ['colcon_meta']
[0.247s] Level 1:colcon.colcon_core.package_identification:_identify(virtual_maize_field) by extension 'colcon_meta'
[0.247s] Level 1:colcon.colcon_core.package_identification:_identify(virtual_maize_field) by extensions ['ros']
[0.247s] Level 1:colcon.colcon_core.package_identification:_identify(virtual_maize_field) by extension 'ros'
[0.247s] Level 1:colcon.colcon_core.package_identification:_identify(virtual_maize_field) by extensions ['cmake', 'python']
[0.247s] Level 1:colcon.colcon_core.package_identification:_identify(virtual_maize_field) by extension 'cmake'
[0.247s] Level 1:colcon.colcon_core.package_identification:_identify(virtual_maize_field) by extension 'python'
[0.247s] Level 1:colcon.colcon_core.package_identification:_identify(virtual_maize_field) by extensions ['python_setup_py']
[0.247s] Level 1:colcon.colcon_core.package_identification:_identify(virtual_maize_field) by extension 'python_setup_py'
[0.247s] Level 1:colcon.colcon_core.package_discovery:discover_packages(recursive) using defaults
[0.247s] Level 1:colcon.colcon_core.package_discovery:discover_packages(ignore) discover
[0.247s] Level 1:colcon.colcon_core.package_discovery:discover_packages(ignore) using defaults
[0.247s] Level 1:colcon.colcon_core.package_discovery:discover_packages(path) discover
[0.247s] Level 1:colcon.colcon_core.package_discovery:discover_packages(path) using defaults
[0.270s] Level 1:colcon.colcon_core.package_discovery:discover_packages(prefix_path) check parameters
[0.270s] Level 1:colcon.colcon_core.package_discovery:discover_packages(prefix_path) discover
[0.272s] DEBUG:colcon.colcon_installed_package_information.package_discovery:Found 6 installed packages in /home/rics/tt_ws/src/tese_ws/install
[0.272s] DEBUG:colcon.colcon_installed_package_information.package_discovery:Found 6 installed packages in /home/rics/tt_ws/install
[0.274s] DEBUG:colcon.colcon_installed_package_information.package_discovery:Found 391 installed packages in /opt/ros/humble
[0.275s] Level 1:colcon.colcon_core.package_discovery:discover_packages(prefix_path) using defaults
[0.313s] Level 5:colcon.colcon_core.verb:set package 'novamob_description' build argument 'cmake_args' from command line to 'None'
[0.313s] Level 5:colcon.colcon_core.verb:set package 'novamob_description' build argument 'cmake_target' from command line to 'None'
[0.313s] Level 5:colcon.colcon_core.verb:set package 'novamob_description' build argument 'cmake_target_skip_unavailable' from command line to 'False'
[0.313s] Level 5:colcon.colcon_core.verb:set package 'novamob_description' build argument 'cmake_clean_cache' from command line to 'False'
[0.313s] Level 5:colcon.colcon_core.verb:set package 'novamob_description' build argument 'cmake_clean_first' from command line to 'False'
[0.314s] Level 5:colcon.colcon_core.verb:set package 'novamob_description' build argument 'cmake_force_configure' from command line to 'False'
[0.314s] Level 5:colcon.colcon_core.verb:set package 'novamob_description' build argument 'ament_cmake_args' from command line to 'None'
[0.314s] Level 5:colcon.colcon_core.verb:set package 'novamob_description' build argument 'catkin_cmake_args' from command line to 'None'
[0.314s] Level 5:colcon.colcon_core.verb:set package 'novamob_description' build argument 'catkin_skip_building_tests' from command line to 'False'
[0.314s] DEBUG:colcon.colcon_core.verb:Building package 'novamob_description' with the following arguments: {'ament_cmake_args': None, 'build_base': '/home/rics/tt_ws/src/tese_ws/build/novamob_description', 'catkin_cmake_args': None, 'catkin_skip_building_tests': False, 'cmake_args': None, 'cmake_clean_cache': False, 'cmake_clean_first': False, 'cmake_force_configure': False, 'cmake_target': None, 'cmake_target_skip_unavailable': False, 'install_base': '/home/rics/tt_ws/src/tese_ws/install/novamob_description', 'merge_install': False, 'path': '/home/rics/tt_ws/src/tese_ws/novamob_description', 'symlink_install': False, 'test_result_base': None}
[0.314s] Level 5:colcon.colcon_core.verb:set package 'novamob_nav2_gz' build argument 'cmake_args' from command line to 'None'
[0.314s] Level 5:colcon.colcon_core.verb:set package 'novamob_nav2_gz' build argument 'cmake_target' from command line to 'None'
[0.314s] Level 5:colcon.colcon_core.verb:set package 'novamob_nav2_gz' build argument 'cmake_target_skip_unavailable' from command line to 'False'
[0.314s] Level 5:colcon.colcon_core.verb:set package 'novamob_nav2_gz' build argument 'cmake_clean_cache' from command line to 'False'
[0.314s] Level 5:colcon.colcon_core.verb:set package 'novamob_nav2_gz' build argument 'cmake_clean_first' from command line to 'False'
[0.314s] Level 5:colcon.colcon_core.verb:set package 'novamob_nav2_gz' build argument 'cmake_force_configure' from command line to 'False'
[0.314s] Level 5:colcon.colcon_core.verb:set package 'novamob_nav2_gz' build argument 'ament_cmake_args' from command line to 'None'
[0.314s] Level 5:colcon.colcon_core.verb:set package 'novamob_nav2_gz' build argument 'catkin_cmake_args' from command line to 'None'
[0.314s] Level 5:colcon.colcon_core.verb:set package 'novamob_nav2_gz' build argument 'catkin_skip_building_tests' from command line to 'False'
[0.314s] DEBUG:colcon.colcon_core.verb:Building package 'novamob_nav2_gz' with the following arguments: {'ament_cmake_args': None, 'build_base': '/home/rics/tt_ws/src/tese_ws/build/novamob_nav2_gz', 'catkin_cmake_args': None, 'catkin_skip_building_tests': False, 'cmake_args': None, 'cmake_clean_cache': False, 'cmake_clean_first': False, 'cmake_force_configure': False, 'cmake_target': None, 'cmake_target_skip_unavailable': False, 'install_base': '/home/rics/tt_ws/src/tese_ws/install/novamob_nav2_gz', 'merge_install': False, 'path': '/home/rics/tt_ws/src/tese_ws/novamob_nav2_gz', 'symlink_install': False, 'test_result_base': None}
[0.314s] Level 5:colcon.colcon_core.verb:set package 'sam_bot_description' build argument 'cmake_args' from command line to 'None'
[0.314s] Level 5:colcon.colcon_core.verb:set package 'sam_bot_description' build argument 'cmake_target' from command line to 'None'
[0.314s] Level 5:colcon.colcon_core.verb:set package 'sam_bot_description' build argument 'cmake_target_skip_unavailable' from command line to 'False'
[0.314s] Level 5:colcon.colcon_core.verb:set package 'sam_bot_description' build argument 'cmake_clean_cache' from command line to 'False'
[0.314s] Level 5:colcon.colcon_core.verb:set package 'sam_bot_description' build argument 'cmake_clean_first' from command line to 'False'
[0.314s] Level 5:colcon.colcon_core.verb:set package 'sam_bot_description' build argument 'cmake_force_configure' from command line to 'False'
[0.314s] Level 5:colcon.colcon_core.verb:set package 'sam_bot_description' build argument 'ament_cmake_args' from command line to 'None'
[0.314s] Level 5:colcon.colcon_core.verb:set package 'sam_bot_description' build argument 'catkin_cmake_args' from command line to 'None'
[0.314s] Level 5:colcon.colcon_core.verb:set package 'sam_bot_description' build argument 'catkin_skip_building_tests' from command line to 'False'
[0.315s] DEBUG:colcon.colcon_core.verb:Building package 'sam_bot_description' with the following arguments: {'ament_cmake_args': None, 'build_base': '/home/rics/tt_ws/src/tese_ws/build/sam_bot_description', 'catkin_cmake_args': None, 'catkin_skip_building_tests': False, 'cmake_args': None, 'cmake_clean_cache': False, 'cmake_clean_first': False, 'cmake_force_configure': False, 'cmake_target': None, 'cmake_target_skip_unavailable': False, 'install_base': '/home/rics/tt_ws/src/tese_ws/install/sam_bot_description', 'merge_install': False, 'path': '/home/rics/tt_ws/src/tese_ws/sam_bot_description', 'symlink_install': False, 'test_result_base': None}
[0.315s] Level 5:colcon.colcon_core.verb:set package 'sam_bot_nav2_gz' build argument 'cmake_args' from command line to 'None'
[0.315s] Level 5:colcon.colcon_core.verb:set package 'sam_bot_nav2_gz' build argument 'cmake_target' from command line to 'None'
[0.315s] Level 5:colcon.colcon_core.verb:set package 'sam_bot_nav2_gz' build argument 'cmake_target_skip_unavailable' from command line to 'False'
[0.315s] Level 5:colcon.colcon_core.verb:set package 'sam_bot_nav2_gz' build argument 'cmake_clean_cache' from command line to 'False'
[0.315s] Level 5:colcon.colcon_core.verb:set package 'sam_bot_nav2_gz' build argument 'cmake_clean_first' from command line to 'False'
[0.315s] Level 5:colcon.colcon_core.verb:set package 'sam_bot_nav2_gz' build argument 'cmake_force_configure' from command line to 'False'
[0.315s] Level 5:colcon.colcon_core.verb:set package 'sam_bot_nav2_gz' build argument 'ament_cmake_args' from command line to 'None'
[0.315s] Level 5:colcon.colcon_core.verb:set package 'sam_bot_nav2_gz' build argument 'catkin_cmake_args' from command line to 'None'
[0.315s] Level 5:colcon.colcon_core.verb:set package 'sam_bot_nav2_gz' build argument 'catkin_skip_building_tests' from command line to 'False'
[0.315s] DEBUG:colcon.colcon_core.verb:Building package 'sam_bot_nav2_gz' with the following arguments: {'ament_cmake_args': None, 'build_base': '/home/rics/tt_ws/src/tese_ws/build/sam_bot_nav2_gz', 'catkin_cmake_args': None, 'catkin_skip_building_tests': False, 'cmake_args': None, 'cmake_clean_cache': False, 'cmake_clean_first': False, 'cmake_force_configure': False, 'cmake_target': None, 'cmake_target_skip_unavailable': False, 'install_base': '/home/rics/tt_ws/src/tese_ws/install/sam_bot_nav2_gz', 'merge_install': False, 'path': '/home/rics/tt_ws/src/tese_ws/sam_bot_nav2_gz', 'symlink_install': False, 'test_result_base': None}
[0.315s] Level 5:colcon.colcon_core.verb:set package 'scout_description' build argument 'cmake_args' from command line to 'None'
[0.315s] Level 5:colcon.colcon_core.verb:set package 'scout_description' build argument 'cmake_target' from command line to 'None'
[0.315s] Level 5:colcon.colcon_core.verb:set package 'scout_description' build argument 'cmake_target_skip_unavailable' from command line to 'False'
[0.315s] Level 5:colcon.colcon_core.verb:set package 'scout_description' build argument 'cmake_clean_cache' from command line to 'False'
[0.315s] Level 5:colcon.colcon_core.verb:set package 'scout_description' build argument 'cmake_clean_first' from command line to 'False'
[0.315s] Level 5:colcon.colcon_core.verb:set package 'scout_description' build argument 'cmake_force_configure' from command line to 'False'
[0.315s] Level 5:colcon.colcon_core.verb:set package 'scout_description' build argument 'ament_cmake_args' from command line to 'None'
[0.315s] Level 5:colcon.colcon_core.verb:set package 'scout_description' build argument 'catkin_cmake_args' from command line to 'None'
[0.315s] Level 5:colcon.colcon_core.verb:set package 'scout_description' build argument 'catkin_skip_building_tests' from command line to 'False'
[0.315s] DEBUG:colcon.colcon_core.verb:Building package 'scout_description' with the following arguments: {'ament_cmake_args': None, 'build_base': '/home/rics/tt_ws/src/tese_ws/build/scout_description', 'catkin_cmake_args': None, 'catkin_skip_building_tests': False, 'cmake_args': None, 'cmake_clean_cache': False, 'cmake_clean_first': False, 'cmake_force_configure': False, 'cmake_target': None, 'cmake_target_skip_unavailable': False, 'install_base': '/home/rics/tt_ws/src/tese_ws/install/scout_description', 'merge_install': False, 'path': '/home/rics/tt_ws/src/tese_ws/scout_description', 'symlink_install': False, 'test_result_base': None}
[0.316s] Level 5:colcon.colcon_core.verb:set package 'scout_nav2_gz' build argument 'cmake_args' from command line to 'None'
[0.316s] Level 5:colcon.colcon_core.verb:set package 'scout_nav2_gz' build argument 'cmake_target' from command line to 'None'
[0.316s] Level 5:colcon.colcon_core.verb:set package 'scout_nav2_gz' build argument 'cmake_target_skip_unavailable' from command line to 'False'
[0.316s] Level 5:colcon.colcon_core.verb:set package 'scout_nav2_gz' build argument 'cmake_clean_cache' from command line to 'False'
[0.316s] Level 5:colcon.colcon_core.verb:set package 'scout_nav2_gz' build argument 'cmake_clean_first' from command line to 'False'
[0.316s] Level 5:colcon.colcon_core.verb:set package 'scout_nav2_gz' build argument 'cmake_force_configure' from command line to 'False'
[0.316s] Level 5:colcon.colcon_core.verb:set package 'scout_nav2_gz' build argument 'ament_cmake_args' from command line to 'None'
[0.316s] Level 5:colcon.colcon_core.verb:set package 'scout_nav2_gz' build argument 'catkin_cmake_args' from command line to 'None'
[0.316s] Level 5:colcon.colcon_core.verb:set package 'scout_nav2_gz' build argument 'catkin_skip_building_tests' from command line to 'False'
[0.316s] DEBUG:colcon.colcon_core.verb:Building package 'scout_nav2_gz' with the following arguments: {'ament_cmake_args': None, 'build_base': '/home/rics/tt_ws/src/tese_ws/build/scout_nav2_gz', 'catkin_cmake_args': None, 'catkin_skip_building_tests': False, 'cmake_args': None, 'cmake_clean_cache': False, 'cmake_clean_first': False, 'cmake_force_configure': False, 'cmake_target': None, 'cmake_target_skip_unavailable': False, 'install_base': '/home/rics/tt_ws/src/tese_ws/install/scout_nav2_gz', 'merge_install': False, 'path': '/home/rics/tt_ws/src/tese_ws/scout_nav2_gz', 'symlink_install': False, 'test_result_base': None}
[0.316s] INFO:colcon.colcon_core.executor:Executing jobs using 'parallel' executor
[0.317s] DEBUG:colcon.colcon_parallel_executor.executor.parallel:run_until_complete
[0.317s] INFO:colcon.colcon_ros.task.ament_cmake.build:Building ROS package in '/home/rics/tt_ws/src/tese_ws/novamob_description' with build type 'ament_cmake'
[0.317s] INFO:colcon.colcon_cmake.task.cmake.build:Building CMake package in '/home/rics/tt_ws/src/tese_ws/novamob_description'
[0.318s] INFO:colcon.colcon_core.plugin_system:Skipping extension 'colcon_core.shell.bat': Not used on non-Windows systems
[0.319s] INFO:colcon.colcon_core.shell:Skip shell extension 'powershell' for command environment: Not usable outside of PowerShell
[0.319s] DEBUG:colcon.colcon_core.shell:Skip shell extension 'dsv' for command environment
[0.322s] INFO:colcon.colcon_ros.task.ament_cmake.build:Building ROS package in '/home/rics/tt_ws/src/tese_ws/novamob_nav2_gz' with build type 'ament_cmake'
[0.322s] INFO:colcon.colcon_cmake.task.cmake.build:Building CMake package in '/home/rics/tt_ws/src/tese_ws/novamob_nav2_gz'
[0.322s] INFO:colcon.colcon_core.shell:Skip shell extension 'powershell' for command environment: Not usable outside of PowerShell
[0.322s] DEBUG:colcon.colcon_core.shell:Skip shell extension 'dsv' for command environment
[0.326s] INFO:colcon.colcon_ros.task.ament_cmake.build:Building ROS package in '/home/rics/tt_ws/src/tese_ws/sam_bot_description' with build type 'ament_cmake'
[0.326s] INFO:colcon.colcon_cmake.task.cmake.build:Building CMake package in '/home/rics/tt_ws/src/tese_ws/sam_bot_description'
[0.326s] INFO:colcon.colcon_core.shell:Skip shell extension 'powershell' for command environment: Not usable outside of PowerShell
[0.326s] DEBUG:colcon.colcon_core.shell:Skip shell extension 'dsv' for command environment
[0.329s] INFO:colcon.colcon_ros.task.ament_cmake.build:Building ROS package in '/home/rics/tt_ws/src/tese_ws/sam_bot_nav2_gz' with build type 'ament_cmake'
[0.329s] INFO:colcon.colcon_cmake.task.cmake.build:Building CMake package in '/home/rics/tt_ws/src/tese_ws/sam_bot_nav2_gz'
[0.329s] INFO:colcon.colcon_core.shell:Skip shell extension 'powershell' for command environment: Not usable outside of PowerShell
[0.329s] DEBUG:colcon.colcon_core.shell:Skip shell extension 'dsv' for command environment
[0.333s] INFO:colcon.colcon_ros.task.ament_cmake.build:Building ROS package in '/home/rics/tt_ws/src/tese_ws/scout_description' with build type 'ament_cmake'
[0.333s] INFO:colcon.colcon_cmake.task.cmake.build:Building CMake package in '/home/rics/tt_ws/src/tese_ws/scout_description'
[0.333s] INFO:colcon.colcon_core.shell:Skip shell extension 'powershell' for command environment: Not usable outside of PowerShell
[0.333s] DEBUG:colcon.colcon_core.shell:Skip shell extension 'dsv' for command environment
[0.336s] INFO:colcon.colcon_ros.task.ament_cmake.build:Building ROS package in '/home/rics/tt_ws/src/tese_ws/scout_nav2_gz' with build type 'ament_cmake'
[0.336s] INFO:colcon.colcon_cmake.task.cmake.build:Building CMake package in '/home/rics/tt_ws/src/tese_ws/scout_nav2_gz'
[0.337s] INFO:colcon.colcon_core.shell:Skip shell extension 'powershell' for command environment: Not usable outside of PowerShell
[0.337s] DEBUG:colcon.colcon_core.shell:Skip shell extension 'dsv' for command environment
[0.344s] DEBUG:colcon.colcon_core.event_handler.log_command:Invoking command in '/home/rics/tt_ws/src/tese_ws/build/novamob_description': CMAKE_PREFIX_PATH=${CMAKE_PREFIX_PATH}:/opt/ros/humble /usr/bin/cmake --build /home/rics/tt_ws/src/tese_ws/build/novamob_description -- -j8 -l8
[0.346s] DEBUG:colcon.colcon_core.event_handler.log_command:Invoking command in '/home/rics/tt_ws/src/tese_ws/build/novamob_nav2_gz': CMAKE_PREFIX_PATH=${CMAKE_PREFIX_PATH}:/opt/ros/humble /usr/bin/cmake --build /home/rics/tt_ws/src/tese_ws/build/novamob_nav2_gz -- -j8 -l8
[0.347s] DEBUG:colcon.colcon_core.event_handler.log_command:Invoking command in '/home/rics/tt_ws/src/tese_ws/build/sam_bot_description': CMAKE_PREFIX_PATH=${CMAKE_PREFIX_PATH}:/opt/ros/humble /usr/bin/cmake --build /home/rics/tt_ws/src/tese_ws/build/sam_bot_description -- -j8 -l8
[0.349s] DEBUG:colcon.colcon_core.event_handler.log_command:Invoking command in '/home/rics/tt_ws/src/tese_ws/build/sam_bot_nav2_gz': CMAKE_PREFIX_PATH=${CMAKE_PREFIX_PATH}:/opt/ros/humble /usr/bin/cmake --build /home/rics/tt_ws/src/tese_ws/build/sam_bot_nav2_gz -- -j8 -l8
[0.351s] DEBUG:colcon.colcon_core.event_handler.log_command:Invoking command in '/home/rics/tt_ws/src/tese_ws/build/scout_description': CMAKE_PREFIX_PATH=${CMAKE_PREFIX_PATH}:/opt/ros/humble /usr/bin/cmake --build /home/rics/tt_ws/src/tese_ws/build/scout_description -- -j8 -l8
[0.356s] DEBUG:colcon.colcon_core.event_handler.log_command:Invoking command in '/home/rics/tt_ws/src/tese_ws/build/scout_nav2_gz': CMAKE_PREFIX_PATH=${CMAKE_PREFIX_PATH}:/opt/ros/humble /usr/bin/cmake --build /home/rics/tt_ws/src/tese_ws/build/scout_nav2_gz -- -j8 -l8
[0.380s] DEBUG:colcon.colcon_core.event_handler.log_command:Invoked command in '/home/rics/tt_ws/src/tese_ws/build/sam_bot_description' returned '0': CMAKE_PREFIX_PATH=${CMAKE_PREFIX_PATH}:/opt/ros/humble /usr/bin/cmake --build /home/rics/tt_ws/src/tese_ws/build/sam_bot_description -- -j8 -l8
[0.385s] DEBUG:colcon.colcon_core.event_handler.log_command:Invoking command in '/home/rics/tt_ws/src/tese_ws/build/sam_bot_description': CMAKE_PREFIX_PATH=${CMAKE_PREFIX_PATH}:/opt/ros/humble /usr/bin/cmake --install /home/rics/tt_ws/src/tese_ws/build/sam_bot_description
[0.386s] DEBUG:colcon.colcon_core.event_handler.log_command:Invoked command in '/home/rics/tt_ws/src/tese_ws/build/novamob_nav2_gz' returned '0': CMAKE_PREFIX_PATH=${CMAKE_PREFIX_PATH}:/opt/ros/humble /usr/bin/cmake --build /home/rics/tt_ws/src/tese_ws/build/novamob_nav2_gz -- -j8 -l8
[0.387s] DEBUG:colcon.colcon_core.event_handler.log_command:Invoking command in '/home/rics/tt_ws/src/tese_ws/build/novamob_nav2_gz': CMAKE_PREFIX_PATH=${CMAKE_PREFIX_PATH}:/opt/ros/humble /usr/bin/cmake --install /home/rics/tt_ws/src/tese_ws/build/novamob_nav2_gz
[0.388s] DEBUG:colcon.colcon_core.event_handler.log_command:Invoked command in '/home/rics/tt_ws/src/tese_ws/build/novamob_description' returned '0': CMAKE_PREFIX_PATH=${CMAKE_PREFIX_PATH}:/opt/ros/humble /usr/bin/cmake --build /home/rics/tt_ws/src/tese_ws/build/novamob_description -- -j8 -l8
[0.389s] DEBUG:colcon.colcon_core.event_handler.log_command:Invoking command in '/home/rics/tt_ws/src/tese_ws/build/novamob_description': CMAKE_PREFIX_PATH=${CMAKE_PREFIX_PATH}:/opt/ros/humble /usr/bin/cmake --install /home/rics/tt_ws/src/tese_ws/build/novamob_description
[0.391s] DEBUG:colcon.colcon_core.event_handler.log_command:Invoked command in '/home/rics/tt_ws/src/tese_ws/build/scout_description' returned '0': CMAKE_PREFIX_PATH=${CMAKE_PREFIX_PATH}:/opt/ros/humble /usr/bin/cmake --build /home/rics/tt_ws/src/tese_ws/build/scout_description -- -j8 -l8
[0.392s] DEBUG:colcon.colcon_core.event_handler.log_command:Invoking command in '/home/rics/tt_ws/src/tese_ws/build/scout_description': CMAKE_PREFIX_PATH=${CMAKE_PREFIX_PATH}:/opt/ros/humble /usr/bin/cmake --install /home/rics/tt_ws/src/tese_ws/build/scout_description
[0.394s] DEBUG:colcon.colcon_core.event_handler.log_command:Invoked command in '/home/rics/tt_ws/src/tese_ws/build/sam_bot_nav2_gz' returned '0': CMAKE_PREFIX_PATH=${CMAKE_PREFIX_PATH}:/opt/ros/humble /usr/bin/cmake --build /home/rics/tt_ws/src/tese_ws/build/sam_bot_nav2_gz -- -j8 -l8
[0.405s] Level 1:colcon.colcon_core.environment:create_environment_scripts_only(sam_bot_description)
[0.414s] Level 1:colcon.colcon_core.environment:checking '/home/rics/tt_ws/src/tese_ws/install/sam_bot_description' for CMake module files
[0.415s] DEBUG:colcon.colcon_core.event_handler.log_command:Invoking command in '/home/rics/tt_ws/src/tese_ws/build/sam_bot_nav2_gz': CMAKE_PREFIX_PATH=${CMAKE_PREFIX_PATH}:/opt/ros/humble /usr/bin/cmake --install /home/rics/tt_ws/src/tese_ws/build/sam_bot_nav2_gz
[0.416s] Level 1:colcon.colcon_core.environment:checking '/home/rics/tt_ws/src/tese_ws/install/sam_bot_description' for CMake config files
[0.419s] DEBUG:colcon.colcon_core.event_handler.log_command:Invoked command in '/home/rics/tt_ws/src/tese_ws/build/scout_nav2_gz' returned '0': CMAKE_PREFIX_PATH=${CMAKE_PREFIX_PATH}:/opt/ros/humble /usr/bin/cmake --build /home/rics/tt_ws/src/tese_ws/build/scout_nav2_gz -- -j8 -l8
[0.422s] Level 1:colcon.colcon_core.shell:create_environment_hook('sam_bot_description', 'cmake_prefix_path')
[0.422s] INFO:colcon.colcon_core.shell:Creating environment hook '/home/rics/tt_ws/src/tese_ws/install/sam_bot_description/share/sam_bot_description/hook/cmake_prefix_path.ps1'
[0.422s] DEBUG:colcon.colcon_core.event_handler.log_command:Invoking command in '/home/rics/tt_ws/src/tese_ws/build/scout_nav2_gz': CMAKE_PREFIX_PATH=${CMAKE_PREFIX_PATH}:/opt/ros/humble /usr/bin/cmake --install /home/rics/tt_ws/src/tese_ws/build/scout_nav2_gz
[0.423s] INFO:colcon.colcon_core.shell:Creating environment descriptor '/home/rics/tt_ws/src/tese_ws/install/sam_bot_description/share/sam_bot_description/hook/cmake_prefix_path.dsv'
[0.423s] INFO:colcon.colcon_core.shell:Creating environment hook '/home/rics/tt_ws/src/tese_ws/install/sam_bot_description/share/sam_bot_description/hook/cmake_prefix_path.sh'
[0.425s] Level 1:colcon.colcon_core.environment:checking '/home/rics/tt_ws/src/tese_ws/install/sam_bot_description/bin'
[0.425s] Level 1:colcon.colcon_core.environment:checking '/home/rics/tt_ws/src/tese_ws/install/sam_bot_description/lib/pkgconfig/sam_bot_description.pc'
[0.425s] Level 1:colcon.colcon_core.environment:checking '/home/rics/tt_ws/src/tese_ws/install/sam_bot_description/lib/python3.10/site-packages'
[0.426s] Level 1:colcon.colcon_core.environment:checking '/home/rics/tt_ws/src/tese_ws/install/sam_bot_description/bin'
[0.426s] INFO:colcon.colcon_core.shell:Creating package script '/home/rics/tt_ws/src/tese_ws/install/sam_bot_description/share/sam_bot_description/package.ps1'
[0.427s] INFO:colcon.colcon_core.shell:Creating package descriptor '/home/rics/tt_ws/src/tese_ws/install/sam_bot_description/share/sam_bot_description/package.dsv'
[0.428s] INFO:colcon.colcon_core.shell:Creating package script '/home/rics/tt_ws/src/tese_ws/install/sam_bot_description/share/sam_bot_description/package.sh'
[0.430s] INFO:colcon.colcon_core.shell:Creating package script '/home/rics/tt_ws/src/tese_ws/install/sam_bot_description/share/sam_bot_description/package.bash'
[0.431s] INFO:colcon.colcon_core.shell:Creating package script '/home/rics/tt_ws/src/tese_ws/install/sam_bot_description/share/sam_bot_description/package.zsh'
[0.432s] Level 1:colcon.colcon_core.environment:create_file_with_runtime_dependencies(/home/rics/tt_ws/src/tese_ws/install/sam_bot_description/share/colcon-core/packages/sam_bot_description)
[0.435s] Level 1:colcon.colcon_core.environment:create_environment_scripts_only(sam_bot_description)
[0.435s] Level 1:colcon.colcon_core.environment:checking '/home/rics/tt_ws/src/tese_ws/install/sam_bot_description' for CMake module files
[0.437s] Level 1:colcon.colcon_core.environment:checking '/home/rics/tt_ws/src/tese_ws/install/sam_bot_description' for CMake config files
[0.441s] Level 1:colcon.colcon_core.shell:create_environment_hook('sam_bot_description', 'cmake_prefix_path')
[0.441s] INFO:colcon.colcon_core.shell:Creating environment hook '/home/rics/tt_ws/src/tese_ws/install/sam_bot_description/share/sam_bot_description/hook/cmake_prefix_path.ps1'
[0.442s] INFO:colcon.colcon_core.shell:Creating environment descriptor '/home/rics/tt_ws/src/tese_ws/install/sam_bot_description/share/sam_bot_description/hook/cmake_prefix_path.dsv'
[0.444s] INFO:colcon.colcon_core.shell:Creating environment hook '/home/rics/tt_ws/src/tese_ws/install/sam_bot_description/share/sam_bot_description/hook/cmake_prefix_path.sh'
[0.446s] Level 1:colcon.colcon_core.environment:checking '/home/rics/tt_ws/src/tese_ws/install/sam_bot_description/bin'
[0.446s] Level 1:colcon.colcon_core.environment:checking '/home/rics/tt_ws/src/tese_ws/install/sam_bot_description/lib/pkgconfig/sam_bot_description.pc'
[0.446s] Level 1:colcon.colcon_core.environment:checking '/home/rics/tt_ws/src/tese_ws/install/sam_bot_description/lib/python3.10/site-packages'
[0.446s] Level 1:colcon.colcon_core.environment:checking '/home/rics/tt_ws/src/tese_ws/install/sam_bot_description/bin'
[0.446s] INFO:colcon.colcon_core.shell:Creating package script '/home/rics/tt_ws/src/tese_ws/install/sam_bot_description/share/sam_bot_description/package.ps1'
[0.447s] INFO:colcon.colcon_core.shell:Creating package descriptor '/home/rics/tt_ws/src/tese_ws/install/sam_bot_description/share/sam_bot_description/package.dsv'
[0.447s] INFO:colcon.colcon_core.shell:Creating package script '/home/rics/tt_ws/src/tese_ws/install/sam_bot_description/share/sam_bot_description/package.sh'
[0.448s] INFO:colcon.colcon_core.shell:Creating package script '/home/rics/tt_ws/src/tese_ws/install/sam_bot_description/share/sam_bot_description/package.bash'
[0.449s] INFO:colcon.colcon_core.shell:Creating package script '/home/rics/tt_ws/src/tese_ws/install/sam_bot_description/share/sam_bot_description/package.zsh'
[0.450s] Level 1:colcon.colcon_core.environment:create_file_with_runtime_dependencies(/home/rics/tt_ws/src/tese_ws/install/sam_bot_description/share/colcon-core/packages/sam_bot_description)
[0.451s] Level 1:colcon.colcon_core.environment:create_environment_scripts_only(novamob_nav2_gz)
[0.451s] Level 1:colcon.colcon_core.environment:checking '/home/rics/tt_ws/src/tese_ws/install/novamob_nav2_gz' for CMake module files
[0.452s] Level 1:colcon.colcon_core.environment:checking '/home/rics/tt_ws/src/tese_ws/install/novamob_nav2_gz' for CMake config files
[0.461s] DEBUG:colcon.colcon_core.event_handler.log_command:Invoked command in '/home/rics/tt_ws/src/tese_ws/build/sam_bot_description' returned '0': CMAKE_PREFIX_PATH=${CMAKE_PREFIX_PATH}:/opt/ros/humble /usr/bin/cmake --install /home/rics/tt_ws/src/tese_ws/build/sam_bot_description
[0.480s] DEBUG:colcon.colcon_core.event_handler.log_command:Invoked command in '/home/rics/tt_ws/src/tese_ws/build/novamob_nav2_gz' returned '0': CMAKE_PREFIX_PATH=${CMAKE_PREFIX_PATH}:/opt/ros/humble /usr/bin/cmake --install /home/rics/tt_ws/src/tese_ws/build/novamob_nav2_gz
[0.480s] Level 1:colcon.colcon_core.shell:create_environment_hook('novamob_nav2_gz', 'cmake_prefix_path')
[0.480s] INFO:colcon.colcon_core.shell:Creating environment hook '/home/rics/tt_ws/src/tese_ws/install/novamob_nav2_gz/share/novamob_nav2_gz/hook/cmake_prefix_path.ps1'
[0.481s] INFO:colcon.colcon_core.shell:Creating environment descriptor '/home/rics/tt_ws/src/tese_ws/install/novamob_nav2_gz/share/novamob_nav2_gz/hook/cmake_prefix_path.dsv'
[0.481s] INFO:colcon.colcon_core.shell:Creating environment hook '/home/rics/tt_ws/src/tese_ws/install/novamob_nav2_gz/share/novamob_nav2_gz/hook/cmake_prefix_path.sh'
[0.481s] Level 1:colcon.colcon_core.environment:checking '/home/rics/tt_ws/src/tese_ws/install/novamob_nav2_gz/lib'
[0.481s] Level 1:colcon.colcon_core.environment:checking '/home/rics/tt_ws/src/tese_ws/install/novamob_nav2_gz/bin'
[0.481s] Level 1:colcon.colcon_core.environment:checking '/home/rics/tt_ws/src/tese_ws/install/novamob_nav2_gz/lib/pkgconfig/novamob_nav2_gz.pc'
[0.482s] Level 1:colcon.colcon_core.environment:checking '/home/rics/tt_ws/src/tese_ws/install/novamob_nav2_gz/lib/python3.10/site-packages'
[0.482s] Level 1:colcon.colcon_core.environment:checking '/home/rics/tt_ws/src/tese_ws/install/novamob_nav2_gz/bin'
[0.482s] INFO:colcon.colcon_core.shell:Creating package script '/home/rics/tt_ws/src/tese_ws/install/novamob_nav2_gz/share/novamob_nav2_gz/package.ps1'
[0.482s] INFO:colcon.colcon_core.shell:Creating package descriptor '/home/rics/tt_ws/src/tese_ws/install/novamob_nav2_gz/share/novamob_nav2_gz/package.dsv'
[0.483s] INFO:colcon.colcon_core.shell:Creating package script '/home/rics/tt_ws/src/tese_ws/install/novamob_nav2_gz/share/novamob_nav2_gz/package.sh'
[0.483s] INFO:colcon.colcon_core.shell:Creating package script '/home/rics/tt_ws/src/tese_ws/install/novamob_nav2_gz/share/novamob_nav2_gz/package.bash'
[0.483s] INFO:colcon.colcon_core.shell:Creating package script '/home/rics/tt_ws/src/tese_ws/install/novamob_nav2_gz/share/novamob_nav2_gz/package.zsh'
[0.483s] Level 1:colcon.colcon_core.environment:create_file_with_runtime_dependencies(/home/rics/tt_ws/src/tese_ws/install/novamob_nav2_gz/share/colcon-core/packages/novamob_nav2_gz)
[0.484s] Level 1:colcon.colcon_core.environment:create_environment_scripts_only(novamob_nav2_gz)
[0.484s] Level 1:colcon.colcon_core.environment:checking '/home/rics/tt_ws/src/tese_ws/install/novamob_nav2_gz' for CMake module files
[0.484s] Level 1:colcon.colcon_core.environment:checking '/home/rics/tt_ws/src/tese_ws/install/novamob_nav2_gz' for CMake config files
[0.485s] Level 1:colcon.colcon_core.shell:create_environment_hook('novamob_nav2_gz', 'cmake_prefix_path')
[0.486s] INFO:colcon.colcon_core.shell:Creating environment hook '/home/rics/tt_ws/src/tese_ws/install/novamob_nav2_gz/share/novamob_nav2_gz/hook/cmake_prefix_path.ps1'
[0.486s] INFO:colcon.colcon_core.shell:Creating environment descriptor '/home/rics/tt_ws/src/tese_ws/install/novamob_nav2_gz/share/novamob_nav2_gz/hook/cmake_prefix_path.dsv'
[0.486s] INFO:colcon.colcon_core.shell:Creating environment hook '/home/rics/tt_ws/src/tese_ws/install/novamob_nav2_gz/share/novamob_nav2_gz/hook/cmake_prefix_path.sh'
[0.486s] Level 1:colcon.colcon_core.environment:checking '/home/rics/tt_ws/src/tese_ws/install/novamob_nav2_gz/lib'
[0.487s] Level 1:colcon.colcon_core.environment:checking '/home/rics/tt_ws/src/tese_ws/install/novamob_nav2_gz/bin'
[0.487s] Level 1:colcon.colcon_core.environment:checking '/home/rics/tt_ws/src/tese_ws/install/novamob_nav2_gz/lib/pkgconfig/novamob_nav2_gz.pc'
[0.487s] Level 1:colcon.colcon_core.environment:checking '/home/rics/tt_ws/src/tese_ws/install/novamob_nav2_gz/lib/python3.10/site-packages'
[0.487s] Level 1:colcon.colcon_core.environment:checking '/home/rics/tt_ws/src/tese_ws/install/novamob_nav2_gz/bin'
[0.487s] INFO:colcon.colcon_core.shell:Creating package script '/home/rics/tt_ws/src/tese_ws/install/novamob_nav2_gz/share/novamob_nav2_gz/package.ps1'
[0.487s] INFO:colcon.colcon_core.shell:Creating package descriptor '/home/rics/tt_ws/src/tese_ws/install/novamob_nav2_gz/share/novamob_nav2_gz/package.dsv'
[0.488s] INFO:colcon.colcon_core.shell:Creating package script '/home/rics/tt_ws/src/tese_ws/install/novamob_nav2_gz/share/novamob_nav2_gz/package.sh'
[0.488s] INFO:colcon.colcon_core.shell:Creating package script '/home/rics/tt_ws/src/tese_ws/install/novamob_nav2_gz/share/novamob_nav2_gz/package.bash'
[0.488s] INFO:colcon.colcon_core.shell:Creating package script '/home/rics/tt_ws/src/tese_ws/install/novamob_nav2_gz/share/novamob_nav2_gz/package.zsh'
[0.489s] Level 1:colcon.colcon_core.environment:create_file_with_runtime_dependencies(/home/rics/tt_ws/src/tese_ws/install/novamob_nav2_gz/share/colcon-core/packages/novamob_nav2_gz)
[0.489s] Level 1:colcon.colcon_core.environment:create_environment_scripts_only(novamob_description)
[0.489s] Level 1:colcon.colcon_core.environment:checking '/home/rics/tt_ws/src/tese_ws/install/novamob_description' for CMake module files
[0.490s] DEBUG:colcon.colcon_core.event_handler.log_command:Invoked command in '/home/rics/tt_ws/src/tese_ws/build/novamob_description' returned '0': CMAKE_PREFIX_PATH=${CMAKE_PREFIX_PATH}:/opt/ros/humble /usr/bin/cmake --install /home/rics/tt_ws/src/tese_ws/build/novamob_description
[0.490s] Level 1:colcon.colcon_core.environment:checking '/home/rics/tt_ws/src/tese_ws/install/novamob_description' for CMake config files
[0.491s] Level 1:colcon.colcon_core.shell:create_environment_hook('novamob_description', 'cmake_prefix_path')
[0.491s] INFO:colcon.colcon_core.shell:Creating environment hook '/home/rics/tt_ws/src/tese_ws/install/novamob_description/share/novamob_description/hook/cmake_prefix_path.ps1'
[0.491s] INFO:colcon.colcon_core.shell:Creating environment descriptor '/home/rics/tt_ws/src/tese_ws/install/novamob_description/share/novamob_description/hook/cmake_prefix_path.dsv'
[0.492s] INFO:colcon.colcon_core.shell:Creating environment hook '/home/rics/tt_ws/src/tese_ws/install/novamob_description/share/novamob_description/hook/cmake_prefix_path.sh'
[0.492s] Level 1:colcon.colcon_core.environment:checking '/home/rics/tt_ws/src/tese_ws/install/novamob_description/bin'
[0.492s] Level 1:colcon.colcon_core.environment:checking '/home/rics/tt_ws/src/tese_ws/install/novamob_description/lib/pkgconfig/novamob_description.pc'
[0.492s] Level 1:colcon.colcon_core.environment:checking '/home/rics/tt_ws/src/tese_ws/install/novamob_description/lib/python3.10/site-packages'
[0.492s] Level 1:colcon.colcon_core.environment:checking '/home/rics/tt_ws/src/tese_ws/install/novamob_description/bin'
[0.492s] INFO:colcon.colcon_core.shell:Creating package script '/home/rics/tt_ws/src/tese_ws/install/novamob_description/share/novamob_description/package.ps1'
[0.493s] INFO:colcon.colcon_core.shell:Creating package descriptor '/home/rics/tt_ws/src/tese_ws/install/novamob_description/share/novamob_description/package.dsv'
[0.493s] INFO:colcon.colcon_core.shell:Creating package script '/home/rics/tt_ws/src/tese_ws/install/novamob_description/share/novamob_description/package.sh'
[0.493s] INFO:colcon.colcon_core.shell:Creating package script '/home/rics/tt_ws/src/tese_ws/install/novamob_description/share/novamob_description/package.bash'
[0.494s] INFO:colcon.colcon_core.shell:Creating package script '/home/rics/tt_ws/src/tese_ws/install/novamob_description/share/novamob_description/package.zsh'
[0.494s] Level 1:colcon.colcon_core.environment:create_file_with_runtime_dependencies(/home/rics/tt_ws/src/tese_ws/install/novamob_description/share/colcon-core/packages/novamob_description)
[0.494s] Level 1:colcon.colcon_core.environment:create_environment_scripts_only(novamob_description)
[0.494s] Level 1:colcon.colcon_core.environment:checking '/home/rics/tt_ws/src/tese_ws/install/novamob_description' for CMake module files
[0.495s] Level 1:colcon.colcon_core.environment:checking '/home/rics/tt_ws/src/tese_ws/install/novamob_description' for CMake config files
[0.495s] Level 1:colcon.colcon_core.shell:create_environment_hook('novamob_description', 'cmake_prefix_path')
[0.495s] INFO:colcon.colcon_core.shell:Creating environment hook '/home/rics/tt_ws/src/tese_ws/install/novamob_description/share/novamob_description/hook/cmake_prefix_path.ps1'
[0.496s] INFO:colcon.colcon_core.shell:Creating environment descriptor '/home/rics/tt_ws/src/tese_ws/install/novamob_description/share/novamob_description/hook/cmake_prefix_path.dsv'
[0.496s] INFO:colcon.colcon_core.shell:Creating environment hook '/home/rics/tt_ws/src/tese_ws/install/novamob_description/share/novamob_description/hook/cmake_prefix_path.sh'
[0.496s] Level 1:colcon.colcon_core.environment:checking '/home/rics/tt_ws/src/tese_ws/install/novamob_description/bin'
[0.496s] Level 1:colcon.colcon_core.environment:checking '/home/rics/tt_ws/src/tese_ws/install/novamob_description/lib/pkgconfig/novamob_description.pc'
[0.497s] Level 1:colcon.colcon_core.environment:checking '/home/rics/tt_ws/src/tese_ws/install/novamob_description/lib/python3.10/site-packages'
[0.497s] Level 1:colcon.colcon_core.environment:checking '/home/rics/tt_ws/src/tese_ws/install/novamob_description/bin'
[0.497s] INFO:colcon.colcon_core.shell:Creating package script '/home/rics/tt_ws/src/tese_ws/install/novamob_description/share/novamob_description/package.ps1'
[0.497s] INFO:colcon.colcon_core.shell:Creating package descriptor '/home/rics/tt_ws/src/tese_ws/install/novamob_description/share/novamob_description/package.dsv'
[0.498s] INFO:colcon.colcon_core.shell:Creating package script '/home/rics/tt_ws/src/tese_ws/install/novamob_description/share/novamob_description/package.sh'
[0.498s] INFO:colcon.colcon_core.shell:Creating package script '/home/rics/tt_ws/src/tese_ws/install/novamob_description/share/novamob_description/package.bash'
[0.498s] INFO:colcon.colcon_core.shell:Creating package script '/home/rics/tt_ws/src/tese_ws/install/novamob_description/share/novamob_description/package.zsh'
[0.499s] Level 1:colcon.colcon_core.environment:create_file_with_runtime_dependencies(/home/rics/tt_ws/src/tese_ws/install/novamob_description/share/colcon-core/packages/novamob_description)
[0.499s] Level 1:colcon.colcon_core.environment:create_environment_scripts_only(scout_description)
[0.499s] Level 1:colcon.colcon_core.environment:checking '/home/rics/tt_ws/src/tese_ws/install/scout_description' for CMake module files
[0.500s] Level 1:colcon.colcon_core.environment:checking '/home/rics/tt_ws/src/tese_ws/install/scout_description' for CMake config files
[0.500s] DEBUG:colcon.colcon_core.event_handler.log_command:Invoked command in '/home/rics/tt_ws/src/tese_ws/build/scout_description' returned '0': CMAKE_PREFIX_PATH=${CMAKE_PREFIX_PATH}:/opt/ros/humble /usr/bin/cmake --install /home/rics/tt_ws/src/tese_ws/build/scout_description
[0.501s] Level 1:colcon.colcon_core.shell:create_environment_hook('scout_description', 'cmake_prefix_path')
[0.501s] INFO:colcon.colcon_core.shell:Creating environment hook '/home/rics/tt_ws/src/tese_ws/install/scout_description/share/scout_description/hook/cmake_prefix_path.ps1'
[0.501s] INFO:colcon.colcon_core.shell:Creating environment descriptor '/home/rics/tt_ws/src/tese_ws/install/scout_description/share/scout_description/hook/cmake_prefix_path.dsv'
[0.501s] INFO:colcon.colcon_core.shell:Creating environment hook '/home/rics/tt_ws/src/tese_ws/install/scout_description/share/scout_description/hook/cmake_prefix_path.sh'
[0.502s] Level 1:colcon.colcon_core.environment:checking '/home/rics/tt_ws/src/tese_ws/install/scout_description/bin'
[0.502s] Level 1:colcon.colcon_core.environment:checking '/home/rics/tt_ws/src/tese_ws/install/scout_description/lib/pkgconfig/scout_description.pc'
[0.502s] Level 1:colcon.colcon_core.environment:checking '/home/rics/tt_ws/src/tese_ws/install/scout_description/lib/python3.10/site-packages'
[0.502s] Level 1:colcon.colcon_core.environment:checking '/home/rics/tt_ws/src/tese_ws/install/scout_description/bin'
[0.502s] INFO:colcon.colcon_core.shell:Creating package script '/home/rics/tt_ws/src/tese_ws/install/scout_description/share/scout_description/package.ps1'
[0.503s] INFO:colcon.colcon_core.shell:Creating package descriptor '/home/rics/tt_ws/src/tese_ws/install/scout_description/share/scout_description/package.dsv'
[0.503s] INFO:colcon.colcon_core.shell:Creating package script '/home/rics/tt_ws/src/tese_ws/install/scout_description/share/scout_description/package.sh'
[0.503s] INFO:colcon.colcon_core.shell:Creating package script '/home/rics/tt_ws/src/tese_ws/install/scout_description/share/scout_description/package.bash'
[0.504s] INFO:colcon.colcon_core.shell:Creating package script '/home/rics/tt_ws/src/tese_ws/install/scout_description/share/scout_description/package.zsh'
[0.504s] Level 1:colcon.colcon_core.environment:create_file_with_runtime_dependencies(/home/rics/tt_ws/src/tese_ws/install/scout_description/share/colcon-core/packages/scout_description)
[0.504s] Level 1:colcon.colcon_core.environment:create_environment_scripts_only(scout_description)
[0.504s] Level 1:colcon.colcon_core.environment:checking '/home/rics/tt_ws/src/tese_ws/install/scout_description' for CMake module files
[0.505s] Level 1:colcon.colcon_core.environment:checking '/home/rics/tt_ws/src/tese_ws/install/scout_description' for CMake config files
[0.505s] Level 1:colcon.colcon_core.shell:create_environment_hook('scout_description', 'cmake_prefix_path')
[0.505s] INFO:colcon.colcon_core.shell:Creating environment hook '/home/rics/tt_ws/src/tese_ws/install/scout_description/share/scout_description/hook/cmake_prefix_path.ps1'
[0.506s] INFO:colcon.colcon_core.shell:Creating environment descriptor '/home/rics/tt_ws/src/tese_ws/install/scout_description/share/scout_description/hook/cmake_prefix_path.dsv'
[0.506s] INFO:colcon.colcon_core.shell:Creating environment hook '/home/rics/tt_ws/src/tese_ws/install/scout_description/share/scout_description/hook/cmake_prefix_path.sh'
[0.506s] Level 1:colcon.colcon_core.environment:checking '/home/rics/tt_ws/src/tese_ws/install/scout_description/bin'
[0.506s] Level 1:colcon.colcon_core.environment:checking '/home/rics/tt_ws/src/tese_ws/install/scout_description/lib/pkgconfig/scout_description.pc'
[0.507s] Level 1:colcon.colcon_core.environment:checking '/home/rics/tt_ws/src/tese_ws/install/scout_description/lib/python3.10/site-packages'
[0.507s] Level 1:colcon.colcon_core.environment:checking '/home/rics/tt_ws/src/tese_ws/install/scout_description/bin'
[0.507s] INFO:colcon.colcon_core.shell:Creating package script '/home/rics/tt_ws/src/tese_ws/install/scout_description/share/scout_description/package.ps1'
[0.507s] INFO:colcon.colcon_core.shell:Creating package descriptor '/home/rics/tt_ws/src/tese_ws/install/scout_description/share/scout_description/package.dsv'
[0.508s] INFO:colcon.colcon_core.shell:Creating package script '/home/rics/tt_ws/src/tese_ws/install/scout_description/share/scout_description/package.sh'
[0.508s] INFO:colcon.colcon_core.shell:Creating package script '/home/rics/tt_ws/src/tese_ws/install/scout_description/share/scout_description/package.bash'
[0.508s] INFO:colcon.colcon_core.shell:Creating package script '/home/rics/tt_ws/src/tese_ws/install/scout_description/share/scout_description/package.zsh'
[0.508s] Level 1:colcon.colcon_core.environment:create_file_with_runtime_dependencies(/home/rics/tt_ws/src/tese_ws/install/scout_description/share/colcon-core/packages/scout_description)
[0.509s] Level 1:colcon.colcon_core.environment:create_environment_scripts_only(sam_bot_nav2_gz)
[0.509s] Level 1:colcon.colcon_core.environment:checking '/home/rics/tt_ws/src/tese_ws/install/sam_bot_nav2_gz' for CMake module files
[0.510s] DEBUG:colcon.colcon_core.event_handler.log_command:Invoked command in '/home/rics/tt_ws/src/tese_ws/build/sam_bot_nav2_gz' returned '0': CMAKE_PREFIX_PATH=${CMAKE_PREFIX_PATH}:/opt/ros/humble /usr/bin/cmake --install /home/rics/tt_ws/src/tese_ws/build/sam_bot_nav2_gz
[0.510s] Level 1:colcon.colcon_core.environment:checking '/home/rics/tt_ws/src/tese_ws/install/sam_bot_nav2_gz' for CMake config files
[0.510s] Level 1:colcon.colcon_core.shell:create_environment_hook('sam_bot_nav2_gz', 'cmake_prefix_path')
[0.510s] INFO:colcon.colcon_core.shell:Creating environment hook '/home/rics/tt_ws/src/tese_ws/install/sam_bot_nav2_gz/share/sam_bot_nav2_gz/hook/cmake_prefix_path.ps1'
[0.511s] INFO:colcon.colcon_core.shell:Creating environment descriptor '/home/rics/tt_ws/src/tese_ws/install/sam_bot_nav2_gz/share/sam_bot_nav2_gz/hook/cmake_prefix_path.dsv'
[0.511s] INFO:colcon.colcon_core.shell:Creating environment hook '/home/rics/tt_ws/src/tese_ws/install/sam_bot_nav2_gz/share/sam_bot_nav2_gz/hook/cmake_prefix_path.sh'
[0.511s] Level 1:colcon.colcon_core.environment:checking '/home/rics/tt_ws/src/tese_ws/install/sam_bot_nav2_gz/lib'
[0.512s] Level 1:colcon.colcon_core.environment:checking '/home/rics/tt_ws/src/tese_ws/install/sam_bot_nav2_gz/bin'
[0.512s] Level 1:colcon.colcon_core.environment:checking '/home/rics/tt_ws/src/tese_ws/install/sam_bot_nav2_gz/lib/pkgconfig/sam_bot_nav2_gz.pc'
[0.512s] Level 1:colcon.colcon_core.environment:checking '/home/rics/tt_ws/src/tese_ws/install/sam_bot_nav2_gz/lib/python3.10/site-packages'
[0.512s] Level 1:colcon.colcon_core.environment:checking '/home/rics/tt_ws/src/tese_ws/install/sam_bot_nav2_gz/bin'
[0.512s] INFO:colcon.colcon_core.shell:Creating package script '/home/rics/tt_ws/src/tese_ws/install/sam_bot_nav2_gz/share/sam_bot_nav2_gz/package.ps1'
[0.512s] INFO:colcon.colcon_core.shell:Creating package descriptor '/home/rics/tt_ws/src/tese_ws/install/sam_bot_nav2_gz/share/sam_bot_nav2_gz/package.dsv'
[0.513s] INFO:colcon.colcon_core.shell:Creating package script '/home/rics/tt_ws/src/tese_ws/install/sam_bot_nav2_gz/share/sam_bot_nav2_gz/package.sh'
[0.513s] INFO:colcon.colcon_core.shell:Creating package script '/home/rics/tt_ws/src/tese_ws/install/sam_bot_nav2_gz/share/sam_bot_nav2_gz/package.bash'
[0.513s] INFO:colcon.colcon_core.shell:Creating package script '/home/rics/tt_ws/src/tese_ws/install/sam_bot_nav2_gz/share/sam_bot_nav2_gz/package.zsh'
[0.514s] Level 1:colcon.colcon_core.environment:create_file_with_runtime_dependencies(/home/rics/tt_ws/src/tese_ws/install/sam_bot_nav2_gz/share/colcon-core/packages/sam_bot_nav2_gz)
[0.514s] Level 1:colcon.colcon_core.environment:create_environment_scripts_only(sam_bot_nav2_gz)
[0.514s] Level 1:colcon.colcon_core.environment:checking '/home/rics/tt_ws/src/tese_ws/install/sam_bot_nav2_gz' for CMake module files
[0.514s] Level 1:colcon.colcon_core.environment:checking '/home/rics/tt_ws/src/tese_ws/install/sam_bot_nav2_gz' for CMake config files
[0.515s] Level 1:colcon.colcon_core.shell:create_environment_hook('sam_bot_nav2_gz', 'cmake_prefix_path')
[0.515s] INFO:colcon.colcon_core.shell:Creating environment hook '/home/rics/tt_ws/src/tese_ws/install/sam_bot_nav2_gz/share/sam_bot_nav2_gz/hook/cmake_prefix_path.ps1'
[0.515s] INFO:colcon.colcon_core.shell:Creating environment descriptor '/home/rics/tt_ws/src/tese_ws/install/sam_bot_nav2_gz/share/sam_bot_nav2_gz/hook/cmake_prefix_path.dsv'
[0.516s] INFO:colcon.colcon_core.shell:Creating environment hook '/home/rics/tt_ws/src/tese_ws/install/sam_bot_nav2_gz/share/sam_bot_nav2_gz/hook/cmake_prefix_path.sh'
[0.516s] Level 1:colcon.colcon_core.environment:checking '/home/rics/tt_ws/src/tese_ws/install/sam_bot_nav2_gz/lib'
[0.516s] Level 1:colcon.colcon_core.environment:checking '/home/rics/tt_ws/src/tese_ws/install/sam_bot_nav2_gz/bin'
[0.516s] Level 1:colcon.colcon_core.environment:checking '/home/rics/tt_ws/src/tese_ws/install/sam_bot_nav2_gz/lib/pkgconfig/sam_bot_nav2_gz.pc'
[0.516s] Level 1:colcon.colcon_core.environment:checking '/home/rics/tt_ws/src/tese_ws/install/sam_bot_nav2_gz/lib/python3.10/site-packages'
[0.516s] Level 1:colcon.colcon_core.environment:checking '/home/rics/tt_ws/src/tese_ws/install/sam_bot_nav2_gz/bin'
[0.517s] INFO:colcon.colcon_core.shell:Creating package script '/home/rics/tt_ws/src/tese_ws/install/sam_bot_nav2_gz/share/sam_bot_nav2_gz/package.ps1'
[0.517s] INFO:colcon.colcon_core.shell:Creating package descriptor '/home/rics/tt_ws/src/tese_ws/install/sam_bot_nav2_gz/share/sam_bot_nav2_gz/package.dsv'
[0.517s] INFO:colcon.colcon_core.shell:Creating package script '/home/rics/tt_ws/src/tese_ws/install/sam_bot_nav2_gz/share/sam_bot_nav2_gz/package.sh'
[0.518s] INFO:colcon.colcon_core.shell:Creating package script '/home/rics/tt_ws/src/tese_ws/install/sam_bot_nav2_gz/share/sam_bot_nav2_gz/package.bash'
[0.518s] INFO:colcon.colcon_core.shell:Creating package script '/home/rics/tt_ws/src/tese_ws/install/sam_bot_nav2_gz/share/sam_bot_nav2_gz/package.zsh'
[0.519s] Level 1:colcon.colcon_core.environment:create_file_with_runtime_dependencies(/home/rics/tt_ws/src/tese_ws/install/sam_bot_nav2_gz/share/colcon-core/packages/sam_bot_nav2_gz)
[0.519s] Level 1:colcon.colcon_core.environment:create_environment_scripts_only(scout_nav2_gz)
[0.519s] Level 1:colcon.colcon_core.environment:checking '/home/rics/tt_ws/src/tese_ws/install/scout_nav2_gz' for CMake module files
[0.520s] DEBUG:colcon.colcon_core.event_handler.log_command:Invoked command in '/home/rics/tt_ws/src/tese_ws/build/scout_nav2_gz' returned '0': CMAKE_PREFIX_PATH=${CMAKE_PREFIX_PATH}:/opt/ros/humble /usr/bin/cmake --install /home/rics/tt_ws/src/tese_ws/build/scout_nav2_gz
[0.520s] Level 1:colcon.colcon_core.environment:checking '/home/rics/tt_ws/src/tese_ws/install/scout_nav2_gz' for CMake config files
[0.522s] Level 1:colcon.colcon_core.shell:create_environment_hook('scout_nav2_gz', 'cmake_prefix_path')
[0.522s] INFO:colcon.colcon_core.shell:Creating environment hook '/home/rics/tt_ws/src/tese_ws/install/scout_nav2_gz/share/scout_nav2_gz/hook/cmake_prefix_path.ps1'
[0.523s] INFO:colcon.colcon_core.shell:Creating environment descriptor '/home/rics/tt_ws/src/tese_ws/install/scout_nav2_gz/share/scout_nav2_gz/hook/cmake_prefix_path.dsv'
[0.523s] INFO:colcon.colcon_core.shell:Creating environment hook '/home/rics/tt_ws/src/tese_ws/install/scout_nav2_gz/share/scout_nav2_gz/hook/cmake_prefix_path.sh'
[0.523s] Level 1:colcon.colcon_core.environment:checking '/home/rics/tt_ws/src/tese_ws/install/scout_nav2_gz/lib'
[0.524s] Level 1:colcon.colcon_core.environment:checking '/home/rics/tt_ws/src/tese_ws/install/scout_nav2_gz/bin'
[0.524s] Level 1:colcon.colcon_core.environment:checking '/home/rics/tt_ws/src/tese_ws/install/scout_nav2_gz/lib/pkgconfig/scout_nav2_gz.pc'
[0.524s] Level 1:colcon.colcon_core.environment:checking '/home/rics/tt_ws/src/tese_ws/install/scout_nav2_gz/lib/python3.10/site-packages'
[0.524s] Level 1:colcon.colcon_core.environment:checking '/home/rics/tt_ws/src/tese_ws/install/scout_nav2_gz/bin'
[0.524s] INFO:colcon.colcon_core.shell:Creating package script '/home/rics/tt_ws/src/tese_ws/install/scout_nav2_gz/share/scout_nav2_gz/package.ps1'
[0.524s] INFO:colcon.colcon_core.shell:Creating package descriptor '/home/rics/tt_ws/src/tese_ws/install/scout_nav2_gz/share/scout_nav2_gz/package.dsv'
[0.525s] INFO:colcon.colcon_core.shell:Creating package script '/home/rics/tt_ws/src/tese_ws/install/scout_nav2_gz/share/scout_nav2_gz/package.sh'
[0.525s] INFO:colcon.colcon_core.shell:Creating package script '/home/rics/tt_ws/src/tese_ws/install/scout_nav2_gz/share/scout_nav2_gz/package.bash'
[0.525s] INFO:colcon.colcon_core.shell:Creating package script '/home/rics/tt_ws/src/tese_ws/install/scout_nav2_gz/share/scout_nav2_gz/package.zsh'
[0.526s] Level 1:colcon.colcon_core.environment:create_file_with_runtime_dependencies(/home/rics/tt_ws/src/tese_ws/install/scout_nav2_gz/share/colcon-core/packages/scout_nav2_gz)
[0.526s] Level 1:colcon.colcon_core.environment:create_environment_scripts_only(scout_nav2_gz)
[0.526s] Level 1:colcon.colcon_core.environment:checking '/home/rics/tt_ws/src/tese_ws/install/scout_nav2_gz' for CMake module files
[0.527s] Level 1:colcon.colcon_core.environment:checking '/home/rics/tt_ws/src/tese_ws/install/scout_nav2_gz' for CMake config files
[0.529s] Level 1:colcon.colcon_core.shell:create_environment_hook('scout_nav2_gz', 'cmake_prefix_path')
[0.529s] INFO:colcon.colcon_core.shell:Creating environment hook '/home/rics/tt_ws/src/tese_ws/install/scout_nav2_gz/share/scout_nav2_gz/hook/cmake_prefix_path.ps1'
[0.529s] INFO:colcon.colcon_core.shell:Creating environment descriptor '/home/rics/tt_ws/src/tese_ws/install/scout_nav2_gz/share/scout_nav2_gz/hook/cmake_prefix_path.dsv'
[0.529s] INFO:colcon.colcon_core.shell:Creating environment hook '/home/rics/tt_ws/src/tese_ws/install/scout_nav2_gz/share/scout_nav2_gz/hook/cmake_prefix_path.sh'
[0.530s] Level 1:colcon.colcon_core.environment:checking '/home/rics/tt_ws/src/tese_ws/install/scout_nav2_gz/lib'
[0.530s] Level 1:colcon.colcon_core.environment:checking '/home/rics/tt_ws/src/tese_ws/install/scout_nav2_gz/bin'
[0.530s] Level 1:colcon.colcon_core.environment:checking '/home/rics/tt_ws/src/tese_ws/install/scout_nav2_gz/lib/pkgconfig/scout_nav2_gz.pc'
[0.530s] Level 1:colcon.colcon_core.environment:checking '/home/rics/tt_ws/src/tese_ws/install/scout_nav2_gz/lib/python3.10/site-packages'
[0.530s] Level 1:colcon.colcon_core.environment:checking '/home/rics/tt_ws/src/tese_ws/install/scout_nav2_gz/bin'
[0.530s] INFO:colcon.colcon_core.shell:Creating package script '/home/rics/tt_ws/src/tese_ws/install/scout_nav2_gz/share/scout_nav2_gz/package.ps1'
[0.531s] INFO:colcon.colcon_core.shell:Creating package descriptor '/home/rics/tt_ws/src/tese_ws/install/scout_nav2_gz/share/scout_nav2_gz/package.dsv'
[0.531s] INFO:colcon.colcon_core.shell:Creating package script '/home/rics/tt_ws/src/tese_ws/install/scout_nav2_gz/share/scout_nav2_gz/package.sh'
[0.531s] INFO:colcon.colcon_core.shell:Creating package script '/home/rics/tt_ws/src/tese_ws/install/scout_nav2_gz/share/scout_nav2_gz/package.bash'
[0.532s] INFO:colcon.colcon_core.shell:Creating package script '/home/rics/tt_ws/src/tese_ws/install/scout_nav2_gz/share/scout_nav2_gz/package.zsh'
[0.532s] Level 1:colcon.colcon_core.environment:create_file_with_runtime_dependencies(/home/rics/tt_ws/src/tese_ws/install/scout_nav2_gz/share/colcon-core/packages/scout_nav2_gz)
[0.532s] DEBUG:colcon.colcon_parallel_executor.executor.parallel:closing loop
[0.532s] DEBUG:colcon.colcon_parallel_executor.executor.parallel:loop closed
[0.532s] DEBUG:colcon.colcon_parallel_executor.executor.parallel:run_until_complete finished with '0'
[0.533s] DEBUG:colcon.colcon_core.event_reactor:joining thread
[0.537s] INFO:colcon.colcon_core.plugin_system:Skipping extension 'colcon_notification.desktop_notification.terminal_notifier': Not used on non-Darwin systems
[0.537s] INFO:colcon.colcon_core.plugin_system:Skipping extension 'colcon_notification.desktop_notification.win32': Not used on non-Windows systems
[0.537s] INFO:colcon.colcon_notification.desktop_notification:Sending desktop notification using 'notify2'
[0.545s] DEBUG:colcon.colcon_core.event_reactor:joined thread
[0.546s] INFO:colcon.colcon_core.shell:Creating prefix script '/home/rics/tt_ws/src/tese_ws/install/local_setup.ps1'
[0.546s] INFO:colcon.colcon_core.shell:Creating prefix util module '/home/rics/tt_ws/src/tese_ws/install/_local_setup_util_ps1.py'
[0.547s] INFO:colcon.colcon_core.shell:Creating prefix chain script '/home/rics/tt_ws/src/tese_ws/install/setup.ps1'
[0.548s] INFO:colcon.colcon_core.shell:Creating prefix script '/home/rics/tt_ws/src/tese_ws/install/local_setup.sh'
[0.549s] INFO:colcon.colcon_core.shell:Creating prefix util module '/home/rics/tt_ws/src/tese_ws/install/_local_setup_util_sh.py'
[0.549s] INFO:colcon.colcon_core.shell:Creating prefix chain script '/home/rics/tt_ws/src/tese_ws/install/setup.sh'
[0.550s] INFO:colcon.colcon_core.shell:Creating prefix script '/home/rics/tt_ws/src/tese_ws/install/local_setup.bash'
[0.551s] INFO:colcon.colcon_core.shell:Creating prefix chain script '/home/rics/tt_ws/src/tese_ws/install/setup.bash'
[0.552s] INFO:colcon.colcon_core.shell:Creating prefix script '/home/rics/tt_ws/src/tese_ws/install/local_setup.zsh'
[0.552s] INFO:colcon.colcon_core.shell:Creating prefix chain script '/home/rics/tt_ws/src/tese_ws/install/setup.zsh'
