[0.091s] DEBUG:colcon:Command line arguments: ['/usr/bin/colcon', 'build']
[0.091s] DEBUG:colcon:Parsed command line arguments: Namespace(log_base=None, log_level=None, verb_name='build', build_base='build', install_base='install', merge_install=False, symlink_install=False, test_result_base=None, continue_on_error=False, executor='parallel', parallel_workers=8, event_handlers=None, ignore_user_meta=False, metas=['./colcon.meta'], base_paths=['.'], packages_ignore=None, packages_ignore_regex=None, paths=None, packages_up_to=None, packages_up_to_regex=None, packages_above=None, packages_above_and_dependencies=None, packages_above_depth=None, packages_select_by_dep=None, packages_skip_by_dep=None, packages_skip_up_to=None, packages_select_build_failed=False, packages_skip_build_finished=False, packages_select_test_failures=False, packages_skip_test_passed=False, packages_select=None, packages_skip=None, packages_select_regex=None, packages_skip_regex=None, packages_start=None, packages_end=None, allow_overriding=[], cmake_args=None, cmake_target=None, cmake_target_skip_unavailable=False, cmake_clean_cache=False, cmake_clean_first=False, cmake_force_configure=False, ament_cmake_args=None, catkin_cmake_args=None, catkin_skip_building_tests=False, verb_parser=<colcon_defaults.argument_parser.defaults.DefaultArgumentsDecorator object at 0x7711c1e41210>, verb_extension=<colcon_core.verb.build.BuildVerb object at 0x7711c1e40d00>, main=<bound method BuildVerb.main of <colcon_core.verb.build.BuildVerb object at 0x7711c1e40d00>>)
[0.247s] Level 1:colcon.colcon_core.package_discovery:discover_packages(colcon_meta) check parameters
[0.247s] Level 1:colcon.colcon_core.package_discovery:discover_packages(recursive) check parameters
[0.247s] Level 1:colcon.colcon_core.package_discovery:discover_packages(ignore) check parameters
[0.247s] Level 1:colcon.colcon_core.package_discovery:discover_packages(path) check parameters
[0.247s] Level 1:colcon.colcon_core.package_discovery:discover_packages(colcon_meta) discover
[0.247s] Level 1:colcon.colcon_core.package_discovery:discover_packages(recursive) discover
[0.248s] INFO:colcon.colcon_core.package_discovery:Crawling recursively for packages in '/home/rics/tt_ws/src/tese_ws'
[0.248s] Level 1:colcon.colcon_core.package_identification:_identify(.) by extensions ['ignore', 'ignore_ament_install']
[0.248s] Level 1:colcon.colcon_core.package_identification:_identify(.) by extension 'ignore'
[0.248s] Level 1:colcon.colcon_core.package_identification:_identify(.) by extension 'ignore_ament_install'
[0.248s] Level 1:colcon.colcon_core.package_identification:_identify(.) by extensions ['colcon_pkg']
[0.248s] Level 1:colcon.colcon_core.package_identification:_identify(.) by extension 'colcon_pkg'
[0.248s] Level 1:colcon.colcon_core.package_identification:_identify(.) by extensions ['colcon_meta']
[0.248s] Level 1:colcon.colcon_core.package_identification:_identify(.) by extension 'colcon_meta'
[0.248s] Level 1:colcon.colcon_core.package_identification:_identify(.) by extensions ['ros']
[0.248s] Level 1:colcon.colcon_core.package_identification:_identify(.) by extension 'ros'
[0.257s] Level 1:colcon.colcon_core.package_identification:_identify(.) by extensions ['cmake', 'python']
[0.257s] Level 1:colcon.colcon_core.package_identification:_identify(.) by extension 'cmake'
[0.257s] Level 1:colcon.colcon_core.package_identification:_identify(.) by extension 'python'
[0.257s] Level 1:colcon.colcon_core.package_identification:_identify(.) by extensions ['python_setup_py']
[0.257s] Level 1:colcon.colcon_core.package_identification:_identify(.) by extension 'python_setup_py'
[0.257s] Level 1:colcon.colcon_core.package_identification:_identify(build) by extensions ['ignore', 'ignore_ament_install']
[0.257s] Level 1:colcon.colcon_core.package_identification:_identify(build) by extension 'ignore'
[0.257s] Level 1:colcon.colcon_core.package_identification:_identify(build) ignored
[0.258s] Level 1:colcon.colcon_core.package_identification:_identify(install) by extensions ['ignore', 'ignore_ament_install']
[0.258s] Level 1:colcon.colcon_core.package_identification:_identify(install) by extension 'ignore'
[0.258s] Level 1:colcon.colcon_core.package_identification:_identify(install) ignored
[0.258s] Level 1:colcon.colcon_core.package_identification:_identify(log) by extensions ['ignore', 'ignore_ament_install']
[0.258s] Level 1:colcon.colcon_core.package_identification:_identify(log) by extension 'ignore'
[0.258s] Level 1:colcon.colcon_core.package_identification:_identify(log) ignored
[0.258s] Level 1:colcon.colcon_core.package_identification:_identify(novamob_description) by extensions ['ignore', 'ignore_ament_install']
[0.258s] Level 1:colcon.colcon_core.package_identification:_identify(novamob_description) by extension 'ignore'
[0.258s] Level 1:colcon.colcon_core.package_identification:_identify(novamob_description) by extension 'ignore_ament_install'
[0.258s] Level 1:colcon.colcon_core.package_identification:_identify(novamob_description) by extensions ['colcon_pkg']
[0.258s] Level 1:colcon.colcon_core.package_identification:_identify(novamob_description) by extension 'colcon_pkg'
[0.258s] Level 1:colcon.colcon_core.package_identification:_identify(novamob_description) by extensions ['colcon_meta']
[0.258s] Level 1:colcon.colcon_core.package_identification:_identify(novamob_description) by extension 'colcon_meta'
[0.258s] Level 1:colcon.colcon_core.package_identification:_identify(novamob_description) by extensions ['ros']
[0.258s] Level 1:colcon.colcon_core.package_identification:_identify(novamob_description) by extension 'ros'
[0.260s] DEBUG:colcon.colcon_core.package_identification:Package 'novamob_description' with type 'ros.ament_cmake' and name 'novamob_description'
[0.260s] Level 1:colcon.colcon_core.package_identification:_identify(novamob_nav2_gz) by extensions ['ignore', 'ignore_ament_install']
[0.260s] Level 1:colcon.colcon_core.package_identification:_identify(novamob_nav2_gz) by extension 'ignore'
[0.260s] Level 1:colcon.colcon_core.package_identification:_identify(novamob_nav2_gz) by extension 'ignore_ament_install'
[0.260s] Level 1:colcon.colcon_core.package_identification:_identify(novamob_nav2_gz) by extensions ['colcon_pkg']
[0.260s] Level 1:colcon.colcon_core.package_identification:_identify(novamob_nav2_gz) by extension 'colcon_pkg'
[0.260s] Level 1:colcon.colcon_core.package_identification:_identify(novamob_nav2_gz) by extensions ['colcon_meta']
[0.260s] Level 1:colcon.colcon_core.package_identification:_identify(novamob_nav2_gz) by extension 'colcon_meta'
[0.261s] Level 1:colcon.colcon_core.package_identification:_identify(novamob_nav2_gz) by extensions ['ros']
[0.261s] Level 1:colcon.colcon_core.package_identification:_identify(novamob_nav2_gz) by extension 'ros'
[0.261s] DEBUG:colcon.colcon_core.package_identification:Package 'novamob_nav2_gz' with type 'ros.ament_cmake' and name 'novamob_nav2_gz'
[0.261s] Level 1:colcon.colcon_core.package_identification:_identify(sam_bot_description) by extensions ['ignore', 'ignore_ament_install']
[0.261s] Level 1:colcon.colcon_core.package_identification:_identify(sam_bot_description) by extension 'ignore'
[0.261s] Level 1:colcon.colcon_core.package_identification:_identify(sam_bot_description) by extension 'ignore_ament_install'
[0.261s] Level 1:colcon.colcon_core.package_identification:_identify(sam_bot_description) by extensions ['colcon_pkg']
[0.261s] Level 1:colcon.colcon_core.package_identification:_identify(sam_bot_description) by extension 'colcon_pkg'
[0.262s] Level 1:colcon.colcon_core.package_identification:_identify(sam_bot_description) by extensions ['colcon_meta']
[0.262s] Level 1:colcon.colcon_core.package_identification:_identify(sam_bot_description) by extension 'colcon_meta'
[0.262s] Level 1:colcon.colcon_core.package_identification:_identify(sam_bot_description) by extensions ['ros']
[0.262s] Level 1:colcon.colcon_core.package_identification:_identify(sam_bot_description) by extension 'ros'
[0.262s] DEBUG:colcon.colcon_core.package_identification:Package 'sam_bot_description' with type 'ros.ament_cmake' and name 'sam_bot_description'
[0.262s] Level 1:colcon.colcon_core.package_identification:_identify(sam_bot_nav2_gz) by extensions ['ignore', 'ignore_ament_install']
[0.262s] Level 1:colcon.colcon_core.package_identification:_identify(sam_bot_nav2_gz) by extension 'ignore'
[0.262s] Level 1:colcon.colcon_core.package_identification:_identify(sam_bot_nav2_gz) by extension 'ignore_ament_install'
[0.262s] Level 1:colcon.colcon_core.package_identification:_identify(sam_bot_nav2_gz) by extensions ['colcon_pkg']
[0.262s] Level 1:colcon.colcon_core.package_identification:_identify(sam_bot_nav2_gz) by extension 'colcon_pkg'
[0.262s] Level 1:colcon.colcon_core.package_identification:_identify(sam_bot_nav2_gz) by extensions ['colcon_meta']
[0.262s] Level 1:colcon.colcon_core.package_identification:_identify(sam_bot_nav2_gz) by extension 'colcon_meta'
[0.262s] Level 1:colcon.colcon_core.package_identification:_identify(sam_bot_nav2_gz) by extensions ['ros']
[0.262s] Level 1:colcon.colcon_core.package_identification:_identify(sam_bot_nav2_gz) by extension 'ros'
[0.263s] DEBUG:colcon.colcon_core.package_identification:Package 'sam_bot_nav2_gz' with type 'ros.ament_cmake' and name 'sam_bot_nav2_gz'
[0.263s] Level 1:colcon.colcon_core.package_identification:_identify(scout_description) by extensions ['ignore', 'ignore_ament_install']
[0.263s] Level 1:colcon.colcon_core.package_identification:_identify(scout_description) by extension 'ignore'
[0.263s] Level 1:colcon.colcon_core.package_identification:_identify(scout_description) by extension 'ignore_ament_install'
[0.263s] Level 1:colcon.colcon_core.package_identification:_identify(scout_description) by extensions ['colcon_pkg']
[0.263s] Level 1:colcon.colcon_core.package_identification:_identify(scout_description) by extension 'colcon_pkg'
[0.263s] Level 1:colcon.colcon_core.package_identification:_identify(scout_description) by extensions ['colcon_meta']
[0.263s] Level 1:colcon.colcon_core.package_identification:_identify(scout_description) by extension 'colcon_meta'
[0.263s] Level 1:colcon.colcon_core.package_identification:_identify(scout_description) by extensions ['ros']
[0.263s] Level 1:colcon.colcon_core.package_identification:_identify(scout_description) by extension 'ros'
[0.264s] DEBUG:colcon.colcon_core.package_identification:Package 'scout_description' with type 'ros.ament_cmake' and name 'scout_description'
[0.264s] Level 1:colcon.colcon_core.package_identification:_identify(scout_nav2_gz) by extensions ['ignore', 'ignore_ament_install']
[0.264s] Level 1:colcon.colcon_core.package_identification:_identify(scout_nav2_gz) by extension 'ignore'
[0.264s] Level 1:colcon.colcon_core.package_identification:_identify(scout_nav2_gz) by extension 'ignore_ament_install'
[0.264s] Level 1:colcon.colcon_core.package_identification:_identify(scout_nav2_gz) by extensions ['colcon_pkg']
[0.264s] Level 1:colcon.colcon_core.package_identification:_identify(scout_nav2_gz) by extension 'colcon_pkg'
[0.264s] Level 1:colcon.colcon_core.package_identification:_identify(scout_nav2_gz) by extensions ['colcon_meta']
[0.264s] Level 1:colcon.colcon_core.package_identification:_identify(scout_nav2_gz) by extension 'colcon_meta'
[0.264s] Level 1:colcon.colcon_core.package_identification:_identify(scout_nav2_gz) by extensions ['ros']
[0.264s] Level 1:colcon.colcon_core.package_identification:_identify(scout_nav2_gz) by extension 'ros'
[0.265s] DEBUG:colcon.colcon_core.package_identification:Package 'scout_nav2_gz' with type 'ros.ament_cmake' and name 'scout_nav2_gz'
[0.265s] Level 1:colcon.colcon_core.package_identification:_identify(virtual_maize_field) by extensions ['ignore', 'ignore_ament_install']
[0.265s] Level 1:colcon.colcon_core.package_identification:_identify(virtual_maize_field) by extension 'ignore'
[0.265s] Level 1:colcon.colcon_core.package_identification:_identify(virtual_maize_field) by extension 'ignore_ament_install'
[0.265s] Level 1:colcon.colcon_core.package_identification:_identify(virtual_maize_field) by extensions ['colcon_pkg']
[0.265s] Level 1:colcon.colcon_core.package_identification:_identify(virtual_maize_field) by extension 'colcon_pkg'
[0.265s] Level 1:colcon.colcon_core.package_identification:_identify(virtual_maize_field) by extensions ['colcon_meta']
[0.265s] Level 1:colcon.colcon_core.package_identification:_identify(virtual_maize_field) by extension 'colcon_meta'
[0.265s] Level 1:colcon.colcon_core.package_identification:_identify(virtual_maize_field) by extensions ['ros']
[0.265s] Level 1:colcon.colcon_core.package_identification:_identify(virtual_maize_field) by extension 'ros'
[0.265s] Level 1:colcon.colcon_core.package_identification:_identify(virtual_maize_field) by extensions ['cmake', 'python']
[0.265s] Level 1:colcon.colcon_core.package_identification:_identify(virtual_maize_field) by extension 'cmake'
[0.266s] Level 1:colcon.colcon_core.package_identification:_identify(virtual_maize_field) by extension 'python'
[0.266s] Level 1:colcon.colcon_core.package_identification:_identify(virtual_maize_field) by extensions ['python_setup_py']
[0.266s] Level 1:colcon.colcon_core.package_identification:_identify(virtual_maize_field) by extension 'python_setup_py'
[0.266s] Level 1:colcon.colcon_core.package_discovery:discover_packages(recursive) using defaults
[0.266s] Level 1:colcon.colcon_core.package_discovery:discover_packages(ignore) discover
[0.266s] Level 1:colcon.colcon_core.package_discovery:discover_packages(ignore) using defaults
[0.266s] Level 1:colcon.colcon_core.package_discovery:discover_packages(path) discover
[0.266s] Level 1:colcon.colcon_core.package_discovery:discover_packages(path) using defaults
[0.297s] Level 1:colcon.colcon_core.package_discovery:discover_packages(prefix_path) check parameters
[0.297s] Level 1:colcon.colcon_core.package_discovery:discover_packages(prefix_path) discover
[0.299s] DEBUG:colcon.colcon_installed_package_information.package_discovery:Found 6 installed packages in /home/rics/tt_ws/src/tese_ws/install
[0.299s] DEBUG:colcon.colcon_installed_package_information.package_discovery:Found 6 installed packages in /home/rics/tt_ws/install
[0.301s] DEBUG:colcon.colcon_installed_package_information.package_discovery:Found 391 installed packages in /opt/ros/humble
[0.303s] Level 1:colcon.colcon_core.package_discovery:discover_packages(prefix_path) using defaults
[0.343s] Level 5:colcon.colcon_core.verb:set package 'novamob_description' build argument 'cmake_args' from command line to 'None'
[0.344s] Level 5:colcon.colcon_core.verb:set package 'novamob_description' build argument 'cmake_target' from command line to 'None'
[0.344s] Level 5:colcon.colcon_core.verb:set package 'novamob_description' build argument 'cmake_target_skip_unavailable' from command line to 'False'
[0.344s] Level 5:colcon.colcon_core.verb:set package 'novamob_description' build argument 'cmake_clean_cache' from command line to 'False'
[0.344s] Level 5:colcon.colcon_core.verb:set package 'novamob_description' build argument 'cmake_clean_first' from command line to 'False'
[0.344s] Level 5:colcon.colcon_core.verb:set package 'novamob_description' build argument 'cmake_force_configure' from command line to 'False'
[0.344s] Level 5:colcon.colcon_core.verb:set package 'novamob_description' build argument 'ament_cmake_args' from command line to 'None'
[0.344s] Level 5:colcon.colcon_core.verb:set package 'novamob_description' build argument 'catkin_cmake_args' from command line to 'None'
[0.344s] Level 5:colcon.colcon_core.verb:set package 'novamob_description' build argument 'catkin_skip_building_tests' from command line to 'False'
[0.344s] DEBUG:colcon.colcon_core.verb:Building package 'novamob_description' with the following arguments: {'ament_cmake_args': None, 'build_base': '/home/rics/tt_ws/src/tese_ws/build/novamob_description', 'catkin_cmake_args': None, 'catkin_skip_building_tests': False, 'cmake_args': None, 'cmake_clean_cache': False, 'cmake_clean_first': False, 'cmake_force_configure': False, 'cmake_target': None, 'cmake_target_skip_unavailable': False, 'install_base': '/home/rics/tt_ws/src/tese_ws/install/novamob_description', 'merge_install': False, 'path': '/home/rics/tt_ws/src/tese_ws/novamob_description', 'symlink_install': False, 'test_result_base': None}
[0.344s] Level 5:colcon.colcon_core.verb:set package 'novamob_nav2_gz' build argument 'cmake_args' from command line to 'None'
[0.344s] Level 5:colcon.colcon_core.verb:set package 'novamob_nav2_gz' build argument 'cmake_target' from command line to 'None'
[0.344s] Level 5:colcon.colcon_core.verb:set package 'novamob_nav2_gz' build argument 'cmake_target_skip_unavailable' from command line to 'False'
[0.344s] Level 5:colcon.colcon_core.verb:set package 'novamob_nav2_gz' build argument 'cmake_clean_cache' from command line to 'False'
[0.344s] Level 5:colcon.colcon_core.verb:set package 'novamob_nav2_gz' build argument 'cmake_clean_first' from command line to 'False'
[0.344s] Level 5:colcon.colcon_core.verb:set package 'novamob_nav2_gz' build argument 'cmake_force_configure' from command line to 'False'
[0.344s] Level 5:colcon.colcon_core.verb:set package 'novamob_nav2_gz' build argument 'ament_cmake_args' from command line to 'None'
[0.344s] Level 5:colcon.colcon_core.verb:set package 'novamob_nav2_gz' build argument 'catkin_cmake_args' from command line to 'None'
[0.344s] Level 5:colcon.colcon_core.verb:set package 'novamob_nav2_gz' build argument 'catkin_skip_building_tests' from command line to 'False'
[0.344s] DEBUG:colcon.colcon_core.verb:Building package 'novamob_nav2_gz' with the following arguments: {'ament_cmake_args': None, 'build_base': '/home/rics/tt_ws/src/tese_ws/build/novamob_nav2_gz', 'catkin_cmake_args': None, 'catkin_skip_building_tests': False, 'cmake_args': None, 'cmake_clean_cache': False, 'cmake_clean_first': False, 'cmake_force_configure': False, 'cmake_target': None, 'cmake_target_skip_unavailable': False, 'install_base': '/home/rics/tt_ws/src/tese_ws/install/novamob_nav2_gz', 'merge_install': False, 'path': '/home/rics/tt_ws/src/tese_ws/novamob_nav2_gz', 'symlink_install': False, 'test_result_base': None}
[0.358s] Level 5:colcon.colcon_core.verb:set package 'sam_bot_description' build argument 'cmake_args' from command line to 'None'
[0.358s] Level 5:colcon.colcon_core.verb:set package 'sam_bot_description' build argument 'cmake_target' from command line to 'None'
[0.358s] Level 5:colcon.colcon_core.verb:set package 'sam_bot_description' build argument 'cmake_target_skip_unavailable' from command line to 'False'
[0.358s] Level 5:colcon.colcon_core.verb:set package 'sam_bot_description' build argument 'cmake_clean_cache' from command line to 'False'
[0.358s] Level 5:colcon.colcon_core.verb:set package 'sam_bot_description' build argument 'cmake_clean_first' from command line to 'False'
[0.358s] Level 5:colcon.colcon_core.verb:set package 'sam_bot_description' build argument 'cmake_force_configure' from command line to 'False'
[0.358s] Level 5:colcon.colcon_core.verb:set package 'sam_bot_description' build argument 'ament_cmake_args' from command line to 'None'
[0.358s] Level 5:colcon.colcon_core.verb:set package 'sam_bot_description' build argument 'catkin_cmake_args' from command line to 'None'
[0.358s] Level 5:colcon.colcon_core.verb:set package 'sam_bot_description' build argument 'catkin_skip_building_tests' from command line to 'False'
[0.358s] DEBUG:colcon.colcon_core.verb:Building package 'sam_bot_description' with the following arguments: {'ament_cmake_args': None, 'build_base': '/home/rics/tt_ws/src/tese_ws/build/sam_bot_description', 'catkin_cmake_args': None, 'catkin_skip_building_tests': False, 'cmake_args': None, 'cmake_clean_cache': False, 'cmake_clean_first': False, 'cmake_force_configure': False, 'cmake_target': None, 'cmake_target_skip_unavailable': False, 'install_base': '/home/rics/tt_ws/src/tese_ws/install/sam_bot_description', 'merge_install': False, 'path': '/home/rics/tt_ws/src/tese_ws/sam_bot_description', 'symlink_install': False, 'test_result_base': None}
[0.358s] Level 5:colcon.colcon_core.verb:set package 'sam_bot_nav2_gz' build argument 'cmake_args' from command line to 'None'
[0.358s] Level 5:colcon.colcon_core.verb:set package 'sam_bot_nav2_gz' build argument 'cmake_target' from command line to 'None'
[0.358s] Level 5:colcon.colcon_core.verb:set package 'sam_bot_nav2_gz' build argument 'cmake_target_skip_unavailable' from command line to 'False'
[0.358s] Level 5:colcon.colcon_core.verb:set package 'sam_bot_nav2_gz' build argument 'cmake_clean_cache' from command line to 'False'
[0.358s] Level 5:colcon.colcon_core.verb:set package 'sam_bot_nav2_gz' build argument 'cmake_clean_first' from command line to 'False'
[0.358s] Level 5:colcon.colcon_core.verb:set package 'sam_bot_nav2_gz' build argument 'cmake_force_configure' from command line to 'False'
[0.358s] Level 5:colcon.colcon_core.verb:set package 'sam_bot_nav2_gz' build argument 'ament_cmake_args' from command line to 'None'
[0.359s] Level 5:colcon.colcon_core.verb:set package 'sam_bot_nav2_gz' build argument 'catkin_cmake_args' from command line to 'None'
[0.359s] Level 5:colcon.colcon_core.verb:set package 'sam_bot_nav2_gz' build argument 'catkin_skip_building_tests' from command line to 'False'
[0.359s] DEBUG:colcon.colcon_core.verb:Building package 'sam_bot_nav2_gz' with the following arguments: {'ament_cmake_args': None, 'build_base': '/home/rics/tt_ws/src/tese_ws/build/sam_bot_nav2_gz', 'catkin_cmake_args': None, 'catkin_skip_building_tests': False, 'cmake_args': None, 'cmake_clean_cache': False, 'cmake_clean_first': False, 'cmake_force_configure': False, 'cmake_target': None, 'cmake_target_skip_unavailable': False, 'install_base': '/home/rics/tt_ws/src/tese_ws/install/sam_bot_nav2_gz', 'merge_install': False, 'path': '/home/rics/tt_ws/src/tese_ws/sam_bot_nav2_gz', 'symlink_install': False, 'test_result_base': None}
[0.359s] Level 5:colcon.colcon_core.verb:set package 'scout_description' build argument 'cmake_args' from command line to 'None'
[0.359s] Level 5:colcon.colcon_core.verb:set package 'scout_description' build argument 'cmake_target' from command line to 'None'
[0.359s] Level 5:colcon.colcon_core.verb:set package 'scout_description' build argument 'cmake_target_skip_unavailable' from command line to 'False'
[0.359s] Level 5:colcon.colcon_core.verb:set package 'scout_description' build argument 'cmake_clean_cache' from command line to 'False'
[0.359s] Level 5:colcon.colcon_core.verb:set package 'scout_description' build argument 'cmake_clean_first' from command line to 'False'
[0.359s] Level 5:colcon.colcon_core.verb:set package 'scout_description' build argument 'cmake_force_configure' from command line to 'False'
[0.359s] Level 5:colcon.colcon_core.verb:set package 'scout_description' build argument 'ament_cmake_args' from command line to 'None'
[0.359s] Level 5:colcon.colcon_core.verb:set package 'scout_description' build argument 'catkin_cmake_args' from command line to 'None'
[0.359s] Level 5:colcon.colcon_core.verb:set package 'scout_description' build argument 'catkin_skip_building_tests' from command line to 'False'
[0.359s] DEBUG:colcon.colcon_core.verb:Building package 'scout_description' with the following arguments: {'ament_cmake_args': None, 'build_base': '/home/rics/tt_ws/src/tese_ws/build/scout_description', 'catkin_cmake_args': None, 'catkin_skip_building_tests': False, 'cmake_args': None, 'cmake_clean_cache': False, 'cmake_clean_first': False, 'cmake_force_configure': False, 'cmake_target': None, 'cmake_target_skip_unavailable': False, 'install_base': '/home/rics/tt_ws/src/tese_ws/install/scout_description', 'merge_install': False, 'path': '/home/rics/tt_ws/src/tese_ws/scout_description', 'symlink_install': False, 'test_result_base': None}
[0.359s] Level 5:colcon.colcon_core.verb:set package 'scout_nav2_gz' build argument 'cmake_args' from command line to 'None'
[0.359s] Level 5:colcon.colcon_core.verb:set package 'scout_nav2_gz' build argument 'cmake_target' from command line to 'None'
[0.359s] Level 5:colcon.colcon_core.verb:set package 'scout_nav2_gz' build argument 'cmake_target_skip_unavailable' from command line to 'False'
[0.359s] Level 5:colcon.colcon_core.verb:set package 'scout_nav2_gz' build argument 'cmake_clean_cache' from command line to 'False'
[0.359s] Level 5:colcon.colcon_core.verb:set package 'scout_nav2_gz' build argument 'cmake_clean_first' from command line to 'False'
[0.359s] Level 5:colcon.colcon_core.verb:set package 'scout_nav2_gz' build argument 'cmake_force_configure' from command line to 'False'
[0.359s] Level 5:colcon.colcon_core.verb:set package 'scout_nav2_gz' build argument 'ament_cmake_args' from command line to 'None'
[0.359s] Level 5:colcon.colcon_core.verb:set package 'scout_nav2_gz' build argument 'catkin_cmake_args' from command line to 'None'
[0.359s] Level 5:colcon.colcon_core.verb:set package 'scout_nav2_gz' build argument 'catkin_skip_building_tests' from command line to 'False'
[0.359s] DEBUG:colcon.colcon_core.verb:Building package 'scout_nav2_gz' with the following arguments: {'ament_cmake_args': None, 'build_base': '/home/rics/tt_ws/src/tese_ws/build/scout_nav2_gz', 'catkin_cmake_args': None, 'catkin_skip_building_tests': False, 'cmake_args': None, 'cmake_clean_cache': False, 'cmake_clean_first': False, 'cmake_force_configure': False, 'cmake_target': None, 'cmake_target_skip_unavailable': False, 'install_base': '/home/rics/tt_ws/src/tese_ws/install/scout_nav2_gz', 'merge_install': False, 'path': '/home/rics/tt_ws/src/tese_ws/scout_nav2_gz', 'symlink_install': False, 'test_result_base': None}
[0.360s] INFO:colcon.colcon_core.executor:Executing jobs using 'parallel' executor
[0.360s] DEBUG:colcon.colcon_parallel_executor.executor.parallel:run_until_complete
[0.361s] INFO:colcon.colcon_ros.task.ament_cmake.build:Building ROS package in '/home/rics/tt_ws/src/tese_ws/novamob_description' with build type 'ament_cmake'
[0.361s] INFO:colcon.colcon_cmake.task.cmake.build:Building CMake package in '/home/rics/tt_ws/src/tese_ws/novamob_description'
[0.362s] INFO:colcon.colcon_core.plugin_system:Skipping extension 'colcon_core.shell.bat': Not used on non-Windows systems
[0.363s] INFO:colcon.colcon_core.shell:Skip shell extension 'powershell' for command environment: Not usable outside of PowerShell
[0.363s] DEBUG:colcon.colcon_core.shell:Skip shell extension 'dsv' for command environment
[0.366s] INFO:colcon.colcon_ros.task.ament_cmake.build:Building ROS package in '/home/rics/tt_ws/src/tese_ws/novamob_nav2_gz' with build type 'ament_cmake'
[0.367s] INFO:colcon.colcon_cmake.task.cmake.build:Building CMake package in '/home/rics/tt_ws/src/tese_ws/novamob_nav2_gz'
[0.367s] INFO:colcon.colcon_core.shell:Skip shell extension 'powershell' for command environment: Not usable outside of PowerShell
[0.367s] DEBUG:colcon.colcon_core.shell:Skip shell extension 'dsv' for command environment
[0.371s] INFO:colcon.colcon_ros.task.ament_cmake.build:Building ROS package in '/home/rics/tt_ws/src/tese_ws/sam_bot_description' with build type 'ament_cmake'
[0.371s] INFO:colcon.colcon_cmake.task.cmake.build:Building CMake package in '/home/rics/tt_ws/src/tese_ws/sam_bot_description'
[0.372s] INFO:colcon.colcon_core.shell:Skip shell extension 'powershell' for command environment: Not usable outside of PowerShell
[0.372s] DEBUG:colcon.colcon_core.shell:Skip shell extension 'dsv' for command environment
[0.376s] INFO:colcon.colcon_ros.task.ament_cmake.build:Building ROS package in '/home/rics/tt_ws/src/tese_ws/sam_bot_nav2_gz' with build type 'ament_cmake'
[0.376s] INFO:colcon.colcon_cmake.task.cmake.build:Building CMake package in '/home/rics/tt_ws/src/tese_ws/sam_bot_nav2_gz'
[0.376s] INFO:colcon.colcon_core.shell:Skip shell extension 'powershell' for command environment: Not usable outside of PowerShell
[0.376s] DEBUG:colcon.colcon_core.shell:Skip shell extension 'dsv' for command environment
[0.380s] INFO:colcon.colcon_ros.task.ament_cmake.build:Building ROS package in '/home/rics/tt_ws/src/tese_ws/scout_description' with build type 'ament_cmake'
[0.380s] INFO:colcon.colcon_cmake.task.cmake.build:Building CMake package in '/home/rics/tt_ws/src/tese_ws/scout_description'
[0.380s] INFO:colcon.colcon_core.shell:Skip shell extension 'powershell' for command environment: Not usable outside of PowerShell
[0.380s] DEBUG:colcon.colcon_core.shell:Skip shell extension 'dsv' for command environment
[0.383s] INFO:colcon.colcon_ros.task.ament_cmake.build:Building ROS package in '/home/rics/tt_ws/src/tese_ws/scout_nav2_gz' with build type 'ament_cmake'
[0.383s] INFO:colcon.colcon_cmake.task.cmake.build:Building CMake package in '/home/rics/tt_ws/src/tese_ws/scout_nav2_gz'
[0.384s] INFO:colcon.colcon_core.shell:Skip shell extension 'powershell' for command environment: Not usable outside of PowerShell
[0.384s] DEBUG:colcon.colcon_core.shell:Skip shell extension 'dsv' for command environment
[0.392s] DEBUG:colcon.colcon_core.event_handler.log_command:Invoking command in '/home/rics/tt_ws/src/tese_ws/build/novamob_description': CMAKE_PREFIX_PATH=${CMAKE_PREFIX_PATH}:/opt/ros/humble /usr/bin/cmake --build /home/rics/tt_ws/src/tese_ws/build/novamob_description -- -j8 -l8
[0.396s] DEBUG:colcon.colcon_core.event_handler.log_command:Invoking command in '/home/rics/tt_ws/src/tese_ws/build/novamob_nav2_gz': CMAKE_PREFIX_PATH=${CMAKE_PREFIX_PATH}:/opt/ros/humble /usr/bin/cmake --build /home/rics/tt_ws/src/tese_ws/build/novamob_nav2_gz -- -j8 -l8
[0.397s] DEBUG:colcon.colcon_core.event_handler.log_command:Invoking command in '/home/rics/tt_ws/src/tese_ws/build/sam_bot_description': CMAKE_PREFIX_PATH=${CMAKE_PREFIX_PATH}:/opt/ros/humble /usr/bin/cmake --build /home/rics/tt_ws/src/tese_ws/build/sam_bot_description -- -j8 -l8
[0.398s] DEBUG:colcon.colcon_core.event_handler.log_command:Invoking command in '/home/rics/tt_ws/src/tese_ws/build/sam_bot_nav2_gz': CMAKE_PREFIX_PATH=${CMAKE_PREFIX_PATH}:/opt/ros/humble /usr/bin/cmake --build /home/rics/tt_ws/src/tese_ws/build/sam_bot_nav2_gz -- -j8 -l8
[0.401s] DEBUG:colcon.colcon_core.event_handler.log_command:Invoking command in '/home/rics/tt_ws/src/tese_ws/build/scout_description': CMAKE_PREFIX_PATH=${CMAKE_PREFIX_PATH}:/opt/ros/humble /usr/bin/cmake --build /home/rics/tt_ws/src/tese_ws/build/scout_description -- -j8 -l8
[0.411s] DEBUG:colcon.colcon_core.event_handler.log_command:Invoking command in '/home/rics/tt_ws/src/tese_ws/build/scout_nav2_gz': CMAKE_PREFIX_PATH=${CMAKE_PREFIX_PATH}:/opt/ros/humble /usr/bin/cmake --build /home/rics/tt_ws/src/tese_ws/build/scout_nav2_gz -- -j8 -l8
[0.434s] DEBUG:colcon.colcon_core.event_handler.log_command:Invoked command in '/home/rics/tt_ws/src/tese_ws/build/novamob_nav2_gz' returned '0': CMAKE_PREFIX_PATH=${CMAKE_PREFIX_PATH}:/opt/ros/humble /usr/bin/cmake --build /home/rics/tt_ws/src/tese_ws/build/novamob_nav2_gz -- -j8 -l8
[0.445s] DEBUG:colcon.colcon_core.event_handler.log_command:Invoking command in '/home/rics/tt_ws/src/tese_ws/build/novamob_nav2_gz': CMAKE_PREFIX_PATH=${CMAKE_PREFIX_PATH}:/opt/ros/humble /usr/bin/cmake --install /home/rics/tt_ws/src/tese_ws/build/novamob_nav2_gz
[0.446s] DEBUG:colcon.colcon_core.event_handler.log_command:Invoked command in '/home/rics/tt_ws/src/tese_ws/build/sam_bot_nav2_gz' returned '0': CMAKE_PREFIX_PATH=${CMAKE_PREFIX_PATH}:/opt/ros/humble /usr/bin/cmake --build /home/rics/tt_ws/src/tese_ws/build/sam_bot_nav2_gz -- -j8 -l8
[0.447s] DEBUG:colcon.colcon_core.event_handler.log_command:Invoking command in '/home/rics/tt_ws/src/tese_ws/build/sam_bot_nav2_gz': CMAKE_PREFIX_PATH=${CMAKE_PREFIX_PATH}:/opt/ros/humble /usr/bin/cmake --install /home/rics/tt_ws/src/tese_ws/build/sam_bot_nav2_gz
[0.448s] DEBUG:colcon.colcon_core.event_handler.log_command:Invoked command in '/home/rics/tt_ws/src/tese_ws/build/sam_bot_description' returned '0': CMAKE_PREFIX_PATH=${CMAKE_PREFIX_PATH}:/opt/ros/humble /usr/bin/cmake --build /home/rics/tt_ws/src/tese_ws/build/sam_bot_description -- -j8 -l8
[0.450s] DEBUG:colcon.colcon_core.event_handler.log_command:Invoking command in '/home/rics/tt_ws/src/tese_ws/build/sam_bot_description': CMAKE_PREFIX_PATH=${CMAKE_PREFIX_PATH}:/opt/ros/humble /usr/bin/cmake --install /home/rics/tt_ws/src/tese_ws/build/sam_bot_description
[0.454s] DEBUG:colcon.colcon_core.event_handler.log_command:Invoked command in '/home/rics/tt_ws/src/tese_ws/build/novamob_description' returned '0': CMAKE_PREFIX_PATH=${CMAKE_PREFIX_PATH}:/opt/ros/humble /usr/bin/cmake --build /home/rics/tt_ws/src/tese_ws/build/novamob_description -- -j8 -l8
[0.464s] Level 1:colcon.colcon_core.environment:create_environment_scripts_only(sam_bot_nav2_gz)
[0.471s] Level 1:colcon.colcon_core.environment:checking '/home/rics/tt_ws/src/tese_ws/install/sam_bot_nav2_gz' for CMake module files
[0.471s] DEBUG:colcon.colcon_core.event_handler.log_command:Invoking command in '/home/rics/tt_ws/src/tese_ws/build/novamob_description': CMAKE_PREFIX_PATH=${CMAKE_PREFIX_PATH}:/opt/ros/humble /usr/bin/cmake --install /home/rics/tt_ws/src/tese_ws/build/novamob_description
[0.473s] Level 1:colcon.colcon_core.environment:checking '/home/rics/tt_ws/src/tese_ws/install/sam_bot_nav2_gz' for CMake config files
[0.473s] Level 1:colcon.colcon_core.shell:create_environment_hook('sam_bot_nav2_gz', 'cmake_prefix_path')
[0.474s] INFO:colcon.colcon_core.shell:Creating environment hook '/home/rics/tt_ws/src/tese_ws/install/sam_bot_nav2_gz/share/sam_bot_nav2_gz/hook/cmake_prefix_path.ps1'
[0.476s] INFO:colcon.colcon_core.shell:Creating environment descriptor '/home/rics/tt_ws/src/tese_ws/install/sam_bot_nav2_gz/share/sam_bot_nav2_gz/hook/cmake_prefix_path.dsv'
[0.477s] INFO:colcon.colcon_core.shell:Creating environment hook '/home/rics/tt_ws/src/tese_ws/install/sam_bot_nav2_gz/share/sam_bot_nav2_gz/hook/cmake_prefix_path.sh'
[0.479s] Level 1:colcon.colcon_core.environment:checking '/home/rics/tt_ws/src/tese_ws/install/sam_bot_nav2_gz/lib'
[0.480s] Level 1:colcon.colcon_core.environment:checking '/home/rics/tt_ws/src/tese_ws/install/sam_bot_nav2_gz/bin'
[0.480s] Level 1:colcon.colcon_core.environment:checking '/home/rics/tt_ws/src/tese_ws/install/sam_bot_nav2_gz/lib/pkgconfig/sam_bot_nav2_gz.pc'
[0.480s] Level 1:colcon.colcon_core.environment:checking '/home/rics/tt_ws/src/tese_ws/install/sam_bot_nav2_gz/lib/python3.10/site-packages'
[0.480s] Level 1:colcon.colcon_core.environment:checking '/home/rics/tt_ws/src/tese_ws/install/sam_bot_nav2_gz/bin'
[0.481s] INFO:colcon.colcon_core.shell:Creating package script '/home/rics/tt_ws/src/tese_ws/install/sam_bot_nav2_gz/share/sam_bot_nav2_gz/package.ps1'
[0.482s] INFO:colcon.colcon_core.shell:Creating package descriptor '/home/rics/tt_ws/src/tese_ws/install/sam_bot_nav2_gz/share/sam_bot_nav2_gz/package.dsv'
[0.483s] INFO:colcon.colcon_core.shell:Creating package script '/home/rics/tt_ws/src/tese_ws/install/sam_bot_nav2_gz/share/sam_bot_nav2_gz/package.sh'
[0.484s] INFO:colcon.colcon_core.shell:Creating package script '/home/rics/tt_ws/src/tese_ws/install/sam_bot_nav2_gz/share/sam_bot_nav2_gz/package.bash'
[0.485s] INFO:colcon.colcon_core.shell:Creating package script '/home/rics/tt_ws/src/tese_ws/install/sam_bot_nav2_gz/share/sam_bot_nav2_gz/package.zsh'
[0.487s] Level 1:colcon.colcon_core.environment:create_file_with_runtime_dependencies(/home/rics/tt_ws/src/tese_ws/install/sam_bot_nav2_gz/share/colcon-core/packages/sam_bot_nav2_gz)
[0.489s] Level 1:colcon.colcon_core.environment:create_environment_scripts_only(sam_bot_nav2_gz)
[0.489s] Level 1:colcon.colcon_core.environment:checking '/home/rics/tt_ws/src/tese_ws/install/sam_bot_nav2_gz' for CMake module files
[0.493s] Level 1:colcon.colcon_core.environment:checking '/home/rics/tt_ws/src/tese_ws/install/sam_bot_nav2_gz' for CMake config files
[0.496s] DEBUG:colcon.colcon_core.event_handler.log_command:Invoked command in '/home/rics/tt_ws/src/tese_ws/build/scout_description' returned '0': CMAKE_PREFIX_PATH=${CMAKE_PREFIX_PATH}:/opt/ros/humble /usr/bin/cmake --build /home/rics/tt_ws/src/tese_ws/build/scout_description -- -j8 -l8
[0.497s] DEBUG:colcon.colcon_core.event_handler.log_command:Invoking command in '/home/rics/tt_ws/src/tese_ws/build/scout_description': CMAKE_PREFIX_PATH=${CMAKE_PREFIX_PATH}:/opt/ros/humble /usr/bin/cmake --install /home/rics/tt_ws/src/tese_ws/build/scout_description
[0.500s] DEBUG:colcon.colcon_core.event_handler.log_command:Invoked command in '/home/rics/tt_ws/src/tese_ws/build/sam_bot_nav2_gz' returned '0': CMAKE_PREFIX_PATH=${CMAKE_PREFIX_PATH}:/opt/ros/humble /usr/bin/cmake --install /home/rics/tt_ws/src/tese_ws/build/sam_bot_nav2_gz
[0.506s] Level 1:colcon.colcon_core.shell:create_environment_hook('sam_bot_nav2_gz', 'cmake_prefix_path')
[0.507s] INFO:colcon.colcon_core.shell:Creating environment hook '/home/rics/tt_ws/src/tese_ws/install/sam_bot_nav2_gz/share/sam_bot_nav2_gz/hook/cmake_prefix_path.ps1'
[0.507s] INFO:colcon.colcon_core.shell:Creating environment descriptor '/home/rics/tt_ws/src/tese_ws/install/sam_bot_nav2_gz/share/sam_bot_nav2_gz/hook/cmake_prefix_path.dsv'
[0.508s] INFO:colcon.colcon_core.shell:Creating environment hook '/home/rics/tt_ws/src/tese_ws/install/sam_bot_nav2_gz/share/sam_bot_nav2_gz/hook/cmake_prefix_path.sh'
[0.509s] Level 1:colcon.colcon_core.environment:checking '/home/rics/tt_ws/src/tese_ws/install/sam_bot_nav2_gz/lib'
[0.509s] Level 1:colcon.colcon_core.environment:checking '/home/rics/tt_ws/src/tese_ws/install/sam_bot_nav2_gz/bin'
[0.509s] Level 1:colcon.colcon_core.environment:checking '/home/rics/tt_ws/src/tese_ws/install/sam_bot_nav2_gz/lib/pkgconfig/sam_bot_nav2_gz.pc'
[0.510s] Level 1:colcon.colcon_core.environment:checking '/home/rics/tt_ws/src/tese_ws/install/sam_bot_nav2_gz/lib/python3.10/site-packages'
[0.510s] Level 1:colcon.colcon_core.environment:checking '/home/rics/tt_ws/src/tese_ws/install/sam_bot_nav2_gz/bin'
[0.510s] INFO:colcon.colcon_core.shell:Creating package script '/home/rics/tt_ws/src/tese_ws/install/sam_bot_nav2_gz/share/sam_bot_nav2_gz/package.ps1'
[0.511s] INFO:colcon.colcon_core.shell:Creating package descriptor '/home/rics/tt_ws/src/tese_ws/install/sam_bot_nav2_gz/share/sam_bot_nav2_gz/package.dsv'
[0.511s] INFO:colcon.colcon_core.shell:Creating package script '/home/rics/tt_ws/src/tese_ws/install/sam_bot_nav2_gz/share/sam_bot_nav2_gz/package.sh'
[0.512s] INFO:colcon.colcon_core.shell:Creating package script '/home/rics/tt_ws/src/tese_ws/install/sam_bot_nav2_gz/share/sam_bot_nav2_gz/package.bash'
[0.514s] INFO:colcon.colcon_core.shell:Creating package script '/home/rics/tt_ws/src/tese_ws/install/sam_bot_nav2_gz/share/sam_bot_nav2_gz/package.zsh'
[0.514s] Level 1:colcon.colcon_core.environment:create_file_with_runtime_dependencies(/home/rics/tt_ws/src/tese_ws/install/sam_bot_nav2_gz/share/colcon-core/packages/sam_bot_nav2_gz)
[0.517s] Level 1:colcon.colcon_core.environment:create_environment_scripts_only(novamob_nav2_gz)
[0.518s] Level 1:colcon.colcon_core.environment:checking '/home/rics/tt_ws/src/tese_ws/install/novamob_nav2_gz' for CMake module files
[0.518s] Level 1:colcon.colcon_core.environment:checking '/home/rics/tt_ws/src/tese_ws/install/novamob_nav2_gz' for CMake config files
[0.524s] Level 1:colcon.colcon_core.shell:create_environment_hook('novamob_nav2_gz', 'cmake_prefix_path')
[0.524s] INFO:colcon.colcon_core.shell:Creating environment hook '/home/rics/tt_ws/src/tese_ws/install/novamob_nav2_gz/share/novamob_nav2_gz/hook/cmake_prefix_path.ps1'
[0.525s] INFO:colcon.colcon_core.shell:Creating environment descriptor '/home/rics/tt_ws/src/tese_ws/install/novamob_nav2_gz/share/novamob_nav2_gz/hook/cmake_prefix_path.dsv'
[0.525s] INFO:colcon.colcon_core.shell:Creating environment hook '/home/rics/tt_ws/src/tese_ws/install/novamob_nav2_gz/share/novamob_nav2_gz/hook/cmake_prefix_path.sh'
[0.525s] DEBUG:colcon.colcon_core.event_handler.log_command:Invoked command in '/home/rics/tt_ws/src/tese_ws/build/scout_nav2_gz' returned '0': CMAKE_PREFIX_PATH=${CMAKE_PREFIX_PATH}:/opt/ros/humble /usr/bin/cmake --build /home/rics/tt_ws/src/tese_ws/build/scout_nav2_gz -- -j8 -l8
[0.526s] DEBUG:colcon.colcon_core.event_handler.log_command:Invoking command in '/home/rics/tt_ws/src/tese_ws/build/scout_nav2_gz': CMAKE_PREFIX_PATH=${CMAKE_PREFIX_PATH}:/opt/ros/humble /usr/bin/cmake --install /home/rics/tt_ws/src/tese_ws/build/scout_nav2_gz
[0.526s] DEBUG:colcon.colcon_core.event_handler.log_command:Invoked command in '/home/rics/tt_ws/src/tese_ws/build/novamob_nav2_gz' returned '0': CMAKE_PREFIX_PATH=${CMAKE_PREFIX_PATH}:/opt/ros/humble /usr/bin/cmake --install /home/rics/tt_ws/src/tese_ws/build/novamob_nav2_gz
[0.527s] Level 1:colcon.colcon_core.environment:checking '/home/rics/tt_ws/src/tese_ws/install/novamob_nav2_gz/lib'
[0.527s] Level 1:colcon.colcon_core.environment:checking '/home/rics/tt_ws/src/tese_ws/install/novamob_nav2_gz/bin'
[0.527s] Level 1:colcon.colcon_core.environment:checking '/home/rics/tt_ws/src/tese_ws/install/novamob_nav2_gz/lib/pkgconfig/novamob_nav2_gz.pc'
[0.527s] Level 1:colcon.colcon_core.environment:checking '/home/rics/tt_ws/src/tese_ws/install/novamob_nav2_gz/lib/python3.10/site-packages'
[0.527s] Level 1:colcon.colcon_core.environment:checking '/home/rics/tt_ws/src/tese_ws/install/novamob_nav2_gz/bin'
[0.528s] INFO:colcon.colcon_core.shell:Creating package script '/home/rics/tt_ws/src/tese_ws/install/novamob_nav2_gz/share/novamob_nav2_gz/package.ps1'
[0.528s] INFO:colcon.colcon_core.shell:Creating package descriptor '/home/rics/tt_ws/src/tese_ws/install/novamob_nav2_gz/share/novamob_nav2_gz/package.dsv'
[0.528s] INFO:colcon.colcon_core.shell:Creating package script '/home/rics/tt_ws/src/tese_ws/install/novamob_nav2_gz/share/novamob_nav2_gz/package.sh'
[0.529s] INFO:colcon.colcon_core.shell:Creating package script '/home/rics/tt_ws/src/tese_ws/install/novamob_nav2_gz/share/novamob_nav2_gz/package.bash'
[0.529s] INFO:colcon.colcon_core.shell:Creating package script '/home/rics/tt_ws/src/tese_ws/install/novamob_nav2_gz/share/novamob_nav2_gz/package.zsh'
[0.529s] Level 1:colcon.colcon_core.environment:create_file_with_runtime_dependencies(/home/rics/tt_ws/src/tese_ws/install/novamob_nav2_gz/share/colcon-core/packages/novamob_nav2_gz)
[0.530s] Level 1:colcon.colcon_core.environment:create_environment_scripts_only(novamob_nav2_gz)
[0.530s] Level 1:colcon.colcon_core.environment:checking '/home/rics/tt_ws/src/tese_ws/install/novamob_nav2_gz' for CMake module files
[0.530s] Level 1:colcon.colcon_core.environment:checking '/home/rics/tt_ws/src/tese_ws/install/novamob_nav2_gz' for CMake config files
[0.532s] Level 1:colcon.colcon_core.shell:create_environment_hook('novamob_nav2_gz', 'cmake_prefix_path')
[0.532s] INFO:colcon.colcon_core.shell:Creating environment hook '/home/rics/tt_ws/src/tese_ws/install/novamob_nav2_gz/share/novamob_nav2_gz/hook/cmake_prefix_path.ps1'
[0.532s] INFO:colcon.colcon_core.shell:Creating environment descriptor '/home/rics/tt_ws/src/tese_ws/install/novamob_nav2_gz/share/novamob_nav2_gz/hook/cmake_prefix_path.dsv'
[0.533s] INFO:colcon.colcon_core.shell:Creating environment hook '/home/rics/tt_ws/src/tese_ws/install/novamob_nav2_gz/share/novamob_nav2_gz/hook/cmake_prefix_path.sh'
[0.533s] Level 1:colcon.colcon_core.environment:checking '/home/rics/tt_ws/src/tese_ws/install/novamob_nav2_gz/lib'
[0.533s] Level 1:colcon.colcon_core.environment:checking '/home/rics/tt_ws/src/tese_ws/install/novamob_nav2_gz/bin'
[0.533s] Level 1:colcon.colcon_core.environment:checking '/home/rics/tt_ws/src/tese_ws/install/novamob_nav2_gz/lib/pkgconfig/novamob_nav2_gz.pc'
[0.533s] Level 1:colcon.colcon_core.environment:checking '/home/rics/tt_ws/src/tese_ws/install/novamob_nav2_gz/lib/python3.10/site-packages'
[0.534s] Level 1:colcon.colcon_core.environment:checking '/home/rics/tt_ws/src/tese_ws/install/novamob_nav2_gz/bin'
[0.534s] INFO:colcon.colcon_core.shell:Creating package script '/home/rics/tt_ws/src/tese_ws/install/novamob_nav2_gz/share/novamob_nav2_gz/package.ps1'
[0.534s] INFO:colcon.colcon_core.shell:Creating package descriptor '/home/rics/tt_ws/src/tese_ws/install/novamob_nav2_gz/share/novamob_nav2_gz/package.dsv'
[0.535s] INFO:colcon.colcon_core.shell:Creating package script '/home/rics/tt_ws/src/tese_ws/install/novamob_nav2_gz/share/novamob_nav2_gz/package.sh'
[0.535s] INFO:colcon.colcon_core.shell:Creating package script '/home/rics/tt_ws/src/tese_ws/install/novamob_nav2_gz/share/novamob_nav2_gz/package.bash'
[0.535s] INFO:colcon.colcon_core.shell:Creating package script '/home/rics/tt_ws/src/tese_ws/install/novamob_nav2_gz/share/novamob_nav2_gz/package.zsh'
[0.536s] Level 1:colcon.colcon_core.environment:create_file_with_runtime_dependencies(/home/rics/tt_ws/src/tese_ws/install/novamob_nav2_gz/share/colcon-core/packages/novamob_nav2_gz)
[0.536s] Level 1:colcon.colcon_core.environment:create_environment_scripts_only(sam_bot_description)
[0.536s] Level 1:colcon.colcon_core.environment:checking '/home/rics/tt_ws/src/tese_ws/install/sam_bot_description' for CMake module files
[0.537s] Level 1:colcon.colcon_core.environment:checking '/home/rics/tt_ws/src/tese_ws/install/sam_bot_description' for CMake config files
[0.537s] DEBUG:colcon.colcon_core.event_handler.log_command:Invoked command in '/home/rics/tt_ws/src/tese_ws/build/sam_bot_description' returned '0': CMAKE_PREFIX_PATH=${CMAKE_PREFIX_PATH}:/opt/ros/humble /usr/bin/cmake --install /home/rics/tt_ws/src/tese_ws/build/sam_bot_description
[0.537s] Level 1:colcon.colcon_core.shell:create_environment_hook('sam_bot_description', 'cmake_prefix_path')
[0.538s] INFO:colcon.colcon_core.shell:Creating environment hook '/home/rics/tt_ws/src/tese_ws/install/sam_bot_description/share/sam_bot_description/hook/cmake_prefix_path.ps1'
[0.538s] INFO:colcon.colcon_core.shell:Creating environment descriptor '/home/rics/tt_ws/src/tese_ws/install/sam_bot_description/share/sam_bot_description/hook/cmake_prefix_path.dsv'
[0.538s] INFO:colcon.colcon_core.shell:Creating environment hook '/home/rics/tt_ws/src/tese_ws/install/sam_bot_description/share/sam_bot_description/hook/cmake_prefix_path.sh'
[0.539s] Level 1:colcon.colcon_core.environment:checking '/home/rics/tt_ws/src/tese_ws/install/sam_bot_description/bin'
[0.539s] Level 1:colcon.colcon_core.environment:checking '/home/rics/tt_ws/src/tese_ws/install/sam_bot_description/lib/pkgconfig/sam_bot_description.pc'
[0.539s] Level 1:colcon.colcon_core.environment:checking '/home/rics/tt_ws/src/tese_ws/install/sam_bot_description/lib/python3.10/site-packages'
[0.539s] Level 1:colcon.colcon_core.environment:checking '/home/rics/tt_ws/src/tese_ws/install/sam_bot_description/bin'
[0.539s] INFO:colcon.colcon_core.shell:Creating package script '/home/rics/tt_ws/src/tese_ws/install/sam_bot_description/share/sam_bot_description/package.ps1'
[0.540s] INFO:colcon.colcon_core.shell:Creating package descriptor '/home/rics/tt_ws/src/tese_ws/install/sam_bot_description/share/sam_bot_description/package.dsv'
[0.540s] INFO:colcon.colcon_core.shell:Creating package script '/home/rics/tt_ws/src/tese_ws/install/sam_bot_description/share/sam_bot_description/package.sh'
[0.540s] INFO:colcon.colcon_core.shell:Creating package script '/home/rics/tt_ws/src/tese_ws/install/sam_bot_description/share/sam_bot_description/package.bash'
[0.541s] INFO:colcon.colcon_core.shell:Creating package script '/home/rics/tt_ws/src/tese_ws/install/sam_bot_description/share/sam_bot_description/package.zsh'
[0.541s] Level 1:colcon.colcon_core.environment:create_file_with_runtime_dependencies(/home/rics/tt_ws/src/tese_ws/install/sam_bot_description/share/colcon-core/packages/sam_bot_description)
[0.541s] Level 1:colcon.colcon_core.environment:create_environment_scripts_only(sam_bot_description)
[0.541s] Level 1:colcon.colcon_core.environment:checking '/home/rics/tt_ws/src/tese_ws/install/sam_bot_description' for CMake module files
[0.542s] Level 1:colcon.colcon_core.environment:checking '/home/rics/tt_ws/src/tese_ws/install/sam_bot_description' for CMake config files
[0.542s] Level 1:colcon.colcon_core.shell:create_environment_hook('sam_bot_description', 'cmake_prefix_path')
[0.542s] INFO:colcon.colcon_core.shell:Creating environment hook '/home/rics/tt_ws/src/tese_ws/install/sam_bot_description/share/sam_bot_description/hook/cmake_prefix_path.ps1'
[0.542s] INFO:colcon.colcon_core.shell:Creating environment descriptor '/home/rics/tt_ws/src/tese_ws/install/sam_bot_description/share/sam_bot_description/hook/cmake_prefix_path.dsv'
[0.543s] INFO:colcon.colcon_core.shell:Creating environment hook '/home/rics/tt_ws/src/tese_ws/install/sam_bot_description/share/sam_bot_description/hook/cmake_prefix_path.sh'
[0.543s] Level 1:colcon.colcon_core.environment:checking '/home/rics/tt_ws/src/tese_ws/install/sam_bot_description/bin'
[0.543s] Level 1:colcon.colcon_core.environment:checking '/home/rics/tt_ws/src/tese_ws/install/sam_bot_description/lib/pkgconfig/sam_bot_description.pc'
[0.543s] Level 1:colcon.colcon_core.environment:checking '/home/rics/tt_ws/src/tese_ws/install/sam_bot_description/lib/python3.10/site-packages'
[0.544s] Level 1:colcon.colcon_core.environment:checking '/home/rics/tt_ws/src/tese_ws/install/sam_bot_description/bin'
[0.544s] INFO:colcon.colcon_core.shell:Creating package script '/home/rics/tt_ws/src/tese_ws/install/sam_bot_description/share/sam_bot_description/package.ps1'
[0.544s] INFO:colcon.colcon_core.shell:Creating package descriptor '/home/rics/tt_ws/src/tese_ws/install/sam_bot_description/share/sam_bot_description/package.dsv'
[0.545s] INFO:colcon.colcon_core.shell:Creating package script '/home/rics/tt_ws/src/tese_ws/install/sam_bot_description/share/sam_bot_description/package.sh'
[0.545s] INFO:colcon.colcon_core.shell:Creating package script '/home/rics/tt_ws/src/tese_ws/install/sam_bot_description/share/sam_bot_description/package.bash'
[0.545s] INFO:colcon.colcon_core.shell:Creating package script '/home/rics/tt_ws/src/tese_ws/install/sam_bot_description/share/sam_bot_description/package.zsh'
[0.546s] Level 1:colcon.colcon_core.environment:create_file_with_runtime_dependencies(/home/rics/tt_ws/src/tese_ws/install/sam_bot_description/share/colcon-core/packages/sam_bot_description)
[0.547s] Level 1:colcon.colcon_core.environment:create_environment_scripts_only(scout_description)
[0.547s] Level 1:colcon.colcon_core.environment:checking '/home/rics/tt_ws/src/tese_ws/install/scout_description' for CMake module files
[0.548s] Level 1:colcon.colcon_core.environment:checking '/home/rics/tt_ws/src/tese_ws/install/scout_description' for CMake config files
[0.548s] DEBUG:colcon.colcon_core.event_handler.log_command:Invoked command in '/home/rics/tt_ws/src/tese_ws/build/scout_description' returned '0': CMAKE_PREFIX_PATH=${CMAKE_PREFIX_PATH}:/opt/ros/humble /usr/bin/cmake --install /home/rics/tt_ws/src/tese_ws/build/scout_description
[0.555s] Level 1:colcon.colcon_core.shell:create_environment_hook('scout_description', 'cmake_prefix_path')
[0.555s] INFO:colcon.colcon_core.shell:Creating environment hook '/home/rics/tt_ws/src/tese_ws/install/scout_description/share/scout_description/hook/cmake_prefix_path.ps1'
[0.557s] INFO:colcon.colcon_core.shell:Creating environment descriptor '/home/rics/tt_ws/src/tese_ws/install/scout_description/share/scout_description/hook/cmake_prefix_path.dsv'
[0.557s] INFO:colcon.colcon_core.shell:Creating environment hook '/home/rics/tt_ws/src/tese_ws/install/scout_description/share/scout_description/hook/cmake_prefix_path.sh'
[0.558s] Level 1:colcon.colcon_core.environment:checking '/home/rics/tt_ws/src/tese_ws/install/scout_description/bin'
[0.558s] Level 1:colcon.colcon_core.environment:checking '/home/rics/tt_ws/src/tese_ws/install/scout_description/lib/pkgconfig/scout_description.pc'
[0.558s] Level 1:colcon.colcon_core.environment:checking '/home/rics/tt_ws/src/tese_ws/install/scout_description/lib/python3.10/site-packages'
[0.558s] Level 1:colcon.colcon_core.environment:checking '/home/rics/tt_ws/src/tese_ws/install/scout_description/bin'
[0.559s] INFO:colcon.colcon_core.shell:Creating package script '/home/rics/tt_ws/src/tese_ws/install/scout_description/share/scout_description/package.ps1'
[0.559s] INFO:colcon.colcon_core.shell:Creating package descriptor '/home/rics/tt_ws/src/tese_ws/install/scout_description/share/scout_description/package.dsv'
[0.560s] INFO:colcon.colcon_core.shell:Creating package script '/home/rics/tt_ws/src/tese_ws/install/scout_description/share/scout_description/package.sh'
[0.560s] INFO:colcon.colcon_core.shell:Creating package script '/home/rics/tt_ws/src/tese_ws/install/scout_description/share/scout_description/package.bash'
[0.561s] INFO:colcon.colcon_core.shell:Creating package script '/home/rics/tt_ws/src/tese_ws/install/scout_description/share/scout_description/package.zsh'
[0.563s] Level 1:colcon.colcon_core.environment:create_file_with_runtime_dependencies(/home/rics/tt_ws/src/tese_ws/install/scout_description/share/colcon-core/packages/scout_description)
[0.565s] Level 1:colcon.colcon_core.environment:create_environment_scripts_only(scout_description)
[0.565s] Level 1:colcon.colcon_core.environment:checking '/home/rics/tt_ws/src/tese_ws/install/scout_description' for CMake module files
[0.567s] Level 1:colcon.colcon_core.environment:checking '/home/rics/tt_ws/src/tese_ws/install/scout_description' for CMake config files
[0.578s] Level 1:colcon.colcon_core.shell:create_environment_hook('scout_description', 'cmake_prefix_path')
[0.579s] INFO:colcon.colcon_core.shell:Creating environment hook '/home/rics/tt_ws/src/tese_ws/install/scout_description/share/scout_description/hook/cmake_prefix_path.ps1'
[0.580s] INFO:colcon.colcon_core.shell:Creating environment descriptor '/home/rics/tt_ws/src/tese_ws/install/scout_description/share/scout_description/hook/cmake_prefix_path.dsv'
[0.583s] INFO:colcon.colcon_core.shell:Creating environment hook '/home/rics/tt_ws/src/tese_ws/install/scout_description/share/scout_description/hook/cmake_prefix_path.sh'
[0.585s] Level 1:colcon.colcon_core.environment:checking '/home/rics/tt_ws/src/tese_ws/install/scout_description/bin'
[0.585s] Level 1:colcon.colcon_core.environment:checking '/home/rics/tt_ws/src/tese_ws/install/scout_description/lib/pkgconfig/scout_description.pc'
[0.585s] Level 1:colcon.colcon_core.environment:checking '/home/rics/tt_ws/src/tese_ws/install/scout_description/lib/python3.10/site-packages'
[0.585s] Level 1:colcon.colcon_core.environment:checking '/home/rics/tt_ws/src/tese_ws/install/scout_description/bin'
[0.586s] INFO:colcon.colcon_core.shell:Creating package script '/home/rics/tt_ws/src/tese_ws/install/scout_description/share/scout_description/package.ps1'
[0.587s] INFO:colcon.colcon_core.shell:Creating package descriptor '/home/rics/tt_ws/src/tese_ws/install/scout_description/share/scout_description/package.dsv'
[0.588s] INFO:colcon.colcon_core.shell:Creating package script '/home/rics/tt_ws/src/tese_ws/install/scout_description/share/scout_description/package.sh'
[0.590s] INFO:colcon.colcon_core.shell:Creating package script '/home/rics/tt_ws/src/tese_ws/install/scout_description/share/scout_description/package.bash'
[0.590s] INFO:colcon.colcon_core.shell:Creating package script '/home/rics/tt_ws/src/tese_ws/install/scout_description/share/scout_description/package.zsh'
[0.591s] Level 1:colcon.colcon_core.environment:create_file_with_runtime_dependencies(/home/rics/tt_ws/src/tese_ws/install/scout_description/share/colcon-core/packages/scout_description)
[0.591s] Level 1:colcon.colcon_core.environment:create_environment_scripts_only(novamob_description)
[0.591s] Level 1:colcon.colcon_core.environment:checking '/home/rics/tt_ws/src/tese_ws/install/novamob_description' for CMake module files
[0.592s] DEBUG:colcon.colcon_core.event_handler.log_command:Invoked command in '/home/rics/tt_ws/src/tese_ws/build/novamob_description' returned '0': CMAKE_PREFIX_PATH=${CMAKE_PREFIX_PATH}:/opt/ros/humble /usr/bin/cmake --install /home/rics/tt_ws/src/tese_ws/build/novamob_description
[0.592s] Level 1:colcon.colcon_core.environment:checking '/home/rics/tt_ws/src/tese_ws/install/novamob_description' for CMake config files
[0.593s] Level 1:colcon.colcon_core.shell:create_environment_hook('novamob_description', 'cmake_prefix_path')
[0.593s] INFO:colcon.colcon_core.shell:Creating environment hook '/home/rics/tt_ws/src/tese_ws/install/novamob_description/share/novamob_description/hook/cmake_prefix_path.ps1'
[0.593s] INFO:colcon.colcon_core.shell:Creating environment descriptor '/home/rics/tt_ws/src/tese_ws/install/novamob_description/share/novamob_description/hook/cmake_prefix_path.dsv'
[0.594s] INFO:colcon.colcon_core.shell:Creating environment hook '/home/rics/tt_ws/src/tese_ws/install/novamob_description/share/novamob_description/hook/cmake_prefix_path.sh'
[0.594s] Level 1:colcon.colcon_core.environment:checking '/home/rics/tt_ws/src/tese_ws/install/novamob_description/bin'
[0.594s] Level 1:colcon.colcon_core.environment:checking '/home/rics/tt_ws/src/tese_ws/install/novamob_description/lib/pkgconfig/novamob_description.pc'
[0.594s] Level 1:colcon.colcon_core.environment:checking '/home/rics/tt_ws/src/tese_ws/install/novamob_description/lib/python3.10/site-packages'
[0.594s] Level 1:colcon.colcon_core.environment:checking '/home/rics/tt_ws/src/tese_ws/install/novamob_description/bin'
[0.595s] INFO:colcon.colcon_core.shell:Creating package script '/home/rics/tt_ws/src/tese_ws/install/novamob_description/share/novamob_description/package.ps1'
[0.595s] INFO:colcon.colcon_core.shell:Creating package descriptor '/home/rics/tt_ws/src/tese_ws/install/novamob_description/share/novamob_description/package.dsv'
[0.595s] INFO:colcon.colcon_core.shell:Creating package script '/home/rics/tt_ws/src/tese_ws/install/novamob_description/share/novamob_description/package.sh'
[0.596s] INFO:colcon.colcon_core.shell:Creating package script '/home/rics/tt_ws/src/tese_ws/install/novamob_description/share/novamob_description/package.bash'
[0.596s] INFO:colcon.colcon_core.shell:Creating package script '/home/rics/tt_ws/src/tese_ws/install/novamob_description/share/novamob_description/package.zsh'
[0.596s] Level 1:colcon.colcon_core.environment:create_file_with_runtime_dependencies(/home/rics/tt_ws/src/tese_ws/install/novamob_description/share/colcon-core/packages/novamob_description)
[0.596s] Level 1:colcon.colcon_core.environment:create_environment_scripts_only(novamob_description)
[0.597s] Level 1:colcon.colcon_core.environment:checking '/home/rics/tt_ws/src/tese_ws/install/novamob_description' for CMake module files
[0.597s] Level 1:colcon.colcon_core.environment:checking '/home/rics/tt_ws/src/tese_ws/install/novamob_description' for CMake config files
[0.598s] Level 1:colcon.colcon_core.shell:create_environment_hook('novamob_description', 'cmake_prefix_path')
[0.598s] INFO:colcon.colcon_core.shell:Creating environment hook '/home/rics/tt_ws/src/tese_ws/install/novamob_description/share/novamob_description/hook/cmake_prefix_path.ps1'
[0.598s] INFO:colcon.colcon_core.shell:Creating environment descriptor '/home/rics/tt_ws/src/tese_ws/install/novamob_description/share/novamob_description/hook/cmake_prefix_path.dsv'
[0.598s] INFO:colcon.colcon_core.shell:Creating environment hook '/home/rics/tt_ws/src/tese_ws/install/novamob_description/share/novamob_description/hook/cmake_prefix_path.sh'
[0.599s] Level 1:colcon.colcon_core.environment:checking '/home/rics/tt_ws/src/tese_ws/install/novamob_description/bin'
[0.599s] Level 1:colcon.colcon_core.environment:checking '/home/rics/tt_ws/src/tese_ws/install/novamob_description/lib/pkgconfig/novamob_description.pc'
[0.599s] Level 1:colcon.colcon_core.environment:checking '/home/rics/tt_ws/src/tese_ws/install/novamob_description/lib/python3.10/site-packages'
[0.599s] Level 1:colcon.colcon_core.environment:checking '/home/rics/tt_ws/src/tese_ws/install/novamob_description/bin'
[0.599s] INFO:colcon.colcon_core.shell:Creating package script '/home/rics/tt_ws/src/tese_ws/install/novamob_description/share/novamob_description/package.ps1'
[0.600s] INFO:colcon.colcon_core.shell:Creating package descriptor '/home/rics/tt_ws/src/tese_ws/install/novamob_description/share/novamob_description/package.dsv'
[0.600s] INFO:colcon.colcon_core.shell:Creating package script '/home/rics/tt_ws/src/tese_ws/install/novamob_description/share/novamob_description/package.sh'
[0.600s] INFO:colcon.colcon_core.shell:Creating package script '/home/rics/tt_ws/src/tese_ws/install/novamob_description/share/novamob_description/package.bash'
[0.600s] INFO:colcon.colcon_core.shell:Creating package script '/home/rics/tt_ws/src/tese_ws/install/novamob_description/share/novamob_description/package.zsh'
[0.601s] Level 1:colcon.colcon_core.environment:create_file_with_runtime_dependencies(/home/rics/tt_ws/src/tese_ws/install/novamob_description/share/colcon-core/packages/novamob_description)
[0.602s] Level 1:colcon.colcon_core.environment:create_environment_scripts_only(scout_nav2_gz)
[0.602s] Level 1:colcon.colcon_core.environment:checking '/home/rics/tt_ws/src/tese_ws/install/scout_nav2_gz' for CMake module files
[0.602s] DEBUG:colcon.colcon_core.event_handler.log_command:Invoked command in '/home/rics/tt_ws/src/tese_ws/build/scout_nav2_gz' returned '0': CMAKE_PREFIX_PATH=${CMAKE_PREFIX_PATH}:/opt/ros/humble /usr/bin/cmake --install /home/rics/tt_ws/src/tese_ws/build/scout_nav2_gz
[0.603s] Level 1:colcon.colcon_core.environment:checking '/home/rics/tt_ws/src/tese_ws/install/scout_nav2_gz' for CMake config files
[0.605s] Level 1:colcon.colcon_core.shell:create_environment_hook('scout_nav2_gz', 'cmake_prefix_path')
[0.605s] INFO:colcon.colcon_core.shell:Creating environment hook '/home/rics/tt_ws/src/tese_ws/install/scout_nav2_gz/share/scout_nav2_gz/hook/cmake_prefix_path.ps1'
[0.606s] INFO:colcon.colcon_core.shell:Creating environment descriptor '/home/rics/tt_ws/src/tese_ws/install/scout_nav2_gz/share/scout_nav2_gz/hook/cmake_prefix_path.dsv'
[0.606s] INFO:colcon.colcon_core.shell:Creating environment hook '/home/rics/tt_ws/src/tese_ws/install/scout_nav2_gz/share/scout_nav2_gz/hook/cmake_prefix_path.sh'
[0.607s] Level 1:colcon.colcon_core.environment:checking '/home/rics/tt_ws/src/tese_ws/install/scout_nav2_gz/lib'
[0.607s] Level 1:colcon.colcon_core.environment:checking '/home/rics/tt_ws/src/tese_ws/install/scout_nav2_gz/bin'
[0.607s] Level 1:colcon.colcon_core.environment:checking '/home/rics/tt_ws/src/tese_ws/install/scout_nav2_gz/lib/pkgconfig/scout_nav2_gz.pc'
[0.607s] Level 1:colcon.colcon_core.environment:checking '/home/rics/tt_ws/src/tese_ws/install/scout_nav2_gz/lib/python3.10/site-packages'
[0.607s] Level 1:colcon.colcon_core.environment:checking '/home/rics/tt_ws/src/tese_ws/install/scout_nav2_gz/bin'
[0.607s] INFO:colcon.colcon_core.shell:Creating package script '/home/rics/tt_ws/src/tese_ws/install/scout_nav2_gz/share/scout_nav2_gz/package.ps1'
[0.608s] INFO:colcon.colcon_core.shell:Creating package descriptor '/home/rics/tt_ws/src/tese_ws/install/scout_nav2_gz/share/scout_nav2_gz/package.dsv'
[0.608s] INFO:colcon.colcon_core.shell:Creating package script '/home/rics/tt_ws/src/tese_ws/install/scout_nav2_gz/share/scout_nav2_gz/package.sh'
[0.608s] INFO:colcon.colcon_core.shell:Creating package script '/home/rics/tt_ws/src/tese_ws/install/scout_nav2_gz/share/scout_nav2_gz/package.bash'
[0.609s] INFO:colcon.colcon_core.shell:Creating package script '/home/rics/tt_ws/src/tese_ws/install/scout_nav2_gz/share/scout_nav2_gz/package.zsh'
[0.609s] Level 1:colcon.colcon_core.environment:create_file_with_runtime_dependencies(/home/rics/tt_ws/src/tese_ws/install/scout_nav2_gz/share/colcon-core/packages/scout_nav2_gz)
[0.609s] Level 1:colcon.colcon_core.environment:create_environment_scripts_only(scout_nav2_gz)
[0.610s] Level 1:colcon.colcon_core.environment:checking '/home/rics/tt_ws/src/tese_ws/install/scout_nav2_gz' for CMake module files
[0.610s] Level 1:colcon.colcon_core.environment:checking '/home/rics/tt_ws/src/tese_ws/install/scout_nav2_gz' for CMake config files
[0.612s] Level 1:colcon.colcon_core.shell:create_environment_hook('scout_nav2_gz', 'cmake_prefix_path')
[0.612s] INFO:colcon.colcon_core.shell:Creating environment hook '/home/rics/tt_ws/src/tese_ws/install/scout_nav2_gz/share/scout_nav2_gz/hook/cmake_prefix_path.ps1'
[0.613s] INFO:colcon.colcon_core.shell:Creating environment descriptor '/home/rics/tt_ws/src/tese_ws/install/scout_nav2_gz/share/scout_nav2_gz/hook/cmake_prefix_path.dsv'
[0.613s] INFO:colcon.colcon_core.shell:Creating environment hook '/home/rics/tt_ws/src/tese_ws/install/scout_nav2_gz/share/scout_nav2_gz/hook/cmake_prefix_path.sh'
[0.614s] Level 1:colcon.colcon_core.environment:checking '/home/rics/tt_ws/src/tese_ws/install/scout_nav2_gz/lib'
[0.614s] Level 1:colcon.colcon_core.environment:checking '/home/rics/tt_ws/src/tese_ws/install/scout_nav2_gz/bin'
[0.614s] Level 1:colcon.colcon_core.environment:checking '/home/rics/tt_ws/src/tese_ws/install/scout_nav2_gz/lib/pkgconfig/scout_nav2_gz.pc'
[0.614s] Level 1:colcon.colcon_core.environment:checking '/home/rics/tt_ws/src/tese_ws/install/scout_nav2_gz/lib/python3.10/site-packages'
[0.614s] Level 1:colcon.colcon_core.environment:checking '/home/rics/tt_ws/src/tese_ws/install/scout_nav2_gz/bin'
[0.615s] INFO:colcon.colcon_core.shell:Creating package script '/home/rics/tt_ws/src/tese_ws/install/scout_nav2_gz/share/scout_nav2_gz/package.ps1'
[0.615s] INFO:colcon.colcon_core.shell:Creating package descriptor '/home/rics/tt_ws/src/tese_ws/install/scout_nav2_gz/share/scout_nav2_gz/package.dsv'
[0.615s] INFO:colcon.colcon_core.shell:Creating package script '/home/rics/tt_ws/src/tese_ws/install/scout_nav2_gz/share/scout_nav2_gz/package.sh'
[0.616s] INFO:colcon.colcon_core.shell:Creating package script '/home/rics/tt_ws/src/tese_ws/install/scout_nav2_gz/share/scout_nav2_gz/package.bash'
[0.616s] INFO:colcon.colcon_core.shell:Creating package script '/home/rics/tt_ws/src/tese_ws/install/scout_nav2_gz/share/scout_nav2_gz/package.zsh'
[0.617s] Level 1:colcon.colcon_core.environment:create_file_with_runtime_dependencies(/home/rics/tt_ws/src/tese_ws/install/scout_nav2_gz/share/colcon-core/packages/scout_nav2_gz)
[0.617s] DEBUG:colcon.colcon_parallel_executor.executor.parallel:closing loop
[0.617s] DEBUG:colcon.colcon_parallel_executor.executor.parallel:loop closed
[0.617s] DEBUG:colcon.colcon_parallel_executor.executor.parallel:run_until_complete finished with '0'
[0.617s] DEBUG:colcon.colcon_core.event_reactor:joining thread
[0.622s] INFO:colcon.colcon_core.plugin_system:Skipping extension 'colcon_notification.desktop_notification.terminal_notifier': Not used on non-Darwin systems
[0.622s] INFO:colcon.colcon_core.plugin_system:Skipping extension 'colcon_notification.desktop_notification.win32': Not used on non-Windows systems
[0.622s] INFO:colcon.colcon_notification.desktop_notification:Sending desktop notification using 'notify2'
[0.631s] DEBUG:colcon.colcon_core.event_reactor:joined thread
[0.631s] INFO:colcon.colcon_core.shell:Creating prefix script '/home/rics/tt_ws/src/tese_ws/install/local_setup.ps1'
[0.632s] INFO:colcon.colcon_core.shell:Creating prefix util module '/home/rics/tt_ws/src/tese_ws/install/_local_setup_util_ps1.py'
[0.634s] INFO:colcon.colcon_core.shell:Creating prefix chain script '/home/rics/tt_ws/src/tese_ws/install/setup.ps1'
[0.635s] INFO:colcon.colcon_core.shell:Creating prefix script '/home/rics/tt_ws/src/tese_ws/install/local_setup.sh'
[0.636s] INFO:colcon.colcon_core.shell:Creating prefix util module '/home/rics/tt_ws/src/tese_ws/install/_local_setup_util_sh.py'
[0.636s] INFO:colcon.colcon_core.shell:Creating prefix chain script '/home/rics/tt_ws/src/tese_ws/install/setup.sh'
[0.638s] INFO:colcon.colcon_core.shell:Creating prefix script '/home/rics/tt_ws/src/tese_ws/install/local_setup.bash'
[0.638s] INFO:colcon.colcon_core.shell:Creating prefix chain script '/home/rics/tt_ws/src/tese_ws/install/setup.bash'
[0.639s] INFO:colcon.colcon_core.shell:Creating prefix script '/home/rics/tt_ws/src/tese_ws/install/local_setup.zsh'
[0.640s] INFO:colcon.colcon_core.shell:Creating prefix chain script '/home/rics/tt_ws/src/tese_ws/install/setup.zsh'
