[0.031s] Invoking command in '/home/rics/tt_ws/src/tese_ws/build/novamob_description': CMAKE_PREFIX_PATH=${CMAKE_PREFIX_PATH}:/opt/ros/humble /usr/bin/cmake --build /home/rics/tt_ws/src/tese_ws/build/novamob_description -- -j8 -l8
[0.077s] Invoked command in '/home/rics/tt_ws/src/tese_ws/build/novamob_description' returned '0': CMAKE_PREFIX_PATH=${CMAKE_PREFIX_PATH}:/opt/ros/humble /usr/bin/cmake --build /home/rics/tt_ws/src/tese_ws/build/novamob_description -- -j8 -l8
[0.092s] Invoking command in '/home/rics/tt_ws/src/tese_ws/build/novamob_description': CMAKE_PREFIX_PATH=${CMAKE_PREFIX_PATH}:/opt/ros/humble /usr/bin/cmake --install /home/rics/tt_ws/src/tese_ws/build/novamob_description
[0.104s] -- Install configuration: ""
[0.105s] -- Up-to-date: /home/rics/tt_ws/src/tese_ws/install/novamob_description/share/novamob_description/src
[0.105s] -- Up-to-date: /home/rics/tt_ws/src/tese_ws/install/novamob_description/share/novamob_description/src/description
[0.109s] -- Up-to-date: /home/rics/tt_ws/src/tese_ws/install/novamob_description/share/novamob_description/src/description/novamob_description.urdf
[0.109s] -- Up-to-date: /home/rics/tt_ws/src/tese_ws/install/novamob_description/share/novamob_description/src/description/novamob_trailer_description.urdf
[0.109s] -- Up-to-date: /home/rics/tt_ws/src/tese_ws/install/novamob_description/share/novamob_description/launch
[0.109s] -- Up-to-date: /home/rics/tt_ws/src/tese_ws/install/novamob_description/share/novamob_description/launch/display.launch.py
[0.109s] -- Up-to-date: /home/rics/tt_ws/src/tese_ws/install/novamob_description/share/novamob_description/rviz
[0.109s] -- Up-to-date: /home/rics/tt_ws/src/tese_ws/install/novamob_description/share/novamob_description/rviz/urdf_config.rviz
[0.109s] -- Up-to-date: /home/rics/tt_ws/src/tese_ws/install/novamob_description/share/novamob_description/meshes
[0.109s] -- Up-to-date: /home/rics/tt_ws/src/tese_ws/install/novamob_description/share/novamob_description/meshes/novamob_no_wheels.obj
[0.109s] -- Up-to-date: /home/rics/tt_ws/src/tese_ws/install/novamob_description/share/novamob_description/meshes/novamob_no_wheels_centered.obj
[0.110s] -- Up-to-date: /home/rics/tt_ws/src/tese_ws/install/novamob_description/share/novamob_description/meshes/novamob_no_wheels_centered.mtl
[0.110s] -- Up-to-date: /home/rics/tt_ws/src/tese_ws/install/novamob_description/share/novamob_description/meshes/novamob_no_wheels.mtl
[0.110s] -- Up-to-date: /home/rics/tt_ws/src/tese_ws/install/novamob_description/share/novamob_description/meshes/novamob_mecanum_wheel_centered_left.mtl
[0.110s] -- Up-to-date: /home/rics/tt_ws/src/tese_ws/install/novamob_description/share/novamob_description/meshes/novamob_mecanum_wheel.stl
[0.110s] -- Up-to-date: /home/rics/tt_ws/src/tese_ws/install/novamob_description/share/novamob_description/meshes/novamob_mecanum_wheel.obj.mtl
[0.110s] -- Up-to-date: /home/rics/tt_ws/src/tese_ws/install/novamob_description/share/novamob_description/meshes/novamob_mecanum_wheel_centered_right.obj
[0.115s] -- Up-to-date: /home/rics/tt_ws/src/tese_ws/install/novamob_description/share/novamob_description/meshes/novamob_mecanum_wheel.dae
[0.116s] -- Up-to-date: /home/rics/tt_ws/src/tese_ws/install/novamob_description/share/novamob_description/meshes/novamob_mecanum_wheel_centered_right.mtl
[0.117s] -- Up-to-date: /home/rics/tt_ws/src/tese_ws/install/novamob_description/share/novamob_description/meshes/novamob_mecanum_wheel_centered_left.obj
[0.119s] -- Up-to-date: /home/rics/tt_ws/src/tese_ws/install/novamob_description/share/novamob_description/meshes/novamob_no_wheels.stl
[0.120s] -- Up-to-date: /home/rics/tt_ws/src/tese_ws/install/novamob_description/share/novamob_description/meshes/novamob_mecanum_wheel.obj
[0.120s] -- Up-to-date: /home/rics/tt_ws/src/tese_ws/install/novamob_description/share/novamob_description/config
[0.120s] -- Up-to-date: /home/rics/tt_ws/src/tese_ws/install/novamob_description/share/novamob_description/config/ekf.yaml
[0.120s] -- Up-to-date: /home/rics/tt_ws/src/tese_ws/install/novamob_description/share/novamob_description/world
[0.121s] -- Up-to-date: /home/rics/tt_ws/src/tese_ws/install/novamob_description/share/novamob_description/world/indoor_2.world
[0.121s] -- Up-to-date: /home/rics/tt_ws/src/tese_ws/install/novamob_description/share/novamob_description/world/outdoor.world
[0.121s] -- Up-to-date: /home/rics/tt_ws/src/tese_ws/install/novamob_description/share/novamob_description/world/blank.world
[0.121s] -- Up-to-date: /home/rics/tt_ws/src/tese_ws/install/novamob_description/share/novamob_description/world/myworld.sdf
[0.121s] -- Up-to-date: /home/rics/tt_ws/src/tese_ws/install/novamob_description/share/novamob_description/models
[0.121s] -- Up-to-date: /home/rics/tt_ws/src/tese_ws/install/novamob_description/share/novamob_description/models/puddle
[0.121s] -- Up-to-date: /home/rics/tt_ws/src/tese_ws/install/novamob_description/share/novamob_description/models/puddle/media
[0.121s] -- Up-to-date: /home/rics/tt_ws/src/tese_ws/install/novamob_description/share/novamob_description/models/puddle/media/scripts
[0.121s] -- Up-to-date: /home/rics/tt_ws/src/tese_ws/install/novamob_description/share/novamob_description/models/puddle/media/scripts/puddle.material
[0.121s] -- Up-to-date: /home/rics/tt_ws/src/tese_ws/install/novamob_description/share/novamob_description/models/puddle/media/textures
[0.121s] -- Up-to-date: /home/rics/tt_ws/src/tese_ws/install/novamob_description/share/novamob_description/models/puddle/media/textures/blue_texture.jpg
[0.121s] -- Up-to-date: /home/rics/tt_ws/src/tese_ws/install/novamob_description/share/novamob_description/models/puddle/model.config
[0.121s] -- Up-to-date: /home/rics/tt_ws/src/tese_ws/install/novamob_description/share/novamob_description/models/puddle/model.sdf
[0.121s] -- Up-to-date: /home/rics/tt_ws/src/tese_ws/install/novamob_description/share/novamob_description/models/ramp_1
[0.122s] -- Up-to-date: /home/rics/tt_ws/src/tese_ws/install/novamob_description/share/novamob_description/models/ramp_1/ramp_015.dae
[0.122s] -- Up-to-date: /home/rics/tt_ws/src/tese_ws/install/novamob_description/share/novamob_description/models/ramp_1/ramp_025.dae
[0.122s] -- Up-to-date: /home/rics/tt_ws/src/tese_ws/install/novamob_description/share/novamob_description/models/ramp_1/model.config
[0.122s] -- Up-to-date: /home/rics/tt_ws/src/tese_ws/install/novamob_description/share/novamob_description/models/ramp_1/model.sdf
[0.122s] -- Up-to-date: /home/rics/tt_ws/src/tese_ws/install/novamob_description/share/novamob_description/models/speed_bump_2
[0.123s] -- Up-to-date: /home/rics/tt_ws/src/tese_ws/install/novamob_description/share/novamob_description/models/speed_bump_2/Bump_2_short.dae
[0.123s] -- Up-to-date: /home/rics/tt_ws/src/tese_ws/install/novamob_description/share/novamob_description/models/speed_bump_2/bump_2.dae
[0.124s] -- Up-to-date: /home/rics/tt_ws/src/tese_ws/install/novamob_description/share/novamob_description/models/speed_bump_2/model.config
[0.125s] -- Up-to-date: /home/rics/tt_ws/src/tese_ws/install/novamob_description/share/novamob_description/models/speed_bump_2/bump_2
[0.125s] -- Up-to-date: /home/rics/tt_ws/src/tese_ws/install/novamob_description/share/novamob_description/models/speed_bump_2/bump_2/rubbishy_xdigg8.jpg
[0.125s] -- Up-to-date: /home/rics/tt_ws/src/tese_ws/install/novamob_description/share/novamob_description/models/speed_bump_2/model.sdf
[0.125s] -- Up-to-date: /home/rics/tt_ws/src/tese_ws/install/novamob_description/share/novamob_description/models/speed_bump_3
[0.125s] -- Up-to-date: /home/rics/tt_ws/src/tese_ws/install/novamob_description/share/novamob_description/models/speed_bump_3/bump_3
[0.125s] -- Up-to-date: /home/rics/tt_ws/src/tese_ws/install/novamob_description/share/novamob_description/models/speed_bump_3/bump_3/rubbishy_xdigg9.jpg
[0.125s] -- Up-to-date: /home/rics/tt_ws/src/tese_ws/install/novamob_description/share/novamob_description/models/speed_bump_3/bump_3.dae
[0.125s] -- Up-to-date: /home/rics/tt_ws/src/tese_ws/install/novamob_description/share/novamob_description/models/speed_bump_3/model.config
[0.125s] -- Up-to-date: /home/rics/tt_ws/src/tese_ws/install/novamob_description/share/novamob_description/models/speed_bump_3/model.sdf
[0.126s] -- Up-to-date: /home/rics/tt_ws/src/tese_ws/install/novamob_description/share/novamob_description/models/speed_bump_3/Bump_3_short.dae
[0.126s] -- Up-to-date: /home/rics/tt_ws/src/tese_ws/install/novamob_description/share/novamob_description/models/ramp_2
[0.126s] -- Up-to-date: /home/rics/tt_ws/src/tese_ws/install/novamob_description/share/novamob_description/models/ramp_2/ramp_037.dae
[0.126s] -- Up-to-date: /home/rics/tt_ws/src/tese_ws/install/novamob_description/share/novamob_description/models/ramp_2/ramp_020.dae
[0.126s] -- Up-to-date: /home/rics/tt_ws/src/tese_ws/install/novamob_description/share/novamob_description/models/ramp_2/model.config
[0.126s] -- Up-to-date: /home/rics/tt_ws/src/tese_ws/install/novamob_description/share/novamob_description/models/ramp_2/model.sdf
[0.126s] -- Up-to-date: /home/rics/tt_ws/src/tese_ws/install/novamob_description/share/novamob_description/models/outdoor_1
[0.126s] -- Up-to-date: /home/rics/tt_ws/src/tese_ws/install/novamob_description/share/novamob_description/models/outdoor_1/media
[0.126s] -- Up-to-date: /home/rics/tt_ws/src/tese_ws/install/novamob_description/share/novamob_description/models/outdoor_1/media/forrest_ground_01_nor_gl_4k.exr
[0.127s] -- Up-to-date: /home/rics/tt_ws/src/tese_ws/install/novamob_description/share/novamob_description/models/outdoor_1/media/scripts
[0.127s] -- Up-to-date: /home/rics/tt_ws/src/tese_ws/install/novamob_description/share/novamob_description/models/outdoor_1/media/scripts/repeated.material
[0.127s] -- Up-to-date: /home/rics/tt_ws/src/tese_ws/install/novamob_description/share/novamob_description/models/outdoor_1/media/forrest_ground_01_disp_4k.png
[0.127s] -- Up-to-date: /home/rics/tt_ws/src/tese_ws/install/novamob_description/share/novamob_description/models/outdoor_1/media/outdoor1_texture4.dae
[0.128s] -- Up-to-date: /home/rics/tt_ws/src/tese_ws/install/novamob_description/share/novamob_description/models/outdoor_1/media/forrest_ground_01_rough_4k.jpg
[0.128s] -- Up-to-date: /home/rics/tt_ws/src/tese_ws/install/novamob_description/share/novamob_description/models/outdoor_1/media/outdoor1_texture3.dae
[0.128s] -- Up-to-date: /home/rics/tt_ws/src/tese_ws/install/novamob_description/share/novamob_description/models/outdoor_1/media/outdoor1_texture2.obj
[0.128s] -- Up-to-date: /home/rics/tt_ws/src/tese_ws/install/novamob_description/share/novamob_description/models/outdoor_1/media/forrest_ground_01_diff_4k.jpg
[0.128s] -- Up-to-date: /home/rics/tt_ws/src/tese_ws/install/novamob_description/share/novamob_description/models/outdoor_1/media/outdoor1.dae
[0.128s] -- Up-to-date: /home/rics/tt_ws/src/tese_ws/install/novamob_description/share/novamob_description/models/outdoor_1/media/outdoor1_texture2.mtl
[0.128s] -- Up-to-date: /home/rics/tt_ws/src/tese_ws/install/novamob_description/share/novamob_description/models/outdoor_1/media/outdoor1_texture.dae
[0.128s] -- Up-to-date: /home/rics/tt_ws/src/tese_ws/install/novamob_description/share/novamob_description/models/outdoor_1/media/Textures
[0.128s] -- Up-to-date: /home/rics/tt_ws/src/tese_ws/install/novamob_description/share/novamob_description/models/outdoor_1/media/Textures/Grass.png
[0.128s] -- Up-to-date: /home/rics/tt_ws/src/tese_ws/install/novamob_description/share/novamob_description/models/outdoor_1/model.config
[0.128s] -- Up-to-date: /home/rics/tt_ws/src/tese_ws/install/novamob_description/share/novamob_description/models/outdoor_1/model.sdf
[0.128s] -- Up-to-date: /home/rics/tt_ws/src/tese_ws/install/novamob_description/share/novamob_description/models/speed_bump_1_short
[0.128s] -- Up-to-date: /home/rics/tt_ws/src/tese_ws/install/novamob_description/share/novamob_description/models/speed_bump_1_short/bump_2_060
[0.128s] -- Up-to-date: /home/rics/tt_ws/src/tese_ws/install/novamob_description/share/novamob_description/models/speed_bump_1_short/bump_2_060/rubbishy_xdigg10.jpg
[0.129s] -- Up-to-date: /home/rics/tt_ws/src/tese_ws/install/novamob_description/share/novamob_description/models/speed_bump_1_short/model.config
[0.129s] -- Up-to-date: /home/rics/tt_ws/src/tese_ws/install/novamob_description/share/novamob_description/models/speed_bump_1_short/model.sdf
[0.129s] -- Up-to-date: /home/rics/tt_ws/src/tese_ws/install/novamob_description/share/novamob_description/models/speed_bump_1_short/bump_2_060.dae
[0.129s] -- Up-to-date: /home/rics/tt_ws/src/tese_ws/install/novamob_description/share/novamob_description/models/indoor_with_doors_2
[0.129s] -- Up-to-date: /home/rics/tt_ws/src/tese_ws/install/novamob_description/share/novamob_description/models/indoor_with_doors_2/model.config
[0.129s] -- Up-to-date: /home/rics/tt_ws/src/tese_ws/install/novamob_description/share/novamob_description/models/indoor_with_doors_2/model.sdf
[0.129s] -- Up-to-date: /home/rics/tt_ws/src/tese_ws/install/novamob_description/share/novamob_description/models/speed_bump_3_short
[0.129s] -- Up-to-date: /home/rics/tt_ws/src/tese_ws/install/novamob_description/share/novamob_description/models/speed_bump_3_short/bump_3_060.dae
[0.129s] -- Up-to-date: /home/rics/tt_ws/src/tese_ws/install/novamob_description/share/novamob_description/models/speed_bump_3_short/model.config
[0.129s] -- Up-to-date: /home/rics/tt_ws/src/tese_ws/install/novamob_description/share/novamob_description/models/speed_bump_3_short/bump_3_060
[0.129s] -- Up-to-date: /home/rics/tt_ws/src/tese_ws/install/novamob_description/share/novamob_description/models/speed_bump_3_short/bump_3_060/rubbishy_xdigg9.jpg
[0.129s] -- Up-to-date: /home/rics/tt_ws/src/tese_ws/install/novamob_description/share/novamob_description/models/speed_bump_3_short/model.sdf
[0.129s] -- Up-to-date: /home/rics/tt_ws/src/tese_ws/install/novamob_description/share/novamob_description/models/speed_bump_1
[0.129s] -- Up-to-date: /home/rics/tt_ws/src/tese_ws/install/novamob_description/share/novamob_description/models/speed_bump_1/Bump_1_short.dae
[0.129s] -- Up-to-date: /home/rics/tt_ws/src/tese_ws/install/novamob_description/share/novamob_description/models/speed_bump_1/bump_1
[0.130s] -- Up-to-date: /home/rics/tt_ws/src/tese_ws/install/novamob_description/share/novamob_description/models/speed_bump_1/bump_1/rubbishy_xdigg10.jpg
[0.130s] -- Up-to-date: /home/rics/tt_ws/src/tese_ws/install/novamob_description/share/novamob_description/models/speed_bump_1/bump_1.dae
[0.130s] -- Up-to-date: /home/rics/tt_ws/src/tese_ws/install/novamob_description/share/novamob_description/models/speed_bump_1/model.config
[0.130s] -- Up-to-date: /home/rics/tt_ws/src/tese_ws/install/novamob_description/share/novamob_description/models/speed_bump_1/model.sdf
[0.130s] -- Up-to-date: /home/rics/tt_ws/src/tese_ws/install/novamob_description/share/novamob_description/models/terrain_1
[0.130s] -- Up-to-date: /home/rics/tt_ws/src/tese_ws/install/novamob_description/share/novamob_description/models/terrain_1/media
[0.130s] -- Up-to-date: /home/rics/tt_ws/src/tese_ws/install/novamob_description/share/novamob_description/models/terrain_1/media/scripts
[0.130s] -- Up-to-date: /home/rics/tt_ws/src/tese_ws/install/novamob_description/share/novamob_description/models/terrain_1/media/scripts/repeated.material
[0.130s] -- Up-to-date: /home/rics/tt_ws/src/tese_ws/install/novamob_description/share/novamob_description/models/terrain_1/media/terrain_1.dae
[0.130s] -- Up-to-date: /home/rics/tt_ws/src/tese_ws/install/novamob_description/share/novamob_description/models/terrain_1/media/Textures
[0.130s] -- Up-to-date: /home/rics/tt_ws/src/tese_ws/install/novamob_description/share/novamob_description/models/terrain_1/media/Textures/Grass.png
[0.130s] -- Up-to-date: /home/rics/tt_ws/src/tese_ws/install/novamob_description/share/novamob_description/models/terrain_1/model.config
[0.130s] -- Up-to-date: /home/rics/tt_ws/src/tese_ws/install/novamob_description/share/novamob_description/models/terrain_1/model.sdf
[0.130s] -- Up-to-date: /home/rics/tt_ws/src/tese_ws/install/novamob_description/share/novamob_description/models/indoor_no_doors_2
[0.130s] -- Up-to-date: /home/rics/tt_ws/src/tese_ws/install/novamob_description/share/novamob_description/models/indoor_no_doors_2/model.config
[0.130s] -- Up-to-date: /home/rics/tt_ws/src/tese_ws/install/novamob_description/share/novamob_description/models/indoor_no_doors_2/indoor_2.world
[0.130s] -- Up-to-date: /home/rics/tt_ws/src/tese_ws/install/novamob_description/share/novamob_description/models/indoor_no_doors_2/model.sdf
[0.131s] -- Up-to-date: /home/rics/tt_ws/src/tese_ws/install/novamob_description/share/novamob_description/models/speed_bump_2_short
[0.131s] -- Up-to-date: /home/rics/tt_ws/src/tese_ws/install/novamob_description/share/novamob_description/models/speed_bump_2_short/bump_1_060.dae
[0.131s] -- Up-to-date: /home/rics/tt_ws/src/tese_ws/install/novamob_description/share/novamob_description/models/speed_bump_2_short/model.config
[0.131s] -- Up-to-date: /home/rics/tt_ws/src/tese_ws/install/novamob_description/share/novamob_description/models/speed_bump_2_short/bump_1_060
[0.131s] -- Up-to-date: /home/rics/tt_ws/src/tese_ws/install/novamob_description/share/novamob_description/models/speed_bump_2_short/bump_1_060/rubbishy_xdigg8.jpg
[0.131s] -- Up-to-date: /home/rics/tt_ws/src/tese_ws/install/novamob_description/share/novamob_description/models/speed_bump_2_short/model.sdf
[0.131s] -- Up-to-date: /home/rics/tt_ws/src/tese_ws/install/novamob_description/share/novamob_description/models/outdoor
[0.131s] -- Up-to-date: /home/rics/tt_ws/src/tese_ws/install/novamob_description/share/novamob_description/models/outdoor/outdoor.world
[0.131s] -- Up-to-date: /home/rics/tt_ws/src/tese_ws/install/novamob_description/share/novamob_description/models/black_hole
[0.131s] -- Up-to-date: /home/rics/tt_ws/src/tese_ws/install/novamob_description/share/novamob_description/models/black_hole/media
[0.131s] -- Up-to-date: /home/rics/tt_ws/src/tese_ws/install/novamob_description/share/novamob_description/models/black_hole/media/scripts
[0.131s] -- Up-to-date: /home/rics/tt_ws/src/tese_ws/install/novamob_description/share/novamob_description/models/black_hole/media/scripts/hole.material
[0.131s] -- Up-to-date: /home/rics/tt_ws/src/tese_ws/install/novamob_description/share/novamob_description/models/black_hole/media/textures
[0.131s] -- Up-to-date: /home/rics/tt_ws/src/tese_ws/install/novamob_description/share/novamob_description/models/black_hole/media/textures/black_texture.jpg
[0.131s] -- Up-to-date: /home/rics/tt_ws/src/tese_ws/install/novamob_description/share/novamob_description/models/black_hole/model.config
[0.131s] -- Up-to-date: /home/rics/tt_ws/src/tese_ws/install/novamob_description/share/novamob_description/models/black_hole/model.sdf
[0.131s] -- Up-to-date: /home/rics/tt_ws/src/tese_ws/install/novamob_description/share/ament_index/resource_index/package_run_dependencies/novamob_description
[0.131s] -- Up-to-date: /home/rics/tt_ws/src/tese_ws/install/novamob_description/share/ament_index/resource_index/parent_prefix_path/novamob_description
[0.132s] -- Up-to-date: /home/rics/tt_ws/src/tese_ws/install/novamob_description/share/novamob_description/environment/ament_prefix_path.sh
[0.132s] -- Up-to-date: /home/rics/tt_ws/src/tese_ws/install/novamob_description/share/novamob_description/environment/ament_prefix_path.dsv
[0.132s] -- Up-to-date: /home/rics/tt_ws/src/tese_ws/install/novamob_description/share/novamob_description/environment/path.sh
[0.132s] -- Up-to-date: /home/rics/tt_ws/src/tese_ws/install/novamob_description/share/novamob_description/environment/path.dsv
[0.132s] -- Up-to-date: /home/rics/tt_ws/src/tese_ws/install/novamob_description/share/novamob_description/local_setup.bash
[0.132s] -- Up-to-date: /home/rics/tt_ws/src/tese_ws/install/novamob_description/share/novamob_description/local_setup.sh
[0.132s] -- Up-to-date: /home/rics/tt_ws/src/tese_ws/install/novamob_description/share/novamob_description/local_setup.zsh
[0.132s] -- Up-to-date: /home/rics/tt_ws/src/tese_ws/install/novamob_description/share/novamob_description/local_setup.dsv
[0.132s] -- Installing: /home/rics/tt_ws/src/tese_ws/install/novamob_description/share/novamob_description/package.dsv
[0.135s] -- Up-to-date: /home/rics/tt_ws/src/tese_ws/install/novamob_description/share/ament_index/resource_index/packages/novamob_description
[0.135s] -- Up-to-date: /home/rics/tt_ws/src/tese_ws/install/novamob_description/share/novamob_description/cmake/novamob_descriptionConfig.cmake
[0.135s] -- Up-to-date: /home/rics/tt_ws/src/tese_ws/install/novamob_description/share/novamob_description/cmake/novamob_descriptionConfig-version.cmake
[0.136s] -- Up-to-date: /home/rics/tt_ws/src/tese_ws/install/novamob_description/share/novamob_description/package.xml
[0.182s] Invoked command in '/home/rics/tt_ws/src/tese_ws/build/novamob_description' returned '0': CMAKE_PREFIX_PATH=${CMAKE_PREFIX_PATH}:/opt/ros/humble /usr/bin/cmake --install /home/rics/tt_ws/src/tese_ws/build/novamob_description
