-- Install configuration: ""
-- Up-to-date: /home/rics/tt_ws/src/tese_ws/install/sam_bot_nav2_gz/share/sam_bot_nav2_gz/src
-- Up-to-date: /home/rics/tt_ws/src/tese_ws/install/sam_bot_nav2_gz/share/sam_bot_nav2_gz/src/description
-- Up-to-date: /home/rics/tt_ws/src/tese_ws/install/sam_bot_nav2_gz/share/sam_bot_nav2_gz/src/description/sam_bot_description.urdf
-- Up-to-date: /home/rics/tt_ws/src/tese_ws/install/sam_bot_nav2_gz/share/sam_bot_nav2_gz/scripts
-- Up-to-date: /home/rics/tt_ws/src/tese_ws/install/sam_bot_nav2_gz/share/sam_bot_nav2_gz/scripts/reach_goal.py
-- Up-to-date: /home/rics/tt_ws/src/tese_ws/install/sam_bot_nav2_gz/share/sam_bot_nav2_gz/scripts/follow_waypoints.py
-- Up-to-date: /home/rics/tt_ws/src/tese_ws/install/sam_bot_nav2_gz/share/sam_bot_nav2_gz/scripts/__init__.py
-- Up-to-date: /home/rics/tt_ws/src/tese_ws/install/sam_bot_nav2_gz/share/sam_bot_nav2_gz/launch
-- Up-to-date: /home/rics/tt_ws/src/tese_ws/install/sam_bot_nav2_gz/share/sam_bot_nav2_gz/launch/display.launch.py
-- Up-to-date: /home/rics/tt_ws/src/tese_ws/install/sam_bot_nav2_gz/share/sam_bot_nav2_gz/launch/complete_navigation.launch.py
-- Up-to-date: /home/rics/tt_ws/src/tese_ws/install/sam_bot_nav2_gz/share/sam_bot_nav2_gz/rviz
-- Up-to-date: /home/rics/tt_ws/src/tese_ws/install/sam_bot_nav2_gz/share/sam_bot_nav2_gz/rviz/urdf_config.rviz
-- Up-to-date: /home/rics/tt_ws/src/tese_ws/install/sam_bot_nav2_gz/share/sam_bot_nav2_gz/rviz/navigation_config.rviz
-- Up-to-date: /home/rics/tt_ws/src/tese_ws/install/sam_bot_nav2_gz/share/sam_bot_nav2_gz/config
-- Up-to-date: /home/rics/tt_ws/src/tese_ws/install/sam_bot_nav2_gz/share/sam_bot_nav2_gz/config/ekf.yaml
-- Up-to-date: /home/rics/tt_ws/src/tese_ws/install/sam_bot_nav2_gz/share/sam_bot_nav2_gz/config/nav2_params.yaml
-- Up-to-date: /home/rics/tt_ws/src/tese_ws/install/sam_bot_nav2_gz/share/sam_bot_nav2_gz/config/diff_drive_controller_velocity.yaml
-- Up-to-date: /home/rics/tt_ws/src/tese_ws/install/sam_bot_nav2_gz/share/sam_bot_nav2_gz/world
-- Up-to-date: /home/rics/tt_ws/src/tese_ws/install/sam_bot_nav2_gz/share/sam_bot_nav2_gz/world/ign_indoor
-- Up-to-date: /home/rics/tt_ws/src/tese_ws/install/sam_bot_nav2_gz/share/sam_bot_nav2_gz/world/ign_indoor/ign_indoor.sdf
-- Up-to-date: /home/rics/tt_ws/src/tese_ws/install/sam_bot_nav2_gz/share/sam_bot_nav2_gz/world/ign_indoor/models
-- Up-to-date: /home/rics/tt_ws/src/tese_ws/install/sam_bot_nav2_gz/share/sam_bot_nav2_gz/world/ign_indoor/models/ramp_1
-- Up-to-date: /home/rics/tt_ws/src/tese_ws/install/sam_bot_nav2_gz/share/sam_bot_nav2_gz/world/ign_indoor/models/ramp_1/ramp_015.dae
-- Up-to-date: /home/rics/tt_ws/src/tese_ws/install/sam_bot_nav2_gz/share/sam_bot_nav2_gz/world/ign_indoor/models/ramp_1/ramp_025.dae
-- Up-to-date: /home/rics/tt_ws/src/tese_ws/install/sam_bot_nav2_gz/share/sam_bot_nav2_gz/world/ign_indoor/models/ramp_1/model.config
-- Up-to-date: /home/rics/tt_ws/src/tese_ws/install/sam_bot_nav2_gz/share/sam_bot_nav2_gz/world/ign_indoor/models/ramp_1/model.sdf
-- Up-to-date: /home/rics/tt_ws/src/tese_ws/install/sam_bot_nav2_gz/share/sam_bot_nav2_gz/world/ign_indoor/models/speed_bump_2
-- Up-to-date: /home/rics/tt_ws/src/tese_ws/install/sam_bot_nav2_gz/share/sam_bot_nav2_gz/world/ign_indoor/models/speed_bump_2/Bump_2_short.dae
-- Up-to-date: /home/rics/tt_ws/src/tese_ws/install/sam_bot_nav2_gz/share/sam_bot_nav2_gz/world/ign_indoor/models/speed_bump_2/bump_2.dae
-- Up-to-date: /home/rics/tt_ws/src/tese_ws/install/sam_bot_nav2_gz/share/sam_bot_nav2_gz/world/ign_indoor/models/speed_bump_2/model.config
-- Up-to-date: /home/rics/tt_ws/src/tese_ws/install/sam_bot_nav2_gz/share/sam_bot_nav2_gz/world/ign_indoor/models/speed_bump_2/bump_2
-- Up-to-date: /home/rics/tt_ws/src/tese_ws/install/sam_bot_nav2_gz/share/sam_bot_nav2_gz/world/ign_indoor/models/speed_bump_2/bump_2/rubbishy_xdigg8.jpg
-- Up-to-date: /home/rics/tt_ws/src/tese_ws/install/sam_bot_nav2_gz/share/sam_bot_nav2_gz/world/ign_indoor/models/speed_bump_2/model.sdf
-- Up-to-date: /home/rics/tt_ws/src/tese_ws/install/sam_bot_nav2_gz/share/sam_bot_nav2_gz/world/ign_indoor/models/speed_bump_3
-- Up-to-date: /home/rics/tt_ws/src/tese_ws/install/sam_bot_nav2_gz/share/sam_bot_nav2_gz/world/ign_indoor/models/speed_bump_3/bump_3
-- Up-to-date: /home/rics/tt_ws/src/tese_ws/install/sam_bot_nav2_gz/share/sam_bot_nav2_gz/world/ign_indoor/models/speed_bump_3/bump_3/rubbishy_xdigg9.jpg
-- Up-to-date: /home/rics/tt_ws/src/tese_ws/install/sam_bot_nav2_gz/share/sam_bot_nav2_gz/world/ign_indoor/models/speed_bump_3/bump_3.dae
-- Up-to-date: /home/rics/tt_ws/src/tese_ws/install/sam_bot_nav2_gz/share/sam_bot_nav2_gz/world/ign_indoor/models/speed_bump_3/model.config
-- Up-to-date: /home/rics/tt_ws/src/tese_ws/install/sam_bot_nav2_gz/share/sam_bot_nav2_gz/world/ign_indoor/models/speed_bump_3/model.sdf
-- Up-to-date: /home/rics/tt_ws/src/tese_ws/install/sam_bot_nav2_gz/share/sam_bot_nav2_gz/world/ign_indoor/models/speed_bump_3/Bump_3_short.dae
-- Up-to-date: /home/rics/tt_ws/src/tese_ws/install/sam_bot_nav2_gz/share/sam_bot_nav2_gz/world/ign_indoor/models/ramp_2
-- Up-to-date: /home/rics/tt_ws/src/tese_ws/install/sam_bot_nav2_gz/share/sam_bot_nav2_gz/world/ign_indoor/models/ramp_2/ramp_037.dae
-- Up-to-date: /home/rics/tt_ws/src/tese_ws/install/sam_bot_nav2_gz/share/sam_bot_nav2_gz/world/ign_indoor/models/ramp_2/ramp_020.dae
-- Up-to-date: /home/rics/tt_ws/src/tese_ws/install/sam_bot_nav2_gz/share/sam_bot_nav2_gz/world/ign_indoor/models/ramp_2/model.config
-- Up-to-date: /home/rics/tt_ws/src/tese_ws/install/sam_bot_nav2_gz/share/sam_bot_nav2_gz/world/ign_indoor/models/ramp_2/model.sdf
-- Up-to-date: /home/rics/tt_ws/src/tese_ws/install/sam_bot_nav2_gz/share/sam_bot_nav2_gz/world/ign_indoor/models/speed_bump_1_short
-- Up-to-date: /home/rics/tt_ws/src/tese_ws/install/sam_bot_nav2_gz/share/sam_bot_nav2_gz/world/ign_indoor/models/speed_bump_1_short/bump_2_060
-- Up-to-date: /home/rics/tt_ws/src/tese_ws/install/sam_bot_nav2_gz/share/sam_bot_nav2_gz/world/ign_indoor/models/speed_bump_1_short/bump_2_060/rubbishy_xdigg10.jpg
-- Up-to-date: /home/rics/tt_ws/src/tese_ws/install/sam_bot_nav2_gz/share/sam_bot_nav2_gz/world/ign_indoor/models/speed_bump_1_short/model.config
-- Up-to-date: /home/rics/tt_ws/src/tese_ws/install/sam_bot_nav2_gz/share/sam_bot_nav2_gz/world/ign_indoor/models/speed_bump_1_short/model.sdf
-- Up-to-date: /home/rics/tt_ws/src/tese_ws/install/sam_bot_nav2_gz/share/sam_bot_nav2_gz/world/ign_indoor/models/speed_bump_1_short/bump_2_060.dae
-- Up-to-date: /home/rics/tt_ws/src/tese_ws/install/sam_bot_nav2_gz/share/sam_bot_nav2_gz/world/ign_indoor/models/speed_bump_3_short
-- Up-to-date: /home/rics/tt_ws/src/tese_ws/install/sam_bot_nav2_gz/share/sam_bot_nav2_gz/world/ign_indoor/models/speed_bump_3_short/bump_3_060.dae
-- Up-to-date: /home/rics/tt_ws/src/tese_ws/install/sam_bot_nav2_gz/share/sam_bot_nav2_gz/world/ign_indoor/models/speed_bump_3_short/model.config
-- Up-to-date: /home/rics/tt_ws/src/tese_ws/install/sam_bot_nav2_gz/share/sam_bot_nav2_gz/world/ign_indoor/models/speed_bump_3_short/bump_3_060
-- Up-to-date: /home/rics/tt_ws/src/tese_ws/install/sam_bot_nav2_gz/share/sam_bot_nav2_gz/world/ign_indoor/models/speed_bump_3_short/bump_3_060/rubbishy_xdigg9.jpg
-- Up-to-date: /home/rics/tt_ws/src/tese_ws/install/sam_bot_nav2_gz/share/sam_bot_nav2_gz/world/ign_indoor/models/speed_bump_3_short/model.sdf
-- Up-to-date: /home/rics/tt_ws/src/tese_ws/install/sam_bot_nav2_gz/share/sam_bot_nav2_gz/world/ign_indoor/models/speed_bump_1
-- Up-to-date: /home/rics/tt_ws/src/tese_ws/install/sam_bot_nav2_gz/share/sam_bot_nav2_gz/world/ign_indoor/models/speed_bump_1/Bump_1_short.dae
-- Up-to-date: /home/rics/tt_ws/src/tese_ws/install/sam_bot_nav2_gz/share/sam_bot_nav2_gz/world/ign_indoor/models/speed_bump_1/bump_1
-- Up-to-date: /home/rics/tt_ws/src/tese_ws/install/sam_bot_nav2_gz/share/sam_bot_nav2_gz/world/ign_indoor/models/speed_bump_1/bump_1/rubbishy_xdigg10.jpg
-- Up-to-date: /home/rics/tt_ws/src/tese_ws/install/sam_bot_nav2_gz/share/sam_bot_nav2_gz/world/ign_indoor/models/speed_bump_1/bump_1.dae
-- Up-to-date: /home/rics/tt_ws/src/tese_ws/install/sam_bot_nav2_gz/share/sam_bot_nav2_gz/world/ign_indoor/models/speed_bump_1/model.config
-- Up-to-date: /home/rics/tt_ws/src/tese_ws/install/sam_bot_nav2_gz/share/sam_bot_nav2_gz/world/ign_indoor/models/speed_bump_1/model.sdf
-- Up-to-date: /home/rics/tt_ws/src/tese_ws/install/sam_bot_nav2_gz/share/sam_bot_nav2_gz/world/ign_indoor/models/speed_bump_2_short
-- Up-to-date: /home/rics/tt_ws/src/tese_ws/install/sam_bot_nav2_gz/share/sam_bot_nav2_gz/world/ign_indoor/models/speed_bump_2_short/bump_1_060.dae
-- Up-to-date: /home/rics/tt_ws/src/tese_ws/install/sam_bot_nav2_gz/share/sam_bot_nav2_gz/world/ign_indoor/models/speed_bump_2_short/model.config
-- Up-to-date: /home/rics/tt_ws/src/tese_ws/install/sam_bot_nav2_gz/share/sam_bot_nav2_gz/world/ign_indoor/models/speed_bump_2_short/bump_1_060
-- Up-to-date: /home/rics/tt_ws/src/tese_ws/install/sam_bot_nav2_gz/share/sam_bot_nav2_gz/world/ign_indoor/models/speed_bump_2_short/bump_1_060/rubbishy_xdigg8.jpg
-- Up-to-date: /home/rics/tt_ws/src/tese_ws/install/sam_bot_nav2_gz/share/sam_bot_nav2_gz/world/ign_indoor/models/speed_bump_2_short/model.sdf
-- Up-to-date: /home/rics/tt_ws/src/tese_ws/install/sam_bot_nav2_gz/share/sam_bot_nav2_gz/world/empty.sdf
-- Up-to-date: /home/rics/tt_ws/src/tese_ws/install/sam_bot_nav2_gz/share/sam_bot_nav2_gz/models
-- Up-to-date: /home/rics/tt_ws/src/tese_ws/install/sam_bot_nav2_gz/share/sam_bot_nav2_gz/models/TurtlebotArena
-- Up-to-date: /home/rics/tt_ws/src/tese_ws/install/sam_bot_nav2_gz/share/sam_bot_nav2_gz/models/TurtlebotArena/model.config
-- Up-to-date: /home/rics/tt_ws/src/tese_ws/install/sam_bot_nav2_gz/share/sam_bot_nav2_gz/models/TurtlebotArena/model.sdf
-- Up-to-date: /home/rics/tt_ws/src/tese_ws/install/sam_bot_nav2_gz/share/sam_bot_nav2_gz/models/TurtlebotArena/meshes
-- Up-to-date: /home/rics/tt_ws/src/tese_ws/install/sam_bot_nav2_gz/share/sam_bot_nav2_gz/models/TurtlebotArena/meshes/wall.dae
-- Up-to-date: /home/rics/tt_ws/src/tese_ws/install/sam_bot_nav2_gz/share/sam_bot_nav2_gz/models/TurtlebotArena/meshes/hexagon.dae
-- Up-to-date: /home/rics/tt_ws/src/tese_ws/install/sam_bot_nav2_gz/lib/sam_bot_nav2_gz/reach_goal.py
-- Up-to-date: /home/rics/tt_ws/src/tese_ws/install/sam_bot_nav2_gz/lib/sam_bot_nav2_gz/follow_waypoints.py
-- Up-to-date: /home/rics/tt_ws/src/tese_ws/install/sam_bot_nav2_gz/share/ament_index/resource_index/package_run_dependencies/sam_bot_nav2_gz
-- Up-to-date: /home/rics/tt_ws/src/tese_ws/install/sam_bot_nav2_gz/share/ament_index/resource_index/parent_prefix_path/sam_bot_nav2_gz
-- Up-to-date: /home/rics/tt_ws/src/tese_ws/install/sam_bot_nav2_gz/share/sam_bot_nav2_gz/environment/ament_prefix_path.sh
-- Up-to-date: /home/rics/tt_ws/src/tese_ws/install/sam_bot_nav2_gz/share/sam_bot_nav2_gz/environment/ament_prefix_path.dsv
-- Up-to-date: /home/rics/tt_ws/src/tese_ws/install/sam_bot_nav2_gz/share/sam_bot_nav2_gz/environment/path.sh
-- Up-to-date: /home/rics/tt_ws/src/tese_ws/install/sam_bot_nav2_gz/share/sam_bot_nav2_gz/environment/path.dsv
-- Up-to-date: /home/rics/tt_ws/src/tese_ws/install/sam_bot_nav2_gz/share/sam_bot_nav2_gz/local_setup.bash
-- Up-to-date: /home/rics/tt_ws/src/tese_ws/install/sam_bot_nav2_gz/share/sam_bot_nav2_gz/local_setup.sh
-- Up-to-date: /home/rics/tt_ws/src/tese_ws/install/sam_bot_nav2_gz/share/sam_bot_nav2_gz/local_setup.zsh
-- Up-to-date: /home/rics/tt_ws/src/tese_ws/install/sam_bot_nav2_gz/share/sam_bot_nav2_gz/local_setup.dsv
-- Up-to-date: /home/rics/tt_ws/src/tese_ws/install/sam_bot_nav2_gz/share/sam_bot_nav2_gz/package.dsv
-- Up-to-date: /home/rics/tt_ws/src/tese_ws/install/sam_bot_nav2_gz/share/ament_index/resource_index/packages/sam_bot_nav2_gz
-- Up-to-date: /home/rics/tt_ws/src/tese_ws/install/sam_bot_nav2_gz/share/sam_bot_nav2_gz/cmake/sam_bot_nav2_gzConfig.cmake
-- Up-to-date: /home/rics/tt_ws/src/tese_ws/install/sam_bot_nav2_gz/share/sam_bot_nav2_gz/cmake/sam_bot_nav2_gzConfig-version.cmake
-- Up-to-date: /home/rics/tt_ws/src/tese_ws/install/sam_bot_nav2_gz/share/sam_bot_nav2_gz/package.xml
