-- Install configuration: ""
-- Up-to-date: /home/rics/tt_ws/src/tese_ws/install/novamob_nav2_gz/share/novamob_nav2_gz/src
-- Up-to-date: /home/rics/tt_ws/src/tese_ws/install/novamob_nav2_gz/share/novamob_nav2_gz/src/description
-- Up-to-date: /home/rics/tt_ws/src/tese_ws/install/novamob_nav2_gz/share/novamob_nav2_gz/src/description/novamob_description.urdf
-- Up-to-date: /home/rics/tt_ws/src/tese_ws/install/novamob_nav2_gz/share/novamob_nav2_gz/src/description/novamob_trailer_description.urdf
-- Up-to-date: /home/rics/tt_ws/src/tese_ws/install/novamob_nav2_gz/share/novamob_nav2_gz/scripts
-- Up-to-date: /home/rics/tt_ws/src/tese_ws/install/novamob_nav2_gz/share/novamob_nav2_gz/scripts/reach_goal.py
-- Up-to-date: /home/rics/tt_ws/src/tese_ws/install/novamob_nav2_gz/share/novamob_nav2_gz/scripts/follow_waypoints.py
-- Up-to-date: /home/rics/tt_ws/src/tese_ws/install/novamob_nav2_gz/share/novamob_nav2_gz/scripts/__init__.py
-- Up-to-date: /home/rics/tt_ws/src/tese_ws/install/novamob_nav2_gz/share/novamob_nav2_gz/launch
-- Up-to-date: /home/rics/tt_ws/src/tese_ws/install/novamob_nav2_gz/share/novamob_nav2_gz/launch/display.launch.py
-- Up-to-date: /home/rics/tt_ws/src/tese_ws/install/novamob_nav2_gz/share/novamob_nav2_gz/launch/complete_navigation.launch.py
-- Up-to-date: /home/rics/tt_ws/src/tese_ws/install/novamob_nav2_gz/share/novamob_nav2_gz/rviz
-- Up-to-date: /home/rics/tt_ws/src/tese_ws/install/novamob_nav2_gz/share/novamob_nav2_gz/rviz/urdf_config.rviz
-- Up-to-date: /home/rics/tt_ws/src/tese_ws/install/novamob_nav2_gz/share/novamob_nav2_gz/rviz/navigation_config.rviz
-- Up-to-date: /home/rics/tt_ws/src/tese_ws/install/novamob_nav2_gz/share/novamob_nav2_gz/config
-- Up-to-date: /home/rics/tt_ws/src/tese_ws/install/novamob_nav2_gz/share/novamob_nav2_gz/config/ekf.yaml
-- Up-to-date: /home/rics/tt_ws/src/tese_ws/install/novamob_nav2_gz/share/novamob_nav2_gz/config/nav2_params.yaml
-- Up-to-date: /home/rics/tt_ws/src/tese_ws/install/novamob_nav2_gz/share/novamob_nav2_gz/config/diff_drive_controller_velocity.yaml
-- Up-to-date: /home/rics/tt_ws/src/tese_ws/install/novamob_nav2_gz/share/novamob_nav2_gz/world
-- Up-to-date: /home/rics/tt_ws/src/tese_ws/install/novamob_nav2_gz/share/novamob_nav2_gz/world/edifice.sdf
-- Up-to-date: /home/rics/tt_ws/src/tese_ws/install/novamob_nav2_gz/share/novamob_nav2_gz/world/ign_indoor
-- Up-to-date: /home/rics/tt_ws/src/tese_ws/install/novamob_nav2_gz/share/novamob_nav2_gz/world/ign_indoor/ign_indoor.sdf
-- Up-to-date: /home/rics/tt_ws/src/tese_ws/install/novamob_nav2_gz/share/novamob_nav2_gz/world/ign_indoor/models
-- Up-to-date: /home/rics/tt_ws/src/tese_ws/install/novamob_nav2_gz/share/novamob_nav2_gz/world/ign_indoor/models/ramp_1
-- Up-to-date: /home/rics/tt_ws/src/tese_ws/install/novamob_nav2_gz/share/novamob_nav2_gz/world/ign_indoor/models/ramp_1/ramp_015.dae
-- Up-to-date: /home/rics/tt_ws/src/tese_ws/install/novamob_nav2_gz/share/novamob_nav2_gz/world/ign_indoor/models/ramp_1/ramp_025.dae
-- Up-to-date: /home/rics/tt_ws/src/tese_ws/install/novamob_nav2_gz/share/novamob_nav2_gz/world/ign_indoor/models/ramp_1/model.config
-- Up-to-date: /home/rics/tt_ws/src/tese_ws/install/novamob_nav2_gz/share/novamob_nav2_gz/world/ign_indoor/models/ramp_1/model.sdf
-- Up-to-date: /home/rics/tt_ws/src/tese_ws/install/novamob_nav2_gz/share/novamob_nav2_gz/world/ign_indoor/models/speed_bump_2
-- Up-to-date: /home/rics/tt_ws/src/tese_ws/install/novamob_nav2_gz/share/novamob_nav2_gz/world/ign_indoor/models/speed_bump_2/Bump_2_short.dae
-- Up-to-date: /home/rics/tt_ws/src/tese_ws/install/novamob_nav2_gz/share/novamob_nav2_gz/world/ign_indoor/models/speed_bump_2/bump_2.dae
-- Up-to-date: /home/rics/tt_ws/src/tese_ws/install/novamob_nav2_gz/share/novamob_nav2_gz/world/ign_indoor/models/speed_bump_2/model.config
-- Up-to-date: /home/rics/tt_ws/src/tese_ws/install/novamob_nav2_gz/share/novamob_nav2_gz/world/ign_indoor/models/speed_bump_2/bump_2
-- Up-to-date: /home/rics/tt_ws/src/tese_ws/install/novamob_nav2_gz/share/novamob_nav2_gz/world/ign_indoor/models/speed_bump_2/bump_2/rubbishy_xdigg8.jpg
-- Up-to-date: /home/rics/tt_ws/src/tese_ws/install/novamob_nav2_gz/share/novamob_nav2_gz/world/ign_indoor/models/speed_bump_2/model.sdf
-- Up-to-date: /home/rics/tt_ws/src/tese_ws/install/novamob_nav2_gz/share/novamob_nav2_gz/world/ign_indoor/models/speed_bump_3
-- Up-to-date: /home/rics/tt_ws/src/tese_ws/install/novamob_nav2_gz/share/novamob_nav2_gz/world/ign_indoor/models/speed_bump_3/bump_3
-- Up-to-date: /home/rics/tt_ws/src/tese_ws/install/novamob_nav2_gz/share/novamob_nav2_gz/world/ign_indoor/models/speed_bump_3/bump_3/rubbishy_xdigg9.jpg
-- Up-to-date: /home/rics/tt_ws/src/tese_ws/install/novamob_nav2_gz/share/novamob_nav2_gz/world/ign_indoor/models/speed_bump_3/bump_3.dae
-- Up-to-date: /home/rics/tt_ws/src/tese_ws/install/novamob_nav2_gz/share/novamob_nav2_gz/world/ign_indoor/models/speed_bump_3/model.config
-- Up-to-date: /home/rics/tt_ws/src/tese_ws/install/novamob_nav2_gz/share/novamob_nav2_gz/world/ign_indoor/models/speed_bump_3/model.sdf
-- Up-to-date: /home/rics/tt_ws/src/tese_ws/install/novamob_nav2_gz/share/novamob_nav2_gz/world/ign_indoor/models/speed_bump_3/Bump_3_short.dae
-- Up-to-date: /home/rics/tt_ws/src/tese_ws/install/novamob_nav2_gz/share/novamob_nav2_gz/world/ign_indoor/models/ramp_2
-- Up-to-date: /home/rics/tt_ws/src/tese_ws/install/novamob_nav2_gz/share/novamob_nav2_gz/world/ign_indoor/models/ramp_2/ramp_037.dae
-- Up-to-date: /home/rics/tt_ws/src/tese_ws/install/novamob_nav2_gz/share/novamob_nav2_gz/world/ign_indoor/models/ramp_2/ramp_020.dae
-- Up-to-date: /home/rics/tt_ws/src/tese_ws/install/novamob_nav2_gz/share/novamob_nav2_gz/world/ign_indoor/models/ramp_2/model.config
-- Up-to-date: /home/rics/tt_ws/src/tese_ws/install/novamob_nav2_gz/share/novamob_nav2_gz/world/ign_indoor/models/ramp_2/model.sdf
-- Up-to-date: /home/rics/tt_ws/src/tese_ws/install/novamob_nav2_gz/share/novamob_nav2_gz/world/ign_indoor/models/speed_bump_1_short
-- Up-to-date: /home/rics/tt_ws/src/tese_ws/install/novamob_nav2_gz/share/novamob_nav2_gz/world/ign_indoor/models/speed_bump_1_short/bump_2_060
-- Up-to-date: /home/rics/tt_ws/src/tese_ws/install/novamob_nav2_gz/share/novamob_nav2_gz/world/ign_indoor/models/speed_bump_1_short/bump_2_060/rubbishy_xdigg10.jpg
-- Up-to-date: /home/rics/tt_ws/src/tese_ws/install/novamob_nav2_gz/share/novamob_nav2_gz/world/ign_indoor/models/speed_bump_1_short/model.config
-- Up-to-date: /home/rics/tt_ws/src/tese_ws/install/novamob_nav2_gz/share/novamob_nav2_gz/world/ign_indoor/models/speed_bump_1_short/model.sdf
-- Up-to-date: /home/rics/tt_ws/src/tese_ws/install/novamob_nav2_gz/share/novamob_nav2_gz/world/ign_indoor/models/speed_bump_1_short/bump_2_060.dae
-- Up-to-date: /home/rics/tt_ws/src/tese_ws/install/novamob_nav2_gz/share/novamob_nav2_gz/world/ign_indoor/models/speed_bump_3_short
-- Up-to-date: /home/rics/tt_ws/src/tese_ws/install/novamob_nav2_gz/share/novamob_nav2_gz/world/ign_indoor/models/speed_bump_3_short/bump_3_060.dae
-- Up-to-date: /home/rics/tt_ws/src/tese_ws/install/novamob_nav2_gz/share/novamob_nav2_gz/world/ign_indoor/models/speed_bump_3_short/model.config
-- Up-to-date: /home/rics/tt_ws/src/tese_ws/install/novamob_nav2_gz/share/novamob_nav2_gz/world/ign_indoor/models/speed_bump_3_short/bump_3_060
-- Up-to-date: /home/rics/tt_ws/src/tese_ws/install/novamob_nav2_gz/share/novamob_nav2_gz/world/ign_indoor/models/speed_bump_3_short/bump_3_060/rubbishy_xdigg9.jpg
-- Up-to-date: /home/rics/tt_ws/src/tese_ws/install/novamob_nav2_gz/share/novamob_nav2_gz/world/ign_indoor/models/speed_bump_3_short/model.sdf
-- Up-to-date: /home/rics/tt_ws/src/tese_ws/install/novamob_nav2_gz/share/novamob_nav2_gz/world/ign_indoor/models/speed_bump_1
-- Up-to-date: /home/rics/tt_ws/src/tese_ws/install/novamob_nav2_gz/share/novamob_nav2_gz/world/ign_indoor/models/speed_bump_1/Bump_1_short.dae
-- Up-to-date: /home/rics/tt_ws/src/tese_ws/install/novamob_nav2_gz/share/novamob_nav2_gz/world/ign_indoor/models/speed_bump_1/bump_1
-- Up-to-date: /home/rics/tt_ws/src/tese_ws/install/novamob_nav2_gz/share/novamob_nav2_gz/world/ign_indoor/models/speed_bump_1/bump_1/rubbishy_xdigg10.jpg
-- Up-to-date: /home/rics/tt_ws/src/tese_ws/install/novamob_nav2_gz/share/novamob_nav2_gz/world/ign_indoor/models/speed_bump_1/bump_1.dae
-- Up-to-date: /home/rics/tt_ws/src/tese_ws/install/novamob_nav2_gz/share/novamob_nav2_gz/world/ign_indoor/models/speed_bump_1/model.config
-- Up-to-date: /home/rics/tt_ws/src/tese_ws/install/novamob_nav2_gz/share/novamob_nav2_gz/world/ign_indoor/models/speed_bump_1/model.sdf
-- Up-to-date: /home/rics/tt_ws/src/tese_ws/install/novamob_nav2_gz/share/novamob_nav2_gz/world/ign_indoor/models/speed_bump_2_short
-- Up-to-date: /home/rics/tt_ws/src/tese_ws/install/novamob_nav2_gz/share/novamob_nav2_gz/world/ign_indoor/models/speed_bump_2_short/bump_1_060.dae
-- Up-to-date: /home/rics/tt_ws/src/tese_ws/install/novamob_nav2_gz/share/novamob_nav2_gz/world/ign_indoor/models/speed_bump_2_short/model.config
-- Up-to-date: /home/rics/tt_ws/src/tese_ws/install/novamob_nav2_gz/share/novamob_nav2_gz/world/ign_indoor/models/speed_bump_2_short/bump_1_060
-- Up-to-date: /home/rics/tt_ws/src/tese_ws/install/novamob_nav2_gz/share/novamob_nav2_gz/world/ign_indoor/models/speed_bump_2_short/bump_1_060/rubbishy_xdigg8.jpg
-- Up-to-date: /home/rics/tt_ws/src/tese_ws/install/novamob_nav2_gz/share/novamob_nav2_gz/world/ign_indoor/models/speed_bump_2_short/model.sdf
-- Up-to-date: /home/rics/tt_ws/src/tese_ws/install/novamob_nav2_gz/share/novamob_nav2_gz/world/ign_indoor/ign_indoor_old.sdf
-- Up-to-date: /home/rics/tt_ws/src/tese_ws/install/novamob_nav2_gz/share/novamob_nav2_gz/world/ign_indoor/ign_indoor_minimal.sdf
-- Up-to-date: /home/rics/tt_ws/src/tese_ws/install/novamob_nav2_gz/share/novamob_nav2_gz/world/mecanum_drive.sdf
-- Up-to-date: /home/rics/tt_ws/src/tese_ws/install/novamob_nav2_gz/share/novamob_nav2_gz/world/neo_workshop_empty.sdf
-- Up-to-date: /home/rics/tt_ws/src/tese_ws/install/novamob_nav2_gz/share/novamob_nav2_gz/world/depth_camera_sensor.sdf
-- Up-to-date: /home/rics/tt_ws/src/tese_ws/install/novamob_nav2_gz/share/novamob_nav2_gz/world/neo_workshop.sdf
-- Up-to-date: /home/rics/tt_ws/src/tese_ws/install/novamob_nav2_gz/share/novamob_nav2_gz/world/empty.sdf
-- Up-to-date: /home/rics/tt_ws/src/tese_ws/install/novamob_nav2_gz/share/novamob_nav2_gz/models
-- Up-to-date: /home/rics/tt_ws/src/tese_ws/install/novamob_nav2_gz/share/novamob_nav2_gz/models/door
-- Up-to-date: /home/rics/tt_ws/src/tese_ws/install/novamob_nav2_gz/share/novamob_nav2_gz/models/door/model.config
-- Up-to-date: /home/rics/tt_ws/src/tese_ws/install/novamob_nav2_gz/share/novamob_nav2_gz/models/door/materials
-- Up-to-date: /home/rics/tt_ws/src/tese_ws/install/novamob_nav2_gz/share/novamob_nav2_gz/models/door/materials/scripts
-- Up-to-date: /home/rics/tt_ws/src/tese_ws/install/novamob_nav2_gz/share/novamob_nav2_gz/models/door/materials/scripts/door.material
-- Up-to-date: /home/rics/tt_ws/src/tese_ws/install/novamob_nav2_gz/share/novamob_nav2_gz/models/door/materials/textures
-- Up-to-date: /home/rics/tt_ws/src/tese_ws/install/novamob_nav2_gz/share/novamob_nav2_gz/models/door/materials/textures/door.jpg
-- Up-to-date: /home/rics/tt_ws/src/tese_ws/install/novamob_nav2_gz/share/novamob_nav2_gz/models/door/model.sdf
-- Up-to-date: /home/rics/tt_ws/src/tese_ws/install/novamob_nav2_gz/share/novamob_nav2_gz/models/office_env_w_complete
-- Up-to-date: /home/rics/tt_ws/src/tese_ws/install/novamob_nav2_gz/share/novamob_nav2_gz/models/office_env_w_complete/model.config
-- Up-to-date: /home/rics/tt_ws/src/tese_ws/install/novamob_nav2_gz/share/novamob_nav2_gz/models/office_env_w_complete/materials
-- Up-to-date: /home/rics/tt_ws/src/tese_ws/install/novamob_nav2_gz/share/novamob_nav2_gz/models/office_env_w_complete/materials/scripts
-- Up-to-date: /home/rics/tt_ws/src/tese_ws/install/novamob_nav2_gz/share/novamob_nav2_gz/models/office_env_w_complete/materials/scripts/wall_white.material
-- Up-to-date: /home/rics/tt_ws/src/tese_ws/install/novamob_nav2_gz/share/novamob_nav2_gz/models/office_env_w_complete/materials/textures
-- Up-to-date: /home/rics/tt_ws/src/tese_ws/install/novamob_nav2_gz/share/novamob_nav2_gz/models/office_env_w_complete/materials/textures/wall_color_white.jpg
-- Up-to-date: /home/rics/tt_ws/src/tese_ws/install/novamob_nav2_gz/share/novamob_nav2_gz/models/office_env_w_complete/model.sdf
-- Up-to-date: /home/rics/tt_ws/src/tese_ws/install/novamob_nav2_gz/share/novamob_nav2_gz/models/neobotix_wall_stickers
-- Up-to-date: /home/rics/tt_ws/src/tese_ws/install/novamob_nav2_gz/share/novamob_nav2_gz/models/neobotix_wall_stickers/model.config
-- Up-to-date: /home/rics/tt_ws/src/tese_ws/install/novamob_nav2_gz/share/novamob_nav2_gz/models/neobotix_wall_stickers/materials
-- Up-to-date: /home/rics/tt_ws/src/tese_ws/install/novamob_nav2_gz/share/novamob_nav2_gz/models/neobotix_wall_stickers/materials/scripts
-- Up-to-date: /home/rics/tt_ws/src/tese_ws/install/novamob_nav2_gz/share/novamob_nav2_gz/models/neobotix_wall_stickers/materials/scripts/neobotix_ground_plane.material
-- Up-to-date: /home/rics/tt_ws/src/tese_ws/install/novamob_nav2_gz/share/novamob_nav2_gz/models/neobotix_wall_stickers/materials/textures
-- Up-to-date: /home/rics/tt_ws/src/tese_ws/install/novamob_nav2_gz/share/novamob_nav2_gz/models/neobotix_wall_stickers/materials/textures/MyImage.jpg
-- Up-to-date: /home/rics/tt_ws/src/tese_ws/install/novamob_nav2_gz/share/novamob_nav2_gz/models/neobotix_wall_stickers/model.sdf
-- Up-to-date: /home/rics/tt_ws/src/tese_ws/install/novamob_nav2_gz/share/novamob_nav2_gz/models/office_env_w
-- Up-to-date: /home/rics/tt_ws/src/tese_ws/install/novamob_nav2_gz/share/novamob_nav2_gz/models/office_env_w/model.config
-- Up-to-date: /home/rics/tt_ws/src/tese_ws/install/novamob_nav2_gz/share/novamob_nav2_gz/models/office_env_w/materials
-- Up-to-date: /home/rics/tt_ws/src/tese_ws/install/novamob_nav2_gz/share/novamob_nav2_gz/models/office_env_w/materials/scripts
-- Up-to-date: /home/rics/tt_ws/src/tese_ws/install/novamob_nav2_gz/share/novamob_nav2_gz/models/office_env_w/materials/scripts/wall_white.material
-- Up-to-date: /home/rics/tt_ws/src/tese_ws/install/novamob_nav2_gz/share/novamob_nav2_gz/models/office_env_w/materials/textures
-- Up-to-date: /home/rics/tt_ws/src/tese_ws/install/novamob_nav2_gz/share/novamob_nav2_gz/models/office_env_w/materials/textures/wall_color_white.jpg
-- Up-to-date: /home/rics/tt_ws/src/tese_ws/install/novamob_nav2_gz/share/novamob_nav2_gz/models/office_env_w/model.sdf
-- Up-to-date: /home/rics/tt_ws/src/tese_ws/install/novamob_nav2_gz/share/novamob_nav2_gz/models/office_env_w 1
-- Up-to-date: /home/rics/tt_ws/src/tese_ws/install/novamob_nav2_gz/share/novamob_nav2_gz/models/office_env_w 1/model.config
-- Up-to-date: /home/rics/tt_ws/src/tese_ws/install/novamob_nav2_gz/share/novamob_nav2_gz/models/office_env_w 1/materials
-- Up-to-date: /home/rics/tt_ws/src/tese_ws/install/novamob_nav2_gz/share/novamob_nav2_gz/models/office_env_w 1/materials/scripts
-- Up-to-date: /home/rics/tt_ws/src/tese_ws/install/novamob_nav2_gz/share/novamob_nav2_gz/models/office_env_w 1/materials/scripts/wall_white.material
-- Up-to-date: /home/rics/tt_ws/src/tese_ws/install/novamob_nav2_gz/share/novamob_nav2_gz/models/office_env_w 1/materials/textures
-- Up-to-date: /home/rics/tt_ws/src/tese_ws/install/novamob_nav2_gz/share/novamob_nav2_gz/models/office_env_w 1/materials/textures/wall_color_white.jpg
-- Up-to-date: /home/rics/tt_ws/src/tese_ws/install/novamob_nav2_gz/share/novamob_nav2_gz/models/office_env_w 1/model.sdf
-- Up-to-date: /home/rics/tt_ws/src/tese_ws/install/novamob_nav2_gz/share/novamob_nav2_gz/models/neobotix_ground_plane
-- Up-to-date: /home/rics/tt_ws/src/tese_ws/install/novamob_nav2_gz/share/novamob_nav2_gz/models/neobotix_ground_plane/model.config
-- Up-to-date: /home/rics/tt_ws/src/tese_ws/install/novamob_nav2_gz/share/novamob_nav2_gz/models/neobotix_ground_plane/materials
-- Up-to-date: /home/rics/tt_ws/src/tese_ws/install/novamob_nav2_gz/share/novamob_nav2_gz/models/neobotix_ground_plane/materials/scripts
-- Up-to-date: /home/rics/tt_ws/src/tese_ws/install/novamob_nav2_gz/share/novamob_nav2_gz/models/neobotix_ground_plane/materials/scripts/neobotix_ground_plane.material
-- Up-to-date: /home/rics/tt_ws/src/tese_ws/install/novamob_nav2_gz/share/novamob_nav2_gz/models/neobotix_ground_plane/materials/textures
-- Up-to-date: /home/rics/tt_ws/src/tese_ws/install/novamob_nav2_gz/share/novamob_nav2_gz/models/neobotix_ground_plane/materials/textures/MyImage.jpg
-- Up-to-date: /home/rics/tt_ws/src/tese_ws/install/novamob_nav2_gz/share/novamob_nav2_gz/models/neobotix_ground_plane/model.sdf
-- Up-to-date: /home/rics/tt_ws/src/tese_ws/install/novamob_nav2_gz/share/novamob_nav2_gz/models/door_3d
-- Up-to-date: /home/rics/tt_ws/src/tese_ws/install/novamob_nav2_gz/share/novamob_nav2_gz/models/door_3d/model.config
-- Up-to-date: /home/rics/tt_ws/src/tese_ws/install/novamob_nav2_gz/share/novamob_nav2_gz/models/door_3d/materials
-- Up-to-date: /home/rics/tt_ws/src/tese_ws/install/novamob_nav2_gz/share/novamob_nav2_gz/models/door_3d/materials/scripts
-- Up-to-date: /home/rics/tt_ws/src/tese_ws/install/novamob_nav2_gz/share/novamob_nav2_gz/models/door_3d/materials/scripts/door_handle.material
-- Up-to-date: /home/rics/tt_ws/src/tese_ws/install/novamob_nav2_gz/share/novamob_nav2_gz/models/door_3d/materials/scripts/door_3d.material
-- Up-to-date: /home/rics/tt_ws/src/tese_ws/install/novamob_nav2_gz/share/novamob_nav2_gz/models/door_3d/materials/textures
-- Up-to-date: /home/rics/tt_ws/src/tese_ws/install/novamob_nav2_gz/share/novamob_nav2_gz/models/door_3d/materials/textures/silver_door.jpg
-- Up-to-date: /home/rics/tt_ws/src/tese_ws/install/novamob_nav2_gz/share/novamob_nav2_gz/models/door_3d/materials/textures/door_3d.jpg
-- Up-to-date: /home/rics/tt_ws/src/tese_ws/install/novamob_nav2_gz/share/novamob_nav2_gz/models/door_3d/model.sdf
-- Up-to-date: /home/rics/tt_ws/src/tese_ws/install/novamob_nav2_gz/share/novamob_nav2_gz/models/door_3d/meshes
-- Up-to-date: /home/rics/tt_ws/src/tese_ws/install/novamob_nav2_gz/share/novamob_nav2_gz/models/door_3d/meshes/door_v2.dae
-- Up-to-date: /home/rics/tt_ws/src/tese_ws/install/novamob_nav2_gz/share/novamob_nav2_gz/models/door_3d/meshes/door_v2_handle.dae
-- Up-to-date: /home/rics/tt_ws/src/tese_ws/install/novamob_nav2_gz/share/novamob_nav2_gz/models/door_3d/meshes/door_v2_door.dae
-- Up-to-date: /home/rics/tt_ws/src/tese_ws/install/novamob_nav2_gz/share/novamob_nav2_gz/models/door_3d/meshes/model.dae
-- Up-to-date: /home/rics/tt_ws/src/tese_ws/install/novamob_nav2_gz/share/novamob_nav2_gz/models/door_3d/meshes/door.dae
-- Up-to-date: /home/rics/tt_ws/src/tese_ws/install/novamob_nav2_gz/share/novamob_nav2_gz/models/neo_office_box
-- Up-to-date: /home/rics/tt_ws/src/tese_ws/install/novamob_nav2_gz/share/novamob_nav2_gz/models/neo_office_box/model.config
-- Up-to-date: /home/rics/tt_ws/src/tese_ws/install/novamob_nav2_gz/share/novamob_nav2_gz/models/neo_office_box/model.sdf
-- Up-to-date: /home/rics/tt_ws/src/tese_ws/install/novamob_nav2_gz/share/novamob_nav2_gz/models/neo_office_box/meshes
-- Up-to-date: /home/rics/tt_ws/src/tese_ws/install/novamob_nav2_gz/share/novamob_nav2_gz/models/neo_office_box/meshes/model.dae
-- Up-to-date: /home/rics/tt_ws/src/tese_ws/install/novamob_nav2_gz/share/novamob_nav2_gz/models/window
-- Up-to-date: /home/rics/tt_ws/src/tese_ws/install/novamob_nav2_gz/share/novamob_nav2_gz/models/window/model.config
-- Up-to-date: /home/rics/tt_ws/src/tese_ws/install/novamob_nav2_gz/share/novamob_nav2_gz/models/window/model.sdf
-- Up-to-date: /home/rics/tt_ws/src/tese_ws/install/novamob_nav2_gz/share/novamob_nav2_gz/models/drc_practice_straight
-- Up-to-date: /home/rics/tt_ws/src/tese_ws/install/novamob_nav2_gz/share/novamob_nav2_gz/models/drc_practice_straight/model.config
-- Up-to-date: /home/rics/tt_ws/src/tese_ws/install/novamob_nav2_gz/share/novamob_nav2_gz/models/drc_practice_straight/model.sdf
-- Up-to-date: /home/rics/tt_ws/src/tese_ws/install/novamob_nav2_gz/share/novamob_nav2_gz/models/office_env
-- Up-to-date: /home/rics/tt_ws/src/tese_ws/install/novamob_nav2_gz/share/novamob_nav2_gz/models/office_env/model.config
-- Up-to-date: /home/rics/tt_ws/src/tese_ws/install/novamob_nav2_gz/share/novamob_nav2_gz/models/office_env/materials
-- Up-to-date: /home/rics/tt_ws/src/tese_ws/install/novamob_nav2_gz/share/novamob_nav2_gz/models/office_env/materials/scripts
-- Up-to-date: /home/rics/tt_ws/src/tese_ws/install/novamob_nav2_gz/share/novamob_nav2_gz/models/office_env/materials/scripts/wall.material
-- Up-to-date: /home/rics/tt_ws/src/tese_ws/install/novamob_nav2_gz/share/novamob_nav2_gz/models/office_env/materials/textures
-- Up-to-date: /home/rics/tt_ws/src/tese_ws/install/novamob_nav2_gz/share/novamob_nav2_gz/models/office_env/materials/textures/wall_color.jpg
-- Up-to-date: /home/rics/tt_ws/src/tese_ws/install/novamob_nav2_gz/share/novamob_nav2_gz/models/office_env/model.sdf
-- Up-to-date: /home/rics/tt_ws/src/tese_ws/install/novamob_nav2_gz/share/novamob_nav2_gz/models/office_small
-- Up-to-date: /home/rics/tt_ws/src/tese_ws/install/novamob_nav2_gz/share/novamob_nav2_gz/models/office_small/model.config
-- Up-to-date: /home/rics/tt_ws/src/tese_ws/install/novamob_nav2_gz/share/novamob_nav2_gz/models/office_small/materials
-- Up-to-date: /home/rics/tt_ws/src/tese_ws/install/novamob_nav2_gz/share/novamob_nav2_gz/models/office_small/materials/scripts
-- Up-to-date: /home/rics/tt_ws/src/tese_ws/install/novamob_nav2_gz/share/novamob_nav2_gz/models/office_small/materials/scripts/wall_white.material
-- Up-to-date: /home/rics/tt_ws/src/tese_ws/install/novamob_nav2_gz/share/novamob_nav2_gz/models/office_small/materials/scripts/Floor.material
-- Up-to-date: /home/rics/tt_ws/src/tese_ws/install/novamob_nav2_gz/share/novamob_nav2_gz/models/office_small/materials/textures
-- Up-to-date: /home/rics/tt_ws/src/tese_ws/install/novamob_nav2_gz/share/novamob_nav2_gz/models/office_small/materials/textures/cp1.jpg
-- Up-to-date: /home/rics/tt_ws/src/tese_ws/install/novamob_nav2_gz/share/novamob_nav2_gz/models/office_small/materials/textures/cp2.jpg
-- Up-to-date: /home/rics/tt_ws/src/tese_ws/install/novamob_nav2_gz/share/novamob_nav2_gz/models/office_small/materials/textures/cp7.jpg
-- Up-to-date: /home/rics/tt_ws/src/tese_ws/install/novamob_nav2_gz/share/novamob_nav2_gz/models/office_small/materials/textures/hd8.jpg
-- Up-to-date: /home/rics/tt_ws/src/tese_ws/install/novamob_nav2_gz/share/novamob_nav2_gz/models/office_small/materials/textures/cp10.jpg
-- Up-to-date: /home/rics/tt_ws/src/tese_ws/install/novamob_nav2_gz/share/novamob_nav2_gz/models/office_small/materials/textures/cl3.jpg
-- Up-to-date: /home/rics/tt_ws/src/tese_ws/install/novamob_nav2_gz/share/novamob_nav2_gz/models/office_small/materials/textures/hd2.gif
-- Up-to-date: /home/rics/tt_ws/src/tese_ws/install/novamob_nav2_gz/share/novamob_nav2_gz/models/office_small/materials/textures/cl4.jpg
-- Up-to-date: /home/rics/tt_ws/src/tese_ws/install/novamob_nav2_gz/share/novamob_nav2_gz/models/office_small/materials/textures/hd6.png
-- Up-to-date: /home/rics/tt_ws/src/tese_ws/install/novamob_nav2_gz/share/novamob_nav2_gz/models/office_small/materials/textures/hd5.jpg
-- Up-to-date: /home/rics/tt_ws/src/tese_ws/install/novamob_nav2_gz/share/novamob_nav2_gz/models/office_small/materials/textures/hd7.jpg
-- Up-to-date: /home/rics/tt_ws/src/tese_ws/install/novamob_nav2_gz/share/novamob_nav2_gz/models/office_small/materials/textures/cl5.jpg
-- Up-to-date: /home/rics/tt_ws/src/tese_ws/install/novamob_nav2_gz/share/novamob_nav2_gz/models/office_small/materials/textures/cp8.jpg
-- Up-to-date: /home/rics/tt_ws/src/tese_ws/install/novamob_nav2_gz/share/novamob_nav2_gz/models/office_small/materials/textures/hd4.jpg
-- Up-to-date: /home/rics/tt_ws/src/tese_ws/install/novamob_nav2_gz/share/novamob_nav2_gz/models/office_small/materials/textures/cp3.jpg
-- Up-to-date: /home/rics/tt_ws/src/tese_ws/install/novamob_nav2_gz/share/novamob_nav2_gz/models/office_small/materials/textures/cp6.jpg
-- Up-to-date: /home/rics/tt_ws/src/tese_ws/install/novamob_nav2_gz/share/novamob_nav2_gz/models/office_small/materials/textures/cp12.jpg
-- Up-to-date: /home/rics/tt_ws/src/tese_ws/install/novamob_nav2_gz/share/novamob_nav2_gz/models/office_small/materials/textures/wall_color_white.jpg
-- Up-to-date: /home/rics/tt_ws/src/tese_ws/install/novamob_nav2_gz/share/novamob_nav2_gz/models/office_small/materials/textures/cp4.jpg
-- Up-to-date: /home/rics/tt_ws/src/tese_ws/install/novamob_nav2_gz/share/novamob_nav2_gz/models/office_small/materials/textures/hd1.jpg
-- Up-to-date: /home/rics/tt_ws/src/tese_ws/install/novamob_nav2_gz/share/novamob_nav2_gz/models/office_small/materials/textures/cl6.jpg
-- Up-to-date: /home/rics/tt_ws/src/tese_ws/install/novamob_nav2_gz/share/novamob_nav2_gz/models/office_small/materials/textures/hd3.jpg
-- Up-to-date: /home/rics/tt_ws/src/tese_ws/install/novamob_nav2_gz/share/novamob_nav2_gz/models/office_small/materials/textures/cl2.jpg
-- Up-to-date: /home/rics/tt_ws/src/tese_ws/install/novamob_nav2_gz/share/novamob_nav2_gz/models/office_small/materials/textures/cp9.jpg
-- Up-to-date: /home/rics/tt_ws/src/tese_ws/install/novamob_nav2_gz/share/novamob_nav2_gz/models/office_small/materials/textures/cl1.jpg
-- Up-to-date: /home/rics/tt_ws/src/tese_ws/install/novamob_nav2_gz/share/novamob_nav2_gz/models/office_small/materials/textures/cp5.png
-- Up-to-date: /home/rics/tt_ws/src/tese_ws/install/novamob_nav2_gz/share/novamob_nav2_gz/models/office_small/materials/textures/cp11.jpg
-- Up-to-date: /home/rics/tt_ws/src/tese_ws/install/novamob_nav2_gz/share/novamob_nav2_gz/models/office_small/model.sdf
-- Up-to-date: /home/rics/tt_ws/src/tese_ws/install/novamob_nav2_gz/share/novamob_nav2_gz/models/construction_cone
-- Up-to-date: /home/rics/tt_ws/src/tese_ws/install/novamob_nav2_gz/share/novamob_nav2_gz/models/construction_cone/model.config
-- Up-to-date: /home/rics/tt_ws/src/tese_ws/install/novamob_nav2_gz/share/novamob_nav2_gz/models/construction_cone/model-1_4.sdf
-- Up-to-date: /home/rics/tt_ws/src/tese_ws/install/novamob_nav2_gz/share/novamob_nav2_gz/models/construction_cone/materials
-- Up-to-date: /home/rics/tt_ws/src/tese_ws/install/novamob_nav2_gz/share/novamob_nav2_gz/models/construction_cone/materials/textures
-- Up-to-date: /home/rics/tt_ws/src/tese_ws/install/novamob_nav2_gz/share/novamob_nav2_gz/models/construction_cone/materials/textures/Construction_Cone_Diffuse.png
-- Up-to-date: /home/rics/tt_ws/src/tese_ws/install/novamob_nav2_gz/share/novamob_nav2_gz/models/construction_cone/model-1_3.sdf
-- Up-to-date: /home/rics/tt_ws/src/tese_ws/install/novamob_nav2_gz/share/novamob_nav2_gz/models/construction_cone/model.sdf
-- Up-to-date: /home/rics/tt_ws/src/tese_ws/install/novamob_nav2_gz/share/novamob_nav2_gz/models/construction_cone/meshes
-- Up-to-date: /home/rics/tt_ws/src/tese_ws/install/novamob_nav2_gz/share/novamob_nav2_gz/models/construction_cone/meshes/construction_cone.dae
-- Up-to-date: /home/rics/tt_ws/src/tese_ws/install/novamob_nav2_gz/share/novamob_nav2_gz/models/TurtlebotArena
-- Up-to-date: /home/rics/tt_ws/src/tese_ws/install/novamob_nav2_gz/share/novamob_nav2_gz/models/TurtlebotArena/model.config
-- Up-to-date: /home/rics/tt_ws/src/tese_ws/install/novamob_nav2_gz/share/novamob_nav2_gz/models/TurtlebotArena/model.sdf
-- Up-to-date: /home/rics/tt_ws/src/tese_ws/install/novamob_nav2_gz/share/novamob_nav2_gz/models/TurtlebotArena/meshes
-- Up-to-date: /home/rics/tt_ws/src/tese_ws/install/novamob_nav2_gz/share/novamob_nav2_gz/models/TurtlebotArena/meshes/wall.dae
-- Up-to-date: /home/rics/tt_ws/src/tese_ws/install/novamob_nav2_gz/share/novamob_nav2_gz/models/TurtlebotArena/meshes/hexagon.dae
-- Up-to-date: /home/rics/tt_ws/src/tese_ws/install/novamob_nav2_gz/share/novamob_nav2_gz/models/office_env_w 2
-- Up-to-date: /home/rics/tt_ws/src/tese_ws/install/novamob_nav2_gz/share/novamob_nav2_gz/models/office_env_w 2/model.config
-- Up-to-date: /home/rics/tt_ws/src/tese_ws/install/novamob_nav2_gz/share/novamob_nav2_gz/models/office_env_w 2/materials
-- Up-to-date: /home/rics/tt_ws/src/tese_ws/install/novamob_nav2_gz/share/novamob_nav2_gz/models/office_env_w 2/materials/textures
-- Up-to-date: /home/rics/tt_ws/src/tese_ws/install/novamob_nav2_gz/share/novamob_nav2_gz/models/office_env_w 2/materials/textures/wall_color_white.jpg
-- Up-to-date: /home/rics/tt_ws/src/tese_ws/install/novamob_nav2_gz/share/novamob_nav2_gz/models/office_env_w 2/model.sdf
-- Up-to-date: /home/rics/tt_ws/src/tese_ws/install/novamob_nav2_gz/share/novamob_nav2_gz/models/yellow_bin
-- Up-to-date: /home/rics/tt_ws/src/tese_ws/install/novamob_nav2_gz/share/novamob_nav2_gz/models/yellow_bin/model.config
-- Up-to-date: /home/rics/tt_ws/src/tese_ws/install/novamob_nav2_gz/share/novamob_nav2_gz/models/yellow_bin/model.sdf
-- Up-to-date: /home/rics/tt_ws/src/tese_ws/install/novamob_nav2_gz/share/novamob_nav2_gz/models/yellow_bin/meshes
-- Up-to-date: /home/rics/tt_ws/src/tese_ws/install/novamob_nav2_gz/share/novamob_nav2_gz/models/yellow_bin/meshes/green_cylinder.stl
-- Up-to-date: /home/rics/tt_ws/src/tese_ws/install/novamob_nav2_gz/share/novamob_nav2_gz/models/neobotix_wall
-- Up-to-date: /home/rics/tt_ws/src/tese_ws/install/novamob_nav2_gz/share/novamob_nav2_gz/models/neobotix_wall/model.config
-- Up-to-date: /home/rics/tt_ws/src/tese_ws/install/novamob_nav2_gz/share/novamob_nav2_gz/models/neobotix_wall/model.sdf
-- Up-to-date: /home/rics/tt_ws/src/tese_ws/install/novamob_nav2_gz/share/novamob_nav2_gz/models/neobotix_wall/meshes
-- Up-to-date: /home/rics/tt_ws/src/tese_ws/install/novamob_nav2_gz/share/novamob_nav2_gz/models/neobotix_wall/meshes/Videopräsentation_ROX-HG-1b.png.001.png
-- Up-to-date: /home/rics/tt_ws/src/tese_ws/install/novamob_nav2_gz/share/novamob_nav2_gz/models/neobotix_wall/meshes/Videopräsentation_ROX-HG-1b.png
-- Up-to-date: /home/rics/tt_ws/src/tese_ws/install/novamob_nav2_gz/share/novamob_nav2_gz/models/neobotix_wall/meshes/model.dae
-- Up-to-date: /home/rics/tt_ws/src/tese_ws/install/novamob_nav2_gz/share/novamob_nav2_gz/models/indoor_no_doors_2
-- Up-to-date: /home/rics/tt_ws/src/tese_ws/install/novamob_nav2_gz/share/novamob_nav2_gz/models/indoor_no_doors_2/model.config
-- Up-to-date: /home/rics/tt_ws/src/tese_ws/install/novamob_nav2_gz/share/novamob_nav2_gz/models/indoor_no_doors_2/indoor_2.world
-- Up-to-date: /home/rics/tt_ws/src/tese_ws/install/novamob_nav2_gz/share/novamob_nav2_gz/models/indoor_no_doors_2/model.sdf
-- Up-to-date: /home/rics/tt_ws/src/tese_ws/install/novamob_nav2_gz/share/novamob_nav2_gz/meshes
-- Up-to-date: /home/rics/tt_ws/src/tese_ws/install/novamob_nav2_gz/share/novamob_nav2_gz/meshes/novamob_no_wheels.obj
-- Up-to-date: /home/rics/tt_ws/src/tese_ws/install/novamob_nav2_gz/share/novamob_nav2_gz/meshes/novamob_no_wheels_centered.obj
-- Up-to-date: /home/rics/tt_ws/src/tese_ws/install/novamob_nav2_gz/share/novamob_nav2_gz/meshes/novamob_no_wheels_centered.mtl
-- Up-to-date: /home/rics/tt_ws/src/tese_ws/install/novamob_nav2_gz/share/novamob_nav2_gz/meshes/novamob_no_wheels.mtl
-- Up-to-date: /home/rics/tt_ws/src/tese_ws/install/novamob_nav2_gz/share/novamob_nav2_gz/meshes/novamob_mecanum_wheel_centered_left.mtl
-- Up-to-date: /home/rics/tt_ws/src/tese_ws/install/novamob_nav2_gz/share/novamob_nav2_gz/meshes/novamob_mecanum_wheel.stl
-- Up-to-date: /home/rics/tt_ws/src/tese_ws/install/novamob_nav2_gz/share/novamob_nav2_gz/meshes/novamob_mecanum_wheel.obj.mtl
-- Up-to-date: /home/rics/tt_ws/src/tese_ws/install/novamob_nav2_gz/share/novamob_nav2_gz/meshes/novamob_mecanum_wheel_centered_right.obj
-- Up-to-date: /home/rics/tt_ws/src/tese_ws/install/novamob_nav2_gz/share/novamob_nav2_gz/meshes/novamob_mecanum_wheel.dae
-- Up-to-date: /home/rics/tt_ws/src/tese_ws/install/novamob_nav2_gz/share/novamob_nav2_gz/meshes/novamob_mecanum_wheel_centered_right.mtl
-- Up-to-date: /home/rics/tt_ws/src/tese_ws/install/novamob_nav2_gz/share/novamob_nav2_gz/meshes/novamob_mecanum_wheel_centered_left.obj
-- Up-to-date: /home/rics/tt_ws/src/tese_ws/install/novamob_nav2_gz/share/novamob_nav2_gz/meshes/novamob_no_wheels.stl
-- Up-to-date: /home/rics/tt_ws/src/tese_ws/install/novamob_nav2_gz/share/novamob_nav2_gz/meshes/novamob_mecanum_wheel.obj
-- Up-to-date: /home/rics/tt_ws/src/tese_ws/install/novamob_nav2_gz/lib/novamob_nav2_gz/reach_goal.py
-- Up-to-date: /home/rics/tt_ws/src/tese_ws/install/novamob_nav2_gz/lib/novamob_nav2_gz/follow_waypoints.py
-- Up-to-date: /home/rics/tt_ws/src/tese_ws/install/novamob_nav2_gz/share/ament_index/resource_index/package_run_dependencies/novamob_nav2_gz
-- Up-to-date: /home/rics/tt_ws/src/tese_ws/install/novamob_nav2_gz/share/ament_index/resource_index/parent_prefix_path/novamob_nav2_gz
-- Up-to-date: /home/rics/tt_ws/src/tese_ws/install/novamob_nav2_gz/share/novamob_nav2_gz/environment/ament_prefix_path.sh
-- Up-to-date: /home/rics/tt_ws/src/tese_ws/install/novamob_nav2_gz/share/novamob_nav2_gz/environment/ament_prefix_path.dsv
-- Up-to-date: /home/rics/tt_ws/src/tese_ws/install/novamob_nav2_gz/share/novamob_nav2_gz/environment/path.sh
-- Up-to-date: /home/rics/tt_ws/src/tese_ws/install/novamob_nav2_gz/share/novamob_nav2_gz/environment/path.dsv
-- Up-to-date: /home/rics/tt_ws/src/tese_ws/install/novamob_nav2_gz/share/novamob_nav2_gz/local_setup.bash
-- Up-to-date: /home/rics/tt_ws/src/tese_ws/install/novamob_nav2_gz/share/novamob_nav2_gz/local_setup.sh
-- Up-to-date: /home/rics/tt_ws/src/tese_ws/install/novamob_nav2_gz/share/novamob_nav2_gz/local_setup.zsh
-- Up-to-date: /home/rics/tt_ws/src/tese_ws/install/novamob_nav2_gz/share/novamob_nav2_gz/local_setup.dsv
-- Installing: /home/rics/tt_ws/src/tese_ws/install/novamob_nav2_gz/share/novamob_nav2_gz/package.dsv
-- Up-to-date: /home/rics/tt_ws/src/tese_ws/install/novamob_nav2_gz/share/ament_index/resource_index/packages/novamob_nav2_gz
-- Up-to-date: /home/rics/tt_ws/src/tese_ws/install/novamob_nav2_gz/share/novamob_nav2_gz/cmake/novamob_nav2_gzConfig.cmake
-- Up-to-date: /home/rics/tt_ws/src/tese_ws/install/novamob_nav2_gz/share/novamob_nav2_gz/cmake/novamob_nav2_gzConfig-version.cmake
-- Up-to-date: /home/rics/tt_ws/src/tese_ws/install/novamob_nav2_gz/share/novamob_nav2_gz/package.xml
